
Lmod is automatically replacing "intel-mpi/2017.3-dfphq6k" with
"intel-parallel-studio/cluster.2017.4-wyg4gfu".


Lmod is automatically replacing "intel/17.0.4-74uvhji" with
"intel-parallel-studio/cluster.2017.4-wyg4gfu".


Lmod is automatically replacing "intel-parallel-studio/cluster.2017.4-wyg4gfu"
with "intel-mpi/2017.3-dfphq6k".

5
v2.LR.historical_0101
/lcrc/group/e3sm/ac.forsyth2/E3SMv2/v2.LR.historical_0101/archive/ocn/hist
v2.LR.historical_0151
/lcrc/group/e3sm/ac.forsyth2/E3SMv2/v2.LR.historical_0151/archive/ocn/hist
v2.LR.historical_0201
/lcrc/group/e3sm/ac.forsyth2/E3SMv2/v2.LR.historical_0201/archive/ocn/hist
1850 1859
removed ‘/lcrc/group/acme/ac.szhang/acme_scratch/data/CVDP_RGD/v2.LR.historical/SE_OCN/v2.LR.historical.en02.MOC.185001-185912.nc’
nco_err_exit(): ERROR Short NCO-generated message (usually name of function that triggered error): nco_inq_varid()
nco_err_exit(): ERROR Error code is -49. Translation into English with nc_strerror(-49) is "NetCDF: Variable not found"
ERROR: nco_inq_varid() reports requested variable "timeMonthly_avg_mocStreamvalLatAndDepth" is not defined in file
nco_err_exit(): ERROR NCO will now exit with system call exit(EXIT_FAILURE)
1860 1869
removed ‘/lcrc/group/acme/ac.szhang/acme_scratch/data/CVDP_RGD/v2.LR.historical/SE_OCN/v2.LR.historical.en02.MOC.186001-186912.nc’
nco_err_exit(): ERROR Short NCO-generated message (usually name of function that triggered error): nco_inq_varid()
nco_err_exit(): ERROR Error code is -49. Translation into English with nc_strerror(-49) is "NetCDF: Variable not found"
ERROR: nco_inq_varid() reports requested variable "timeMonthly_avg_mocStreamvalLatAndDepth" is not defined in file
nco_err_exit(): ERROR NCO will now exit with system call exit(EXIT_FAILURE)
1870 1879
removed ‘/lcrc/group/acme/ac.szhang/acme_scratch/data/CVDP_RGD/v2.LR.historical/SE_OCN/v2.LR.historical.en02.MOC.187001-187912.nc’
nco_err_exit(): ERROR Short NCO-generated message (usually name of function that triggered error): nco_inq_varid()
nco_err_exit(): ERROR Error code is -49. Translation into English with nc_strerror(-49) is "NetCDF: Variable not found"
ERROR: nco_inq_varid() reports requested variable "timeMonthly_avg_mocStreamvalLatAndDepth" is not defined in file
nco_err_exit(): ERROR NCO will now exit with system call exit(EXIT_FAILURE)
1880 1889
removed ‘/lcrc/group/acme/ac.szhang/acme_scratch/data/CVDP_RGD/v2.LR.historical/SE_OCN/v2.LR.historical.en02.MOC.188001-188912.nc’
nco_err_exit(): ERROR Short NCO-generated message (usually name of function that triggered error): nco_inq_varid()
nco_err_exit(): ERROR Error code is -49. Translation into English with nc_strerror(-49) is "NetCDF: Variable not found"
ERROR: nco_inq_varid() reports requested variable "timeMonthly_avg_mocStreamvalLatAndDepth" is not defined in file
nco_err_exit(): ERROR NCO will now exit with system call exit(EXIT_FAILURE)
1890 1899
nco_err_exit(): ERROR Short NCO-generated message (usually name of function that triggered error): nco_inq_varid()
nco_err_exit(): ERROR Error code is -49. Translation into English with nc_strerror(-49) is "NetCDF: Variable not found"
ERROR: nco_inq_varid() reports requested variable "timeMonthly_avg_mocStreamvalLatAndDepth" is not defined in file
nco_err_exit(): ERROR NCO will now exit with system call exit(EXIT_FAILURE)
1900 1909
removed ‘/lcrc/group/acme/ac.szhang/acme_scratch/data/CVDP_RGD/v2.LR.historical/SE_OCN/v2.LR.historical.en02.MOC.190001-190912.nc’
nco_err_exit(): ERROR Short NCO-generated message (usually name of function that triggered error): nco_inq_varid()
nco_err_exit(): ERROR Error code is -49. Translation into English with nc_strerror(-49) is "NetCDF: Variable not found"
ERROR: nco_inq_varid() reports requested variable "timeMonthly_avg_mocStreamvalLatAndDepth" is not defined in file
nco_err_exit(): ERROR NCO will now exit with system call exit(EXIT_FAILURE)
1910 1919
removed ‘/lcrc/group/acme/ac.szhang/acme_scratch/data/CVDP_RGD/v2.LR.historical/SE_OCN/v2.LR.historical.en02.MOC.191001-191912.nc’
nco_err_exit(): ERROR Short NCO-generated message (usually name of function that triggered error): nco_inq_varid()
nco_err_exit(): ERROR Error code is -49. Translation into English with nc_strerror(-49) is "NetCDF: Variable not found"
ERROR: nco_inq_varid() reports requested variable "timeMonthly_avg_mocStreamvalLatAndDepth" is not defined in file
nco_err_exit(): ERROR NCO will now exit with system call exit(EXIT_FAILURE)
1920 1929
removed ‘/lcrc/group/acme/ac.szhang/acme_scratch/data/CVDP_RGD/v2.LR.historical/SE_OCN/v2.LR.historical.en02.MOC.192001-192912.nc’
nco_err_exit(): ERROR Short NCO-generated message (usually name of function that triggered error): nco_inq_varid()
nco_err_exit(): ERROR Error code is -49. Translation into English with nc_strerror(-49) is "NetCDF: Variable not found"
ERROR: nco_inq_varid() reports requested variable "timeMonthly_avg_mocStreamvalLatAndDepth" is not defined in file
nco_err_exit(): ERROR NCO will now exit with system call exit(EXIT_FAILURE)
1930 1939
removed ‘/lcrc/group/acme/ac.szhang/acme_scratch/data/CVDP_RGD/v2.LR.historical/SE_OCN/v2.LR.historical.en02.MOC.193001-193912.nc’
nco_err_exit(): ERROR Short NCO-generated message (usually name of function that triggered error): nco_inq_varid()
nco_err_exit(): ERROR Error code is -49. Translation into English with nc_strerror(-49) is "NetCDF: Variable not found"
ERROR: nco_inq_varid() reports requested variable "timeMonthly_avg_mocStreamvalLatAndDepth" is not defined in file
nco_err_exit(): ERROR NCO will now exit with system call exit(EXIT_FAILURE)
1940 1949
nco_err_exit(): ERROR Short NCO-generated message (usually name of function that triggered error): nco_inq_varid()
nco_err_exit(): ERROR Error code is -49. Translation into English with nc_strerror(-49) is "NetCDF: Variable not found"
ERROR: nco_inq_varid() reports requested variable "timeMonthly_avg_mocStreamvalLatAndDepth" is not defined in file
nco_err_exit(): ERROR NCO will now exit with system call exit(EXIT_FAILURE)
1950 1959
nco_err_exit(): ERROR Short NCO-generated message (usually name of function that triggered error): nco_inq_varid()
nco_err_exit(): ERROR Error code is -49. Translation into English with nc_strerror(-49) is "NetCDF: Variable not found"
ERROR: nco_inq_varid() reports requested variable "timeMonthly_avg_mocStreamvalLatAndDepth" is not defined in file
nco_err_exit(): ERROR NCO will now exit with system call exit(EXIT_FAILURE)
1960 1969
slurmstepd: error: *** JOB 658597 ON b596 CANCELLED AT 2023-12-01T18:26:47 ***
