
Lmod is automatically replacing "intel-mpi/2017.3-dfphq6k" with
"intel-parallel-studio/cluster.2017.4-wyg4gfu".


Lmod is automatically replacing "intel/17.0.4-74uvhji" with
"intel-parallel-studio/cluster.2017.4-wyg4gfu".


Lmod is automatically replacing "intel-parallel-studio/cluster.2017.4-wyg4gfu"
with "intel-mpi/2017.3-dfphq6k".

5
v2.LR.historical_0101
/lcrc/group/e3sm/ac.forsyth2/E3SMv2/v2.LR.historical_0101/archive/ocn/hist
v2.LR.historical_0151
/lcrc/group/e3sm/ac.forsyth2/E3SMv2/v2.LR.historical_0151/archive/ocn/hist
v2.LR.historical_0201
/lcrc/group/e3sm/ac.forsyth2/E3SMv2/v2.LR.historical_0201/archive/ocn/hist
1850 1859
1860 1869
1870 1879
1880 1889
1890 1899
1900 1909
1910 1919
1920 1929
1930 1939
1940 1949
1950 1959
1960 1969
1970 1979
1980 1989
1990 1999
2000 2009
2010 2019
v2.LR.historical_0251
/lcrc/group/e3sm/ac.forsyth2/E3SMv2/v2.LR.historical_0251/archive/ocn/hist
v2.LR.historical_0301
/lcrc/group/e3sm/ac.forsyth2/E3SMv2/v2.LR.historical_0301/archive/ocn/hist
done
