nohup: ignoring input
rm: cannot remove '/global/cfs/cdirs/e3sm/zhan391/data/CVDP_RGD//ERA5/ERA5.en00.SF.197901-201812.nc': No such file or directory
rm: cannot remove '/global/cfs/cdirs/e3sm/zhan391/data/CVDP_RGD//ERA5/ERA5.en01.SF.197901-201812.nc': No such file or directory
rm: cannot remove '/global/cfs/cdirs/e3sm/zhan391/data/CVDP_RGD//ERA5/ERA5.en02.SF.197901-201812.nc': No such file or directory
rm: cannot remove '/global/cfs/cdirs/e3sm/zhan391/data/CVDP_RGD//ERA5/ERA5.en03.SF.197901-201812.nc': No such file or directory
rm: cannot remove '/global/cfs/cdirs/e3sm/zhan391/data/CVDP_RGD//ERA5/ERA5.en04.SF.197901-201812.nc': No such file or directory
rm: cannot remove '/global/cfs/cdirs/e3sm/zhan391/data/CVDP_RGD//ERA5/ERA5.en05.SF.197901-201812.nc': No such file or directory
rm: cannot remove '/global/cfs/cdirs/e3sm/zhan391/data/CVDP_RGD//ERA5/ERA5.en06.SF.197901-201812.nc': No such file or directory
rm: cannot remove '/global/cfs/cdirs/e3sm/zhan391/data/CVDP_RGD//ERA5/ERA5.en07.SF.197901-201812.nc': No such file or directory
rm: cannot remove '/global/cfs/cdirs/e3sm/zhan391/data/CVDP_RGD//ERA5/ERA5.en08.SF.197901-201812.nc': No such file or directory
rm: cannot remove '/global/cfs/cdirs/e3sm/zhan391/data/CVDP_RGD//ERA5/ERA5.en09.SF.197901-201812.nc': No such file or directory
rm: cannot remove '/global/cfs/cdirs/e3sm/zhan391/data/CVDP_RGD//ERA5/ERA5.en10.SF.197901-201812.nc': No such file or directory
input in flex scanner failed
 Copyright (C) 1995-2018 - All Rights Reserved
 University Corporation for Atmospheric Research
 NCAR Command Language Version 6.5.0
 The use of this software is governed by a License Agreement.
 See http://www.ncl.ucar.edu/ for more details.


Variable: fl1 (subsection)
Type: string
Total Size: 8 bytes
            1 values
Number of Dimensions: 1
Dimensions and sizes:	[1]
Coordinates: 
(0)	/global/cfs/cdirs/e3sm/zhan391/data/ERA5/monthly/ERA5_analysis_monthly_1979-2019_1x1.nc
(0)	working on variable SF


Variable: fl1 (subsection)
Type: string
Total Size: 8 bytes
            1 values
Number of Dimensions: 1
Dimensions and sizes:	[1]
Coordinates: 
(0)	/global/cfs/cdirs/e3sm/zhan391/data/ERA5/monthly/ERA5_ens01_monthly_1979-2019_1x1.nc
(0)	working on variable SF


Variable: fl1 (subsection)
Type: string
Total Size: 8 bytes
            1 values
Number of Dimensions: 1
Dimensions and sizes:	[1]
Coordinates: 
(0)	/global/cfs/cdirs/e3sm/zhan391/data/ERA5/monthly/ERA5_ens02_monthly_1979-2019_1x1.nc
(0)	working on variable SF


Variable: fl1 (subsection)
Type: string
Total Size: 8 bytes
            1 values
Number of Dimensions: 1
Dimensions and sizes:	[1]
Coordinates: 
(0)	/global/cfs/cdirs/e3sm/zhan391/data/ERA5/monthly/ERA5_ens03_monthly_1979-2019_1x1.nc
(0)	working on variable SF


Variable: fl1 (subsection)
Type: string
Total Size: 8 bytes
            1 values
Number of Dimensions: 1
Dimensions and sizes:	[1]
Coordinates: 
(0)	/global/cfs/cdirs/e3sm/zhan391/data/ERA5/monthly/ERA5_ens04_monthly_1979-2019_1x1.nc
(0)	working on variable SF


Variable: fl1 (subsection)
Type: string
Total Size: 8 bytes
            1 values
Number of Dimensions: 1
Dimensions and sizes:	[1]
Coordinates: 
(0)	/global/cfs/cdirs/e3sm/zhan391/data/ERA5/monthly/ERA5_ens05_monthly_1979-2019_1x1.nc
(0)	working on variable SF


Variable: fl1 (subsection)
Type: string
Total Size: 8 bytes
            1 values
Number of Dimensions: 1
Dimensions and sizes:	[1]
Coordinates: 
(0)	/global/cfs/cdirs/e3sm/zhan391/data/ERA5/monthly/ERA5_ens06_monthly_1979-2019_1x1.nc
(0)	working on variable SF


Variable: fl1 (subsection)
Type: string
Total Size: 8 bytes
            1 values
Number of Dimensions: 1
Dimensions and sizes:	[1]
Coordinates: 
(0)	/global/cfs/cdirs/e3sm/zhan391/data/ERA5/monthly/ERA5_ens07_monthly_1979-2019_1x1.nc
(0)	working on variable SF


Variable: fl1 (subsection)
Type: string
Total Size: 8 bytes
            1 values
Number of Dimensions: 1
Dimensions and sizes:	[1]
Coordinates: 
(0)	/global/cfs/cdirs/e3sm/zhan391/data/ERA5/monthly/ERA5_ens08_monthly_1979-2019_1x1.nc
(0)	working on variable SF


Variable: fl1 (subsection)
Type: string
Total Size: 8 bytes
            1 values
Number of Dimensions: 1
Dimensions and sizes:	[1]
Coordinates: 
(0)	/global/cfs/cdirs/e3sm/zhan391/data/ERA5/monthly/ERA5_ens09_monthly_1979-2019_1x1.nc
(0)	working on variable SF


Variable: fl1 (subsection)
Type: string
Total Size: 8 bytes
            1 values
Number of Dimensions: 1
Dimensions and sizes:	[1]
Coordinates: 
(0)	/global/cfs/cdirs/e3sm/zhan391/data/ERA5/monthly/ERA5_ens10_monthly_1979-2019_1x1.nc
(0)	working on variable SF
