nohup: ignoring input
rm: cannot remove '/global/cfs/cdirs/e3sm/zhan391/data/CVDP_RGD//ERA5/ERA5.en01.TCO.197901-201812.nc': No such file or directory
rm: cannot remove '/global/cfs/cdirs/e3sm/zhan391/data/CVDP_RGD//ERA5/ERA5.en02.TCO.197901-201812.nc': No such file or directory
rm: cannot remove '/global/cfs/cdirs/e3sm/zhan391/data/CVDP_RGD//ERA5/ERA5.en03.TCO.197901-201812.nc': No such file or directory
rm: cannot remove '/global/cfs/cdirs/e3sm/zhan391/data/CVDP_RGD//ERA5/ERA5.en04.TCO.197901-201812.nc': No such file or directory
rm: cannot remove '/global/cfs/cdirs/e3sm/zhan391/data/CVDP_RGD//ERA5/ERA5.en05.TCO.197901-201812.nc': No such file or directory
rm: cannot remove '/global/cfs/cdirs/e3sm/zhan391/data/CVDP_RGD//ERA5/ERA5.en06.TCO.197901-201812.nc': No such file or directory
rm: cannot remove '/global/cfs/cdirs/e3sm/zhan391/data/CVDP_RGD//ERA5/ERA5.en07.TCO.197901-201812.nc': No such file or directory
rm: cannot remove '/global/cfs/cdirs/e3sm/zhan391/data/CVDP_RGD//ERA5/ERA5.en08.TCO.197901-201812.nc': No such file or directory
rm: cannot remove '/global/cfs/cdirs/e3sm/zhan391/data/CVDP_RGD//ERA5/ERA5.en09.TCO.197901-201812.nc': No such file or directory
rm: cannot remove '/global/cfs/cdirs/e3sm/zhan391/data/CVDP_RGD//ERA5/ERA5.en10.TCO.197901-201812.nc': No such file or directory
rm: cannot remove '/global/cfs/cdirs/e3sm/zhan391/data/CVDP_RGD//ERA5/ERA5.en00.SCO.197901-201812.nc': No such file or directory
rm: cannot remove '/global/cfs/cdirs/e3sm/zhan391/data/CVDP_RGD//ERA5/ERA5.en01.SCO.197901-201812.nc': No such file or directory
rm: cannot remove '/global/cfs/cdirs/e3sm/zhan391/data/CVDP_RGD//ERA5/ERA5.en02.SCO.197901-201812.nc': No such file or directory
rm: cannot remove '/global/cfs/cdirs/e3sm/zhan391/data/CVDP_RGD//ERA5/ERA5.en03.SCO.197901-201812.nc': No such file or directory
rm: cannot remove '/global/cfs/cdirs/e3sm/zhan391/data/CVDP_RGD//ERA5/ERA5.en04.SCO.197901-201812.nc': No such file or directory
rm: cannot remove '/global/cfs/cdirs/e3sm/zhan391/data/CVDP_RGD//ERA5/ERA5.en05.SCO.197901-201812.nc': No such file or directory
rm: cannot remove '/global/cfs/cdirs/e3sm/zhan391/data/CVDP_RGD//ERA5/ERA5.en06.SCO.197901-201812.nc': No such file or directory
rm: cannot remove '/global/cfs/cdirs/e3sm/zhan391/data/CVDP_RGD//ERA5/ERA5.en07.SCO.197901-201812.nc': No such file or directory
rm: cannot remove '/global/cfs/cdirs/e3sm/zhan391/data/CVDP_RGD//ERA5/ERA5.en08.SCO.197901-201812.nc': No such file or directory
rm: cannot remove '/global/cfs/cdirs/e3sm/zhan391/data/CVDP_RGD//ERA5/ERA5.en09.SCO.197901-201812.nc': No such file or directory
rm: cannot remove '/global/cfs/cdirs/e3sm/zhan391/data/CVDP_RGD//ERA5/ERA5.en10.SCO.197901-201812.nc': No such file or directory
input in flex scanner failed
 Copyright (C) 1995-2018 - All Rights Reserved
 University Corporation for Atmospheric Research
 NCAR Command Language Version 6.5.0
 The use of this software is governed by a License Agreement.
 See http://www.ncl.ucar.edu/ for more details.
(0)	working on variable TCO
(0)	working on variable SCO
