13
working file:  /lcrc/group/acme/ac.szhang/acme_scratch/data/CVDP_RGD/v3atm-v21ocn.F20TR/v3atm-v21ocn.F20TR.en00.CLDTOT.198501-201412.nc
ncap2: WARNING ncap_def_dim(): dim "bnds" - already exists in input/output.
working file:  /lcrc/group/acme/ac.szhang/acme_scratch/data/CVDP_RGD/v3atm-v21ocn.F20TR/v3atm-v21ocn.F20TR.en00.CRE.198501-201412.nc
working file:  /lcrc/group/acme/ac.szhang/acme_scratch/data/CVDP_RGD/v3atm-v21ocn.F20TR/v3atm-v21ocn.F20TR.en00.CRE_SRF.198501-201412.nc
working file:  /lcrc/group/acme/ac.szhang/acme_scratch/data/CVDP_RGD/v3atm-v21ocn.F20TR/v3atm-v21ocn.F20TR.en00.ETH1.198501-201412.nc
working file:  /lcrc/group/acme/ac.szhang/acme_scratch/data/CVDP_RGD/v3atm-v21ocn.F20TR/v3atm-v21ocn.F20TR.en00.ETH12.198501-201412.nc
working file:  /lcrc/group/acme/ac.szhang/acme_scratch/data/CVDP_RGD/v3atm-v21ocn.F20TR/v3atm-v21ocn.F20TR.en00.ETH2.198501-201412.nc
working file:  /lcrc/group/acme/ac.szhang/acme_scratch/data/CVDP_RGD/v3atm-v21ocn.F20TR/v3atm-v21ocn.F20TR.en00.FLDS.198501-201412.nc
ncap2: WARNING ncap_def_dim(): dim "bnds" - already exists in input/output.
working file:  /lcrc/group/acme/ac.szhang/acme_scratch/data/CVDP_RGD/v3atm-v21ocn.F20TR/v3atm-v21ocn.F20TR.en00.FLDSC.198501-201412.nc
ncap2: WARNING ncap_def_dim(): dim "bnds" - already exists in input/output.
working file:  /lcrc/group/acme/ac.szhang/acme_scratch/data/CVDP_RGD/v3atm-v21ocn.F20TR/v3atm-v21ocn.F20TR.en00.FLNS.198501-201412.nc
working file:  /lcrc/group/acme/ac.szhang/acme_scratch/data/CVDP_RGD/v3atm-v21ocn.F20TR/v3atm-v21ocn.F20TR.en00.FLNSC.198501-201412.nc
working file:  /lcrc/group/acme/ac.szhang/acme_scratch/data/CVDP_RGD/v3atm-v21ocn.F20TR/v3atm-v21ocn.F20TR.en00.FLUS.198501-201412.nc
ncap2: WARNING ncap_def_dim(): dim "bnds" - already exists in input/output.
working file:  /lcrc/group/acme/ac.szhang/acme_scratch/data/CVDP_RGD/v3atm-v21ocn.F20TR/v3atm-v21ocn.F20TR.en00.FSNS.198501-201412.nc
working file:  /lcrc/group/acme/ac.szhang/acme_scratch/data/CVDP_RGD/v3atm-v21ocn.F20TR/v3atm-v21ocn.F20TR.en00.FSNSC.198501-201412.nc
working file:  /lcrc/group/acme/ac.szhang/acme_scratch/data/CVDP_RGD/v3atm-v21ocn.F20TR/v3atm-v21ocn.F20TR.en00.LHFLX.198501-201412.nc
ncap2: WARNING ncap_def_dim(): dim "bnds" - already exists in input/output.
working file:  /lcrc/group/acme/ac.szhang/acme_scratch/data/CVDP_RGD/v3atm-v21ocn.F20TR/v3atm-v21ocn.F20TR.en00.LWCRE.198501-201412.nc
ncap2: WARNING ncap_def_dim(): dim "bnds" - already exists in input/output.
working file:  /lcrc/group/acme/ac.szhang/acme_scratch/data/CVDP_RGD/v3atm-v21ocn.F20TR/v3atm-v21ocn.F20TR.en00.LWCRE_SRF.198501-201412.nc
working file:  /lcrc/group/acme/ac.szhang/acme_scratch/data/CVDP_RGD/v3atm-v21ocn.F20TR/v3atm-v21ocn.F20TR.en00.OLR.198501-201412.nc
working file:  /lcrc/group/acme/ac.szhang/acme_scratch/data/CVDP_RGD/v3atm-v21ocn.F20TR/v3atm-v21ocn.F20TR.en00.PRECST.198501-201412.nc
ncap2: WARNING ncap_def_dim(): dim "bnds" - already exists in input/output.
working file:  /lcrc/group/acme/ac.szhang/acme_scratch/data/CVDP_RGD/v3atm-v21ocn.F20TR/v3atm-v21ocn.F20TR.en00.PRECT.198501-201412.nc
ncap2: WARNING ncap_def_dim(): dim "bnds" - already exists in input/output.
working file:  /lcrc/group/acme/ac.szhang/acme_scratch/data/CVDP_RGD/v3atm-v21ocn.F20TR/v3atm-v21ocn.F20TR.en00.PSL.198501-201412.nc
ncap2: WARNING ncap_def_dim(): dim "bnds" - already exists in input/output.
working file:  /lcrc/group/acme/ac.szhang/acme_scratch/data/CVDP_RGD/v3atm-v21ocn.F20TR/v3atm-v21ocn.F20TR.en00.QnRad_SRF.198501-201412.nc
ncap2: WARNING ncap_def_dim(): dim "bnds" - already exists in input/output.
working file:  /lcrc/group/acme/ac.szhang/acme_scratch/data/CVDP_RGD/v3atm-v21ocn.F20TR/v3atm-v21ocn.F20TR.en00.Qn_SRF.198501-201412.nc
ncap2: WARNING ncap_def_dim(): dim "bnds" - already exists in input/output.
working file:  /lcrc/group/acme/ac.szhang/acme_scratch/data/CVDP_RGD/v3atm-v21ocn.F20TR/v3atm-v21ocn.F20TR.en00.QnTot_SRF.198501-201412.nc
ncap2: WARNING ncap_def_dim(): dim "bnds" - already exists in input/output.
working file:  /lcrc/group/acme/ac.szhang/acme_scratch/data/CVDP_RGD/v3atm-v21ocn.F20TR/v3atm-v21ocn.F20TR.en00.QnTur_SRF.198501-201412.nc
ncap2: WARNING ncap_def_dim(): dim "bnds" - already exists in input/output.
working file:  /lcrc/group/acme/ac.szhang/acme_scratch/data/CVDP_RGD/v3atm-v21ocn.F20TR/v3atm-v21ocn.F20TR.en00.S10.198501-201412.nc
ncap2: WARNING ncap_def_dim(): dim "bnds" - already exists in input/output.
working file:  /lcrc/group/acme/ac.szhang/acme_scratch/data/CVDP_RGD/v3atm-v21ocn.F20TR/v3atm-v21ocn.F20TR.en00.SF.198501-201412.nc
working file:  /lcrc/group/acme/ac.szhang/acme_scratch/data/CVDP_RGD/v3atm-v21ocn.F20TR/v3atm-v21ocn.F20TR.en00.SF470.198501-201412.nc
working file:  /lcrc/group/acme/ac.szhang/acme_scratch/data/CVDP_RGD/v3atm-v21ocn.F20TR/v3atm-v21ocn.F20TR.en00.SF920.198501-201412.nc
working file:  /lcrc/group/acme/ac.szhang/acme_scratch/data/CVDP_RGD/v3atm-v21ocn.F20TR/v3atm-v21ocn.F20TR.en00.SHFLX.198501-201412.nc
ncap2: WARNING ncap_def_dim(): dim "bnds" - already exists in input/output.
working file:  /lcrc/group/acme/ac.szhang/acme_scratch/data/CVDP_RGD/v3atm-v21ocn.F20TR/v3atm-v21ocn.F20TR.en00.SWCRE.198501-201412.nc
ncap2: WARNING ncap_def_dim(): dim "bnds" - already exists in input/output.
working file:  /lcrc/group/acme/ac.szhang/acme_scratch/data/CVDP_RGD/v3atm-v21ocn.F20TR/v3atm-v21ocn.F20TR.en00.SWCRE_SRF.198501-201412.nc
working file:  /lcrc/group/acme/ac.szhang/acme_scratch/data/CVDP_RGD/v3atm-v21ocn.F20TR/v3atm-v21ocn.F20TR.en00.T850.198501-201412.nc
ncap2: WARNING ncap_def_dim(): dim "bnds" - already exists in input/output.
working file:  /lcrc/group/acme/ac.szhang/acme_scratch/data/CVDP_RGD/v3atm-v21ocn.F20TR/v3atm-v21ocn.F20TR.en00.TAUX.198501-201412.nc
ncap2: WARNING ncap_def_dim(): dim "bnds" - already exists in input/output.
working file:  /lcrc/group/acme/ac.szhang/acme_scratch/data/CVDP_RGD/v3atm-v21ocn.F20TR/v3atm-v21ocn.F20TR.en00.TAUY.198501-201412.nc
ncap2: WARNING ncap_def_dim(): dim "bnds" - already exists in input/output.
working file:  /lcrc/group/acme/ac.szhang/acme_scratch/data/CVDP_RGD/v3atm-v21ocn.F20TR/v3atm-v21ocn.F20TR.en00.TGCLDIWP.198501-201412.nc
ncap2: WARNING ncap_def_dim(): dim "bnds" - already exists in input/output.
working file:  /lcrc/group/acme/ac.szhang/acme_scratch/data/CVDP_RGD/v3atm-v21ocn.F20TR/v3atm-v21ocn.F20TR.en00.TGCLDLWP.198501-201412.nc
ncap2: WARNING ncap_def_dim(): dim "bnds" - already exists in input/output.
working file:  /lcrc/group/acme/ac.szhang/acme_scratch/data/CVDP_RGD/v3atm-v21ocn.F20TR/v3atm-v21ocn.F20TR.en00.TMQ.198501-201412.nc
ncap2: WARNING ncap_def_dim(): dim "bnds" - already exists in input/output.
working file:  /lcrc/group/acme/ac.szhang/acme_scratch/data/CVDP_RGD/v3atm-v21ocn.F20TR/v3atm-v21ocn.F20TR.en00.TREFHT.198501-201412.nc
ncap2: WARNING ncap_def_dim(): dim "bnds" - already exists in input/output.
working file:  /lcrc/group/acme/ac.szhang/acme_scratch/data/CVDP_RGD/v3atm-v21ocn.F20TR/v3atm-v21ocn.F20TR.en00.TS.198501-201412.nc
ncap2: WARNING ncap_def_dim(): dim "bnds" - already exists in input/output.
working file:  /lcrc/group/acme/ac.szhang/acme_scratch/data/CVDP_RGD/v3atm-v21ocn.F20TR/v3atm-v21ocn.F20TR.en00.U10.198501-201412.nc
ncap2: WARNING ncap_def_dim(): dim "bnds" - already exists in input/output.
working file:  /lcrc/group/acme/ac.szhang/acme_scratch/data/CVDP_RGD/v3atm-v21ocn.F20TR/v3atm-v21ocn.F20TR.en00.U200.198501-201412.nc
ncap2: WARNING ncap_def_dim(): dim "bnds" - already exists in input/output.
working file:  /lcrc/group/acme/ac.szhang/acme_scratch/data/CVDP_RGD/v3atm-v21ocn.F20TR/v3atm-v21ocn.F20TR.en00.U850.198501-201412.nc
ncap2: WARNING ncap_def_dim(): dim "bnds" - already exists in input/output.
working file:  /lcrc/group/acme/ac.szhang/acme_scratch/data/CVDP_RGD/v3atm-v21ocn.F20TR/v3atm-v21ocn.F20TR.en00.V10.198501-201412.nc
ncap2: WARNING ncap_def_dim(): dim "bnds" - already exists in input/output.
working file:  /lcrc/group/acme/ac.szhang/acme_scratch/data/CVDP_RGD/v3atm-v21ocn.F20TR/v3atm-v21ocn.F20TR.en00.V200.198501-201412.nc
ncap2: WARNING ncap_def_dim(): dim "bnds" - already exists in input/output.
working file:  /lcrc/group/acme/ac.szhang/acme_scratch/data/CVDP_RGD/v3atm-v21ocn.F20TR/v3atm-v21ocn.F20TR.en00.V850.198501-201412.nc
ncap2: WARNING ncap_def_dim(): dim "bnds" - already exists in input/output.
working file:  /lcrc/group/acme/ac.szhang/acme_scratch/data/CVDP_RGD/v3atm-v21ocn.F20TR/v3atm-v21ocn.F20TR.en00.VP470.198501-201412.nc
working file:  /lcrc/group/acme/ac.szhang/acme_scratch/data/CVDP_RGD/v3atm-v21ocn.F20TR/v3atm-v21ocn.F20TR.en00.VP920.198501-201412.nc
working file:  /lcrc/group/acme/ac.szhang/acme_scratch/data/CVDP_RGD/v3atm-v21ocn.F20TR/v3atm-v21ocn.F20TR.en00.Z500.198501-201412.nc
ncap2: WARNING ncap_def_dim(): dim "bnds" - already exists in input/output.
done
