13
working file:  /lcrc/group/acme/ac.szhang/acme_scratch/data/CVDP_RGD/v2_1.SORRM.1950Control/v2_1.SORRM.1950Control.en00.AMOC.080101-100012.nc
working file:  /lcrc/group/acme/ac.szhang/acme_scratch/data/CVDP_RGD/v2_1.SORRM.1950Control/v2_1.SORRM.1950Control.en00.AMOC26.080101-100012.nc
working file:  /lcrc/group/acme/ac.szhang/acme_scratch/data/CVDP_RGD/v2_1.SORRM.1950Control/v2_1.SORRM.1950Control.en00.AODVIS.080101-100012.nc
working file:  /lcrc/group/acme/ac.szhang/acme_scratch/data/CVDP_RGD/v2_1.SORRM.1950Control/v2_1.SORRM.1950Control.en00.CLDHGH.080101-100012.nc
working file:  /lcrc/group/acme/ac.szhang/acme_scratch/data/CVDP_RGD/v2_1.SORRM.1950Control/v2_1.SORRM.1950Control.en00.CLDLOW.080101-100012.nc
working file:  /lcrc/group/acme/ac.szhang/acme_scratch/data/CVDP_RGD/v2_1.SORRM.1950Control/v2_1.SORRM.1950Control.en00.CLDMED.080101-100012.nc
working file:  /lcrc/group/acme/ac.szhang/acme_scratch/data/CVDP_RGD/v2_1.SORRM.1950Control/v2_1.SORRM.1950Control.en00.CLDTOT.080101-100012.nc
working file:  /lcrc/group/acme/ac.szhang/acme_scratch/data/CVDP_RGD/v2_1.SORRM.1950Control/v2_1.SORRM.1950Control.en00.CRE.080101-100012.nc
working file:  /lcrc/group/acme/ac.szhang/acme_scratch/data/CVDP_RGD/v2_1.SORRM.1950Control/v2_1.SORRM.1950Control.en00.CRE_SRF.080101-100012.nc
working file:  /lcrc/group/acme/ac.szhang/acme_scratch/data/CVDP_RGD/v2_1.SORRM.1950Control/v2_1.SORRM.1950Control.en00.ETH1.080101-100012.nc
working file:  /lcrc/group/acme/ac.szhang/acme_scratch/data/CVDP_RGD/v2_1.SORRM.1950Control/v2_1.SORRM.1950Control.en00.ETH12.080101-100012.nc
working file:  /lcrc/group/acme/ac.szhang/acme_scratch/data/CVDP_RGD/v2_1.SORRM.1950Control/v2_1.SORRM.1950Control.en00.ETH2.080101-100012.nc
working file:  /lcrc/group/acme/ac.szhang/acme_scratch/data/CVDP_RGD/v2_1.SORRM.1950Control/v2_1.SORRM.1950Control.en00.FLDS.080101-100012.nc
working file:  /lcrc/group/acme/ac.szhang/acme_scratch/data/CVDP_RGD/v2_1.SORRM.1950Control/v2_1.SORRM.1950Control.en00.FLDSC.080101-100012.nc
working file:  /lcrc/group/acme/ac.szhang/acme_scratch/data/CVDP_RGD/v2_1.SORRM.1950Control/v2_1.SORRM.1950Control.en00.FLNS.080101-100012.nc
working file:  /lcrc/group/acme/ac.szhang/acme_scratch/data/CVDP_RGD/v2_1.SORRM.1950Control/v2_1.SORRM.1950Control.en00.FLNSC.080101-100012.nc
working file:  /lcrc/group/acme/ac.szhang/acme_scratch/data/CVDP_RGD/v2_1.SORRM.1950Control/v2_1.SORRM.1950Control.en00.FLNT.080101-100012.nc
working file:  /lcrc/group/acme/ac.szhang/acme_scratch/data/CVDP_RGD/v2_1.SORRM.1950Control/v2_1.SORRM.1950Control.en00.FLNTC.080101-100012.nc
working file:  /lcrc/group/acme/ac.szhang/acme_scratch/data/CVDP_RGD/v2_1.SORRM.1950Control/v2_1.SORRM.1950Control.en00.FLUT.080101-100012.nc
working file:  /lcrc/group/acme/ac.szhang/acme_scratch/data/CVDP_RGD/v2_1.SORRM.1950Control/v2_1.SORRM.1950Control.en00.FLUTC.080101-100012.nc
working file:  /lcrc/group/acme/ac.szhang/acme_scratch/data/CVDP_RGD/v2_1.SORRM.1950Control/v2_1.SORRM.1950Control.en00.FSDS.080101-100012.nc
working file:  /lcrc/group/acme/ac.szhang/acme_scratch/data/CVDP_RGD/v2_1.SORRM.1950Control/v2_1.SORRM.1950Control.en00.FSDSC.080101-100012.nc
working file:  /lcrc/group/acme/ac.szhang/acme_scratch/data/CVDP_RGD/v2_1.SORRM.1950Control/v2_1.SORRM.1950Control.en00.FSNS.080101-100012.nc
working file:  /lcrc/group/acme/ac.szhang/acme_scratch/data/CVDP_RGD/v2_1.SORRM.1950Control/v2_1.SORRM.1950Control.en00.FSNSC.080101-100012.nc
working file:  /lcrc/group/acme/ac.szhang/acme_scratch/data/CVDP_RGD/v2_1.SORRM.1950Control/v2_1.SORRM.1950Control.en00.FSNT.080101-100012.nc
working file:  /lcrc/group/acme/ac.szhang/acme_scratch/data/CVDP_RGD/v2_1.SORRM.1950Control/v2_1.SORRM.1950Control.en00.FSNTC.080101-100012.nc
working file:  /lcrc/group/acme/ac.szhang/acme_scratch/data/CVDP_RGD/v2_1.SORRM.1950Control/v2_1.SORRM.1950Control.en00.FSNTOA.080101-100012.nc
working file:  /lcrc/group/acme/ac.szhang/acme_scratch/data/CVDP_RGD/v2_1.SORRM.1950Control/v2_1.SORRM.1950Control.en00.FSNTOAC.080101-100012.nc
working file:  /lcrc/group/acme/ac.szhang/acme_scratch/data/CVDP_RGD/v2_1.SORRM.1950Control/v2_1.SORRM.1950Control.en00.FSUTOA.080101-100012.nc
working file:  /lcrc/group/acme/ac.szhang/acme_scratch/data/CVDP_RGD/v2_1.SORRM.1950Control/v2_1.SORRM.1950Control.en00.FSUTOAC.080101-100012.nc
working file:  /lcrc/group/acme/ac.szhang/acme_scratch/data/CVDP_RGD/v2_1.SORRM.1950Control/v2_1.SORRM.1950Control.en00.ICEFRAC.080101-100012.nc
working file:  /lcrc/group/acme/ac.szhang/acme_scratch/data/CVDP_RGD/v2_1.SORRM.1950Control/v2_1.SORRM.1950Control.en00.LANDFRAC.080101-100012.nc
working file:  /lcrc/group/acme/ac.szhang/acme_scratch/data/CVDP_RGD/v2_1.SORRM.1950Control/v2_1.SORRM.1950Control.en00.LHFLX.080101-100012.nc
working file:  /lcrc/group/acme/ac.szhang/acme_scratch/data/CVDP_RGD/v2_1.SORRM.1950Control/v2_1.SORRM.1950Control.en00.LHFLX1.080101-100012.nc
working file:  /lcrc/group/acme/ac.szhang/acme_scratch/data/CVDP_RGD/v2_1.SORRM.1950Control/v2_1.SORRM.1950Control.en00.LWCF.080101-100012.nc
working file:  /lcrc/group/acme/ac.szhang/acme_scratch/data/CVDP_RGD/v2_1.SORRM.1950Control/v2_1.SORRM.1950Control.en00.LWCRE.080101-100012.nc
working file:  /lcrc/group/acme/ac.szhang/acme_scratch/data/CVDP_RGD/v2_1.SORRM.1950Control/v2_1.SORRM.1950Control.en00.LWCRE_SRF.080101-100012.nc
working file:  /lcrc/group/acme/ac.szhang/acme_scratch/data/CVDP_RGD/v2_1.SORRM.1950Control/v2_1.SORRM.1950Control.en00.O3_SRF.080101-100012.nc
working file:  /lcrc/group/acme/ac.szhang/acme_scratch/data/CVDP_RGD/v2_1.SORRM.1950Control/v2_1.SORRM.1950Control.en00.OCNFRAC.080101-100012.nc
working file:  /lcrc/group/acme/ac.szhang/acme_scratch/data/CVDP_RGD/v2_1.SORRM.1950Control/v2_1.SORRM.1950Control.en00.OLR.080101-100012.nc
working file:  /lcrc/group/acme/ac.szhang/acme_scratch/data/CVDP_RGD/v2_1.SORRM.1950Control/v2_1.SORRM.1950Control.en00.OMEGA500.080101-100012.nc
working file:  /lcrc/group/acme/ac.szhang/acme_scratch/data/CVDP_RGD/v2_1.SORRM.1950Control/v2_1.SORRM.1950Control.en00.PBLH.080101-100012.nc
working file:  /lcrc/group/acme/ac.szhang/acme_scratch/data/CVDP_RGD/v2_1.SORRM.1950Control/v2_1.SORRM.1950Control.en00.PHIS.080101-100012.nc
working file:  /lcrc/group/acme/ac.szhang/acme_scratch/data/CVDP_RGD/v2_1.SORRM.1950Control/v2_1.SORRM.1950Control.en00.PRECC.080101-100012.nc
working file:  /lcrc/group/acme/ac.szhang/acme_scratch/data/CVDP_RGD/v2_1.SORRM.1950Control/v2_1.SORRM.1950Control.en00.PRECL.080101-100012.nc
working file:  /lcrc/group/acme/ac.szhang/acme_scratch/data/CVDP_RGD/v2_1.SORRM.1950Control/v2_1.SORRM.1950Control.en00.PRECSC.080101-100012.nc
working file:  /lcrc/group/acme/ac.szhang/acme_scratch/data/CVDP_RGD/v2_1.SORRM.1950Control/v2_1.SORRM.1950Control.en00.PRECSL.080101-100012.nc
working file:  /lcrc/group/acme/ac.szhang/acme_scratch/data/CVDP_RGD/v2_1.SORRM.1950Control/v2_1.SORRM.1950Control.en00.PRECST.080101-100012.nc
working file:  /lcrc/group/acme/ac.szhang/acme_scratch/data/CVDP_RGD/v2_1.SORRM.1950Control/v2_1.SORRM.1950Control.en00.PRECT.080101-100012.nc
working file:  /lcrc/group/acme/ac.szhang/acme_scratch/data/CVDP_RGD/v2_1.SORRM.1950Control/v2_1.SORRM.1950Control.en00.PS.080101-100012.nc
working file:  /lcrc/group/acme/ac.szhang/acme_scratch/data/CVDP_RGD/v2_1.SORRM.1950Control/v2_1.SORRM.1950Control.en00.PSL.080101-100012.nc
working file:  /lcrc/group/acme/ac.szhang/acme_scratch/data/CVDP_RGD/v2_1.SORRM.1950Control/v2_1.SORRM.1950Control.en00.QFLX.080101-100012.nc
working file:  /lcrc/group/acme/ac.szhang/acme_scratch/data/CVDP_RGD/v2_1.SORRM.1950Control/v2_1.SORRM.1950Control.en00.QnRad_SRF.080101-100012.nc
working file:  /lcrc/group/acme/ac.szhang/acme_scratch/data/CVDP_RGD/v2_1.SORRM.1950Control/v2_1.SORRM.1950Control.en00.Qn_SRF.080101-100012.nc
working file:  /lcrc/group/acme/ac.szhang/acme_scratch/data/CVDP_RGD/v2_1.SORRM.1950Control/v2_1.SORRM.1950Control.en00.QnTot_SRF.080101-100012.nc
working file:  /lcrc/group/acme/ac.szhang/acme_scratch/data/CVDP_RGD/v2_1.SORRM.1950Control/v2_1.SORRM.1950Control.en00.QnTur_SRF.080101-100012.nc
working file:  /lcrc/group/acme/ac.szhang/acme_scratch/data/CVDP_RGD/v2_1.SORRM.1950Control/v2_1.SORRM.1950Control.en00.QREFHT.080101-100012.nc
working file:  /lcrc/group/acme/ac.szhang/acme_scratch/data/CVDP_RGD/v2_1.SORRM.1950Control/v2_1.SORRM.1950Control.en00.S10.080101-100012.nc
working file:  /lcrc/group/acme/ac.szhang/acme_scratch/data/CVDP_RGD/v2_1.SORRM.1950Control/v2_1.SORRM.1950Control.en00.SCO.080101-100012.nc
working file:  /lcrc/group/acme/ac.szhang/acme_scratch/data/CVDP_RGD/v2_1.SORRM.1950Control/v2_1.SORRM.1950Control.en00.SF.080101-100012.nc
working file:  /lcrc/group/acme/ac.szhang/acme_scratch/data/CVDP_RGD/v2_1.SORRM.1950Control/v2_1.SORRM.1950Control.en00.SHFLX.080101-100012.nc
working file:  /lcrc/group/acme/ac.szhang/acme_scratch/data/CVDP_RGD/v2_1.SORRM.1950Control/v2_1.SORRM.1950Control.en00.SNFRAC.080101-100012.nc
working file:  /lcrc/group/acme/ac.szhang/acme_scratch/data/CVDP_RGD/v2_1.SORRM.1950Control/v2_1.SORRM.1950Control.en00.SNOW.080101-100012.nc
working file:  /lcrc/group/acme/ac.szhang/acme_scratch/data/CVDP_RGD/v2_1.SORRM.1950Control/v2_1.SORRM.1950Control.en00.SNOWDP.080101-100012.nc
working file:  /lcrc/group/acme/ac.szhang/acme_scratch/data/CVDP_RGD/v2_1.SORRM.1950Control/v2_1.SORRM.1950Control.en00.SNOWHICE.080101-100012.nc
working file:  /lcrc/group/acme/ac.szhang/acme_scratch/data/CVDP_RGD/v2_1.SORRM.1950Control/v2_1.SORRM.1950Control.en00.SNOWHLND.080101-100012.nc
working file:  /lcrc/group/acme/ac.szhang/acme_scratch/data/CVDP_RGD/v2_1.SORRM.1950Control/v2_1.SORRM.1950Control.en00.SOILWATER.080101-100012.nc
working file:  /lcrc/group/acme/ac.szhang/acme_scratch/data/CVDP_RGD/v2_1.SORRM.1950Control/v2_1.SORRM.1950Control.en00.SOLIN.080101-100012.nc
working file:  /lcrc/group/acme/ac.szhang/acme_scratch/data/CVDP_RGD/v2_1.SORRM.1950Control/v2_1.SORRM.1950Control.en00.SWCF.080101-100012.nc
working file:  /lcrc/group/acme/ac.szhang/acme_scratch/data/CVDP_RGD/v2_1.SORRM.1950Control/v2_1.SORRM.1950Control.en00.SWCRE.080101-100012.nc
working file:  /lcrc/group/acme/ac.szhang/acme_scratch/data/CVDP_RGD/v2_1.SORRM.1950Control/v2_1.SORRM.1950Control.en00.SWCRE_SRF.080101-100012.nc
working file:  /lcrc/group/acme/ac.szhang/acme_scratch/data/CVDP_RGD/v2_1.SORRM.1950Control/v2_1.SORRM.1950Control.en00.T850.080101-100012.nc
working file:  /lcrc/group/acme/ac.szhang/acme_scratch/data/CVDP_RGD/v2_1.SORRM.1950Control/v2_1.SORRM.1950Control.en00.TAUGWX.080101-100012.nc
working file:  /lcrc/group/acme/ac.szhang/acme_scratch/data/CVDP_RGD/v2_1.SORRM.1950Control/v2_1.SORRM.1950Control.en00.TAUGWY.080101-100012.nc
working file:  /lcrc/group/acme/ac.szhang/acme_scratch/data/CVDP_RGD/v2_1.SORRM.1950Control/v2_1.SORRM.1950Control.en00.TAUX.080101-100012.nc
working file:  /lcrc/group/acme/ac.szhang/acme_scratch/data/CVDP_RGD/v2_1.SORRM.1950Control/v2_1.SORRM.1950Control.en00.TAUY.080101-100012.nc
working file:  /lcrc/group/acme/ac.szhang/acme_scratch/data/CVDP_RGD/v2_1.SORRM.1950Control/v2_1.SORRM.1950Control.en00.TCO.080101-100012.nc
working file:  /lcrc/group/acme/ac.szhang/acme_scratch/data/CVDP_RGD/v2_1.SORRM.1950Control/v2_1.SORRM.1950Control.en00.TGCLDCWP.080101-100012.nc
working file:  /lcrc/group/acme/ac.szhang/acme_scratch/data/CVDP_RGD/v2_1.SORRM.1950Control/v2_1.SORRM.1950Control.en00.TGCLDIWP.080101-100012.nc
working file:  /lcrc/group/acme/ac.szhang/acme_scratch/data/CVDP_RGD/v2_1.SORRM.1950Control/v2_1.SORRM.1950Control.en00.TGCLDLWP.080101-100012.nc
working file:  /lcrc/group/acme/ac.szhang/acme_scratch/data/CVDP_RGD/v2_1.SORRM.1950Control/v2_1.SORRM.1950Control.en00.TH7001000.080101-100012.nc
working file:  /lcrc/group/acme/ac.szhang/acme_scratch/data/CVDP_RGD/v2_1.SORRM.1950Control/v2_1.SORRM.1950Control.en00.thfamd.080101-100012.nc
working file:  /lcrc/group/acme/ac.szhang/acme_scratch/data/CVDP_RGD/v2_1.SORRM.1950Control/v2_1.SORRM.1950Control.en00.thfblg.080101-100012.nc
working file:  /lcrc/group/acme/ac.szhang/acme_scratch/data/CVDP_RGD/v2_1.SORRM.1950Control/v2_1.SORRM.1950Control.en00.TMQ.080101-100012.nc
working file:  /lcrc/group/acme/ac.szhang/acme_scratch/data/CVDP_RGD/v2_1.SORRM.1950Control/v2_1.SORRM.1950Control.en00.TREFHT.080101-100012.nc
working file:  /lcrc/group/acme/ac.szhang/acme_scratch/data/CVDP_RGD/v2_1.SORRM.1950Control/v2_1.SORRM.1950Control.en00.TS.080101-100012.nc
working file:  /lcrc/group/acme/ac.szhang/acme_scratch/data/CVDP_RGD/v2_1.SORRM.1950Control/v2_1.SORRM.1950Control.en00.TSMN.080101-100012.nc
working file:  /lcrc/group/acme/ac.szhang/acme_scratch/data/CVDP_RGD/v2_1.SORRM.1950Control/v2_1.SORRM.1950Control.en00.TSMX.080101-100012.nc
working file:  /lcrc/group/acme/ac.szhang/acme_scratch/data/CVDP_RGD/v2_1.SORRM.1950Control/v2_1.SORRM.1950Control.en00.TUH.080101-100012.nc
working file:  /lcrc/group/acme/ac.szhang/acme_scratch/data/CVDP_RGD/v2_1.SORRM.1950Control/v2_1.SORRM.1950Control.en00.TUQ.080101-100012.nc
working file:  /lcrc/group/acme/ac.szhang/acme_scratch/data/CVDP_RGD/v2_1.SORRM.1950Control/v2_1.SORRM.1950Control.en00.TVH.080101-100012.nc
working file:  /lcrc/group/acme/ac.szhang/acme_scratch/data/CVDP_RGD/v2_1.SORRM.1950Control/v2_1.SORRM.1950Control.en00.TVQ.080101-100012.nc
working file:  /lcrc/group/acme/ac.szhang/acme_scratch/data/CVDP_RGD/v2_1.SORRM.1950Control/v2_1.SORRM.1950Control.en00.U10.080101-100012.nc
working file:  /lcrc/group/acme/ac.szhang/acme_scratch/data/CVDP_RGD/v2_1.SORRM.1950Control/v2_1.SORRM.1950Control.en00.U200.080101-100012.nc
working file:  /lcrc/group/acme/ac.szhang/acme_scratch/data/CVDP_RGD/v2_1.SORRM.1950Control/v2_1.SORRM.1950Control.en00.U850.080101-100012.nc
working file:  /lcrc/group/acme/ac.szhang/acme_scratch/data/CVDP_RGD/v2_1.SORRM.1950Control/v2_1.SORRM.1950Control.en00.UM10.080101-100012.nc
ncap2: WARNING prs_cls::ncap_var_init(): Unable to find variable UM10 in /lcrc/group/acme/ac.szhang/acme_scratch/data/CVDP_RGD/v2_1.SORRM.1950Control/v2_1.SORRM.1950Control.en00.UM10.080101-100012.nc or /lcrc/group/acme/ac.szhang/acme_scratch/data/CVDP_RGD/v2_1.SORRM.1950Control/v2_1.SORRM.1950Control.en00.UM10.080101-100012.nc.tmp
ncap2: ERROR out(): Could not read var UM10
mv: cannot stat ‘/lcrc/group/acme/ac.szhang/acme_scratch/data/CVDP_RGD/v2_1.SORRM.1950Control/v2_1.SORRM.1950Control.en00.UM10.080101-100012.nc.tmp’: No such file or directory
working file:  /lcrc/group/acme/ac.szhang/acme_scratch/data/CVDP_RGD/v2_1.SORRM.1950Control/v2_1.SORRM.1950Control.en00.V10.080101-100012.nc
working file:  /lcrc/group/acme/ac.szhang/acme_scratch/data/CVDP_RGD/v2_1.SORRM.1950Control/v2_1.SORRM.1950Control.en00.V200.080101-100012.nc
working file:  /lcrc/group/acme/ac.szhang/acme_scratch/data/CVDP_RGD/v2_1.SORRM.1950Control/v2_1.SORRM.1950Control.en00.V850.080101-100012.nc
working file:  /lcrc/group/acme/ac.szhang/acme_scratch/data/CVDP_RGD/v2_1.SORRM.1950Control/v2_1.SORRM.1950Control.en00.Z500.080101-100012.nc
done
