13
working file:  /lcrc/group/acme/ac.szhang/acme_scratch/data/CVDP_RGD/v2_1.SORRM.ssp370/v2_1.SORRM.ssp370.en00.AMOC.201501-210012.nc
working file:  /lcrc/group/acme/ac.szhang/acme_scratch/data/CVDP_RGD/v2_1.SORRM.ssp370/v2_1.SORRM.ssp370.en00.AMOC26.201501-210012.nc
working file:  /lcrc/group/acme/ac.szhang/acme_scratch/data/CVDP_RGD/v2_1.SORRM.ssp370/v2_1.SORRM.ssp370.en00.AODDUST.201501-210012.nc
working file:  /lcrc/group/acme/ac.szhang/acme_scratch/data/CVDP_RGD/v2_1.SORRM.ssp370/v2_1.SORRM.ssp370.en00.AODVIS.201501-210012.nc
working file:  /lcrc/group/acme/ac.szhang/acme_scratch/data/CVDP_RGD/v2_1.SORRM.ssp370/v2_1.SORRM.ssp370.en00.CLDHGH.201501-210012.nc
working file:  /lcrc/group/acme/ac.szhang/acme_scratch/data/CVDP_RGD/v2_1.SORRM.ssp370/v2_1.SORRM.ssp370.en00.CLDLOW.201501-210012.nc
working file:  /lcrc/group/acme/ac.szhang/acme_scratch/data/CVDP_RGD/v2_1.SORRM.ssp370/v2_1.SORRM.ssp370.en00.CLDMED.201501-210012.nc
working file:  /lcrc/group/acme/ac.szhang/acme_scratch/data/CVDP_RGD/v2_1.SORRM.ssp370/v2_1.SORRM.ssp370.en00.CLDTOT.201501-210012.nc
working file:  /lcrc/group/acme/ac.szhang/acme_scratch/data/CVDP_RGD/v2_1.SORRM.ssp370/v2_1.SORRM.ssp370.en00.CRE.201501-210012.nc
working file:  /lcrc/group/acme/ac.szhang/acme_scratch/data/CVDP_RGD/v2_1.SORRM.ssp370/v2_1.SORRM.ssp370.en00.CRE_SRF.201501-210012.nc
working file:  /lcrc/group/acme/ac.szhang/acme_scratch/data/CVDP_RGD/v2_1.SORRM.ssp370/v2_1.SORRM.ssp370.en00.ETH1.201501-210012.nc
working file:  /lcrc/group/acme/ac.szhang/acme_scratch/data/CVDP_RGD/v2_1.SORRM.ssp370/v2_1.SORRM.ssp370.en00.ETH12.201501-210012.nc
working file:  /lcrc/group/acme/ac.szhang/acme_scratch/data/CVDP_RGD/v2_1.SORRM.ssp370/v2_1.SORRM.ssp370.en00.ETH2.201501-210012.nc
working file:  /lcrc/group/acme/ac.szhang/acme_scratch/data/CVDP_RGD/v2_1.SORRM.ssp370/v2_1.SORRM.ssp370.en00.FLDS.201501-210012.nc
working file:  /lcrc/group/acme/ac.szhang/acme_scratch/data/CVDP_RGD/v2_1.SORRM.ssp370/v2_1.SORRM.ssp370.en00.FLDSC.201501-210012.nc
working file:  /lcrc/group/acme/ac.szhang/acme_scratch/data/CVDP_RGD/v2_1.SORRM.ssp370/v2_1.SORRM.ssp370.en00.FLNS.201501-210012.nc
working file:  /lcrc/group/acme/ac.szhang/acme_scratch/data/CVDP_RGD/v2_1.SORRM.ssp370/v2_1.SORRM.ssp370.en00.FLNSC.201501-210012.nc
working file:  /lcrc/group/acme/ac.szhang/acme_scratch/data/CVDP_RGD/v2_1.SORRM.ssp370/v2_1.SORRM.ssp370.en00.FLNT.201501-210012.nc
working file:  /lcrc/group/acme/ac.szhang/acme_scratch/data/CVDP_RGD/v2_1.SORRM.ssp370/v2_1.SORRM.ssp370.en00.FLNTC.201501-210012.nc
working file:  /lcrc/group/acme/ac.szhang/acme_scratch/data/CVDP_RGD/v2_1.SORRM.ssp370/v2_1.SORRM.ssp370.en00.FLUT.201501-210012.nc
working file:  /lcrc/group/acme/ac.szhang/acme_scratch/data/CVDP_RGD/v2_1.SORRM.ssp370/v2_1.SORRM.ssp370.en00.FLUTC.201501-210012.nc
working file:  /lcrc/group/acme/ac.szhang/acme_scratch/data/CVDP_RGD/v2_1.SORRM.ssp370/v2_1.SORRM.ssp370.en00.FSDS.201501-210012.nc
working file:  /lcrc/group/acme/ac.szhang/acme_scratch/data/CVDP_RGD/v2_1.SORRM.ssp370/v2_1.SORRM.ssp370.en00.FSDSC.201501-210012.nc
working file:  /lcrc/group/acme/ac.szhang/acme_scratch/data/CVDP_RGD/v2_1.SORRM.ssp370/v2_1.SORRM.ssp370.en00.FSNS.201501-210012.nc
working file:  /lcrc/group/acme/ac.szhang/acme_scratch/data/CVDP_RGD/v2_1.SORRM.ssp370/v2_1.SORRM.ssp370.en00.FSNSC.201501-210012.nc
working file:  /lcrc/group/acme/ac.szhang/acme_scratch/data/CVDP_RGD/v2_1.SORRM.ssp370/v2_1.SORRM.ssp370.en00.FSNT.201501-210012.nc
working file:  /lcrc/group/acme/ac.szhang/acme_scratch/data/CVDP_RGD/v2_1.SORRM.ssp370/v2_1.SORRM.ssp370.en00.FSNTC.201501-210012.nc
working file:  /lcrc/group/acme/ac.szhang/acme_scratch/data/CVDP_RGD/v2_1.SORRM.ssp370/v2_1.SORRM.ssp370.en00.FSNTOA.201501-210012.nc
working file:  /lcrc/group/acme/ac.szhang/acme_scratch/data/CVDP_RGD/v2_1.SORRM.ssp370/v2_1.SORRM.ssp370.en00.FSNTOAC.201501-210012.nc
working file:  /lcrc/group/acme/ac.szhang/acme_scratch/data/CVDP_RGD/v2_1.SORRM.ssp370/v2_1.SORRM.ssp370.en00.FSUTOA.201501-210012.nc
working file:  /lcrc/group/acme/ac.szhang/acme_scratch/data/CVDP_RGD/v2_1.SORRM.ssp370/v2_1.SORRM.ssp370.en00.FSUTOAC.201501-210012.nc
working file:  /lcrc/group/acme/ac.szhang/acme_scratch/data/CVDP_RGD/v2_1.SORRM.ssp370/v2_1.SORRM.ssp370.en00.ICEFRAC.201501-210012.nc
working file:  /lcrc/group/acme/ac.szhang/acme_scratch/data/CVDP_RGD/v2_1.SORRM.ssp370/v2_1.SORRM.ssp370.en00.LANDFRAC.201501-210012.nc
working file:  /lcrc/group/acme/ac.szhang/acme_scratch/data/CVDP_RGD/v2_1.SORRM.ssp370/v2_1.SORRM.ssp370.en00.LHFLX1.201501-210012.nc
working file:  /lcrc/group/acme/ac.szhang/acme_scratch/data/CVDP_RGD/v2_1.SORRM.ssp370/v2_1.SORRM.ssp370.en00.LHFLX.201501-210012.nc
working file:  /lcrc/group/acme/ac.szhang/acme_scratch/data/CVDP_RGD/v2_1.SORRM.ssp370/v2_1.SORRM.ssp370.en00.LWCF.201501-210012.nc
working file:  /lcrc/group/acme/ac.szhang/acme_scratch/data/CVDP_RGD/v2_1.SORRM.ssp370/v2_1.SORRM.ssp370.en00.LWCRE.201501-210012.nc
working file:  /lcrc/group/acme/ac.szhang/acme_scratch/data/CVDP_RGD/v2_1.SORRM.ssp370/v2_1.SORRM.ssp370.en00.LWCRE_SRF.201501-210012.nc
working file:  /lcrc/group/acme/ac.szhang/acme_scratch/data/CVDP_RGD/v2_1.SORRM.ssp370/v2_1.SORRM.ssp370.en00.O3_SRF.201501-210012.nc
working file:  /lcrc/group/acme/ac.szhang/acme_scratch/data/CVDP_RGD/v2_1.SORRM.ssp370/v2_1.SORRM.ssp370.en00.OCNFRAC.201501-210012.nc
working file:  /lcrc/group/acme/ac.szhang/acme_scratch/data/CVDP_RGD/v2_1.SORRM.ssp370/v2_1.SORRM.ssp370.en00.OLR.201501-210012.nc
working file:  /lcrc/group/acme/ac.szhang/acme_scratch/data/CVDP_RGD/v2_1.SORRM.ssp370/v2_1.SORRM.ssp370.en00.OMEGA500.201501-210012.nc
working file:  /lcrc/group/acme/ac.szhang/acme_scratch/data/CVDP_RGD/v2_1.SORRM.ssp370/v2_1.SORRM.ssp370.en00.PBLH.201501-210012.nc
working file:  /lcrc/group/acme/ac.szhang/acme_scratch/data/CVDP_RGD/v2_1.SORRM.ssp370/v2_1.SORRM.ssp370.en00.PRECC.201501-210012.nc
working file:  /lcrc/group/acme/ac.szhang/acme_scratch/data/CVDP_RGD/v2_1.SORRM.ssp370/v2_1.SORRM.ssp370.en00.PRECL.201501-210012.nc
working file:  /lcrc/group/acme/ac.szhang/acme_scratch/data/CVDP_RGD/v2_1.SORRM.ssp370/v2_1.SORRM.ssp370.en00.PRECSC.201501-210012.nc
working file:  /lcrc/group/acme/ac.szhang/acme_scratch/data/CVDP_RGD/v2_1.SORRM.ssp370/v2_1.SORRM.ssp370.en00.PRECSL.201501-210012.nc
working file:  /lcrc/group/acme/ac.szhang/acme_scratch/data/CVDP_RGD/v2_1.SORRM.ssp370/v2_1.SORRM.ssp370.en00.PRECST.201501-210012.nc
working file:  /lcrc/group/acme/ac.szhang/acme_scratch/data/CVDP_RGD/v2_1.SORRM.ssp370/v2_1.SORRM.ssp370.en00.PRECT.201501-210012.nc
working file:  /lcrc/group/acme/ac.szhang/acme_scratch/data/CVDP_RGD/v2_1.SORRM.ssp370/v2_1.SORRM.ssp370.en00.PS.201501-210012.nc
working file:  /lcrc/group/acme/ac.szhang/acme_scratch/data/CVDP_RGD/v2_1.SORRM.ssp370/v2_1.SORRM.ssp370.en00.PSL.201501-210012.nc
working file:  /lcrc/group/acme/ac.szhang/acme_scratch/data/CVDP_RGD/v2_1.SORRM.ssp370/v2_1.SORRM.ssp370.en00.QFLX.201501-210012.nc
working file:  /lcrc/group/acme/ac.szhang/acme_scratch/data/CVDP_RGD/v2_1.SORRM.ssp370/v2_1.SORRM.ssp370.en00.QnRad_SRF.201501-210012.nc
working file:  /lcrc/group/acme/ac.szhang/acme_scratch/data/CVDP_RGD/v2_1.SORRM.ssp370/v2_1.SORRM.ssp370.en00.Qn_SRF.201501-210012.nc
working file:  /lcrc/group/acme/ac.szhang/acme_scratch/data/CVDP_RGD/v2_1.SORRM.ssp370/v2_1.SORRM.ssp370.en00.QnTot_SRF.201501-210012.nc
working file:  /lcrc/group/acme/ac.szhang/acme_scratch/data/CVDP_RGD/v2_1.SORRM.ssp370/v2_1.SORRM.ssp370.en00.QnTur_SRF.201501-210012.nc
working file:  /lcrc/group/acme/ac.szhang/acme_scratch/data/CVDP_RGD/v2_1.SORRM.ssp370/v2_1.SORRM.ssp370.en00.QREFHT.201501-210012.nc
working file:  /lcrc/group/acme/ac.szhang/acme_scratch/data/CVDP_RGD/v2_1.SORRM.ssp370/v2_1.SORRM.ssp370.en00.S10.201501-210012.nc
working file:  /lcrc/group/acme/ac.szhang/acme_scratch/data/CVDP_RGD/v2_1.SORRM.ssp370/v2_1.SORRM.ssp370.en00.SCO.201501-210012.nc
working file:  /lcrc/group/acme/ac.szhang/acme_scratch/data/CVDP_RGD/v2_1.SORRM.ssp370/v2_1.SORRM.ssp370.en00.SF.201501-210012.nc
working file:  /lcrc/group/acme/ac.szhang/acme_scratch/data/CVDP_RGD/v2_1.SORRM.ssp370/v2_1.SORRM.ssp370.en00.SFO3.201501-210012.nc
working file:  /lcrc/group/acme/ac.szhang/acme_scratch/data/CVDP_RGD/v2_1.SORRM.ssp370/v2_1.SORRM.ssp370.en00.SHFLX.201501-210012.nc
working file:  /lcrc/group/acme/ac.szhang/acme_scratch/data/CVDP_RGD/v2_1.SORRM.ssp370/v2_1.SORRM.ssp370.en00.SNFRAC.201501-210012.nc
working file:  /lcrc/group/acme/ac.szhang/acme_scratch/data/CVDP_RGD/v2_1.SORRM.ssp370/v2_1.SORRM.ssp370.en00.SNOW.201501-210012.nc
working file:  /lcrc/group/acme/ac.szhang/acme_scratch/data/CVDP_RGD/v2_1.SORRM.ssp370/v2_1.SORRM.ssp370.en00.SNOWDP.201501-210012.nc
working file:  /lcrc/group/acme/ac.szhang/acme_scratch/data/CVDP_RGD/v2_1.SORRM.ssp370/v2_1.SORRM.ssp370.en00.SNOWHICE.201501-210012.nc
working file:  /lcrc/group/acme/ac.szhang/acme_scratch/data/CVDP_RGD/v2_1.SORRM.ssp370/v2_1.SORRM.ssp370.en00.SNOWHLND.201501-210012.nc
working file:  /lcrc/group/acme/ac.szhang/acme_scratch/data/CVDP_RGD/v2_1.SORRM.ssp370/v2_1.SORRM.ssp370.en00.SOILWATER.201501-210012.nc
working file:  /lcrc/group/acme/ac.szhang/acme_scratch/data/CVDP_RGD/v2_1.SORRM.ssp370/v2_1.SORRM.ssp370.en00.SOLIN.201501-210012.nc
working file:  /lcrc/group/acme/ac.szhang/acme_scratch/data/CVDP_RGD/v2_1.SORRM.ssp370/v2_1.SORRM.ssp370.en00.SWCF.201501-210012.nc
working file:  /lcrc/group/acme/ac.szhang/acme_scratch/data/CVDP_RGD/v2_1.SORRM.ssp370/v2_1.SORRM.ssp370.en00.SWCRE.201501-210012.nc
working file:  /lcrc/group/acme/ac.szhang/acme_scratch/data/CVDP_RGD/v2_1.SORRM.ssp370/v2_1.SORRM.ssp370.en00.SWCRE_SRF.201501-210012.nc
working file:  /lcrc/group/acme/ac.szhang/acme_scratch/data/CVDP_RGD/v2_1.SORRM.ssp370/v2_1.SORRM.ssp370.en00.T850.201501-210012.nc
working file:  /lcrc/group/acme/ac.szhang/acme_scratch/data/CVDP_RGD/v2_1.SORRM.ssp370/v2_1.SORRM.ssp370.en00.TAUGWX.201501-210012.nc
working file:  /lcrc/group/acme/ac.szhang/acme_scratch/data/CVDP_RGD/v2_1.SORRM.ssp370/v2_1.SORRM.ssp370.en00.TAUGWY.201501-210012.nc
working file:  /lcrc/group/acme/ac.szhang/acme_scratch/data/CVDP_RGD/v2_1.SORRM.ssp370/v2_1.SORRM.ssp370.en00.TAUX.201501-210012.nc
working file:  /lcrc/group/acme/ac.szhang/acme_scratch/data/CVDP_RGD/v2_1.SORRM.ssp370/v2_1.SORRM.ssp370.en00.TAUY.201501-210012.nc
working file:  /lcrc/group/acme/ac.szhang/acme_scratch/data/CVDP_RGD/v2_1.SORRM.ssp370/v2_1.SORRM.ssp370.en00.TCO.201501-210012.nc
working file:  /lcrc/group/acme/ac.szhang/acme_scratch/data/CVDP_RGD/v2_1.SORRM.ssp370/v2_1.SORRM.ssp370.en00.TGCLDCWP.201501-210012.nc
working file:  /lcrc/group/acme/ac.szhang/acme_scratch/data/CVDP_RGD/v2_1.SORRM.ssp370/v2_1.SORRM.ssp370.en00.TGCLDIWP.201501-210012.nc
working file:  /lcrc/group/acme/ac.szhang/acme_scratch/data/CVDP_RGD/v2_1.SORRM.ssp370/v2_1.SORRM.ssp370.en00.TGCLDLWP.201501-210012.nc
working file:  /lcrc/group/acme/ac.szhang/acme_scratch/data/CVDP_RGD/v2_1.SORRM.ssp370/v2_1.SORRM.ssp370.en00.TH7001000.201501-210012.nc
working file:  /lcrc/group/acme/ac.szhang/acme_scratch/data/CVDP_RGD/v2_1.SORRM.ssp370/v2_1.SORRM.ssp370.en00.thfamd.201501-210012.nc
working file:  /lcrc/group/acme/ac.szhang/acme_scratch/data/CVDP_RGD/v2_1.SORRM.ssp370/v2_1.SORRM.ssp370.en00.thfblg.201501-210012.nc
working file:  /lcrc/group/acme/ac.szhang/acme_scratch/data/CVDP_RGD/v2_1.SORRM.ssp370/v2_1.SORRM.ssp370.en00.TMQ.201501-210012.nc
working file:  /lcrc/group/acme/ac.szhang/acme_scratch/data/CVDP_RGD/v2_1.SORRM.ssp370/v2_1.SORRM.ssp370.en00.TREFHT.201501-210012.nc
working file:  /lcrc/group/acme/ac.szhang/acme_scratch/data/CVDP_RGD/v2_1.SORRM.ssp370/v2_1.SORRM.ssp370.en00.TS.201501-210012.nc
working file:  /lcrc/group/acme/ac.szhang/acme_scratch/data/CVDP_RGD/v2_1.SORRM.ssp370/v2_1.SORRM.ssp370.en00.TSMN.201501-210012.nc
working file:  /lcrc/group/acme/ac.szhang/acme_scratch/data/CVDP_RGD/v2_1.SORRM.ssp370/v2_1.SORRM.ssp370.en00.TSMX.201501-210012.nc
working file:  /lcrc/group/acme/ac.szhang/acme_scratch/data/CVDP_RGD/v2_1.SORRM.ssp370/v2_1.SORRM.ssp370.en00.TUH.201501-210012.nc
working file:  /lcrc/group/acme/ac.szhang/acme_scratch/data/CVDP_RGD/v2_1.SORRM.ssp370/v2_1.SORRM.ssp370.en00.TUQ.201501-210012.nc
working file:  /lcrc/group/acme/ac.szhang/acme_scratch/data/CVDP_RGD/v2_1.SORRM.ssp370/v2_1.SORRM.ssp370.en00.TVH.201501-210012.nc
working file:  /lcrc/group/acme/ac.szhang/acme_scratch/data/CVDP_RGD/v2_1.SORRM.ssp370/v2_1.SORRM.ssp370.en00.TVQ.201501-210012.nc
working file:  /lcrc/group/acme/ac.szhang/acme_scratch/data/CVDP_RGD/v2_1.SORRM.ssp370/v2_1.SORRM.ssp370.en00.U10.201501-210012.nc
working file:  /lcrc/group/acme/ac.szhang/acme_scratch/data/CVDP_RGD/v2_1.SORRM.ssp370/v2_1.SORRM.ssp370.en00.U200.201501-210012.nc
working file:  /lcrc/group/acme/ac.szhang/acme_scratch/data/CVDP_RGD/v2_1.SORRM.ssp370/v2_1.SORRM.ssp370.en00.U850.201501-210012.nc
working file:  /lcrc/group/acme/ac.szhang/acme_scratch/data/CVDP_RGD/v2_1.SORRM.ssp370/v2_1.SORRM.ssp370.en00.UM10.201501-210012.nc
working file:  /lcrc/group/acme/ac.szhang/acme_scratch/data/CVDP_RGD/v2_1.SORRM.ssp370/v2_1.SORRM.ssp370.en00.V10.201501-210012.nc
working file:  /lcrc/group/acme/ac.szhang/acme_scratch/data/CVDP_RGD/v2_1.SORRM.ssp370/v2_1.SORRM.ssp370.en00.V200.201501-210012.nc
working file:  /lcrc/group/acme/ac.szhang/acme_scratch/data/CVDP_RGD/v2_1.SORRM.ssp370/v2_1.SORRM.ssp370.en00.V850.201501-210012.nc
working file:  /lcrc/group/acme/ac.szhang/acme_scratch/data/CVDP_RGD/v2_1.SORRM.ssp370/v2_1.SORRM.ssp370.en00.Z500.201501-210012.nc
working file:  /lcrc/group/acme/ac.szhang/acme_scratch/data/CVDP_RGD/v2_1.SORRM.ssp370/v2_1.SORRM.ssp370.en01.AMOC.201501-210012.nc
working file:  /lcrc/group/acme/ac.szhang/acme_scratch/data/CVDP_RGD/v2_1.SORRM.ssp370/v2_1.SORRM.ssp370.en01.AMOC26.201501-210012.nc
working file:  /lcrc/group/acme/ac.szhang/acme_scratch/data/CVDP_RGD/v2_1.SORRM.ssp370/v2_1.SORRM.ssp370.en01.AODDUST.201501-210012.nc
working file:  /lcrc/group/acme/ac.szhang/acme_scratch/data/CVDP_RGD/v2_1.SORRM.ssp370/v2_1.SORRM.ssp370.en01.AODVIS.201501-210012.nc
working file:  /lcrc/group/acme/ac.szhang/acme_scratch/data/CVDP_RGD/v2_1.SORRM.ssp370/v2_1.SORRM.ssp370.en01.CLDHGH.201501-210012.nc
working file:  /lcrc/group/acme/ac.szhang/acme_scratch/data/CVDP_RGD/v2_1.SORRM.ssp370/v2_1.SORRM.ssp370.en01.CLDLOW.201501-210012.nc
working file:  /lcrc/group/acme/ac.szhang/acme_scratch/data/CVDP_RGD/v2_1.SORRM.ssp370/v2_1.SORRM.ssp370.en01.CLDMED.201501-210012.nc
working file:  /lcrc/group/acme/ac.szhang/acme_scratch/data/CVDP_RGD/v2_1.SORRM.ssp370/v2_1.SORRM.ssp370.en01.CLDTOT.201501-210012.nc
working file:  /lcrc/group/acme/ac.szhang/acme_scratch/data/CVDP_RGD/v2_1.SORRM.ssp370/v2_1.SORRM.ssp370.en01.CRE.201501-210012.nc
working file:  /lcrc/group/acme/ac.szhang/acme_scratch/data/CVDP_RGD/v2_1.SORRM.ssp370/v2_1.SORRM.ssp370.en01.CRE_SRF.201501-210012.nc
working file:  /lcrc/group/acme/ac.szhang/acme_scratch/data/CVDP_RGD/v2_1.SORRM.ssp370/v2_1.SORRM.ssp370.en01.ETH1.201501-210012.nc
working file:  /lcrc/group/acme/ac.szhang/acme_scratch/data/CVDP_RGD/v2_1.SORRM.ssp370/v2_1.SORRM.ssp370.en01.ETH12.201501-210012.nc
working file:  /lcrc/group/acme/ac.szhang/acme_scratch/data/CVDP_RGD/v2_1.SORRM.ssp370/v2_1.SORRM.ssp370.en01.ETH2.201501-210012.nc
working file:  /lcrc/group/acme/ac.szhang/acme_scratch/data/CVDP_RGD/v2_1.SORRM.ssp370/v2_1.SORRM.ssp370.en01.FLDS.201501-210012.nc
working file:  /lcrc/group/acme/ac.szhang/acme_scratch/data/CVDP_RGD/v2_1.SORRM.ssp370/v2_1.SORRM.ssp370.en01.FLDSC.201501-210012.nc
working file:  /lcrc/group/acme/ac.szhang/acme_scratch/data/CVDP_RGD/v2_1.SORRM.ssp370/v2_1.SORRM.ssp370.en01.FLNS.201501-210012.nc
working file:  /lcrc/group/acme/ac.szhang/acme_scratch/data/CVDP_RGD/v2_1.SORRM.ssp370/v2_1.SORRM.ssp370.en01.FLNSC.201501-210012.nc
working file:  /lcrc/group/acme/ac.szhang/acme_scratch/data/CVDP_RGD/v2_1.SORRM.ssp370/v2_1.SORRM.ssp370.en01.FLNT.201501-210012.nc
working file:  /lcrc/group/acme/ac.szhang/acme_scratch/data/CVDP_RGD/v2_1.SORRM.ssp370/v2_1.SORRM.ssp370.en01.FLNTC.201501-210012.nc
working file:  /lcrc/group/acme/ac.szhang/acme_scratch/data/CVDP_RGD/v2_1.SORRM.ssp370/v2_1.SORRM.ssp370.en01.FLUT.201501-210012.nc
working file:  /lcrc/group/acme/ac.szhang/acme_scratch/data/CVDP_RGD/v2_1.SORRM.ssp370/v2_1.SORRM.ssp370.en01.FLUTC.201501-210012.nc
working file:  /lcrc/group/acme/ac.szhang/acme_scratch/data/CVDP_RGD/v2_1.SORRM.ssp370/v2_1.SORRM.ssp370.en01.FSDS.201501-210012.nc
working file:  /lcrc/group/acme/ac.szhang/acme_scratch/data/CVDP_RGD/v2_1.SORRM.ssp370/v2_1.SORRM.ssp370.en01.FSDSC.201501-210012.nc
working file:  /lcrc/group/acme/ac.szhang/acme_scratch/data/CVDP_RGD/v2_1.SORRM.ssp370/v2_1.SORRM.ssp370.en01.FSNS.201501-210012.nc
working file:  /lcrc/group/acme/ac.szhang/acme_scratch/data/CVDP_RGD/v2_1.SORRM.ssp370/v2_1.SORRM.ssp370.en01.FSNSC.201501-210012.nc
working file:  /lcrc/group/acme/ac.szhang/acme_scratch/data/CVDP_RGD/v2_1.SORRM.ssp370/v2_1.SORRM.ssp370.en01.FSNT.201501-210012.nc
working file:  /lcrc/group/acme/ac.szhang/acme_scratch/data/CVDP_RGD/v2_1.SORRM.ssp370/v2_1.SORRM.ssp370.en01.FSNTC.201501-210012.nc
working file:  /lcrc/group/acme/ac.szhang/acme_scratch/data/CVDP_RGD/v2_1.SORRM.ssp370/v2_1.SORRM.ssp370.en01.FSNTOA.201501-210012.nc
working file:  /lcrc/group/acme/ac.szhang/acme_scratch/data/CVDP_RGD/v2_1.SORRM.ssp370/v2_1.SORRM.ssp370.en01.FSNTOAC.201501-210012.nc
working file:  /lcrc/group/acme/ac.szhang/acme_scratch/data/CVDP_RGD/v2_1.SORRM.ssp370/v2_1.SORRM.ssp370.en01.FSUTOA.201501-210012.nc
working file:  /lcrc/group/acme/ac.szhang/acme_scratch/data/CVDP_RGD/v2_1.SORRM.ssp370/v2_1.SORRM.ssp370.en01.FSUTOAC.201501-210012.nc
working file:  /lcrc/group/acme/ac.szhang/acme_scratch/data/CVDP_RGD/v2_1.SORRM.ssp370/v2_1.SORRM.ssp370.en01.ICEFRAC.201501-210012.nc
working file:  /lcrc/group/acme/ac.szhang/acme_scratch/data/CVDP_RGD/v2_1.SORRM.ssp370/v2_1.SORRM.ssp370.en01.LANDFRAC.201501-210012.nc
working file:  /lcrc/group/acme/ac.szhang/acme_scratch/data/CVDP_RGD/v2_1.SORRM.ssp370/v2_1.SORRM.ssp370.en01.LHFLX1.201501-210012.nc
working file:  /lcrc/group/acme/ac.szhang/acme_scratch/data/CVDP_RGD/v2_1.SORRM.ssp370/v2_1.SORRM.ssp370.en01.LHFLX.201501-210012.nc
working file:  /lcrc/group/acme/ac.szhang/acme_scratch/data/CVDP_RGD/v2_1.SORRM.ssp370/v2_1.SORRM.ssp370.en01.LWCF.201501-210012.nc
working file:  /lcrc/group/acme/ac.szhang/acme_scratch/data/CVDP_RGD/v2_1.SORRM.ssp370/v2_1.SORRM.ssp370.en01.LWCRE.201501-210012.nc
working file:  /lcrc/group/acme/ac.szhang/acme_scratch/data/CVDP_RGD/v2_1.SORRM.ssp370/v2_1.SORRM.ssp370.en01.LWCRE_SRF.201501-210012.nc
working file:  /lcrc/group/acme/ac.szhang/acme_scratch/data/CVDP_RGD/v2_1.SORRM.ssp370/v2_1.SORRM.ssp370.en01.O3_SRF.201501-210012.nc
working file:  /lcrc/group/acme/ac.szhang/acme_scratch/data/CVDP_RGD/v2_1.SORRM.ssp370/v2_1.SORRM.ssp370.en01.OCNFRAC.201501-210012.nc
working file:  /lcrc/group/acme/ac.szhang/acme_scratch/data/CVDP_RGD/v2_1.SORRM.ssp370/v2_1.SORRM.ssp370.en01.OLR.201501-210012.nc
working file:  /lcrc/group/acme/ac.szhang/acme_scratch/data/CVDP_RGD/v2_1.SORRM.ssp370/v2_1.SORRM.ssp370.en01.OMEGA500.201501-210012.nc
working file:  /lcrc/group/acme/ac.szhang/acme_scratch/data/CVDP_RGD/v2_1.SORRM.ssp370/v2_1.SORRM.ssp370.en01.PBLH.201501-210012.nc
working file:  /lcrc/group/acme/ac.szhang/acme_scratch/data/CVDP_RGD/v2_1.SORRM.ssp370/v2_1.SORRM.ssp370.en01.PRECC.201501-210012.nc
working file:  /lcrc/group/acme/ac.szhang/acme_scratch/data/CVDP_RGD/v2_1.SORRM.ssp370/v2_1.SORRM.ssp370.en01.PRECL.201501-210012.nc
working file:  /lcrc/group/acme/ac.szhang/acme_scratch/data/CVDP_RGD/v2_1.SORRM.ssp370/v2_1.SORRM.ssp370.en01.PRECSC.201501-210012.nc
working file:  /lcrc/group/acme/ac.szhang/acme_scratch/data/CVDP_RGD/v2_1.SORRM.ssp370/v2_1.SORRM.ssp370.en01.PRECSL.201501-210012.nc
working file:  /lcrc/group/acme/ac.szhang/acme_scratch/data/CVDP_RGD/v2_1.SORRM.ssp370/v2_1.SORRM.ssp370.en01.PRECST.201501-210012.nc
working file:  /lcrc/group/acme/ac.szhang/acme_scratch/data/CVDP_RGD/v2_1.SORRM.ssp370/v2_1.SORRM.ssp370.en01.PRECT.201501-210012.nc
working file:  /lcrc/group/acme/ac.szhang/acme_scratch/data/CVDP_RGD/v2_1.SORRM.ssp370/v2_1.SORRM.ssp370.en01.PS.201501-210012.nc
working file:  /lcrc/group/acme/ac.szhang/acme_scratch/data/CVDP_RGD/v2_1.SORRM.ssp370/v2_1.SORRM.ssp370.en01.PSL.201501-210012.nc
working file:  /lcrc/group/acme/ac.szhang/acme_scratch/data/CVDP_RGD/v2_1.SORRM.ssp370/v2_1.SORRM.ssp370.en01.QFLX.201501-210012.nc
working file:  /lcrc/group/acme/ac.szhang/acme_scratch/data/CVDP_RGD/v2_1.SORRM.ssp370/v2_1.SORRM.ssp370.en01.QnRad_SRF.201501-210012.nc
working file:  /lcrc/group/acme/ac.szhang/acme_scratch/data/CVDP_RGD/v2_1.SORRM.ssp370/v2_1.SORRM.ssp370.en01.Qn_SRF.201501-210012.nc
working file:  /lcrc/group/acme/ac.szhang/acme_scratch/data/CVDP_RGD/v2_1.SORRM.ssp370/v2_1.SORRM.ssp370.en01.QnTot_SRF.201501-210012.nc
working file:  /lcrc/group/acme/ac.szhang/acme_scratch/data/CVDP_RGD/v2_1.SORRM.ssp370/v2_1.SORRM.ssp370.en01.QnTur_SRF.201501-210012.nc
working file:  /lcrc/group/acme/ac.szhang/acme_scratch/data/CVDP_RGD/v2_1.SORRM.ssp370/v2_1.SORRM.ssp370.en01.QREFHT.201501-210012.nc
working file:  /lcrc/group/acme/ac.szhang/acme_scratch/data/CVDP_RGD/v2_1.SORRM.ssp370/v2_1.SORRM.ssp370.en01.SCO.201501-210012.nc
working file:  /lcrc/group/acme/ac.szhang/acme_scratch/data/CVDP_RGD/v2_1.SORRM.ssp370/v2_1.SORRM.ssp370.en01.SFO3.201501-210012.nc
working file:  /lcrc/group/acme/ac.szhang/acme_scratch/data/CVDP_RGD/v2_1.SORRM.ssp370/v2_1.SORRM.ssp370.en01.SHFLX.201501-210012.nc
working file:  /lcrc/group/acme/ac.szhang/acme_scratch/data/CVDP_RGD/v2_1.SORRM.ssp370/v2_1.SORRM.ssp370.en01.SNFRAC.201501-210012.nc
working file:  /lcrc/group/acme/ac.szhang/acme_scratch/data/CVDP_RGD/v2_1.SORRM.ssp370/v2_1.SORRM.ssp370.en01.SNOW.201501-210012.nc
working file:  /lcrc/group/acme/ac.szhang/acme_scratch/data/CVDP_RGD/v2_1.SORRM.ssp370/v2_1.SORRM.ssp370.en01.SNOWDP.201501-210012.nc
working file:  /lcrc/group/acme/ac.szhang/acme_scratch/data/CVDP_RGD/v2_1.SORRM.ssp370/v2_1.SORRM.ssp370.en01.SNOWHICE.201501-210012.nc
working file:  /lcrc/group/acme/ac.szhang/acme_scratch/data/CVDP_RGD/v2_1.SORRM.ssp370/v2_1.SORRM.ssp370.en01.SNOWHLND.201501-210012.nc
working file:  /lcrc/group/acme/ac.szhang/acme_scratch/data/CVDP_RGD/v2_1.SORRM.ssp370/v2_1.SORRM.ssp370.en01.SOILWATER.201501-210012.nc
working file:  /lcrc/group/acme/ac.szhang/acme_scratch/data/CVDP_RGD/v2_1.SORRM.ssp370/v2_1.SORRM.ssp370.en01.SOLIN.201501-210012.nc
working file:  /lcrc/group/acme/ac.szhang/acme_scratch/data/CVDP_RGD/v2_1.SORRM.ssp370/v2_1.SORRM.ssp370.en01.SWCF.201501-210012.nc
working file:  /lcrc/group/acme/ac.szhang/acme_scratch/data/CVDP_RGD/v2_1.SORRM.ssp370/v2_1.SORRM.ssp370.en01.SWCRE.201501-210012.nc
working file:  /lcrc/group/acme/ac.szhang/acme_scratch/data/CVDP_RGD/v2_1.SORRM.ssp370/v2_1.SORRM.ssp370.en01.SWCRE_SRF.201501-210012.nc
working file:  /lcrc/group/acme/ac.szhang/acme_scratch/data/CVDP_RGD/v2_1.SORRM.ssp370/v2_1.SORRM.ssp370.en01.TAUGWX.201501-210012.nc
working file:  /lcrc/group/acme/ac.szhang/acme_scratch/data/CVDP_RGD/v2_1.SORRM.ssp370/v2_1.SORRM.ssp370.en01.TAUGWY.201501-210012.nc
working file:  /lcrc/group/acme/ac.szhang/acme_scratch/data/CVDP_RGD/v2_1.SORRM.ssp370/v2_1.SORRM.ssp370.en01.TAUX.201501-210012.nc
working file:  /lcrc/group/acme/ac.szhang/acme_scratch/data/CVDP_RGD/v2_1.SORRM.ssp370/v2_1.SORRM.ssp370.en01.TAUY.201501-210012.nc
working file:  /lcrc/group/acme/ac.szhang/acme_scratch/data/CVDP_RGD/v2_1.SORRM.ssp370/v2_1.SORRM.ssp370.en01.TCO.201501-210012.nc
working file:  /lcrc/group/acme/ac.szhang/acme_scratch/data/CVDP_RGD/v2_1.SORRM.ssp370/v2_1.SORRM.ssp370.en01.TGCLDCWP.201501-210012.nc
working file:  /lcrc/group/acme/ac.szhang/acme_scratch/data/CVDP_RGD/v2_1.SORRM.ssp370/v2_1.SORRM.ssp370.en01.TGCLDIWP.201501-210012.nc
working file:  /lcrc/group/acme/ac.szhang/acme_scratch/data/CVDP_RGD/v2_1.SORRM.ssp370/v2_1.SORRM.ssp370.en01.TGCLDLWP.201501-210012.nc
working file:  /lcrc/group/acme/ac.szhang/acme_scratch/data/CVDP_RGD/v2_1.SORRM.ssp370/v2_1.SORRM.ssp370.en01.TH7001000.201501-210012.nc
working file:  /lcrc/group/acme/ac.szhang/acme_scratch/data/CVDP_RGD/v2_1.SORRM.ssp370/v2_1.SORRM.ssp370.en01.thfamd.201501-210012.nc
working file:  /lcrc/group/acme/ac.szhang/acme_scratch/data/CVDP_RGD/v2_1.SORRM.ssp370/v2_1.SORRM.ssp370.en01.thfblg.201501-210012.nc
working file:  /lcrc/group/acme/ac.szhang/acme_scratch/data/CVDP_RGD/v2_1.SORRM.ssp370/v2_1.SORRM.ssp370.en01.TMQ.201501-210012.nc
working file:  /lcrc/group/acme/ac.szhang/acme_scratch/data/CVDP_RGD/v2_1.SORRM.ssp370/v2_1.SORRM.ssp370.en01.TREFHT.201501-210012.nc
working file:  /lcrc/group/acme/ac.szhang/acme_scratch/data/CVDP_RGD/v2_1.SORRM.ssp370/v2_1.SORRM.ssp370.en01.TREFMNAV.201501-210012.nc
working file:  /lcrc/group/acme/ac.szhang/acme_scratch/data/CVDP_RGD/v2_1.SORRM.ssp370/v2_1.SORRM.ssp370.en01.TREFMXAV.201501-210012.nc
working file:  /lcrc/group/acme/ac.szhang/acme_scratch/data/CVDP_RGD/v2_1.SORRM.ssp370/v2_1.SORRM.ssp370.en01.TS.201501-210012.nc
working file:  /lcrc/group/acme/ac.szhang/acme_scratch/data/CVDP_RGD/v2_1.SORRM.ssp370/v2_1.SORRM.ssp370.en01.TSMN.201501-210012.nc
working file:  /lcrc/group/acme/ac.szhang/acme_scratch/data/CVDP_RGD/v2_1.SORRM.ssp370/v2_1.SORRM.ssp370.en01.TSMX.201501-210012.nc
working file:  /lcrc/group/acme/ac.szhang/acme_scratch/data/CVDP_RGD/v2_1.SORRM.ssp370/v2_1.SORRM.ssp370.en01.TUH.201501-210012.nc
working file:  /lcrc/group/acme/ac.szhang/acme_scratch/data/CVDP_RGD/v2_1.SORRM.ssp370/v2_1.SORRM.ssp370.en01.TUQ.201501-210012.nc
working file:  /lcrc/group/acme/ac.szhang/acme_scratch/data/CVDP_RGD/v2_1.SORRM.ssp370/v2_1.SORRM.ssp370.en01.TVH.201501-210012.nc
working file:  /lcrc/group/acme/ac.szhang/acme_scratch/data/CVDP_RGD/v2_1.SORRM.ssp370/v2_1.SORRM.ssp370.en01.TVQ.201501-210012.nc
working file:  /lcrc/group/acme/ac.szhang/acme_scratch/data/CVDP_RGD/v2_1.SORRM.ssp370/v2_1.SORRM.ssp370.en01.U10.201501-210012.nc
working file:  /lcrc/group/acme/ac.szhang/acme_scratch/data/CVDP_RGD/v2_1.SORRM.ssp370/v2_1.SORRM.ssp370.en01.UM10.201501-210012.nc
working file:  /lcrc/group/acme/ac.szhang/acme_scratch/data/CVDP_RGD/v2_1.SORRM.ssp370/v2_1.SORRM.ssp370.en02.AMOC.201501-210012.nc
working file:  /lcrc/group/acme/ac.szhang/acme_scratch/data/CVDP_RGD/v2_1.SORRM.ssp370/v2_1.SORRM.ssp370.en02.AMOC26.201501-210012.nc
working file:  /lcrc/group/acme/ac.szhang/acme_scratch/data/CVDP_RGD/v2_1.SORRM.ssp370/v2_1.SORRM.ssp370.en02.AODDUST.201501-210012.nc
working file:  /lcrc/group/acme/ac.szhang/acme_scratch/data/CVDP_RGD/v2_1.SORRM.ssp370/v2_1.SORRM.ssp370.en02.AODVIS.201501-210012.nc
working file:  /lcrc/group/acme/ac.szhang/acme_scratch/data/CVDP_RGD/v2_1.SORRM.ssp370/v2_1.SORRM.ssp370.en02.CLDHGH.201501-210012.nc
working file:  /lcrc/group/acme/ac.szhang/acme_scratch/data/CVDP_RGD/v2_1.SORRM.ssp370/v2_1.SORRM.ssp370.en02.CLDLOW.201501-210012.nc
working file:  /lcrc/group/acme/ac.szhang/acme_scratch/data/CVDP_RGD/v2_1.SORRM.ssp370/v2_1.SORRM.ssp370.en02.CLDMED.201501-210012.nc
working file:  /lcrc/group/acme/ac.szhang/acme_scratch/data/CVDP_RGD/v2_1.SORRM.ssp370/v2_1.SORRM.ssp370.en02.CLDTOT.201501-210012.nc
working file:  /lcrc/group/acme/ac.szhang/acme_scratch/data/CVDP_RGD/v2_1.SORRM.ssp370/v2_1.SORRM.ssp370.en02.CRE.201501-210012.nc
working file:  /lcrc/group/acme/ac.szhang/acme_scratch/data/CVDP_RGD/v2_1.SORRM.ssp370/v2_1.SORRM.ssp370.en02.CRE_SRF.201501-210012.nc
working file:  /lcrc/group/acme/ac.szhang/acme_scratch/data/CVDP_RGD/v2_1.SORRM.ssp370/v2_1.SORRM.ssp370.en02.ETH1.201501-210012.nc
working file:  /lcrc/group/acme/ac.szhang/acme_scratch/data/CVDP_RGD/v2_1.SORRM.ssp370/v2_1.SORRM.ssp370.en02.ETH12.201501-210012.nc
working file:  /lcrc/group/acme/ac.szhang/acme_scratch/data/CVDP_RGD/v2_1.SORRM.ssp370/v2_1.SORRM.ssp370.en02.ETH2.201501-210012.nc
working file:  /lcrc/group/acme/ac.szhang/acme_scratch/data/CVDP_RGD/v2_1.SORRM.ssp370/v2_1.SORRM.ssp370.en02.FLDS.201501-210012.nc
working file:  /lcrc/group/acme/ac.szhang/acme_scratch/data/CVDP_RGD/v2_1.SORRM.ssp370/v2_1.SORRM.ssp370.en02.FLDSC.201501-210012.nc
working file:  /lcrc/group/acme/ac.szhang/acme_scratch/data/CVDP_RGD/v2_1.SORRM.ssp370/v2_1.SORRM.ssp370.en02.FLNS.201501-210012.nc
working file:  /lcrc/group/acme/ac.szhang/acme_scratch/data/CVDP_RGD/v2_1.SORRM.ssp370/v2_1.SORRM.ssp370.en02.FLNSC.201501-210012.nc
working file:  /lcrc/group/acme/ac.szhang/acme_scratch/data/CVDP_RGD/v2_1.SORRM.ssp370/v2_1.SORRM.ssp370.en02.FLNT.201501-210012.nc
working file:  /lcrc/group/acme/ac.szhang/acme_scratch/data/CVDP_RGD/v2_1.SORRM.ssp370/v2_1.SORRM.ssp370.en02.FLNTC.201501-210012.nc
working file:  /lcrc/group/acme/ac.szhang/acme_scratch/data/CVDP_RGD/v2_1.SORRM.ssp370/v2_1.SORRM.ssp370.en02.FLUT.201501-210012.nc
working file:  /lcrc/group/acme/ac.szhang/acme_scratch/data/CVDP_RGD/v2_1.SORRM.ssp370/v2_1.SORRM.ssp370.en02.FLUTC.201501-210012.nc
working file:  /lcrc/group/acme/ac.szhang/acme_scratch/data/CVDP_RGD/v2_1.SORRM.ssp370/v2_1.SORRM.ssp370.en02.FSDS.201501-210012.nc
working file:  /lcrc/group/acme/ac.szhang/acme_scratch/data/CVDP_RGD/v2_1.SORRM.ssp370/v2_1.SORRM.ssp370.en02.FSDSC.201501-210012.nc
working file:  /lcrc/group/acme/ac.szhang/acme_scratch/data/CVDP_RGD/v2_1.SORRM.ssp370/v2_1.SORRM.ssp370.en02.FSNS.201501-210012.nc
working file:  /lcrc/group/acme/ac.szhang/acme_scratch/data/CVDP_RGD/v2_1.SORRM.ssp370/v2_1.SORRM.ssp370.en02.FSNSC.201501-210012.nc
working file:  /lcrc/group/acme/ac.szhang/acme_scratch/data/CVDP_RGD/v2_1.SORRM.ssp370/v2_1.SORRM.ssp370.en02.FSNT.201501-210012.nc
working file:  /lcrc/group/acme/ac.szhang/acme_scratch/data/CVDP_RGD/v2_1.SORRM.ssp370/v2_1.SORRM.ssp370.en02.FSNTC.201501-210012.nc
working file:  /lcrc/group/acme/ac.szhang/acme_scratch/data/CVDP_RGD/v2_1.SORRM.ssp370/v2_1.SORRM.ssp370.en02.FSNTOA.201501-210012.nc
working file:  /lcrc/group/acme/ac.szhang/acme_scratch/data/CVDP_RGD/v2_1.SORRM.ssp370/v2_1.SORRM.ssp370.en02.FSNTOAC.201501-210012.nc
working file:  /lcrc/group/acme/ac.szhang/acme_scratch/data/CVDP_RGD/v2_1.SORRM.ssp370/v2_1.SORRM.ssp370.en02.FSUTOA.201501-210012.nc
working file:  /lcrc/group/acme/ac.szhang/acme_scratch/data/CVDP_RGD/v2_1.SORRM.ssp370/v2_1.SORRM.ssp370.en02.FSUTOAC.201501-210012.nc
working file:  /lcrc/group/acme/ac.szhang/acme_scratch/data/CVDP_RGD/v2_1.SORRM.ssp370/v2_1.SORRM.ssp370.en02.ICEFRAC.201501-210012.nc
working file:  /lcrc/group/acme/ac.szhang/acme_scratch/data/CVDP_RGD/v2_1.SORRM.ssp370/v2_1.SORRM.ssp370.en02.LANDFRAC.201501-210012.nc
working file:  /lcrc/group/acme/ac.szhang/acme_scratch/data/CVDP_RGD/v2_1.SORRM.ssp370/v2_1.SORRM.ssp370.en02.LHFLX1.201501-210012.nc
working file:  /lcrc/group/acme/ac.szhang/acme_scratch/data/CVDP_RGD/v2_1.SORRM.ssp370/v2_1.SORRM.ssp370.en02.LHFLX.201501-210012.nc
working file:  /lcrc/group/acme/ac.szhang/acme_scratch/data/CVDP_RGD/v2_1.SORRM.ssp370/v2_1.SORRM.ssp370.en02.LWCF.201501-210012.nc
working file:  /lcrc/group/acme/ac.szhang/acme_scratch/data/CVDP_RGD/v2_1.SORRM.ssp370/v2_1.SORRM.ssp370.en02.LWCRE.201501-210012.nc
working file:  /lcrc/group/acme/ac.szhang/acme_scratch/data/CVDP_RGD/v2_1.SORRM.ssp370/v2_1.SORRM.ssp370.en02.LWCRE_SRF.201501-210012.nc
working file:  /lcrc/group/acme/ac.szhang/acme_scratch/data/CVDP_RGD/v2_1.SORRM.ssp370/v2_1.SORRM.ssp370.en02.O3_SRF.201501-210012.nc
working file:  /lcrc/group/acme/ac.szhang/acme_scratch/data/CVDP_RGD/v2_1.SORRM.ssp370/v2_1.SORRM.ssp370.en02.OCNFRAC.201501-210012.nc
working file:  /lcrc/group/acme/ac.szhang/acme_scratch/data/CVDP_RGD/v2_1.SORRM.ssp370/v2_1.SORRM.ssp370.en02.OLR.201501-210012.nc
working file:  /lcrc/group/acme/ac.szhang/acme_scratch/data/CVDP_RGD/v2_1.SORRM.ssp370/v2_1.SORRM.ssp370.en02.OMEGA500.201501-210012.nc
working file:  /lcrc/group/acme/ac.szhang/acme_scratch/data/CVDP_RGD/v2_1.SORRM.ssp370/v2_1.SORRM.ssp370.en02.PBLH.201501-210012.nc
working file:  /lcrc/group/acme/ac.szhang/acme_scratch/data/CVDP_RGD/v2_1.SORRM.ssp370/v2_1.SORRM.ssp370.en02.PRECC.201501-210012.nc
working file:  /lcrc/group/acme/ac.szhang/acme_scratch/data/CVDP_RGD/v2_1.SORRM.ssp370/v2_1.SORRM.ssp370.en02.PRECL.201501-210012.nc
working file:  /lcrc/group/acme/ac.szhang/acme_scratch/data/CVDP_RGD/v2_1.SORRM.ssp370/v2_1.SORRM.ssp370.en02.PRECSC.201501-210012.nc
working file:  /lcrc/group/acme/ac.szhang/acme_scratch/data/CVDP_RGD/v2_1.SORRM.ssp370/v2_1.SORRM.ssp370.en02.PRECSL.201501-210012.nc
working file:  /lcrc/group/acme/ac.szhang/acme_scratch/data/CVDP_RGD/v2_1.SORRM.ssp370/v2_1.SORRM.ssp370.en02.PRECST.201501-210012.nc
working file:  /lcrc/group/acme/ac.szhang/acme_scratch/data/CVDP_RGD/v2_1.SORRM.ssp370/v2_1.SORRM.ssp370.en02.PRECT.201501-210012.nc
working file:  /lcrc/group/acme/ac.szhang/acme_scratch/data/CVDP_RGD/v2_1.SORRM.ssp370/v2_1.SORRM.ssp370.en02.PS.201501-210012.nc
working file:  /lcrc/group/acme/ac.szhang/acme_scratch/data/CVDP_RGD/v2_1.SORRM.ssp370/v2_1.SORRM.ssp370.en02.PSL.201501-210012.nc
working file:  /lcrc/group/acme/ac.szhang/acme_scratch/data/CVDP_RGD/v2_1.SORRM.ssp370/v2_1.SORRM.ssp370.en02.QFLX.201501-210012.nc
working file:  /lcrc/group/acme/ac.szhang/acme_scratch/data/CVDP_RGD/v2_1.SORRM.ssp370/v2_1.SORRM.ssp370.en02.QnRad_SRF.201501-210012.nc
working file:  /lcrc/group/acme/ac.szhang/acme_scratch/data/CVDP_RGD/v2_1.SORRM.ssp370/v2_1.SORRM.ssp370.en02.Qn_SRF.201501-210012.nc
working file:  /lcrc/group/acme/ac.szhang/acme_scratch/data/CVDP_RGD/v2_1.SORRM.ssp370/v2_1.SORRM.ssp370.en02.QnTot_SRF.201501-210012.nc
working file:  /lcrc/group/acme/ac.szhang/acme_scratch/data/CVDP_RGD/v2_1.SORRM.ssp370/v2_1.SORRM.ssp370.en02.QnTur_SRF.201501-210012.nc
working file:  /lcrc/group/acme/ac.szhang/acme_scratch/data/CVDP_RGD/v2_1.SORRM.ssp370/v2_1.SORRM.ssp370.en02.QREFHT.201501-210012.nc
working file:  /lcrc/group/acme/ac.szhang/acme_scratch/data/CVDP_RGD/v2_1.SORRM.ssp370/v2_1.SORRM.ssp370.en02.SCO.201501-210012.nc
working file:  /lcrc/group/acme/ac.szhang/acme_scratch/data/CVDP_RGD/v2_1.SORRM.ssp370/v2_1.SORRM.ssp370.en02.SFO3.201501-210012.nc
working file:  /lcrc/group/acme/ac.szhang/acme_scratch/data/CVDP_RGD/v2_1.SORRM.ssp370/v2_1.SORRM.ssp370.en02.SHFLX.201501-210012.nc
working file:  /lcrc/group/acme/ac.szhang/acme_scratch/data/CVDP_RGD/v2_1.SORRM.ssp370/v2_1.SORRM.ssp370.en02.SNFRAC.201501-210012.nc
working file:  /lcrc/group/acme/ac.szhang/acme_scratch/data/CVDP_RGD/v2_1.SORRM.ssp370/v2_1.SORRM.ssp370.en02.SNOW.201501-210012.nc
working file:  /lcrc/group/acme/ac.szhang/acme_scratch/data/CVDP_RGD/v2_1.SORRM.ssp370/v2_1.SORRM.ssp370.en02.SNOWDP.201501-210012.nc
working file:  /lcrc/group/acme/ac.szhang/acme_scratch/data/CVDP_RGD/v2_1.SORRM.ssp370/v2_1.SORRM.ssp370.en02.SNOWHICE.201501-210012.nc
working file:  /lcrc/group/acme/ac.szhang/acme_scratch/data/CVDP_RGD/v2_1.SORRM.ssp370/v2_1.SORRM.ssp370.en02.SNOWHLND.201501-210012.nc
working file:  /lcrc/group/acme/ac.szhang/acme_scratch/data/CVDP_RGD/v2_1.SORRM.ssp370/v2_1.SORRM.ssp370.en02.SOILWATER.201501-210012.nc
working file:  /lcrc/group/acme/ac.szhang/acme_scratch/data/CVDP_RGD/v2_1.SORRM.ssp370/v2_1.SORRM.ssp370.en02.SOLIN.201501-210012.nc
working file:  /lcrc/group/acme/ac.szhang/acme_scratch/data/CVDP_RGD/v2_1.SORRM.ssp370/v2_1.SORRM.ssp370.en02.SWCF.201501-210012.nc
working file:  /lcrc/group/acme/ac.szhang/acme_scratch/data/CVDP_RGD/v2_1.SORRM.ssp370/v2_1.SORRM.ssp370.en02.SWCRE.201501-210012.nc
working file:  /lcrc/group/acme/ac.szhang/acme_scratch/data/CVDP_RGD/v2_1.SORRM.ssp370/v2_1.SORRM.ssp370.en02.SWCRE_SRF.201501-210012.nc
working file:  /lcrc/group/acme/ac.szhang/acme_scratch/data/CVDP_RGD/v2_1.SORRM.ssp370/v2_1.SORRM.ssp370.en02.TAUGWX.201501-210012.nc
working file:  /lcrc/group/acme/ac.szhang/acme_scratch/data/CVDP_RGD/v2_1.SORRM.ssp370/v2_1.SORRM.ssp370.en02.TAUGWY.201501-210012.nc
working file:  /lcrc/group/acme/ac.szhang/acme_scratch/data/CVDP_RGD/v2_1.SORRM.ssp370/v2_1.SORRM.ssp370.en02.TAUX.201501-210012.nc
working file:  /lcrc/group/acme/ac.szhang/acme_scratch/data/CVDP_RGD/v2_1.SORRM.ssp370/v2_1.SORRM.ssp370.en02.TAUY.201501-210012.nc
working file:  /lcrc/group/acme/ac.szhang/acme_scratch/data/CVDP_RGD/v2_1.SORRM.ssp370/v2_1.SORRM.ssp370.en02.TCO.201501-210012.nc
working file:  /lcrc/group/acme/ac.szhang/acme_scratch/data/CVDP_RGD/v2_1.SORRM.ssp370/v2_1.SORRM.ssp370.en02.TGCLDCWP.201501-210012.nc
working file:  /lcrc/group/acme/ac.szhang/acme_scratch/data/CVDP_RGD/v2_1.SORRM.ssp370/v2_1.SORRM.ssp370.en02.TGCLDIWP.201501-210012.nc
working file:  /lcrc/group/acme/ac.szhang/acme_scratch/data/CVDP_RGD/v2_1.SORRM.ssp370/v2_1.SORRM.ssp370.en02.TGCLDLWP.201501-210012.nc
working file:  /lcrc/group/acme/ac.szhang/acme_scratch/data/CVDP_RGD/v2_1.SORRM.ssp370/v2_1.SORRM.ssp370.en02.TH7001000.201501-210012.nc
working file:  /lcrc/group/acme/ac.szhang/acme_scratch/data/CVDP_RGD/v2_1.SORRM.ssp370/v2_1.SORRM.ssp370.en02.thfamd.201501-210012.nc
working file:  /lcrc/group/acme/ac.szhang/acme_scratch/data/CVDP_RGD/v2_1.SORRM.ssp370/v2_1.SORRM.ssp370.en02.thfblg.201501-210012.nc
working file:  /lcrc/group/acme/ac.szhang/acme_scratch/data/CVDP_RGD/v2_1.SORRM.ssp370/v2_1.SORRM.ssp370.en02.TMQ.201501-210012.nc
working file:  /lcrc/group/acme/ac.szhang/acme_scratch/data/CVDP_RGD/v2_1.SORRM.ssp370/v2_1.SORRM.ssp370.en02.TREFHT.201501-210012.nc
working file:  /lcrc/group/acme/ac.szhang/acme_scratch/data/CVDP_RGD/v2_1.SORRM.ssp370/v2_1.SORRM.ssp370.en02.TS.201501-210012.nc
working file:  /lcrc/group/acme/ac.szhang/acme_scratch/data/CVDP_RGD/v2_1.SORRM.ssp370/v2_1.SORRM.ssp370.en02.TSMN.201501-210012.nc
working file:  /lcrc/group/acme/ac.szhang/acme_scratch/data/CVDP_RGD/v2_1.SORRM.ssp370/v2_1.SORRM.ssp370.en02.TSMX.201501-210012.nc
working file:  /lcrc/group/acme/ac.szhang/acme_scratch/data/CVDP_RGD/v2_1.SORRM.ssp370/v2_1.SORRM.ssp370.en02.TUH.201501-210012.nc
working file:  /lcrc/group/acme/ac.szhang/acme_scratch/data/CVDP_RGD/v2_1.SORRM.ssp370/v2_1.SORRM.ssp370.en02.TUQ.201501-210012.nc
working file:  /lcrc/group/acme/ac.szhang/acme_scratch/data/CVDP_RGD/v2_1.SORRM.ssp370/v2_1.SORRM.ssp370.en02.TVH.201501-210012.nc
working file:  /lcrc/group/acme/ac.szhang/acme_scratch/data/CVDP_RGD/v2_1.SORRM.ssp370/v2_1.SORRM.ssp370.en02.TVQ.201501-210012.nc
working file:  /lcrc/group/acme/ac.szhang/acme_scratch/data/CVDP_RGD/v2_1.SORRM.ssp370/v2_1.SORRM.ssp370.en02.U10.201501-210012.nc
working file:  /lcrc/group/acme/ac.szhang/acme_scratch/data/CVDP_RGD/v2_1.SORRM.ssp370/v2_1.SORRM.ssp370.en02.UM10.201501-210012.nc
done
