13
working file:  /lcrc/group/acme/ac.szhang/acme_scratch/data/CVDP_RGD/v2_1.SORRM.ssp370/v2_1.SORRM.ssp370.en00.SST.201501-210012.nc
working file:  /lcrc/group/acme/ac.szhang/acme_scratch/data/CVDP_RGD/v2_1.SORRM.ssp370/v2_1.SORRM.ssp370.en00.SSS.201501-210012.nc
working file:  /lcrc/group/acme/ac.szhang/acme_scratch/data/CVDP_RGD/v2_1.SORRM.ssp370/v2_1.SORRM.ssp370.en00.SITIMEFRAC.201501-210012.nc
working file:  /lcrc/group/acme/ac.szhang/acme_scratch/data/CVDP_RGD/v2_1.SORRM.ssp370/v2_1.SORRM.ssp370.en00.SICONC.201501-210012.nc
working file:  /lcrc/group/acme/ac.szhang/acme_scratch/data/CVDP_RGD/v2_1.SORRM.ssp370/v2_1.SORRM.ssp370.en00.SITHICK.201501-210012.nc
working file:  /lcrc/group/acme/ac.szhang/acme_scratch/data/CVDP_RGD/v2_1.SORRM.ssp370/v2_1.SORRM.ssp370.en00.SISNTHICK.201501-210012.nc
working file:  /lcrc/group/acme/ac.szhang/acme_scratch/data/CVDP_RGD/v2_1.SORRM.ssp370/v2_1.SORRM.ssp370.en00.SIMASS.201501-210012.nc
working file:  /lcrc/group/acme/ac.szhang/acme_scratch/data/CVDP_RGD/v2_1.SORRM.ssp370/v2_1.SORRM.ssp370.en01.SST.201501-210012.nc
working file:  /lcrc/group/acme/ac.szhang/acme_scratch/data/CVDP_RGD/v2_1.SORRM.ssp370/v2_1.SORRM.ssp370.en01.SSS.201501-210012.nc
working file:  /lcrc/group/acme/ac.szhang/acme_scratch/data/CVDP_RGD/v2_1.SORRM.ssp370/v2_1.SORRM.ssp370.en01.SITIMEFRAC.201501-210012.nc
working file:  /lcrc/group/acme/ac.szhang/acme_scratch/data/CVDP_RGD/v2_1.SORRM.ssp370/v2_1.SORRM.ssp370.en01.SICONC.201501-210012.nc
working file:  /lcrc/group/acme/ac.szhang/acme_scratch/data/CVDP_RGD/v2_1.SORRM.ssp370/v2_1.SORRM.ssp370.en01.SITHICK.201501-210012.nc
working file:  /lcrc/group/acme/ac.szhang/acme_scratch/data/CVDP_RGD/v2_1.SORRM.ssp370/v2_1.SORRM.ssp370.en01.SISNTHICK.201501-210012.nc
working file:  /lcrc/group/acme/ac.szhang/acme_scratch/data/CVDP_RGD/v2_1.SORRM.ssp370/v2_1.SORRM.ssp370.en01.SIMASS.201501-210012.nc
working file:  /lcrc/group/acme/ac.szhang/acme_scratch/data/CVDP_RGD/v2_1.SORRM.ssp370/v2_1.SORRM.ssp370.en02.SST.201501-210012.nc
working file:  /lcrc/group/acme/ac.szhang/acme_scratch/data/CVDP_RGD/v2_1.SORRM.ssp370/v2_1.SORRM.ssp370.en02.SSS.201501-210012.nc
working file:  /lcrc/group/acme/ac.szhang/acme_scratch/data/CVDP_RGD/v2_1.SORRM.ssp370/v2_1.SORRM.ssp370.en02.SITIMEFRAC.201501-210012.nc
working file:  /lcrc/group/acme/ac.szhang/acme_scratch/data/CVDP_RGD/v2_1.SORRM.ssp370/v2_1.SORRM.ssp370.en02.SICONC.201501-210012.nc
working file:  /lcrc/group/acme/ac.szhang/acme_scratch/data/CVDP_RGD/v2_1.SORRM.ssp370/v2_1.SORRM.ssp370.en02.SITHICK.201501-210012.nc
working file:  /lcrc/group/acme/ac.szhang/acme_scratch/data/CVDP_RGD/v2_1.SORRM.ssp370/v2_1.SORRM.ssp370.en02.SISNTHICK.201501-210012.nc
working file:  /lcrc/group/acme/ac.szhang/acme_scratch/data/CVDP_RGD/v2_1.SORRM.ssp370/v2_1.SORRM.ssp370.en02.SIMASS.201501-210012.nc
done
