13
working file:  /lcrc/group/acme/ac.szhang/acme_scratch/data/CVDP_RGD/v2_1.LR.historical/v2_1.LR.historical.en00.AMOC.185001-201412.nc
working file:  /lcrc/group/acme/ac.szhang/acme_scratch/data/CVDP_RGD/v2_1.LR.historical/v2_1.LR.historical.en00.AMOC26.185001-201412.nc
working file:  /lcrc/group/acme/ac.szhang/acme_scratch/data/CVDP_RGD/v2_1.LR.historical/v2_1.LR.historical.en00.AODDUST.185001-201412.nc
working file:  /lcrc/group/acme/ac.szhang/acme_scratch/data/CVDP_RGD/v2_1.LR.historical/v2_1.LR.historical.en00.AODVIS.185001-201412.nc
working file:  /lcrc/group/acme/ac.szhang/acme_scratch/data/CVDP_RGD/v2_1.LR.historical/v2_1.LR.historical.en00.CLDHGH.185001-201412.nc
working file:  /lcrc/group/acme/ac.szhang/acme_scratch/data/CVDP_RGD/v2_1.LR.historical/v2_1.LR.historical.en00.CLDLOW.185001-201412.nc
working file:  /lcrc/group/acme/ac.szhang/acme_scratch/data/CVDP_RGD/v2_1.LR.historical/v2_1.LR.historical.en00.CLDMED.185001-201412.nc
working file:  /lcrc/group/acme/ac.szhang/acme_scratch/data/CVDP_RGD/v2_1.LR.historical/v2_1.LR.historical.en00.CLDTOT.185001-201412.nc
ncap2: WARNING ncap_def_dim(): dim "bnds" - already exists in input/output.
working file:  /lcrc/group/acme/ac.szhang/acme_scratch/data/CVDP_RGD/v2_1.LR.historical/v2_1.LR.historical.en00.CRE.185001-201412.nc
working file:  /lcrc/group/acme/ac.szhang/acme_scratch/data/CVDP_RGD/v2_1.LR.historical/v2_1.LR.historical.en00.CRE_SRF.185001-201412.nc
working file:  /lcrc/group/acme/ac.szhang/acme_scratch/data/CVDP_RGD/v2_1.LR.historical/v2_1.LR.historical.en00.ETH1.185001-201412.nc
working file:  /lcrc/group/acme/ac.szhang/acme_scratch/data/CVDP_RGD/v2_1.LR.historical/v2_1.LR.historical.en00.ETH12.185001-201412.nc
working file:  /lcrc/group/acme/ac.szhang/acme_scratch/data/CVDP_RGD/v2_1.LR.historical/v2_1.LR.historical.en00.ETH2.185001-201412.nc
working file:  /lcrc/group/acme/ac.szhang/acme_scratch/data/CVDP_RGD/v2_1.LR.historical/v2_1.LR.historical.en00.FLDS.185001-201412.nc
ncap2: WARNING ncap_def_dim(): dim "bnds" - already exists in input/output.
working file:  /lcrc/group/acme/ac.szhang/acme_scratch/data/CVDP_RGD/v2_1.LR.historical/v2_1.LR.historical.en00.FLDSC.185001-201412.nc
ncap2: WARNING ncap_def_dim(): dim "bnds" - already exists in input/output.
working file:  /lcrc/group/acme/ac.szhang/acme_scratch/data/CVDP_RGD/v2_1.LR.historical/v2_1.LR.historical.en00.FLNS.185001-201412.nc
working file:  /lcrc/group/acme/ac.szhang/acme_scratch/data/CVDP_RGD/v2_1.LR.historical/v2_1.LR.historical.en00.FLNSC.185001-201412.nc
working file:  /lcrc/group/acme/ac.szhang/acme_scratch/data/CVDP_RGD/v2_1.LR.historical/v2_1.LR.historical.en00.FLNT.185001-201412.nc
working file:  /lcrc/group/acme/ac.szhang/acme_scratch/data/CVDP_RGD/v2_1.LR.historical/v2_1.LR.historical.en00.FLNTC.185001-201412.nc
working file:  /lcrc/group/acme/ac.szhang/acme_scratch/data/CVDP_RGD/v2_1.LR.historical/v2_1.LR.historical.en00.FLUS.185001-201412.nc
ncap2: WARNING ncap_def_dim(): dim "bnds" - already exists in input/output.
working file:  /lcrc/group/acme/ac.szhang/acme_scratch/data/CVDP_RGD/v2_1.LR.historical/v2_1.LR.historical.en00.FLUT.185001-201412.nc
ncap2: WARNING ncap_def_dim(): dim "bnds" - already exists in input/output.
working file:  /lcrc/group/acme/ac.szhang/acme_scratch/data/CVDP_RGD/v2_1.LR.historical/v2_1.LR.historical.en00.FLUTC.185001-201412.nc
ncap2: WARNING ncap_def_dim(): dim "bnds" - already exists in input/output.
working file:  /lcrc/group/acme/ac.szhang/acme_scratch/data/CVDP_RGD/v2_1.LR.historical/v2_1.LR.historical.en00.FSDS.185001-201412.nc
ncap2: WARNING ncap_def_dim(): dim "bnds" - already exists in input/output.
working file:  /lcrc/group/acme/ac.szhang/acme_scratch/data/CVDP_RGD/v2_1.LR.historical/v2_1.LR.historical.en00.FSDSC.185001-201412.nc
ncap2: WARNING ncap_def_dim(): dim "bnds" - already exists in input/output.
working file:  /lcrc/group/acme/ac.szhang/acme_scratch/data/CVDP_RGD/v2_1.LR.historical/v2_1.LR.historical.en00.FSNS.185001-201412.nc
working file:  /lcrc/group/acme/ac.szhang/acme_scratch/data/CVDP_RGD/v2_1.LR.historical/v2_1.LR.historical.en00.FSNSC.185001-201412.nc
working file:  /lcrc/group/acme/ac.szhang/acme_scratch/data/CVDP_RGD/v2_1.LR.historical/v2_1.LR.historical.en00.FSNT.185001-201412.nc
working file:  /lcrc/group/acme/ac.szhang/acme_scratch/data/CVDP_RGD/v2_1.LR.historical/v2_1.LR.historical.en00.FSNTC.185001-201412.nc
working file:  /lcrc/group/acme/ac.szhang/acme_scratch/data/CVDP_RGD/v2_1.LR.historical/v2_1.LR.historical.en00.FSNTOA.185001-201412.nc
working file:  /lcrc/group/acme/ac.szhang/acme_scratch/data/CVDP_RGD/v2_1.LR.historical/v2_1.LR.historical.en00.FSNTOAC.185001-201412.nc
working file:  /lcrc/group/acme/ac.szhang/acme_scratch/data/CVDP_RGD/v2_1.LR.historical/v2_1.LR.historical.en00.FSUS.185001-201412.nc
ncap2: WARNING ncap_def_dim(): dim "bnds" - already exists in input/output.
working file:  /lcrc/group/acme/ac.szhang/acme_scratch/data/CVDP_RGD/v2_1.LR.historical/v2_1.LR.historical.en00.FSUSC.185001-201412.nc
ncap2: WARNING prs_cls::ncap_var_init(): Unable to find variable FSUSC in /lcrc/group/acme/ac.szhang/acme_scratch/data/CVDP_RGD/v2_1.LR.historical/v2_1.LR.historical.en00.FSUSC.185001-201412.nc or /lcrc/group/acme/ac.szhang/acme_scratch/data/CVDP_RGD/v2_1.LR.historical/v2_1.LR.historical.en00.FSUSC.185001-201412.nc.tmp
ncap2: ERROR out(): Could not read var FSUSC
mv: cannot stat ‘/lcrc/group/acme/ac.szhang/acme_scratch/data/CVDP_RGD/v2_1.LR.historical/v2_1.LR.historical.en00.FSUSC.185001-201412.nc.tmp’: No such file or directory
ncap2: WARNING ncap_def_dim(): dim "bnds" - already exists in input/output.
working file:  /lcrc/group/acme/ac.szhang/acme_scratch/data/CVDP_RGD/v2_1.LR.historical/v2_1.LR.historical.en00.FSUTOA.185001-201412.nc
ncap2: WARNING ncap_def_dim(): dim "bnds" - already exists in input/output.
working file:  /lcrc/group/acme/ac.szhang/acme_scratch/data/CVDP_RGD/v2_1.LR.historical/v2_1.LR.historical.en00.FSUTOAC.185001-201412.nc
ncap2: WARNING ncap_def_dim(): dim "bnds" - already exists in input/output.
working file:  /lcrc/group/acme/ac.szhang/acme_scratch/data/CVDP_RGD/v2_1.LR.historical/v2_1.LR.historical.en00.ICEFRAC.185001-201412.nc
working file:  /lcrc/group/acme/ac.szhang/acme_scratch/data/CVDP_RGD/v2_1.LR.historical/v2_1.LR.historical.en00.LANDFRAC.185001-201412.nc
working file:  /lcrc/group/acme/ac.szhang/acme_scratch/data/CVDP_RGD/v2_1.LR.historical/v2_1.LR.historical.en00.LHFLX1.185001-201412.nc
working file:  /lcrc/group/acme/ac.szhang/acme_scratch/data/CVDP_RGD/v2_1.LR.historical/v2_1.LR.historical.en00.LHFLX.185001-201412.nc
ncap2: WARNING ncap_def_dim(): dim "bnds" - already exists in input/output.
working file:  /lcrc/group/acme/ac.szhang/acme_scratch/data/CVDP_RGD/v2_1.LR.historical/v2_1.LR.historical.en00.LWCF.185001-201412.nc
working file:  /lcrc/group/acme/ac.szhang/acme_scratch/data/CVDP_RGD/v2_1.LR.historical/v2_1.LR.historical.en00.LWCRE.185001-201412.nc
ncap2: WARNING ncap_def_dim(): dim "bnds" - already exists in input/output.
working file:  /lcrc/group/acme/ac.szhang/acme_scratch/data/CVDP_RGD/v2_1.LR.historical/v2_1.LR.historical.en00.LWCRE_SRF.185001-201412.nc
working file:  /lcrc/group/acme/ac.szhang/acme_scratch/data/CVDP_RGD/v2_1.LR.historical/v2_1.LR.historical.en00.OCNFRAC.185001-201412.nc
working file:  /lcrc/group/acme/ac.szhang/acme_scratch/data/CVDP_RGD/v2_1.LR.historical/v2_1.LR.historical.en00.OLR.185001-201412.nc
working file:  /lcrc/group/acme/ac.szhang/acme_scratch/data/CVDP_RGD/v2_1.LR.historical/v2_1.LR.historical.en00.OMEGA500.185001-201412.nc
ncap2: WARNING ncap_def_dim(): dim "bnds" - already exists in input/output.
working file:  /lcrc/group/acme/ac.szhang/acme_scratch/data/CVDP_RGD/v2_1.LR.historical/v2_1.LR.historical.en00.PBLH.185001-201412.nc
working file:  /lcrc/group/acme/ac.szhang/acme_scratch/data/CVDP_RGD/v2_1.LR.historical/v2_1.LR.historical.en00.PRECC.185001-201412.nc
ncap2: WARNING ncap_def_dim(): dim "bnds" - already exists in input/output.
working file:  /lcrc/group/acme/ac.szhang/acme_scratch/data/CVDP_RGD/v2_1.LR.historical/v2_1.LR.historical.en00.PRECL.185001-201412.nc
working file:  /lcrc/group/acme/ac.szhang/acme_scratch/data/CVDP_RGD/v2_1.LR.historical/v2_1.LR.historical.en00.PRECSC.185001-201412.nc
working file:  /lcrc/group/acme/ac.szhang/acme_scratch/data/CVDP_RGD/v2_1.LR.historical/v2_1.LR.historical.en00.PRECSL.185001-201412.nc
working file:  /lcrc/group/acme/ac.szhang/acme_scratch/data/CVDP_RGD/v2_1.LR.historical/v2_1.LR.historical.en00.PRECST.185001-201412.nc
ncap2: WARNING ncap_def_dim(): dim "bnds" - already exists in input/output.
working file:  /lcrc/group/acme/ac.szhang/acme_scratch/data/CVDP_RGD/v2_1.LR.historical/v2_1.LR.historical.en00.PRECT.185001-201412.nc
ncap2: WARNING ncap_def_dim(): dim "bnds" - already exists in input/output.
working file:  /lcrc/group/acme/ac.szhang/acme_scratch/data/CVDP_RGD/v2_1.LR.historical/v2_1.LR.historical.en00.PS.185001-201412.nc
ncap2: WARNING ncap_def_dim(): dim "bnds" - already exists in input/output.
working file:  /lcrc/group/acme/ac.szhang/acme_scratch/data/CVDP_RGD/v2_1.LR.historical/v2_1.LR.historical.en00.PSL.185001-201412.nc
ncap2: WARNING ncap_def_dim(): dim "bnds" - already exists in input/output.
working file:  /lcrc/group/acme/ac.szhang/acme_scratch/data/CVDP_RGD/v2_1.LR.historical/v2_1.LR.historical.en00.QFLX.185001-201412.nc
ncap2: WARNING ncap_def_dim(): dim "bnds" - already exists in input/output.
working file:  /lcrc/group/acme/ac.szhang/acme_scratch/data/CVDP_RGD/v2_1.LR.historical/v2_1.LR.historical.en00.QnRad_SRF.185001-201412.nc
ncap2: WARNING ncap_def_dim(): dim "bnds" - already exists in input/output.
working file:  /lcrc/group/acme/ac.szhang/acme_scratch/data/CVDP_RGD/v2_1.LR.historical/v2_1.LR.historical.en00.Qn_SRF.185001-201412.nc
ncap2: WARNING ncap_def_dim(): dim "bnds" - already exists in input/output.
working file:  /lcrc/group/acme/ac.szhang/acme_scratch/data/CVDP_RGD/v2_1.LR.historical/v2_1.LR.historical.en00.QnTot_SRF.185001-201412.nc
ncap2: WARNING ncap_def_dim(): dim "bnds" - already exists in input/output.
working file:  /lcrc/group/acme/ac.szhang/acme_scratch/data/CVDP_RGD/v2_1.LR.historical/v2_1.LR.historical.en00.QnTur_SRF.185001-201412.nc
ncap2: WARNING ncap_def_dim(): dim "bnds" - already exists in input/output.
working file:  /lcrc/group/acme/ac.szhang/acme_scratch/data/CVDP_RGD/v2_1.LR.historical/v2_1.LR.historical.en00.QREFHT.185001-201412.nc
ncap2: WARNING ncap_def_dim(): dim "bnds" - already exists in input/output.
working file:  /lcrc/group/acme/ac.szhang/acme_scratch/data/CVDP_RGD/v2_1.LR.historical/v2_1.LR.historical.en00.RESTOA.185001-201412.nc
ncap2: WARNING ncap_def_dim(): dim "bnds" - already exists in input/output.
working file:  /lcrc/group/acme/ac.szhang/acme_scratch/data/CVDP_RGD/v2_1.LR.historical/v2_1.LR.historical.en00.RESTOM.185001-201412.nc
ncap2: WARNING ncap_def_dim(): dim "bnds" - already exists in input/output.
working file:  /lcrc/group/acme/ac.szhang/acme_scratch/data/CVDP_RGD/v2_1.LR.historical/v2_1.LR.historical.en00.S10.185001-201412.nc
ncap2: WARNING ncap_def_dim(): dim "bnds" - already exists in input/output.
working file:  /lcrc/group/acme/ac.szhang/acme_scratch/data/CVDP_RGD/v2_1.LR.historical/v2_1.LR.historical.en00.SCO.185001-201412.nc
working file:  /lcrc/group/acme/ac.szhang/acme_scratch/data/CVDP_RGD/v2_1.LR.historical/v2_1.LR.historical.en00.SF.185001-201412.nc
working file:  /lcrc/group/acme/ac.szhang/acme_scratch/data/CVDP_RGD/v2_1.LR.historical/v2_1.LR.historical.en00.SFO3.185001-201412.nc
working file:  /lcrc/group/acme/ac.szhang/acme_scratch/data/CVDP_RGD/v2_1.LR.historical/v2_1.LR.historical.en00.SHFLX.185001-201412.nc
ncap2: WARNING ncap_def_dim(): dim "bnds" - already exists in input/output.
working file:  /lcrc/group/acme/ac.szhang/acme_scratch/data/CVDP_RGD/v2_1.LR.historical/v2_1.LR.historical.en00.SNFRAC.185001-201412.nc
working file:  /lcrc/group/acme/ac.szhang/acme_scratch/data/CVDP_RGD/v2_1.LR.historical/v2_1.LR.historical.en00.SNOW.185001-201412.nc
working file:  /lcrc/group/acme/ac.szhang/acme_scratch/data/CVDP_RGD/v2_1.LR.historical/v2_1.LR.historical.en00.SNOWDP.185001-201412.nc
working file:  /lcrc/group/acme/ac.szhang/acme_scratch/data/CVDP_RGD/v2_1.LR.historical/v2_1.LR.historical.en00.SNOWHICE.185001-201412.nc
working file:  /lcrc/group/acme/ac.szhang/acme_scratch/data/CVDP_RGD/v2_1.LR.historical/v2_1.LR.historical.en00.SNOWHLND.185001-201412.nc
working file:  /lcrc/group/acme/ac.szhang/acme_scratch/data/CVDP_RGD/v2_1.LR.historical/v2_1.LR.historical.en00.SOILWATER.185001-201412.nc
working file:  /lcrc/group/acme/ac.szhang/acme_scratch/data/CVDP_RGD/v2_1.LR.historical/v2_1.LR.historical.en00.SOLIN.185001-201412.nc
ncap2: WARNING ncap_def_dim(): dim "bnds" - already exists in input/output.
working file:  /lcrc/group/acme/ac.szhang/acme_scratch/data/CVDP_RGD/v2_1.LR.historical/v2_1.LR.historical.en00.SWCF.185001-201412.nc
working file:  /lcrc/group/acme/ac.szhang/acme_scratch/data/CVDP_RGD/v2_1.LR.historical/v2_1.LR.historical.en00.SWCRE.185001-201412.nc
ncap2: WARNING ncap_def_dim(): dim "bnds" - already exists in input/output.
working file:  /lcrc/group/acme/ac.szhang/acme_scratch/data/CVDP_RGD/v2_1.LR.historical/v2_1.LR.historical.en00.SWCRE_SRF.185001-201412.nc
working file:  /lcrc/group/acme/ac.szhang/acme_scratch/data/CVDP_RGD/v2_1.LR.historical/v2_1.LR.historical.en00.T850.185001-201412.nc
ncap2: WARNING ncap_def_dim(): dim "bnds" - already exists in input/output.
working file:  /lcrc/group/acme/ac.szhang/acme_scratch/data/CVDP_RGD/v2_1.LR.historical/v2_1.LR.historical.en00.TAUGWX.185001-201412.nc
working file:  /lcrc/group/acme/ac.szhang/acme_scratch/data/CVDP_RGD/v2_1.LR.historical/v2_1.LR.historical.en00.TAUGWY.185001-201412.nc
working file:  /lcrc/group/acme/ac.szhang/acme_scratch/data/CVDP_RGD/v2_1.LR.historical/v2_1.LR.historical.en00.TAUX.185001-201412.nc
ncap2: WARNING ncap_def_dim(): dim "bnds" - already exists in input/output.
working file:  /lcrc/group/acme/ac.szhang/acme_scratch/data/CVDP_RGD/v2_1.LR.historical/v2_1.LR.historical.en00.TAUY.185001-201412.nc
ncap2: WARNING ncap_def_dim(): dim "bnds" - already exists in input/output.
working file:  /lcrc/group/acme/ac.szhang/acme_scratch/data/CVDP_RGD/v2_1.LR.historical/v2_1.LR.historical.en00.TCO.185001-201412.nc
working file:  /lcrc/group/acme/ac.szhang/acme_scratch/data/CVDP_RGD/v2_1.LR.historical/v2_1.LR.historical.en00.TGCLDCWP.185001-201412.nc
working file:  /lcrc/group/acme/ac.szhang/acme_scratch/data/CVDP_RGD/v2_1.LR.historical/v2_1.LR.historical.en00.TGCLDIWP.185001-201412.nc
ncap2: WARNING ncap_def_dim(): dim "bnds" - already exists in input/output.
working file:  /lcrc/group/acme/ac.szhang/acme_scratch/data/CVDP_RGD/v2_1.LR.historical/v2_1.LR.historical.en00.TGCLDLWP.185001-201412.nc
ncap2: WARNING ncap_def_dim(): dim "bnds" - already exists in input/output.
working file:  /lcrc/group/acme/ac.szhang/acme_scratch/data/CVDP_RGD/v2_1.LR.historical/v2_1.LR.historical.en00.TH7001000.185001-201412.nc
working file:  /lcrc/group/acme/ac.szhang/acme_scratch/data/CVDP_RGD/v2_1.LR.historical/v2_1.LR.historical.en00.TMQ.185001-201412.nc
ncap2: WARNING ncap_def_dim(): dim "bnds" - already exists in input/output.
working file:  /lcrc/group/acme/ac.szhang/acme_scratch/data/CVDP_RGD/v2_1.LR.historical/v2_1.LR.historical.en00.TREFHT.185001-201412.nc
ncap2: WARNING ncap_def_dim(): dim "bnds" - already exists in input/output.
working file:  /lcrc/group/acme/ac.szhang/acme_scratch/data/CVDP_RGD/v2_1.LR.historical/v2_1.LR.historical.en00.TREFMNAV.185001-201412.nc
working file:  /lcrc/group/acme/ac.szhang/acme_scratch/data/CVDP_RGD/v2_1.LR.historical/v2_1.LR.historical.en00.TREFMXAV.185001-201412.nc
working file:  /lcrc/group/acme/ac.szhang/acme_scratch/data/CVDP_RGD/v2_1.LR.historical/v2_1.LR.historical.en00.TS.185001-201412.nc
ncap2: WARNING ncap_def_dim(): dim "bnds" - already exists in input/output.
working file:  /lcrc/group/acme/ac.szhang/acme_scratch/data/CVDP_RGD/v2_1.LR.historical/v2_1.LR.historical.en00.TSMN.185001-201412.nc
working file:  /lcrc/group/acme/ac.szhang/acme_scratch/data/CVDP_RGD/v2_1.LR.historical/v2_1.LR.historical.en00.TSMX.185001-201412.nc
working file:  /lcrc/group/acme/ac.szhang/acme_scratch/data/CVDP_RGD/v2_1.LR.historical/v2_1.LR.historical.en00.TUH.185001-201412.nc
working file:  /lcrc/group/acme/ac.szhang/acme_scratch/data/CVDP_RGD/v2_1.LR.historical/v2_1.LR.historical.en00.TUQ.185001-201412.nc
working file:  /lcrc/group/acme/ac.szhang/acme_scratch/data/CVDP_RGD/v2_1.LR.historical/v2_1.LR.historical.en00.TVH.185001-201412.nc
working file:  /lcrc/group/acme/ac.szhang/acme_scratch/data/CVDP_RGD/v2_1.LR.historical/v2_1.LR.historical.en00.TVQ.185001-201412.nc
working file:  /lcrc/group/acme/ac.szhang/acme_scratch/data/CVDP_RGD/v2_1.LR.historical/v2_1.LR.historical.en00.U10.185001-201412.nc
ncap2: WARNING ncap_def_dim(): dim "bnds" - already exists in input/output.
working file:  /lcrc/group/acme/ac.szhang/acme_scratch/data/CVDP_RGD/v2_1.LR.historical/v2_1.LR.historical.en00.U200.185001-201412.nc
ncap2: WARNING ncap_def_dim(): dim "bnds" - already exists in input/output.
working file:  /lcrc/group/acme/ac.szhang/acme_scratch/data/CVDP_RGD/v2_1.LR.historical/v2_1.LR.historical.en00.U850.185001-201412.nc
ncap2: WARNING ncap_def_dim(): dim "bnds" - already exists in input/output.
working file:  /lcrc/group/acme/ac.szhang/acme_scratch/data/CVDP_RGD/v2_1.LR.historical/v2_1.LR.historical.en00.V10.185001-201412.nc
ncap2: WARNING ncap_def_dim(): dim "bnds" - already exists in input/output.
working file:  /lcrc/group/acme/ac.szhang/acme_scratch/data/CVDP_RGD/v2_1.LR.historical/v2_1.LR.historical.en00.V200.185001-201412.nc
ncap2: WARNING ncap_def_dim(): dim "bnds" - already exists in input/output.
working file:  /lcrc/group/acme/ac.szhang/acme_scratch/data/CVDP_RGD/v2_1.LR.historical/v2_1.LR.historical.en00.V850.185001-201412.nc
ncap2: WARNING ncap_def_dim(): dim "bnds" - already exists in input/output.
working file:  /lcrc/group/acme/ac.szhang/acme_scratch/data/CVDP_RGD/v2_1.LR.historical/v2_1.LR.historical.en00.Z500.185001-201412.nc
ncap2: WARNING ncap_def_dim(): dim "bnds" - already exists in input/output.
working file:  /lcrc/group/acme/ac.szhang/acme_scratch/data/CVDP_RGD/v2_1.LR.historical/v2_1.LR.historical.en01.AMOC.185001-201412.nc
working file:  /lcrc/group/acme/ac.szhang/acme_scratch/data/CVDP_RGD/v2_1.LR.historical/v2_1.LR.historical.en01.AMOC26.185001-201412.nc
working file:  /lcrc/group/acme/ac.szhang/acme_scratch/data/CVDP_RGD/v2_1.LR.historical/v2_1.LR.historical.en01.AODDUST.185001-201412.nc
working file:  /lcrc/group/acme/ac.szhang/acme_scratch/data/CVDP_RGD/v2_1.LR.historical/v2_1.LR.historical.en01.AODVIS.185001-201412.nc
working file:  /lcrc/group/acme/ac.szhang/acme_scratch/data/CVDP_RGD/v2_1.LR.historical/v2_1.LR.historical.en01.CLDHGH.185001-201412.nc
working file:  /lcrc/group/acme/ac.szhang/acme_scratch/data/CVDP_RGD/v2_1.LR.historical/v2_1.LR.historical.en01.CLDLOW.185001-201412.nc
working file:  /lcrc/group/acme/ac.szhang/acme_scratch/data/CVDP_RGD/v2_1.LR.historical/v2_1.LR.historical.en01.CLDMED.185001-201412.nc
working file:  /lcrc/group/acme/ac.szhang/acme_scratch/data/CVDP_RGD/v2_1.LR.historical/v2_1.LR.historical.en01.CLDTOT.185001-201412.nc
ncap2: WARNING ncap_def_dim(): dim "bnds" - already exists in input/output.
working file:  /lcrc/group/acme/ac.szhang/acme_scratch/data/CVDP_RGD/v2_1.LR.historical/v2_1.LR.historical.en01.CRE.185001-201412.nc
working file:  /lcrc/group/acme/ac.szhang/acme_scratch/data/CVDP_RGD/v2_1.LR.historical/v2_1.LR.historical.en01.CRE_SRF.185001-201412.nc
working file:  /lcrc/group/acme/ac.szhang/acme_scratch/data/CVDP_RGD/v2_1.LR.historical/v2_1.LR.historical.en01.ETH1.185001-201412.nc
working file:  /lcrc/group/acme/ac.szhang/acme_scratch/data/CVDP_RGD/v2_1.LR.historical/v2_1.LR.historical.en01.ETH12.185001-201412.nc
working file:  /lcrc/group/acme/ac.szhang/acme_scratch/data/CVDP_RGD/v2_1.LR.historical/v2_1.LR.historical.en01.ETH2.185001-201412.nc
working file:  /lcrc/group/acme/ac.szhang/acme_scratch/data/CVDP_RGD/v2_1.LR.historical/v2_1.LR.historical.en01.FLDS.185001-201412.nc
ncap2: WARNING ncap_def_dim(): dim "bnds" - already exists in input/output.
working file:  /lcrc/group/acme/ac.szhang/acme_scratch/data/CVDP_RGD/v2_1.LR.historical/v2_1.LR.historical.en01.FLDSC.185001-201412.nc
ncap2: WARNING ncap_def_dim(): dim "bnds" - already exists in input/output.
working file:  /lcrc/group/acme/ac.szhang/acme_scratch/data/CVDP_RGD/v2_1.LR.historical/v2_1.LR.historical.en01.FLNS.185001-201412.nc
working file:  /lcrc/group/acme/ac.szhang/acme_scratch/data/CVDP_RGD/v2_1.LR.historical/v2_1.LR.historical.en01.FLNSC.185001-201412.nc
working file:  /lcrc/group/acme/ac.szhang/acme_scratch/data/CVDP_RGD/v2_1.LR.historical/v2_1.LR.historical.en01.FLNT.185001-201412.nc
working file:  /lcrc/group/acme/ac.szhang/acme_scratch/data/CVDP_RGD/v2_1.LR.historical/v2_1.LR.historical.en01.FLNTC.185001-201412.nc
working file:  /lcrc/group/acme/ac.szhang/acme_scratch/data/CVDP_RGD/v2_1.LR.historical/v2_1.LR.historical.en01.FLUS.185001-201412.nc
ncap2: WARNING ncap_def_dim(): dim "bnds" - already exists in input/output.
working file:  /lcrc/group/acme/ac.szhang/acme_scratch/data/CVDP_RGD/v2_1.LR.historical/v2_1.LR.historical.en01.FLUT.185001-201412.nc
ncap2: WARNING ncap_def_dim(): dim "bnds" - already exists in input/output.
working file:  /lcrc/group/acme/ac.szhang/acme_scratch/data/CVDP_RGD/v2_1.LR.historical/v2_1.LR.historical.en01.FLUTC.185001-201412.nc
ncap2: WARNING ncap_def_dim(): dim "bnds" - already exists in input/output.
working file:  /lcrc/group/acme/ac.szhang/acme_scratch/data/CVDP_RGD/v2_1.LR.historical/v2_1.LR.historical.en01.FSDS.185001-201412.nc
ncap2: WARNING ncap_def_dim(): dim "bnds" - already exists in input/output.
working file:  /lcrc/group/acme/ac.szhang/acme_scratch/data/CVDP_RGD/v2_1.LR.historical/v2_1.LR.historical.en01.FSDSC.185001-201412.nc
ncap2: WARNING ncap_def_dim(): dim "bnds" - already exists in input/output.
working file:  /lcrc/group/acme/ac.szhang/acme_scratch/data/CVDP_RGD/v2_1.LR.historical/v2_1.LR.historical.en01.FSNS.185001-201412.nc
working file:  /lcrc/group/acme/ac.szhang/acme_scratch/data/CVDP_RGD/v2_1.LR.historical/v2_1.LR.historical.en01.FSNSC.185001-201412.nc
working file:  /lcrc/group/acme/ac.szhang/acme_scratch/data/CVDP_RGD/v2_1.LR.historical/v2_1.LR.historical.en01.FSNT.185001-201412.nc
working file:  /lcrc/group/acme/ac.szhang/acme_scratch/data/CVDP_RGD/v2_1.LR.historical/v2_1.LR.historical.en01.FSNTC.185001-201412.nc
working file:  /lcrc/group/acme/ac.szhang/acme_scratch/data/CVDP_RGD/v2_1.LR.historical/v2_1.LR.historical.en01.FSNTOA.185001-201412.nc
working file:  /lcrc/group/acme/ac.szhang/acme_scratch/data/CVDP_RGD/v2_1.LR.historical/v2_1.LR.historical.en01.FSNTOAC.185001-201412.nc
working file:  /lcrc/group/acme/ac.szhang/acme_scratch/data/CVDP_RGD/v2_1.LR.historical/v2_1.LR.historical.en01.FSUS.185001-201412.nc
ncap2: WARNING ncap_def_dim(): dim "bnds" - already exists in input/output.
working file:  /lcrc/group/acme/ac.szhang/acme_scratch/data/CVDP_RGD/v2_1.LR.historical/v2_1.LR.historical.en01.FSUSC.185001-201412.nc
ncap2: WARNING prs_cls::ncap_var_init(): Unable to find variable FSUSC in /lcrc/group/acme/ac.szhang/acme_scratch/data/CVDP_RGD/v2_1.LR.historical/v2_1.LR.historical.en01.FSUSC.185001-201412.nc or /lcrc/group/acme/ac.szhang/acme_scratch/data/CVDP_RGD/v2_1.LR.historical/v2_1.LR.historical.en01.FSUSC.185001-201412.nc.tmp
ncap2: ERROR out(): Could not read var FSUSC
mv: cannot stat ‘/lcrc/group/acme/ac.szhang/acme_scratch/data/CVDP_RGD/v2_1.LR.historical/v2_1.LR.historical.en01.FSUSC.185001-201412.nc.tmp’: No such file or directory
ncap2: WARNING ncap_def_dim(): dim "bnds" - already exists in input/output.
working file:  /lcrc/group/acme/ac.szhang/acme_scratch/data/CVDP_RGD/v2_1.LR.historical/v2_1.LR.historical.en01.FSUTOA.185001-201412.nc
ncap2: WARNING ncap_def_dim(): dim "bnds" - already exists in input/output.
working file:  /lcrc/group/acme/ac.szhang/acme_scratch/data/CVDP_RGD/v2_1.LR.historical/v2_1.LR.historical.en01.FSUTOAC.185001-201412.nc
ncap2: WARNING ncap_def_dim(): dim "bnds" - already exists in input/output.
working file:  /lcrc/group/acme/ac.szhang/acme_scratch/data/CVDP_RGD/v2_1.LR.historical/v2_1.LR.historical.en01.ICEFRAC.185001-201412.nc
working file:  /lcrc/group/acme/ac.szhang/acme_scratch/data/CVDP_RGD/v2_1.LR.historical/v2_1.LR.historical.en01.LANDFRAC.185001-201412.nc
working file:  /lcrc/group/acme/ac.szhang/acme_scratch/data/CVDP_RGD/v2_1.LR.historical/v2_1.LR.historical.en01.LHFLX1.185001-201412.nc
working file:  /lcrc/group/acme/ac.szhang/acme_scratch/data/CVDP_RGD/v2_1.LR.historical/v2_1.LR.historical.en01.LHFLX.185001-201412.nc
ncap2: WARNING ncap_def_dim(): dim "bnds" - already exists in input/output.
working file:  /lcrc/group/acme/ac.szhang/acme_scratch/data/CVDP_RGD/v2_1.LR.historical/v2_1.LR.historical.en01.LWCF.185001-201412.nc
working file:  /lcrc/group/acme/ac.szhang/acme_scratch/data/CVDP_RGD/v2_1.LR.historical/v2_1.LR.historical.en01.LWCRE.185001-201412.nc
ncap2: WARNING ncap_def_dim(): dim "bnds" - already exists in input/output.
working file:  /lcrc/group/acme/ac.szhang/acme_scratch/data/CVDP_RGD/v2_1.LR.historical/v2_1.LR.historical.en01.LWCRE_SRF.185001-201412.nc
working file:  /lcrc/group/acme/ac.szhang/acme_scratch/data/CVDP_RGD/v2_1.LR.historical/v2_1.LR.historical.en01.OCNFRAC.185001-201412.nc
working file:  /lcrc/group/acme/ac.szhang/acme_scratch/data/CVDP_RGD/v2_1.LR.historical/v2_1.LR.historical.en01.OLR.185001-201412.nc
working file:  /lcrc/group/acme/ac.szhang/acme_scratch/data/CVDP_RGD/v2_1.LR.historical/v2_1.LR.historical.en01.OMEGA500.185001-201412.nc
ncap2: WARNING ncap_def_dim(): dim "bnds" - already exists in input/output.
working file:  /lcrc/group/acme/ac.szhang/acme_scratch/data/CVDP_RGD/v2_1.LR.historical/v2_1.LR.historical.en01.PBLH.185001-201412.nc
working file:  /lcrc/group/acme/ac.szhang/acme_scratch/data/CVDP_RGD/v2_1.LR.historical/v2_1.LR.historical.en01.PRECC.185001-201412.nc
ncap2: WARNING ncap_def_dim(): dim "bnds" - already exists in input/output.
working file:  /lcrc/group/acme/ac.szhang/acme_scratch/data/CVDP_RGD/v2_1.LR.historical/v2_1.LR.historical.en01.PRECL.185001-201412.nc
working file:  /lcrc/group/acme/ac.szhang/acme_scratch/data/CVDP_RGD/v2_1.LR.historical/v2_1.LR.historical.en01.PRECSC.185001-201412.nc
working file:  /lcrc/group/acme/ac.szhang/acme_scratch/data/CVDP_RGD/v2_1.LR.historical/v2_1.LR.historical.en01.PRECSL.185001-201412.nc
working file:  /lcrc/group/acme/ac.szhang/acme_scratch/data/CVDP_RGD/v2_1.LR.historical/v2_1.LR.historical.en01.PRECST.185001-201412.nc
ncap2: WARNING ncap_def_dim(): dim "bnds" - already exists in input/output.
working file:  /lcrc/group/acme/ac.szhang/acme_scratch/data/CVDP_RGD/v2_1.LR.historical/v2_1.LR.historical.en01.PRECT.185001-201412.nc
ncap2: WARNING ncap_def_dim(): dim "bnds" - already exists in input/output.
working file:  /lcrc/group/acme/ac.szhang/acme_scratch/data/CVDP_RGD/v2_1.LR.historical/v2_1.LR.historical.en01.PS.185001-201412.nc
ncap2: WARNING ncap_def_dim(): dim "bnds" - already exists in input/output.
working file:  /lcrc/group/acme/ac.szhang/acme_scratch/data/CVDP_RGD/v2_1.LR.historical/v2_1.LR.historical.en01.PSL.185001-201412.nc
ncap2: WARNING ncap_def_dim(): dim "bnds" - already exists in input/output.
working file:  /lcrc/group/acme/ac.szhang/acme_scratch/data/CVDP_RGD/v2_1.LR.historical/v2_1.LR.historical.en01.QFLX.185001-201412.nc
ncap2: WARNING ncap_def_dim(): dim "bnds" - already exists in input/output.
working file:  /lcrc/group/acme/ac.szhang/acme_scratch/data/CVDP_RGD/v2_1.LR.historical/v2_1.LR.historical.en01.QnRad_SRF.185001-201412.nc
ncap2: WARNING ncap_def_dim(): dim "bnds" - already exists in input/output.
working file:  /lcrc/group/acme/ac.szhang/acme_scratch/data/CVDP_RGD/v2_1.LR.historical/v2_1.LR.historical.en01.Qn_SRF.185001-201412.nc
ncap2: WARNING ncap_def_dim(): dim "bnds" - already exists in input/output.
working file:  /lcrc/group/acme/ac.szhang/acme_scratch/data/CVDP_RGD/v2_1.LR.historical/v2_1.LR.historical.en01.QnTot_SRF.185001-201412.nc
ncap2: WARNING ncap_def_dim(): dim "bnds" - already exists in input/output.
working file:  /lcrc/group/acme/ac.szhang/acme_scratch/data/CVDP_RGD/v2_1.LR.historical/v2_1.LR.historical.en01.QnTur_SRF.185001-201412.nc
ncap2: WARNING ncap_def_dim(): dim "bnds" - already exists in input/output.
working file:  /lcrc/group/acme/ac.szhang/acme_scratch/data/CVDP_RGD/v2_1.LR.historical/v2_1.LR.historical.en01.QREFHT.185001-201412.nc
ncap2: WARNING ncap_def_dim(): dim "bnds" - already exists in input/output.
working file:  /lcrc/group/acme/ac.szhang/acme_scratch/data/CVDP_RGD/v2_1.LR.historical/v2_1.LR.historical.en01.RESTOA.185001-201412.nc
ncap2: WARNING ncap_def_dim(): dim "bnds" - already exists in input/output.
working file:  /lcrc/group/acme/ac.szhang/acme_scratch/data/CVDP_RGD/v2_1.LR.historical/v2_1.LR.historical.en01.RESTOM.185001-201412.nc
ncap2: WARNING ncap_def_dim(): dim "bnds" - already exists in input/output.
working file:  /lcrc/group/acme/ac.szhang/acme_scratch/data/CVDP_RGD/v2_1.LR.historical/v2_1.LR.historical.en01.S10.185001-201412.nc
ncap2: WARNING ncap_def_dim(): dim "bnds" - already exists in input/output.
working file:  /lcrc/group/acme/ac.szhang/acme_scratch/data/CVDP_RGD/v2_1.LR.historical/v2_1.LR.historical.en01.SCO.185001-201412.nc
working file:  /lcrc/group/acme/ac.szhang/acme_scratch/data/CVDP_RGD/v2_1.LR.historical/v2_1.LR.historical.en01.SF.185001-201412.nc
working file:  /lcrc/group/acme/ac.szhang/acme_scratch/data/CVDP_RGD/v2_1.LR.historical/v2_1.LR.historical.en01.SFO3.185001-201412.nc
working file:  /lcrc/group/acme/ac.szhang/acme_scratch/data/CVDP_RGD/v2_1.LR.historical/v2_1.LR.historical.en01.SHFLX.185001-201412.nc
ncap2: WARNING ncap_def_dim(): dim "bnds" - already exists in input/output.
working file:  /lcrc/group/acme/ac.szhang/acme_scratch/data/CVDP_RGD/v2_1.LR.historical/v2_1.LR.historical.en01.SNFRAC.185001-201412.nc
working file:  /lcrc/group/acme/ac.szhang/acme_scratch/data/CVDP_RGD/v2_1.LR.historical/v2_1.LR.historical.en01.SNOW.185001-201412.nc
working file:  /lcrc/group/acme/ac.szhang/acme_scratch/data/CVDP_RGD/v2_1.LR.historical/v2_1.LR.historical.en01.SNOWDP.185001-201412.nc
working file:  /lcrc/group/acme/ac.szhang/acme_scratch/data/CVDP_RGD/v2_1.LR.historical/v2_1.LR.historical.en01.SNOWHICE.185001-201412.nc
working file:  /lcrc/group/acme/ac.szhang/acme_scratch/data/CVDP_RGD/v2_1.LR.historical/v2_1.LR.historical.en01.SNOWHLND.185001-201412.nc
working file:  /lcrc/group/acme/ac.szhang/acme_scratch/data/CVDP_RGD/v2_1.LR.historical/v2_1.LR.historical.en01.SOILWATER.185001-201412.nc
working file:  /lcrc/group/acme/ac.szhang/acme_scratch/data/CVDP_RGD/v2_1.LR.historical/v2_1.LR.historical.en01.SOLIN.185001-201412.nc
ncap2: WARNING ncap_def_dim(): dim "bnds" - already exists in input/output.
working file:  /lcrc/group/acme/ac.szhang/acme_scratch/data/CVDP_RGD/v2_1.LR.historical/v2_1.LR.historical.en01.SWCF.185001-201412.nc
working file:  /lcrc/group/acme/ac.szhang/acme_scratch/data/CVDP_RGD/v2_1.LR.historical/v2_1.LR.historical.en01.SWCRE.185001-201412.nc
ncap2: WARNING ncap_def_dim(): dim "bnds" - already exists in input/output.
working file:  /lcrc/group/acme/ac.szhang/acme_scratch/data/CVDP_RGD/v2_1.LR.historical/v2_1.LR.historical.en01.SWCRE_SRF.185001-201412.nc
working file:  /lcrc/group/acme/ac.szhang/acme_scratch/data/CVDP_RGD/v2_1.LR.historical/v2_1.LR.historical.en01.T850.185001-201412.nc
ncap2: WARNING ncap_def_dim(): dim "bnds" - already exists in input/output.
working file:  /lcrc/group/acme/ac.szhang/acme_scratch/data/CVDP_RGD/v2_1.LR.historical/v2_1.LR.historical.en01.TAUGWX.185001-201412.nc
working file:  /lcrc/group/acme/ac.szhang/acme_scratch/data/CVDP_RGD/v2_1.LR.historical/v2_1.LR.historical.en01.TAUGWY.185001-201412.nc
working file:  /lcrc/group/acme/ac.szhang/acme_scratch/data/CVDP_RGD/v2_1.LR.historical/v2_1.LR.historical.en01.TAUX.185001-201412.nc
ncap2: WARNING ncap_def_dim(): dim "bnds" - already exists in input/output.
working file:  /lcrc/group/acme/ac.szhang/acme_scratch/data/CVDP_RGD/v2_1.LR.historical/v2_1.LR.historical.en01.TAUY.185001-201412.nc
ncap2: WARNING ncap_def_dim(): dim "bnds" - already exists in input/output.
working file:  /lcrc/group/acme/ac.szhang/acme_scratch/data/CVDP_RGD/v2_1.LR.historical/v2_1.LR.historical.en01.TCO.185001-201412.nc
working file:  /lcrc/group/acme/ac.szhang/acme_scratch/data/CVDP_RGD/v2_1.LR.historical/v2_1.LR.historical.en01.TGCLDCWP.185001-201412.nc
working file:  /lcrc/group/acme/ac.szhang/acme_scratch/data/CVDP_RGD/v2_1.LR.historical/v2_1.LR.historical.en01.TGCLDIWP.185001-201412.nc
ncap2: WARNING ncap_def_dim(): dim "bnds" - already exists in input/output.
working file:  /lcrc/group/acme/ac.szhang/acme_scratch/data/CVDP_RGD/v2_1.LR.historical/v2_1.LR.historical.en01.TGCLDLWP.185001-201412.nc
ncap2: WARNING ncap_def_dim(): dim "bnds" - already exists in input/output.
working file:  /lcrc/group/acme/ac.szhang/acme_scratch/data/CVDP_RGD/v2_1.LR.historical/v2_1.LR.historical.en01.TH7001000.185001-201412.nc
working file:  /lcrc/group/acme/ac.szhang/acme_scratch/data/CVDP_RGD/v2_1.LR.historical/v2_1.LR.historical.en01.TMQ.185001-201412.nc
ncap2: WARNING ncap_def_dim(): dim "bnds" - already exists in input/output.
working file:  /lcrc/group/acme/ac.szhang/acme_scratch/data/CVDP_RGD/v2_1.LR.historical/v2_1.LR.historical.en01.TREFHT.185001-201412.nc
ncap2: WARNING ncap_def_dim(): dim "bnds" - already exists in input/output.
working file:  /lcrc/group/acme/ac.szhang/acme_scratch/data/CVDP_RGD/v2_1.LR.historical/v2_1.LR.historical.en01.TREFMNAV.185001-201412.nc
working file:  /lcrc/group/acme/ac.szhang/acme_scratch/data/CVDP_RGD/v2_1.LR.historical/v2_1.LR.historical.en01.TREFMXAV.185001-201412.nc
working file:  /lcrc/group/acme/ac.szhang/acme_scratch/data/CVDP_RGD/v2_1.LR.historical/v2_1.LR.historical.en01.TS.185001-201412.nc
ncap2: WARNING ncap_def_dim(): dim "bnds" - already exists in input/output.
working file:  /lcrc/group/acme/ac.szhang/acme_scratch/data/CVDP_RGD/v2_1.LR.historical/v2_1.LR.historical.en01.TSMN.185001-201412.nc
working file:  /lcrc/group/acme/ac.szhang/acme_scratch/data/CVDP_RGD/v2_1.LR.historical/v2_1.LR.historical.en01.TSMX.185001-201412.nc
working file:  /lcrc/group/acme/ac.szhang/acme_scratch/data/CVDP_RGD/v2_1.LR.historical/v2_1.LR.historical.en01.TUH.185001-201412.nc
working file:  /lcrc/group/acme/ac.szhang/acme_scratch/data/CVDP_RGD/v2_1.LR.historical/v2_1.LR.historical.en01.TUQ.185001-201412.nc
working file:  /lcrc/group/acme/ac.szhang/acme_scratch/data/CVDP_RGD/v2_1.LR.historical/v2_1.LR.historical.en01.TVH.185001-201412.nc
working file:  /lcrc/group/acme/ac.szhang/acme_scratch/data/CVDP_RGD/v2_1.LR.historical/v2_1.LR.historical.en01.TVQ.185001-201412.nc
working file:  /lcrc/group/acme/ac.szhang/acme_scratch/data/CVDP_RGD/v2_1.LR.historical/v2_1.LR.historical.en01.U10.185001-201412.nc
ncap2: WARNING ncap_def_dim(): dim "bnds" - already exists in input/output.
working file:  /lcrc/group/acme/ac.szhang/acme_scratch/data/CVDP_RGD/v2_1.LR.historical/v2_1.LR.historical.en01.U200.185001-201412.nc
ncap2: WARNING ncap_def_dim(): dim "bnds" - already exists in input/output.
working file:  /lcrc/group/acme/ac.szhang/acme_scratch/data/CVDP_RGD/v2_1.LR.historical/v2_1.LR.historical.en01.U850.185001-201412.nc
ncap2: WARNING ncap_def_dim(): dim "bnds" - already exists in input/output.
working file:  /lcrc/group/acme/ac.szhang/acme_scratch/data/CVDP_RGD/v2_1.LR.historical/v2_1.LR.historical.en01.V10.185001-201412.nc
ncap2: WARNING ncap_def_dim(): dim "bnds" - already exists in input/output.
working file:  /lcrc/group/acme/ac.szhang/acme_scratch/data/CVDP_RGD/v2_1.LR.historical/v2_1.LR.historical.en01.V200.185001-201412.nc
ncap2: WARNING ncap_def_dim(): dim "bnds" - already exists in input/output.
working file:  /lcrc/group/acme/ac.szhang/acme_scratch/data/CVDP_RGD/v2_1.LR.historical/v2_1.LR.historical.en01.V850.185001-201412.nc
ncap2: WARNING ncap_def_dim(): dim "bnds" - already exists in input/output.
working file:  /lcrc/group/acme/ac.szhang/acme_scratch/data/CVDP_RGD/v2_1.LR.historical/v2_1.LR.historical.en01.Z500.185001-201412.nc
ncap2: WARNING ncap_def_dim(): dim "bnds" - already exists in input/output.
working file:  /lcrc/group/acme/ac.szhang/acme_scratch/data/CVDP_RGD/v2_1.LR.historical/v2_1.LR.historical.en02.AMOC.185001-201412.nc
working file:  /lcrc/group/acme/ac.szhang/acme_scratch/data/CVDP_RGD/v2_1.LR.historical/v2_1.LR.historical.en02.AMOC26.185001-201412.nc
working file:  /lcrc/group/acme/ac.szhang/acme_scratch/data/CVDP_RGD/v2_1.LR.historical/v2_1.LR.historical.en02.AODDUST.185001-201412.nc
working file:  /lcrc/group/acme/ac.szhang/acme_scratch/data/CVDP_RGD/v2_1.LR.historical/v2_1.LR.historical.en02.AODVIS.185001-201412.nc
working file:  /lcrc/group/acme/ac.szhang/acme_scratch/data/CVDP_RGD/v2_1.LR.historical/v2_1.LR.historical.en02.CLDHGH.185001-201412.nc
working file:  /lcrc/group/acme/ac.szhang/acme_scratch/data/CVDP_RGD/v2_1.LR.historical/v2_1.LR.historical.en02.CLDLOW.185001-201412.nc
working file:  /lcrc/group/acme/ac.szhang/acme_scratch/data/CVDP_RGD/v2_1.LR.historical/v2_1.LR.historical.en02.CLDMED.185001-201412.nc
working file:  /lcrc/group/acme/ac.szhang/acme_scratch/data/CVDP_RGD/v2_1.LR.historical/v2_1.LR.historical.en02.CLDTOT.185001-201412.nc
ncap2: WARNING ncap_def_dim(): dim "bnds" - already exists in input/output.
working file:  /lcrc/group/acme/ac.szhang/acme_scratch/data/CVDP_RGD/v2_1.LR.historical/v2_1.LR.historical.en02.CRE.185001-201412.nc
working file:  /lcrc/group/acme/ac.szhang/acme_scratch/data/CVDP_RGD/v2_1.LR.historical/v2_1.LR.historical.en02.CRE_SRF.185001-201412.nc
working file:  /lcrc/group/acme/ac.szhang/acme_scratch/data/CVDP_RGD/v2_1.LR.historical/v2_1.LR.historical.en02.ETH1.185001-201412.nc
working file:  /lcrc/group/acme/ac.szhang/acme_scratch/data/CVDP_RGD/v2_1.LR.historical/v2_1.LR.historical.en02.ETH12.185001-201412.nc
working file:  /lcrc/group/acme/ac.szhang/acme_scratch/data/CVDP_RGD/v2_1.LR.historical/v2_1.LR.historical.en02.ETH2.185001-201412.nc
working file:  /lcrc/group/acme/ac.szhang/acme_scratch/data/CVDP_RGD/v2_1.LR.historical/v2_1.LR.historical.en02.FLDS.185001-201412.nc
ncap2: WARNING ncap_def_dim(): dim "bnds" - already exists in input/output.
working file:  /lcrc/group/acme/ac.szhang/acme_scratch/data/CVDP_RGD/v2_1.LR.historical/v2_1.LR.historical.en02.FLDSC.185001-201412.nc
ncap2: WARNING ncap_def_dim(): dim "bnds" - already exists in input/output.
working file:  /lcrc/group/acme/ac.szhang/acme_scratch/data/CVDP_RGD/v2_1.LR.historical/v2_1.LR.historical.en02.FLNS.185001-201412.nc
working file:  /lcrc/group/acme/ac.szhang/acme_scratch/data/CVDP_RGD/v2_1.LR.historical/v2_1.LR.historical.en02.FLNSC.185001-201412.nc
working file:  /lcrc/group/acme/ac.szhang/acme_scratch/data/CVDP_RGD/v2_1.LR.historical/v2_1.LR.historical.en02.FLNT.185001-201412.nc
working file:  /lcrc/group/acme/ac.szhang/acme_scratch/data/CVDP_RGD/v2_1.LR.historical/v2_1.LR.historical.en02.FLNTC.185001-201412.nc
working file:  /lcrc/group/acme/ac.szhang/acme_scratch/data/CVDP_RGD/v2_1.LR.historical/v2_1.LR.historical.en02.FLUS.185001-201412.nc
ncap2: WARNING ncap_def_dim(): dim "bnds" - already exists in input/output.
working file:  /lcrc/group/acme/ac.szhang/acme_scratch/data/CVDP_RGD/v2_1.LR.historical/v2_1.LR.historical.en02.FLUT.185001-201412.nc
ncap2: WARNING ncap_def_dim(): dim "bnds" - already exists in input/output.
working file:  /lcrc/group/acme/ac.szhang/acme_scratch/data/CVDP_RGD/v2_1.LR.historical/v2_1.LR.historical.en02.FLUTC.185001-201412.nc
ncap2: WARNING ncap_def_dim(): dim "bnds" - already exists in input/output.
working file:  /lcrc/group/acme/ac.szhang/acme_scratch/data/CVDP_RGD/v2_1.LR.historical/v2_1.LR.historical.en02.FSDS.185001-201412.nc
ncap2: WARNING ncap_def_dim(): dim "bnds" - already exists in input/output.
working file:  /lcrc/group/acme/ac.szhang/acme_scratch/data/CVDP_RGD/v2_1.LR.historical/v2_1.LR.historical.en02.FSDSC.185001-201412.nc
ncap2: WARNING ncap_def_dim(): dim "bnds" - already exists in input/output.
working file:  /lcrc/group/acme/ac.szhang/acme_scratch/data/CVDP_RGD/v2_1.LR.historical/v2_1.LR.historical.en02.FSNS.185001-201412.nc
working file:  /lcrc/group/acme/ac.szhang/acme_scratch/data/CVDP_RGD/v2_1.LR.historical/v2_1.LR.historical.en02.FSNSC.185001-201412.nc
working file:  /lcrc/group/acme/ac.szhang/acme_scratch/data/CVDP_RGD/v2_1.LR.historical/v2_1.LR.historical.en02.FSNT.185001-201412.nc
working file:  /lcrc/group/acme/ac.szhang/acme_scratch/data/CVDP_RGD/v2_1.LR.historical/v2_1.LR.historical.en02.FSNTC.185001-201412.nc
working file:  /lcrc/group/acme/ac.szhang/acme_scratch/data/CVDP_RGD/v2_1.LR.historical/v2_1.LR.historical.en02.FSNTOA.185001-201412.nc
working file:  /lcrc/group/acme/ac.szhang/acme_scratch/data/CVDP_RGD/v2_1.LR.historical/v2_1.LR.historical.en02.FSNTOAC.185001-201412.nc
working file:  /lcrc/group/acme/ac.szhang/acme_scratch/data/CVDP_RGD/v2_1.LR.historical/v2_1.LR.historical.en02.FSUS.185001-201412.nc
ncap2: WARNING ncap_def_dim(): dim "bnds" - already exists in input/output.
working file:  /lcrc/group/acme/ac.szhang/acme_scratch/data/CVDP_RGD/v2_1.LR.historical/v2_1.LR.historical.en02.FSUSC.185001-201412.nc
ncap2: WARNING prs_cls::ncap_var_init(): Unable to find variable FSUSC in /lcrc/group/acme/ac.szhang/acme_scratch/data/CVDP_RGD/v2_1.LR.historical/v2_1.LR.historical.en02.FSUSC.185001-201412.nc or /lcrc/group/acme/ac.szhang/acme_scratch/data/CVDP_RGD/v2_1.LR.historical/v2_1.LR.historical.en02.FSUSC.185001-201412.nc.tmp
ncap2: ERROR out(): Could not read var FSUSC
mv: cannot stat ‘/lcrc/group/acme/ac.szhang/acme_scratch/data/CVDP_RGD/v2_1.LR.historical/v2_1.LR.historical.en02.FSUSC.185001-201412.nc.tmp’: No such file or directory
ncap2: WARNING ncap_def_dim(): dim "bnds" - already exists in input/output.
working file:  /lcrc/group/acme/ac.szhang/acme_scratch/data/CVDP_RGD/v2_1.LR.historical/v2_1.LR.historical.en02.FSUTOA.185001-201412.nc
ncap2: WARNING ncap_def_dim(): dim "bnds" - already exists in input/output.
working file:  /lcrc/group/acme/ac.szhang/acme_scratch/data/CVDP_RGD/v2_1.LR.historical/v2_1.LR.historical.en02.FSUTOAC.185001-201412.nc
ncap2: WARNING ncap_def_dim(): dim "bnds" - already exists in input/output.
working file:  /lcrc/group/acme/ac.szhang/acme_scratch/data/CVDP_RGD/v2_1.LR.historical/v2_1.LR.historical.en02.ICEFRAC.185001-201412.nc
working file:  /lcrc/group/acme/ac.szhang/acme_scratch/data/CVDP_RGD/v2_1.LR.historical/v2_1.LR.historical.en02.LANDFRAC.185001-201412.nc
working file:  /lcrc/group/acme/ac.szhang/acme_scratch/data/CVDP_RGD/v2_1.LR.historical/v2_1.LR.historical.en02.LHFLX1.185001-201412.nc
working file:  /lcrc/group/acme/ac.szhang/acme_scratch/data/CVDP_RGD/v2_1.LR.historical/v2_1.LR.historical.en02.LHFLX.185001-201412.nc
ncap2: WARNING ncap_def_dim(): dim "bnds" - already exists in input/output.
working file:  /lcrc/group/acme/ac.szhang/acme_scratch/data/CVDP_RGD/v2_1.LR.historical/v2_1.LR.historical.en02.LWCF.185001-201412.nc
working file:  /lcrc/group/acme/ac.szhang/acme_scratch/data/CVDP_RGD/v2_1.LR.historical/v2_1.LR.historical.en02.LWCRE.185001-201412.nc
ncap2: WARNING ncap_def_dim(): dim "bnds" - already exists in input/output.
working file:  /lcrc/group/acme/ac.szhang/acme_scratch/data/CVDP_RGD/v2_1.LR.historical/v2_1.LR.historical.en02.LWCRE_SRF.185001-201412.nc
working file:  /lcrc/group/acme/ac.szhang/acme_scratch/data/CVDP_RGD/v2_1.LR.historical/v2_1.LR.historical.en02.OCNFRAC.185001-201412.nc
working file:  /lcrc/group/acme/ac.szhang/acme_scratch/data/CVDP_RGD/v2_1.LR.historical/v2_1.LR.historical.en02.OLR.185001-201412.nc
working file:  /lcrc/group/acme/ac.szhang/acme_scratch/data/CVDP_RGD/v2_1.LR.historical/v2_1.LR.historical.en02.OMEGA500.185001-201412.nc
ncap2: WARNING ncap_def_dim(): dim "bnds" - already exists in input/output.
working file:  /lcrc/group/acme/ac.szhang/acme_scratch/data/CVDP_RGD/v2_1.LR.historical/v2_1.LR.historical.en02.PBLH.185001-201412.nc
working file:  /lcrc/group/acme/ac.szhang/acme_scratch/data/CVDP_RGD/v2_1.LR.historical/v2_1.LR.historical.en02.PRECC.185001-201412.nc
ncap2: WARNING ncap_def_dim(): dim "bnds" - already exists in input/output.
working file:  /lcrc/group/acme/ac.szhang/acme_scratch/data/CVDP_RGD/v2_1.LR.historical/v2_1.LR.historical.en02.PRECL.185001-201412.nc
working file:  /lcrc/group/acme/ac.szhang/acme_scratch/data/CVDP_RGD/v2_1.LR.historical/v2_1.LR.historical.en02.PRECSC.185001-201412.nc
working file:  /lcrc/group/acme/ac.szhang/acme_scratch/data/CVDP_RGD/v2_1.LR.historical/v2_1.LR.historical.en02.PRECSL.185001-201412.nc
working file:  /lcrc/group/acme/ac.szhang/acme_scratch/data/CVDP_RGD/v2_1.LR.historical/v2_1.LR.historical.en02.PRECST.185001-201412.nc
ncap2: WARNING ncap_def_dim(): dim "bnds" - already exists in input/output.
working file:  /lcrc/group/acme/ac.szhang/acme_scratch/data/CVDP_RGD/v2_1.LR.historical/v2_1.LR.historical.en02.PRECT.185001-201412.nc
ncap2: WARNING ncap_def_dim(): dim "bnds" - already exists in input/output.
working file:  /lcrc/group/acme/ac.szhang/acme_scratch/data/CVDP_RGD/v2_1.LR.historical/v2_1.LR.historical.en02.PS.185001-201412.nc
ncap2: WARNING ncap_def_dim(): dim "bnds" - already exists in input/output.
working file:  /lcrc/group/acme/ac.szhang/acme_scratch/data/CVDP_RGD/v2_1.LR.historical/v2_1.LR.historical.en02.PSL.185001-201412.nc
ncap2: WARNING ncap_def_dim(): dim "bnds" - already exists in input/output.
working file:  /lcrc/group/acme/ac.szhang/acme_scratch/data/CVDP_RGD/v2_1.LR.historical/v2_1.LR.historical.en02.QFLX.185001-201412.nc
ncap2: WARNING ncap_def_dim(): dim "bnds" - already exists in input/output.
working file:  /lcrc/group/acme/ac.szhang/acme_scratch/data/CVDP_RGD/v2_1.LR.historical/v2_1.LR.historical.en02.QnRad_SRF.185001-201412.nc
ncap2: WARNING ncap_def_dim(): dim "bnds" - already exists in input/output.
working file:  /lcrc/group/acme/ac.szhang/acme_scratch/data/CVDP_RGD/v2_1.LR.historical/v2_1.LR.historical.en02.Qn_SRF.185001-201412.nc
ncap2: WARNING ncap_def_dim(): dim "bnds" - already exists in input/output.
working file:  /lcrc/group/acme/ac.szhang/acme_scratch/data/CVDP_RGD/v2_1.LR.historical/v2_1.LR.historical.en02.QnTot_SRF.185001-201412.nc
ncap2: WARNING ncap_def_dim(): dim "bnds" - already exists in input/output.
working file:  /lcrc/group/acme/ac.szhang/acme_scratch/data/CVDP_RGD/v2_1.LR.historical/v2_1.LR.historical.en02.QnTur_SRF.185001-201412.nc
ncap2: WARNING ncap_def_dim(): dim "bnds" - already exists in input/output.
working file:  /lcrc/group/acme/ac.szhang/acme_scratch/data/CVDP_RGD/v2_1.LR.historical/v2_1.LR.historical.en02.QREFHT.185001-201412.nc
ncap2: WARNING ncap_def_dim(): dim "bnds" - already exists in input/output.
working file:  /lcrc/group/acme/ac.szhang/acme_scratch/data/CVDP_RGD/v2_1.LR.historical/v2_1.LR.historical.en02.RESTOA.185001-201412.nc
ncap2: WARNING ncap_def_dim(): dim "bnds" - already exists in input/output.
working file:  /lcrc/group/acme/ac.szhang/acme_scratch/data/CVDP_RGD/v2_1.LR.historical/v2_1.LR.historical.en02.RESTOM.185001-201412.nc
ncap2: WARNING ncap_def_dim(): dim "bnds" - already exists in input/output.
working file:  /lcrc/group/acme/ac.szhang/acme_scratch/data/CVDP_RGD/v2_1.LR.historical/v2_1.LR.historical.en02.S10.185001-201412.nc
ncap2: WARNING ncap_def_dim(): dim "bnds" - already exists in input/output.
working file:  /lcrc/group/acme/ac.szhang/acme_scratch/data/CVDP_RGD/v2_1.LR.historical/v2_1.LR.historical.en02.SCO.185001-201412.nc
working file:  /lcrc/group/acme/ac.szhang/acme_scratch/data/CVDP_RGD/v2_1.LR.historical/v2_1.LR.historical.en02.SF.185001-201412.nc
working file:  /lcrc/group/acme/ac.szhang/acme_scratch/data/CVDP_RGD/v2_1.LR.historical/v2_1.LR.historical.en02.SFO3.185001-201412.nc
working file:  /lcrc/group/acme/ac.szhang/acme_scratch/data/CVDP_RGD/v2_1.LR.historical/v2_1.LR.historical.en02.SHFLX.185001-201412.nc
ncap2: WARNING ncap_def_dim(): dim "bnds" - already exists in input/output.
working file:  /lcrc/group/acme/ac.szhang/acme_scratch/data/CVDP_RGD/v2_1.LR.historical/v2_1.LR.historical.en02.SNFRAC.185001-201412.nc
working file:  /lcrc/group/acme/ac.szhang/acme_scratch/data/CVDP_RGD/v2_1.LR.historical/v2_1.LR.historical.en02.SNOW.185001-201412.nc
working file:  /lcrc/group/acme/ac.szhang/acme_scratch/data/CVDP_RGD/v2_1.LR.historical/v2_1.LR.historical.en02.SNOWDP.185001-201412.nc
working file:  /lcrc/group/acme/ac.szhang/acme_scratch/data/CVDP_RGD/v2_1.LR.historical/v2_1.LR.historical.en02.SNOWHICE.185001-201412.nc
working file:  /lcrc/group/acme/ac.szhang/acme_scratch/data/CVDP_RGD/v2_1.LR.historical/v2_1.LR.historical.en02.SNOWHLND.185001-201412.nc
working file:  /lcrc/group/acme/ac.szhang/acme_scratch/data/CVDP_RGD/v2_1.LR.historical/v2_1.LR.historical.en02.SOILWATER.185001-201412.nc
working file:  /lcrc/group/acme/ac.szhang/acme_scratch/data/CVDP_RGD/v2_1.LR.historical/v2_1.LR.historical.en02.SOLIN.185001-201412.nc
ncap2: WARNING ncap_def_dim(): dim "bnds" - already exists in input/output.
working file:  /lcrc/group/acme/ac.szhang/acme_scratch/data/CVDP_RGD/v2_1.LR.historical/v2_1.LR.historical.en02.SWCF.185001-201412.nc
working file:  /lcrc/group/acme/ac.szhang/acme_scratch/data/CVDP_RGD/v2_1.LR.historical/v2_1.LR.historical.en02.SWCRE.185001-201412.nc
ncap2: WARNING ncap_def_dim(): dim "bnds" - already exists in input/output.
working file:  /lcrc/group/acme/ac.szhang/acme_scratch/data/CVDP_RGD/v2_1.LR.historical/v2_1.LR.historical.en02.SWCRE_SRF.185001-201412.nc
working file:  /lcrc/group/acme/ac.szhang/acme_scratch/data/CVDP_RGD/v2_1.LR.historical/v2_1.LR.historical.en02.T850.185001-201412.nc
ncap2: WARNING ncap_def_dim(): dim "bnds" - already exists in input/output.
working file:  /lcrc/group/acme/ac.szhang/acme_scratch/data/CVDP_RGD/v2_1.LR.historical/v2_1.LR.historical.en02.TAUGWX.185001-201412.nc
working file:  /lcrc/group/acme/ac.szhang/acme_scratch/data/CVDP_RGD/v2_1.LR.historical/v2_1.LR.historical.en02.TAUGWY.185001-201412.nc
working file:  /lcrc/group/acme/ac.szhang/acme_scratch/data/CVDP_RGD/v2_1.LR.historical/v2_1.LR.historical.en02.TAUX.185001-201412.nc
ncap2: WARNING ncap_def_dim(): dim "bnds" - already exists in input/output.
working file:  /lcrc/group/acme/ac.szhang/acme_scratch/data/CVDP_RGD/v2_1.LR.historical/v2_1.LR.historical.en02.TAUY.185001-201412.nc
ncap2: WARNING ncap_def_dim(): dim "bnds" - already exists in input/output.
working file:  /lcrc/group/acme/ac.szhang/acme_scratch/data/CVDP_RGD/v2_1.LR.historical/v2_1.LR.historical.en02.TCO.185001-201412.nc
working file:  /lcrc/group/acme/ac.szhang/acme_scratch/data/CVDP_RGD/v2_1.LR.historical/v2_1.LR.historical.en02.TGCLDCWP.185001-201412.nc
working file:  /lcrc/group/acme/ac.szhang/acme_scratch/data/CVDP_RGD/v2_1.LR.historical/v2_1.LR.historical.en02.TGCLDIWP.185001-201412.nc
ncap2: WARNING ncap_def_dim(): dim "bnds" - already exists in input/output.
working file:  /lcrc/group/acme/ac.szhang/acme_scratch/data/CVDP_RGD/v2_1.LR.historical/v2_1.LR.historical.en02.TGCLDLWP.185001-201412.nc
ncap2: WARNING ncap_def_dim(): dim "bnds" - already exists in input/output.
working file:  /lcrc/group/acme/ac.szhang/acme_scratch/data/CVDP_RGD/v2_1.LR.historical/v2_1.LR.historical.en02.TH7001000.185001-201412.nc
working file:  /lcrc/group/acme/ac.szhang/acme_scratch/data/CVDP_RGD/v2_1.LR.historical/v2_1.LR.historical.en02.TMQ.185001-201412.nc
ncap2: WARNING ncap_def_dim(): dim "bnds" - already exists in input/output.
working file:  /lcrc/group/acme/ac.szhang/acme_scratch/data/CVDP_RGD/v2_1.LR.historical/v2_1.LR.historical.en02.TREFHT.185001-201412.nc
ncap2: WARNING ncap_def_dim(): dim "bnds" - already exists in input/output.
working file:  /lcrc/group/acme/ac.szhang/acme_scratch/data/CVDP_RGD/v2_1.LR.historical/v2_1.LR.historical.en02.TREFMNAV.185001-201412.nc
working file:  /lcrc/group/acme/ac.szhang/acme_scratch/data/CVDP_RGD/v2_1.LR.historical/v2_1.LR.historical.en02.TREFMXAV.185001-201412.nc
working file:  /lcrc/group/acme/ac.szhang/acme_scratch/data/CVDP_RGD/v2_1.LR.historical/v2_1.LR.historical.en02.TS.185001-201412.nc
ncap2: WARNING ncap_def_dim(): dim "bnds" - already exists in input/output.
working file:  /lcrc/group/acme/ac.szhang/acme_scratch/data/CVDP_RGD/v2_1.LR.historical/v2_1.LR.historical.en02.TSMN.185001-201412.nc
working file:  /lcrc/group/acme/ac.szhang/acme_scratch/data/CVDP_RGD/v2_1.LR.historical/v2_1.LR.historical.en02.TSMX.185001-201412.nc
working file:  /lcrc/group/acme/ac.szhang/acme_scratch/data/CVDP_RGD/v2_1.LR.historical/v2_1.LR.historical.en02.TUH.185001-201412.nc
working file:  /lcrc/group/acme/ac.szhang/acme_scratch/data/CVDP_RGD/v2_1.LR.historical/v2_1.LR.historical.en02.TUQ.185001-201412.nc
working file:  /lcrc/group/acme/ac.szhang/acme_scratch/data/CVDP_RGD/v2_1.LR.historical/v2_1.LR.historical.en02.TVH.185001-201412.nc
working file:  /lcrc/group/acme/ac.szhang/acme_scratch/data/CVDP_RGD/v2_1.LR.historical/v2_1.LR.historical.en02.TVQ.185001-201412.nc
working file:  /lcrc/group/acme/ac.szhang/acme_scratch/data/CVDP_RGD/v2_1.LR.historical/v2_1.LR.historical.en02.U10.185001-201412.nc
ncap2: WARNING ncap_def_dim(): dim "bnds" - already exists in input/output.
working file:  /lcrc/group/acme/ac.szhang/acme_scratch/data/CVDP_RGD/v2_1.LR.historical/v2_1.LR.historical.en02.U200.185001-201412.nc
ncap2: WARNING ncap_def_dim(): dim "bnds" - already exists in input/output.
working file:  /lcrc/group/acme/ac.szhang/acme_scratch/data/CVDP_RGD/v2_1.LR.historical/v2_1.LR.historical.en02.U850.185001-201412.nc
ncap2: WARNING ncap_def_dim(): dim "bnds" - already exists in input/output.
working file:  /lcrc/group/acme/ac.szhang/acme_scratch/data/CVDP_RGD/v2_1.LR.historical/v2_1.LR.historical.en02.V10.185001-201412.nc
ncap2: WARNING ncap_def_dim(): dim "bnds" - already exists in input/output.
working file:  /lcrc/group/acme/ac.szhang/acme_scratch/data/CVDP_RGD/v2_1.LR.historical/v2_1.LR.historical.en02.V200.185001-201412.nc
ncap2: WARNING ncap_def_dim(): dim "bnds" - already exists in input/output.
working file:  /lcrc/group/acme/ac.szhang/acme_scratch/data/CVDP_RGD/v2_1.LR.historical/v2_1.LR.historical.en02.V850.185001-201412.nc
ncap2: WARNING ncap_def_dim(): dim "bnds" - already exists in input/output.
working file:  /lcrc/group/acme/ac.szhang/acme_scratch/data/CVDP_RGD/v2_1.LR.historical/v2_1.LR.historical.en02.Z500.185001-201412.nc
ncap2: WARNING ncap_def_dim(): dim "bnds" - already exists in input/output.
working file:  /lcrc/group/acme/ac.szhang/acme_scratch/data/CVDP_RGD/v2_1.LR.historical/v2_1.LR.historical.en03.AMOC.185001-201412.nc
working file:  /lcrc/group/acme/ac.szhang/acme_scratch/data/CVDP_RGD/v2_1.LR.historical/v2_1.LR.historical.en03.AMOC26.185001-201412.nc
working file:  /lcrc/group/acme/ac.szhang/acme_scratch/data/CVDP_RGD/v2_1.LR.historical/v2_1.LR.historical.en03.AODDUST.185001-201412.nc
working file:  /lcrc/group/acme/ac.szhang/acme_scratch/data/CVDP_RGD/v2_1.LR.historical/v2_1.LR.historical.en03.AODVIS.185001-201412.nc
working file:  /lcrc/group/acme/ac.szhang/acme_scratch/data/CVDP_RGD/v2_1.LR.historical/v2_1.LR.historical.en03.CLDHGH.185001-201412.nc
working file:  /lcrc/group/acme/ac.szhang/acme_scratch/data/CVDP_RGD/v2_1.LR.historical/v2_1.LR.historical.en03.CLDLOW.185001-201412.nc
working file:  /lcrc/group/acme/ac.szhang/acme_scratch/data/CVDP_RGD/v2_1.LR.historical/v2_1.LR.historical.en03.CLDMED.185001-201412.nc
working file:  /lcrc/group/acme/ac.szhang/acme_scratch/data/CVDP_RGD/v2_1.LR.historical/v2_1.LR.historical.en03.CLDTOT.185001-201412.nc
ncap2: WARNING ncap_def_dim(): dim "bnds" - already exists in input/output.
working file:  /lcrc/group/acme/ac.szhang/acme_scratch/data/CVDP_RGD/v2_1.LR.historical/v2_1.LR.historical.en03.CRE.185001-201412.nc
working file:  /lcrc/group/acme/ac.szhang/acme_scratch/data/CVDP_RGD/v2_1.LR.historical/v2_1.LR.historical.en03.CRE_SRF.185001-201412.nc
working file:  /lcrc/group/acme/ac.szhang/acme_scratch/data/CVDP_RGD/v2_1.LR.historical/v2_1.LR.historical.en03.ETH1.185001-201412.nc
working file:  /lcrc/group/acme/ac.szhang/acme_scratch/data/CVDP_RGD/v2_1.LR.historical/v2_1.LR.historical.en03.ETH12.185001-201412.nc
working file:  /lcrc/group/acme/ac.szhang/acme_scratch/data/CVDP_RGD/v2_1.LR.historical/v2_1.LR.historical.en03.ETH2.185001-201412.nc
working file:  /lcrc/group/acme/ac.szhang/acme_scratch/data/CVDP_RGD/v2_1.LR.historical/v2_1.LR.historical.en03.FLDS.185001-201412.nc
ncap2: WARNING ncap_def_dim(): dim "bnds" - already exists in input/output.
working file:  /lcrc/group/acme/ac.szhang/acme_scratch/data/CVDP_RGD/v2_1.LR.historical/v2_1.LR.historical.en03.FLDSC.185001-201412.nc
ncap2: WARNING ncap_def_dim(): dim "bnds" - already exists in input/output.
working file:  /lcrc/group/acme/ac.szhang/acme_scratch/data/CVDP_RGD/v2_1.LR.historical/v2_1.LR.historical.en03.FLNS.185001-201412.nc
working file:  /lcrc/group/acme/ac.szhang/acme_scratch/data/CVDP_RGD/v2_1.LR.historical/v2_1.LR.historical.en03.FLNSC.185001-201412.nc
working file:  /lcrc/group/acme/ac.szhang/acme_scratch/data/CVDP_RGD/v2_1.LR.historical/v2_1.LR.historical.en03.FLNT.185001-201412.nc
working file:  /lcrc/group/acme/ac.szhang/acme_scratch/data/CVDP_RGD/v2_1.LR.historical/v2_1.LR.historical.en03.FLNTC.185001-201412.nc
working file:  /lcrc/group/acme/ac.szhang/acme_scratch/data/CVDP_RGD/v2_1.LR.historical/v2_1.LR.historical.en03.FLUS.185001-201412.nc
ncap2: WARNING ncap_def_dim(): dim "bnds" - already exists in input/output.
working file:  /lcrc/group/acme/ac.szhang/acme_scratch/data/CVDP_RGD/v2_1.LR.historical/v2_1.LR.historical.en03.FLUT.185001-201412.nc
ncap2: WARNING ncap_def_dim(): dim "bnds" - already exists in input/output.
working file:  /lcrc/group/acme/ac.szhang/acme_scratch/data/CVDP_RGD/v2_1.LR.historical/v2_1.LR.historical.en03.FLUTC.185001-201412.nc
ncap2: WARNING ncap_def_dim(): dim "bnds" - already exists in input/output.
working file:  /lcrc/group/acme/ac.szhang/acme_scratch/data/CVDP_RGD/v2_1.LR.historical/v2_1.LR.historical.en03.FSDS.185001-201412.nc
ncap2: WARNING ncap_def_dim(): dim "bnds" - already exists in input/output.
working file:  /lcrc/group/acme/ac.szhang/acme_scratch/data/CVDP_RGD/v2_1.LR.historical/v2_1.LR.historical.en03.FSDSC.185001-201412.nc
ncap2: WARNING ncap_def_dim(): dim "bnds" - already exists in input/output.
working file:  /lcrc/group/acme/ac.szhang/acme_scratch/data/CVDP_RGD/v2_1.LR.historical/v2_1.LR.historical.en03.FSNS.185001-201412.nc
working file:  /lcrc/group/acme/ac.szhang/acme_scratch/data/CVDP_RGD/v2_1.LR.historical/v2_1.LR.historical.en03.FSNSC.185001-201412.nc
working file:  /lcrc/group/acme/ac.szhang/acme_scratch/data/CVDP_RGD/v2_1.LR.historical/v2_1.LR.historical.en03.FSNT.185001-201412.nc
working file:  /lcrc/group/acme/ac.szhang/acme_scratch/data/CVDP_RGD/v2_1.LR.historical/v2_1.LR.historical.en03.FSNTC.185001-201412.nc
working file:  /lcrc/group/acme/ac.szhang/acme_scratch/data/CVDP_RGD/v2_1.LR.historical/v2_1.LR.historical.en03.FSNTOA.185001-201412.nc
working file:  /lcrc/group/acme/ac.szhang/acme_scratch/data/CVDP_RGD/v2_1.LR.historical/v2_1.LR.historical.en03.FSNTOAC.185001-201412.nc
working file:  /lcrc/group/acme/ac.szhang/acme_scratch/data/CVDP_RGD/v2_1.LR.historical/v2_1.LR.historical.en03.FSUS.185001-201412.nc
ncap2: WARNING ncap_def_dim(): dim "bnds" - already exists in input/output.
working file:  /lcrc/group/acme/ac.szhang/acme_scratch/data/CVDP_RGD/v2_1.LR.historical/v2_1.LR.historical.en03.FSUSC.185001-201412.nc
ncap2: WARNING prs_cls::ncap_var_init(): Unable to find variable FSUSC in /lcrc/group/acme/ac.szhang/acme_scratch/data/CVDP_RGD/v2_1.LR.historical/v2_1.LR.historical.en03.FSUSC.185001-201412.nc or /lcrc/group/acme/ac.szhang/acme_scratch/data/CVDP_RGD/v2_1.LR.historical/v2_1.LR.historical.en03.FSUSC.185001-201412.nc.tmp
ncap2: ERROR out(): Could not read var FSUSC
mv: cannot stat ‘/lcrc/group/acme/ac.szhang/acme_scratch/data/CVDP_RGD/v2_1.LR.historical/v2_1.LR.historical.en03.FSUSC.185001-201412.nc.tmp’: No such file or directory
ncap2: WARNING ncap_def_dim(): dim "bnds" - already exists in input/output.
working file:  /lcrc/group/acme/ac.szhang/acme_scratch/data/CVDP_RGD/v2_1.LR.historical/v2_1.LR.historical.en03.FSUTOA.185001-201412.nc
ncap2: WARNING ncap_def_dim(): dim "bnds" - already exists in input/output.
working file:  /lcrc/group/acme/ac.szhang/acme_scratch/data/CVDP_RGD/v2_1.LR.historical/v2_1.LR.historical.en03.FSUTOAC.185001-201412.nc
ncap2: WARNING ncap_def_dim(): dim "bnds" - already exists in input/output.
working file:  /lcrc/group/acme/ac.szhang/acme_scratch/data/CVDP_RGD/v2_1.LR.historical/v2_1.LR.historical.en03.ICEFRAC.185001-201412.nc
working file:  /lcrc/group/acme/ac.szhang/acme_scratch/data/CVDP_RGD/v2_1.LR.historical/v2_1.LR.historical.en03.LANDFRAC.185001-201412.nc
working file:  /lcrc/group/acme/ac.szhang/acme_scratch/data/CVDP_RGD/v2_1.LR.historical/v2_1.LR.historical.en03.LHFLX1.185001-201412.nc
working file:  /lcrc/group/acme/ac.szhang/acme_scratch/data/CVDP_RGD/v2_1.LR.historical/v2_1.LR.historical.en03.LHFLX.185001-201412.nc
ncap2: WARNING ncap_def_dim(): dim "bnds" - already exists in input/output.
working file:  /lcrc/group/acme/ac.szhang/acme_scratch/data/CVDP_RGD/v2_1.LR.historical/v2_1.LR.historical.en03.LWCF.185001-201412.nc
working file:  /lcrc/group/acme/ac.szhang/acme_scratch/data/CVDP_RGD/v2_1.LR.historical/v2_1.LR.historical.en03.LWCRE.185001-201412.nc
ncap2: WARNING ncap_def_dim(): dim "bnds" - already exists in input/output.
working file:  /lcrc/group/acme/ac.szhang/acme_scratch/data/CVDP_RGD/v2_1.LR.historical/v2_1.LR.historical.en03.LWCRE_SRF.185001-201412.nc
working file:  /lcrc/group/acme/ac.szhang/acme_scratch/data/CVDP_RGD/v2_1.LR.historical/v2_1.LR.historical.en03.OCNFRAC.185001-201412.nc
working file:  /lcrc/group/acme/ac.szhang/acme_scratch/data/CVDP_RGD/v2_1.LR.historical/v2_1.LR.historical.en03.OLR.185001-201412.nc
working file:  /lcrc/group/acme/ac.szhang/acme_scratch/data/CVDP_RGD/v2_1.LR.historical/v2_1.LR.historical.en03.OMEGA500.185001-201412.nc
ncap2: WARNING ncap_def_dim(): dim "bnds" - already exists in input/output.
working file:  /lcrc/group/acme/ac.szhang/acme_scratch/data/CVDP_RGD/v2_1.LR.historical/v2_1.LR.historical.en03.PBLH.185001-201412.nc
working file:  /lcrc/group/acme/ac.szhang/acme_scratch/data/CVDP_RGD/v2_1.LR.historical/v2_1.LR.historical.en03.PRECC.185001-201412.nc
ncap2: WARNING ncap_def_dim(): dim "bnds" - already exists in input/output.
working file:  /lcrc/group/acme/ac.szhang/acme_scratch/data/CVDP_RGD/v2_1.LR.historical/v2_1.LR.historical.en03.PRECL.185001-201412.nc
working file:  /lcrc/group/acme/ac.szhang/acme_scratch/data/CVDP_RGD/v2_1.LR.historical/v2_1.LR.historical.en03.PRECSC.185001-201412.nc
working file:  /lcrc/group/acme/ac.szhang/acme_scratch/data/CVDP_RGD/v2_1.LR.historical/v2_1.LR.historical.en03.PRECSL.185001-201412.nc
working file:  /lcrc/group/acme/ac.szhang/acme_scratch/data/CVDP_RGD/v2_1.LR.historical/v2_1.LR.historical.en03.PRECST.185001-201412.nc
ncap2: WARNING ncap_def_dim(): dim "bnds" - already exists in input/output.
working file:  /lcrc/group/acme/ac.szhang/acme_scratch/data/CVDP_RGD/v2_1.LR.historical/v2_1.LR.historical.en03.PRECT.185001-201412.nc
ncap2: WARNING ncap_def_dim(): dim "bnds" - already exists in input/output.
working file:  /lcrc/group/acme/ac.szhang/acme_scratch/data/CVDP_RGD/v2_1.LR.historical/v2_1.LR.historical.en03.PS.185001-201412.nc
ncap2: WARNING ncap_def_dim(): dim "bnds" - already exists in input/output.
working file:  /lcrc/group/acme/ac.szhang/acme_scratch/data/CVDP_RGD/v2_1.LR.historical/v2_1.LR.historical.en03.PSL.185001-201412.nc
ncap2: WARNING ncap_def_dim(): dim "bnds" - already exists in input/output.
working file:  /lcrc/group/acme/ac.szhang/acme_scratch/data/CVDP_RGD/v2_1.LR.historical/v2_1.LR.historical.en03.QFLX.185001-201412.nc
ncap2: WARNING ncap_def_dim(): dim "bnds" - already exists in input/output.
working file:  /lcrc/group/acme/ac.szhang/acme_scratch/data/CVDP_RGD/v2_1.LR.historical/v2_1.LR.historical.en03.QnRad_SRF.185001-201412.nc
ncap2: WARNING ncap_def_dim(): dim "bnds" - already exists in input/output.
working file:  /lcrc/group/acme/ac.szhang/acme_scratch/data/CVDP_RGD/v2_1.LR.historical/v2_1.LR.historical.en03.Qn_SRF.185001-201412.nc
ncap2: WARNING ncap_def_dim(): dim "bnds" - already exists in input/output.
working file:  /lcrc/group/acme/ac.szhang/acme_scratch/data/CVDP_RGD/v2_1.LR.historical/v2_1.LR.historical.en03.QnTot_SRF.185001-201412.nc
ncap2: WARNING ncap_def_dim(): dim "bnds" - already exists in input/output.
working file:  /lcrc/group/acme/ac.szhang/acme_scratch/data/CVDP_RGD/v2_1.LR.historical/v2_1.LR.historical.en03.QnTur_SRF.185001-201412.nc
ncap2: WARNING ncap_def_dim(): dim "bnds" - already exists in input/output.
working file:  /lcrc/group/acme/ac.szhang/acme_scratch/data/CVDP_RGD/v2_1.LR.historical/v2_1.LR.historical.en03.QREFHT.185001-201412.nc
ncap2: WARNING ncap_def_dim(): dim "bnds" - already exists in input/output.
working file:  /lcrc/group/acme/ac.szhang/acme_scratch/data/CVDP_RGD/v2_1.LR.historical/v2_1.LR.historical.en03.RESTOA.185001-201412.nc
ncap2: WARNING ncap_def_dim(): dim "bnds" - already exists in input/output.
working file:  /lcrc/group/acme/ac.szhang/acme_scratch/data/CVDP_RGD/v2_1.LR.historical/v2_1.LR.historical.en03.RESTOM.185001-201412.nc
ncap2: WARNING ncap_def_dim(): dim "bnds" - already exists in input/output.
working file:  /lcrc/group/acme/ac.szhang/acme_scratch/data/CVDP_RGD/v2_1.LR.historical/v2_1.LR.historical.en03.S10.185001-201412.nc
ncap2: WARNING ncap_def_dim(): dim "bnds" - already exists in input/output.
working file:  /lcrc/group/acme/ac.szhang/acme_scratch/data/CVDP_RGD/v2_1.LR.historical/v2_1.LR.historical.en03.SCO.185001-201412.nc
working file:  /lcrc/group/acme/ac.szhang/acme_scratch/data/CVDP_RGD/v2_1.LR.historical/v2_1.LR.historical.en03.SF.185001-201412.nc
working file:  /lcrc/group/acme/ac.szhang/acme_scratch/data/CVDP_RGD/v2_1.LR.historical/v2_1.LR.historical.en03.SFO3.185001-201412.nc
working file:  /lcrc/group/acme/ac.szhang/acme_scratch/data/CVDP_RGD/v2_1.LR.historical/v2_1.LR.historical.en03.SHFLX.185001-201412.nc
ncap2: WARNING ncap_def_dim(): dim "bnds" - already exists in input/output.
working file:  /lcrc/group/acme/ac.szhang/acme_scratch/data/CVDP_RGD/v2_1.LR.historical/v2_1.LR.historical.en03.SNFRAC.185001-201412.nc
working file:  /lcrc/group/acme/ac.szhang/acme_scratch/data/CVDP_RGD/v2_1.LR.historical/v2_1.LR.historical.en03.SNOW.185001-201412.nc
working file:  /lcrc/group/acme/ac.szhang/acme_scratch/data/CVDP_RGD/v2_1.LR.historical/v2_1.LR.historical.en03.SNOWDP.185001-201412.nc
working file:  /lcrc/group/acme/ac.szhang/acme_scratch/data/CVDP_RGD/v2_1.LR.historical/v2_1.LR.historical.en03.SNOWHICE.185001-201412.nc
working file:  /lcrc/group/acme/ac.szhang/acme_scratch/data/CVDP_RGD/v2_1.LR.historical/v2_1.LR.historical.en03.SNOWHLND.185001-201412.nc
working file:  /lcrc/group/acme/ac.szhang/acme_scratch/data/CVDP_RGD/v2_1.LR.historical/v2_1.LR.historical.en03.SOILWATER.185001-201412.nc
working file:  /lcrc/group/acme/ac.szhang/acme_scratch/data/CVDP_RGD/v2_1.LR.historical/v2_1.LR.historical.en03.SOLIN.185001-201412.nc
ncap2: WARNING ncap_def_dim(): dim "bnds" - already exists in input/output.
working file:  /lcrc/group/acme/ac.szhang/acme_scratch/data/CVDP_RGD/v2_1.LR.historical/v2_1.LR.historical.en03.SWCF.185001-201412.nc
working file:  /lcrc/group/acme/ac.szhang/acme_scratch/data/CVDP_RGD/v2_1.LR.historical/v2_1.LR.historical.en03.SWCRE.185001-201412.nc
ncap2: WARNING ncap_def_dim(): dim "bnds" - already exists in input/output.
working file:  /lcrc/group/acme/ac.szhang/acme_scratch/data/CVDP_RGD/v2_1.LR.historical/v2_1.LR.historical.en03.SWCRE_SRF.185001-201412.nc
working file:  /lcrc/group/acme/ac.szhang/acme_scratch/data/CVDP_RGD/v2_1.LR.historical/v2_1.LR.historical.en03.T850.185001-201412.nc
ncap2: WARNING ncap_def_dim(): dim "bnds" - already exists in input/output.
working file:  /lcrc/group/acme/ac.szhang/acme_scratch/data/CVDP_RGD/v2_1.LR.historical/v2_1.LR.historical.en03.TAUGWX.185001-201412.nc
working file:  /lcrc/group/acme/ac.szhang/acme_scratch/data/CVDP_RGD/v2_1.LR.historical/v2_1.LR.historical.en03.TAUGWY.185001-201412.nc
working file:  /lcrc/group/acme/ac.szhang/acme_scratch/data/CVDP_RGD/v2_1.LR.historical/v2_1.LR.historical.en03.TAUX.185001-201412.nc
ncap2: WARNING ncap_def_dim(): dim "bnds" - already exists in input/output.
working file:  /lcrc/group/acme/ac.szhang/acme_scratch/data/CVDP_RGD/v2_1.LR.historical/v2_1.LR.historical.en03.TAUY.185001-201412.nc
ncap2: WARNING ncap_def_dim(): dim "bnds" - already exists in input/output.
working file:  /lcrc/group/acme/ac.szhang/acme_scratch/data/CVDP_RGD/v2_1.LR.historical/v2_1.LR.historical.en03.TCO.185001-201412.nc
working file:  /lcrc/group/acme/ac.szhang/acme_scratch/data/CVDP_RGD/v2_1.LR.historical/v2_1.LR.historical.en03.TGCLDCWP.185001-201412.nc
working file:  /lcrc/group/acme/ac.szhang/acme_scratch/data/CVDP_RGD/v2_1.LR.historical/v2_1.LR.historical.en03.TGCLDIWP.185001-201412.nc
ncap2: WARNING ncap_def_dim(): dim "bnds" - already exists in input/output.
working file:  /lcrc/group/acme/ac.szhang/acme_scratch/data/CVDP_RGD/v2_1.LR.historical/v2_1.LR.historical.en03.TGCLDLWP.185001-201412.nc
ncap2: WARNING ncap_def_dim(): dim "bnds" - already exists in input/output.
working file:  /lcrc/group/acme/ac.szhang/acme_scratch/data/CVDP_RGD/v2_1.LR.historical/v2_1.LR.historical.en03.TH7001000.185001-201412.nc
working file:  /lcrc/group/acme/ac.szhang/acme_scratch/data/CVDP_RGD/v2_1.LR.historical/v2_1.LR.historical.en03.TMQ.185001-201412.nc
ncap2: WARNING ncap_def_dim(): dim "bnds" - already exists in input/output.
working file:  /lcrc/group/acme/ac.szhang/acme_scratch/data/CVDP_RGD/v2_1.LR.historical/v2_1.LR.historical.en03.TREFHT.185001-201412.nc
ncap2: WARNING ncap_def_dim(): dim "bnds" - already exists in input/output.
working file:  /lcrc/group/acme/ac.szhang/acme_scratch/data/CVDP_RGD/v2_1.LR.historical/v2_1.LR.historical.en03.TREFMNAV.185001-201412.nc
working file:  /lcrc/group/acme/ac.szhang/acme_scratch/data/CVDP_RGD/v2_1.LR.historical/v2_1.LR.historical.en03.TREFMXAV.185001-201412.nc
working file:  /lcrc/group/acme/ac.szhang/acme_scratch/data/CVDP_RGD/v2_1.LR.historical/v2_1.LR.historical.en03.TS.185001-201412.nc
ncap2: WARNING ncap_def_dim(): dim "bnds" - already exists in input/output.
working file:  /lcrc/group/acme/ac.szhang/acme_scratch/data/CVDP_RGD/v2_1.LR.historical/v2_1.LR.historical.en03.TSMN.185001-201412.nc
working file:  /lcrc/group/acme/ac.szhang/acme_scratch/data/CVDP_RGD/v2_1.LR.historical/v2_1.LR.historical.en03.TSMX.185001-201412.nc
working file:  /lcrc/group/acme/ac.szhang/acme_scratch/data/CVDP_RGD/v2_1.LR.historical/v2_1.LR.historical.en03.TUH.185001-201412.nc
working file:  /lcrc/group/acme/ac.szhang/acme_scratch/data/CVDP_RGD/v2_1.LR.historical/v2_1.LR.historical.en03.TUQ.185001-201412.nc
working file:  /lcrc/group/acme/ac.szhang/acme_scratch/data/CVDP_RGD/v2_1.LR.historical/v2_1.LR.historical.en03.TVH.185001-201412.nc
working file:  /lcrc/group/acme/ac.szhang/acme_scratch/data/CVDP_RGD/v2_1.LR.historical/v2_1.LR.historical.en03.TVQ.185001-201412.nc
working file:  /lcrc/group/acme/ac.szhang/acme_scratch/data/CVDP_RGD/v2_1.LR.historical/v2_1.LR.historical.en03.U10.185001-201412.nc
ncap2: WARNING ncap_def_dim(): dim "bnds" - already exists in input/output.
working file:  /lcrc/group/acme/ac.szhang/acme_scratch/data/CVDP_RGD/v2_1.LR.historical/v2_1.LR.historical.en03.U200.185001-201412.nc
ncap2: WARNING ncap_def_dim(): dim "bnds" - already exists in input/output.
working file:  /lcrc/group/acme/ac.szhang/acme_scratch/data/CVDP_RGD/v2_1.LR.historical/v2_1.LR.historical.en03.U850.185001-201412.nc
ncap2: WARNING ncap_def_dim(): dim "bnds" - already exists in input/output.
working file:  /lcrc/group/acme/ac.szhang/acme_scratch/data/CVDP_RGD/v2_1.LR.historical/v2_1.LR.historical.en03.V10.185001-201412.nc
ncap2: WARNING ncap_def_dim(): dim "bnds" - already exists in input/output.
working file:  /lcrc/group/acme/ac.szhang/acme_scratch/data/CVDP_RGD/v2_1.LR.historical/v2_1.LR.historical.en03.V200.185001-201412.nc
ncap2: WARNING ncap_def_dim(): dim "bnds" - already exists in input/output.
working file:  /lcrc/group/acme/ac.szhang/acme_scratch/data/CVDP_RGD/v2_1.LR.historical/v2_1.LR.historical.en03.V850.185001-201412.nc
ncap2: WARNING ncap_def_dim(): dim "bnds" - already exists in input/output.
working file:  /lcrc/group/acme/ac.szhang/acme_scratch/data/CVDP_RGD/v2_1.LR.historical/v2_1.LR.historical.en03.Z500.185001-201412.nc
ncap2: WARNING ncap_def_dim(): dim "bnds" - already exists in input/output.
working file:  /lcrc/group/acme/ac.szhang/acme_scratch/data/CVDP_RGD/v2_1.LR.historical/v2_1.LR.historical.en04.AMOC.185001-201412.nc
working file:  /lcrc/group/acme/ac.szhang/acme_scratch/data/CVDP_RGD/v2_1.LR.historical/v2_1.LR.historical.en04.AMOC26.185001-201412.nc
working file:  /lcrc/group/acme/ac.szhang/acme_scratch/data/CVDP_RGD/v2_1.LR.historical/v2_1.LR.historical.en04.AODDUST.185001-201412.nc
working file:  /lcrc/group/acme/ac.szhang/acme_scratch/data/CVDP_RGD/v2_1.LR.historical/v2_1.LR.historical.en04.AODVIS.185001-201412.nc
working file:  /lcrc/group/acme/ac.szhang/acme_scratch/data/CVDP_RGD/v2_1.LR.historical/v2_1.LR.historical.en04.CLDHGH.185001-201412.nc
working file:  /lcrc/group/acme/ac.szhang/acme_scratch/data/CVDP_RGD/v2_1.LR.historical/v2_1.LR.historical.en04.CLDLOW.185001-201412.nc
working file:  /lcrc/group/acme/ac.szhang/acme_scratch/data/CVDP_RGD/v2_1.LR.historical/v2_1.LR.historical.en04.CLDMED.185001-201412.nc
working file:  /lcrc/group/acme/ac.szhang/acme_scratch/data/CVDP_RGD/v2_1.LR.historical/v2_1.LR.historical.en04.CLDTOT.185001-201412.nc
ncap2: WARNING ncap_def_dim(): dim "bnds" - already exists in input/output.
working file:  /lcrc/group/acme/ac.szhang/acme_scratch/data/CVDP_RGD/v2_1.LR.historical/v2_1.LR.historical.en04.CRE.185001-201412.nc
working file:  /lcrc/group/acme/ac.szhang/acme_scratch/data/CVDP_RGD/v2_1.LR.historical/v2_1.LR.historical.en04.CRE_SRF.185001-201412.nc
working file:  /lcrc/group/acme/ac.szhang/acme_scratch/data/CVDP_RGD/v2_1.LR.historical/v2_1.LR.historical.en04.ETH1.185001-201412.nc
working file:  /lcrc/group/acme/ac.szhang/acme_scratch/data/CVDP_RGD/v2_1.LR.historical/v2_1.LR.historical.en04.ETH12.185001-201412.nc
working file:  /lcrc/group/acme/ac.szhang/acme_scratch/data/CVDP_RGD/v2_1.LR.historical/v2_1.LR.historical.en04.ETH2.185001-201412.nc
working file:  /lcrc/group/acme/ac.szhang/acme_scratch/data/CVDP_RGD/v2_1.LR.historical/v2_1.LR.historical.en04.FLDS.185001-201412.nc
ncap2: WARNING ncap_def_dim(): dim "bnds" - already exists in input/output.
working file:  /lcrc/group/acme/ac.szhang/acme_scratch/data/CVDP_RGD/v2_1.LR.historical/v2_1.LR.historical.en04.FLDSC.185001-201412.nc
ncap2: WARNING ncap_def_dim(): dim "bnds" - already exists in input/output.
working file:  /lcrc/group/acme/ac.szhang/acme_scratch/data/CVDP_RGD/v2_1.LR.historical/v2_1.LR.historical.en04.FLNS.185001-201412.nc
working file:  /lcrc/group/acme/ac.szhang/acme_scratch/data/CVDP_RGD/v2_1.LR.historical/v2_1.LR.historical.en04.FLNSC.185001-201412.nc
working file:  /lcrc/group/acme/ac.szhang/acme_scratch/data/CVDP_RGD/v2_1.LR.historical/v2_1.LR.historical.en04.FLNT.185001-201412.nc
working file:  /lcrc/group/acme/ac.szhang/acme_scratch/data/CVDP_RGD/v2_1.LR.historical/v2_1.LR.historical.en04.FLNTC.185001-201412.nc
working file:  /lcrc/group/acme/ac.szhang/acme_scratch/data/CVDP_RGD/v2_1.LR.historical/v2_1.LR.historical.en04.FLUS.185001-201412.nc
ncap2: WARNING ncap_def_dim(): dim "bnds" - already exists in input/output.
working file:  /lcrc/group/acme/ac.szhang/acme_scratch/data/CVDP_RGD/v2_1.LR.historical/v2_1.LR.historical.en04.FLUT.185001-201412.nc
ncap2: WARNING ncap_def_dim(): dim "bnds" - already exists in input/output.
working file:  /lcrc/group/acme/ac.szhang/acme_scratch/data/CVDP_RGD/v2_1.LR.historical/v2_1.LR.historical.en04.FLUTC.185001-201412.nc
ncap2: WARNING ncap_def_dim(): dim "bnds" - already exists in input/output.
working file:  /lcrc/group/acme/ac.szhang/acme_scratch/data/CVDP_RGD/v2_1.LR.historical/v2_1.LR.historical.en04.FSDS.185001-201412.nc
ncap2: WARNING ncap_def_dim(): dim "bnds" - already exists in input/output.
working file:  /lcrc/group/acme/ac.szhang/acme_scratch/data/CVDP_RGD/v2_1.LR.historical/v2_1.LR.historical.en04.FSDSC.185001-201412.nc
ncap2: WARNING ncap_def_dim(): dim "bnds" - already exists in input/output.
working file:  /lcrc/group/acme/ac.szhang/acme_scratch/data/CVDP_RGD/v2_1.LR.historical/v2_1.LR.historical.en04.FSNS.185001-201412.nc
working file:  /lcrc/group/acme/ac.szhang/acme_scratch/data/CVDP_RGD/v2_1.LR.historical/v2_1.LR.historical.en04.FSNSC.185001-201412.nc
working file:  /lcrc/group/acme/ac.szhang/acme_scratch/data/CVDP_RGD/v2_1.LR.historical/v2_1.LR.historical.en04.FSNT.185001-201412.nc
working file:  /lcrc/group/acme/ac.szhang/acme_scratch/data/CVDP_RGD/v2_1.LR.historical/v2_1.LR.historical.en04.FSNTC.185001-201412.nc
working file:  /lcrc/group/acme/ac.szhang/acme_scratch/data/CVDP_RGD/v2_1.LR.historical/v2_1.LR.historical.en04.FSNTOA.185001-201412.nc
working file:  /lcrc/group/acme/ac.szhang/acme_scratch/data/CVDP_RGD/v2_1.LR.historical/v2_1.LR.historical.en04.FSNTOAC.185001-201412.nc
working file:  /lcrc/group/acme/ac.szhang/acme_scratch/data/CVDP_RGD/v2_1.LR.historical/v2_1.LR.historical.en04.FSUS.185001-201412.nc
ncap2: WARNING ncap_def_dim(): dim "bnds" - already exists in input/output.
working file:  /lcrc/group/acme/ac.szhang/acme_scratch/data/CVDP_RGD/v2_1.LR.historical/v2_1.LR.historical.en04.FSUSC.185001-201412.nc
ncap2: WARNING prs_cls::ncap_var_init(): Unable to find variable FSUSC in /lcrc/group/acme/ac.szhang/acme_scratch/data/CVDP_RGD/v2_1.LR.historical/v2_1.LR.historical.en04.FSUSC.185001-201412.nc or /lcrc/group/acme/ac.szhang/acme_scratch/data/CVDP_RGD/v2_1.LR.historical/v2_1.LR.historical.en04.FSUSC.185001-201412.nc.tmp
ncap2: ERROR out(): Could not read var FSUSC
mv: cannot stat ‘/lcrc/group/acme/ac.szhang/acme_scratch/data/CVDP_RGD/v2_1.LR.historical/v2_1.LR.historical.en04.FSUSC.185001-201412.nc.tmp’: No such file or directory
ncap2: WARNING ncap_def_dim(): dim "bnds" - already exists in input/output.
working file:  /lcrc/group/acme/ac.szhang/acme_scratch/data/CVDP_RGD/v2_1.LR.historical/v2_1.LR.historical.en04.FSUTOA.185001-201412.nc
ncap2: WARNING ncap_def_dim(): dim "bnds" - already exists in input/output.
working file:  /lcrc/group/acme/ac.szhang/acme_scratch/data/CVDP_RGD/v2_1.LR.historical/v2_1.LR.historical.en04.FSUTOAC.185001-201412.nc
ncap2: WARNING ncap_def_dim(): dim "bnds" - already exists in input/output.
working file:  /lcrc/group/acme/ac.szhang/acme_scratch/data/CVDP_RGD/v2_1.LR.historical/v2_1.LR.historical.en04.ICEFRAC.185001-201412.nc
working file:  /lcrc/group/acme/ac.szhang/acme_scratch/data/CVDP_RGD/v2_1.LR.historical/v2_1.LR.historical.en04.LANDFRAC.185001-201412.nc
working file:  /lcrc/group/acme/ac.szhang/acme_scratch/data/CVDP_RGD/v2_1.LR.historical/v2_1.LR.historical.en04.LHFLX1.185001-201412.nc
working file:  /lcrc/group/acme/ac.szhang/acme_scratch/data/CVDP_RGD/v2_1.LR.historical/v2_1.LR.historical.en04.LHFLX.185001-201412.nc
ncap2: WARNING ncap_def_dim(): dim "bnds" - already exists in input/output.
working file:  /lcrc/group/acme/ac.szhang/acme_scratch/data/CVDP_RGD/v2_1.LR.historical/v2_1.LR.historical.en04.LWCF.185001-201412.nc
working file:  /lcrc/group/acme/ac.szhang/acme_scratch/data/CVDP_RGD/v2_1.LR.historical/v2_1.LR.historical.en04.LWCRE.185001-201412.nc
ncap2: WARNING ncap_def_dim(): dim "bnds" - already exists in input/output.
working file:  /lcrc/group/acme/ac.szhang/acme_scratch/data/CVDP_RGD/v2_1.LR.historical/v2_1.LR.historical.en04.LWCRE_SRF.185001-201412.nc
working file:  /lcrc/group/acme/ac.szhang/acme_scratch/data/CVDP_RGD/v2_1.LR.historical/v2_1.LR.historical.en04.OCNFRAC.185001-201412.nc
working file:  /lcrc/group/acme/ac.szhang/acme_scratch/data/CVDP_RGD/v2_1.LR.historical/v2_1.LR.historical.en04.OLR.185001-201412.nc
working file:  /lcrc/group/acme/ac.szhang/acme_scratch/data/CVDP_RGD/v2_1.LR.historical/v2_1.LR.historical.en04.OMEGA500.185001-201412.nc
ncap2: WARNING ncap_def_dim(): dim "bnds" - already exists in input/output.
working file:  /lcrc/group/acme/ac.szhang/acme_scratch/data/CVDP_RGD/v2_1.LR.historical/v2_1.LR.historical.en04.PBLH.185001-201412.nc
working file:  /lcrc/group/acme/ac.szhang/acme_scratch/data/CVDP_RGD/v2_1.LR.historical/v2_1.LR.historical.en04.PRECC.185001-201412.nc
ncap2: WARNING ncap_def_dim(): dim "bnds" - already exists in input/output.
working file:  /lcrc/group/acme/ac.szhang/acme_scratch/data/CVDP_RGD/v2_1.LR.historical/v2_1.LR.historical.en04.PRECL.185001-201412.nc
working file:  /lcrc/group/acme/ac.szhang/acme_scratch/data/CVDP_RGD/v2_1.LR.historical/v2_1.LR.historical.en04.PRECSC.185001-201412.nc
working file:  /lcrc/group/acme/ac.szhang/acme_scratch/data/CVDP_RGD/v2_1.LR.historical/v2_1.LR.historical.en04.PRECSL.185001-201412.nc
working file:  /lcrc/group/acme/ac.szhang/acme_scratch/data/CVDP_RGD/v2_1.LR.historical/v2_1.LR.historical.en04.PRECST.185001-201412.nc
ncap2: WARNING ncap_def_dim(): dim "bnds" - already exists in input/output.
working file:  /lcrc/group/acme/ac.szhang/acme_scratch/data/CVDP_RGD/v2_1.LR.historical/v2_1.LR.historical.en04.PRECT.185001-201412.nc
ncap2: WARNING ncap_def_dim(): dim "bnds" - already exists in input/output.
working file:  /lcrc/group/acme/ac.szhang/acme_scratch/data/CVDP_RGD/v2_1.LR.historical/v2_1.LR.historical.en04.PS.185001-201412.nc
ncap2: WARNING ncap_def_dim(): dim "bnds" - already exists in input/output.
working file:  /lcrc/group/acme/ac.szhang/acme_scratch/data/CVDP_RGD/v2_1.LR.historical/v2_1.LR.historical.en04.PSL.185001-201412.nc
ncap2: WARNING ncap_def_dim(): dim "bnds" - already exists in input/output.
working file:  /lcrc/group/acme/ac.szhang/acme_scratch/data/CVDP_RGD/v2_1.LR.historical/v2_1.LR.historical.en04.QFLX.185001-201412.nc
ncap2: WARNING ncap_def_dim(): dim "bnds" - already exists in input/output.
working file:  /lcrc/group/acme/ac.szhang/acme_scratch/data/CVDP_RGD/v2_1.LR.historical/v2_1.LR.historical.en04.QnRad_SRF.185001-201412.nc
ncap2: WARNING ncap_def_dim(): dim "bnds" - already exists in input/output.
working file:  /lcrc/group/acme/ac.szhang/acme_scratch/data/CVDP_RGD/v2_1.LR.historical/v2_1.LR.historical.en04.Qn_SRF.185001-201412.nc
ncap2: WARNING ncap_def_dim(): dim "bnds" - already exists in input/output.
working file:  /lcrc/group/acme/ac.szhang/acme_scratch/data/CVDP_RGD/v2_1.LR.historical/v2_1.LR.historical.en04.QnTot_SRF.185001-201412.nc
ncap2: WARNING ncap_def_dim(): dim "bnds" - already exists in input/output.
working file:  /lcrc/group/acme/ac.szhang/acme_scratch/data/CVDP_RGD/v2_1.LR.historical/v2_1.LR.historical.en04.QnTur_SRF.185001-201412.nc
ncap2: WARNING ncap_def_dim(): dim "bnds" - already exists in input/output.
working file:  /lcrc/group/acme/ac.szhang/acme_scratch/data/CVDP_RGD/v2_1.LR.historical/v2_1.LR.historical.en04.QREFHT.185001-201412.nc
ncap2: WARNING ncap_def_dim(): dim "bnds" - already exists in input/output.
working file:  /lcrc/group/acme/ac.szhang/acme_scratch/data/CVDP_RGD/v2_1.LR.historical/v2_1.LR.historical.en04.RESTOA.185001-201412.nc
ncap2: WARNING ncap_def_dim(): dim "bnds" - already exists in input/output.
working file:  /lcrc/group/acme/ac.szhang/acme_scratch/data/CVDP_RGD/v2_1.LR.historical/v2_1.LR.historical.en04.RESTOM.185001-201412.nc
ncap2: WARNING ncap_def_dim(): dim "bnds" - already exists in input/output.
working file:  /lcrc/group/acme/ac.szhang/acme_scratch/data/CVDP_RGD/v2_1.LR.historical/v2_1.LR.historical.en04.S10.185001-201412.nc
ncap2: WARNING ncap_def_dim(): dim "bnds" - already exists in input/output.
working file:  /lcrc/group/acme/ac.szhang/acme_scratch/data/CVDP_RGD/v2_1.LR.historical/v2_1.LR.historical.en04.SCO.185001-201412.nc
working file:  /lcrc/group/acme/ac.szhang/acme_scratch/data/CVDP_RGD/v2_1.LR.historical/v2_1.LR.historical.en04.SF.185001-201412.nc
working file:  /lcrc/group/acme/ac.szhang/acme_scratch/data/CVDP_RGD/v2_1.LR.historical/v2_1.LR.historical.en04.SFO3.185001-201412.nc
working file:  /lcrc/group/acme/ac.szhang/acme_scratch/data/CVDP_RGD/v2_1.LR.historical/v2_1.LR.historical.en04.SHFLX.185001-201412.nc
ncap2: WARNING ncap_def_dim(): dim "bnds" - already exists in input/output.
working file:  /lcrc/group/acme/ac.szhang/acme_scratch/data/CVDP_RGD/v2_1.LR.historical/v2_1.LR.historical.en04.SNFRAC.185001-201412.nc
working file:  /lcrc/group/acme/ac.szhang/acme_scratch/data/CVDP_RGD/v2_1.LR.historical/v2_1.LR.historical.en04.SNOW.185001-201412.nc
working file:  /lcrc/group/acme/ac.szhang/acme_scratch/data/CVDP_RGD/v2_1.LR.historical/v2_1.LR.historical.en04.SNOWDP.185001-201412.nc
working file:  /lcrc/group/acme/ac.szhang/acme_scratch/data/CVDP_RGD/v2_1.LR.historical/v2_1.LR.historical.en04.SNOWHICE.185001-201412.nc
working file:  /lcrc/group/acme/ac.szhang/acme_scratch/data/CVDP_RGD/v2_1.LR.historical/v2_1.LR.historical.en04.SNOWHLND.185001-201412.nc
working file:  /lcrc/group/acme/ac.szhang/acme_scratch/data/CVDP_RGD/v2_1.LR.historical/v2_1.LR.historical.en04.SOILWATER.185001-201412.nc
working file:  /lcrc/group/acme/ac.szhang/acme_scratch/data/CVDP_RGD/v2_1.LR.historical/v2_1.LR.historical.en04.SOLIN.185001-201412.nc
ncap2: WARNING ncap_def_dim(): dim "bnds" - already exists in input/output.
working file:  /lcrc/group/acme/ac.szhang/acme_scratch/data/CVDP_RGD/v2_1.LR.historical/v2_1.LR.historical.en04.SWCF.185001-201412.nc
working file:  /lcrc/group/acme/ac.szhang/acme_scratch/data/CVDP_RGD/v2_1.LR.historical/v2_1.LR.historical.en04.SWCRE.185001-201412.nc
ncap2: WARNING ncap_def_dim(): dim "bnds" - already exists in input/output.
working file:  /lcrc/group/acme/ac.szhang/acme_scratch/data/CVDP_RGD/v2_1.LR.historical/v2_1.LR.historical.en04.SWCRE_SRF.185001-201412.nc
working file:  /lcrc/group/acme/ac.szhang/acme_scratch/data/CVDP_RGD/v2_1.LR.historical/v2_1.LR.historical.en04.T850.185001-201412.nc
ncap2: WARNING ncap_def_dim(): dim "bnds" - already exists in input/output.
working file:  /lcrc/group/acme/ac.szhang/acme_scratch/data/CVDP_RGD/v2_1.LR.historical/v2_1.LR.historical.en04.TAUGWX.185001-201412.nc
working file:  /lcrc/group/acme/ac.szhang/acme_scratch/data/CVDP_RGD/v2_1.LR.historical/v2_1.LR.historical.en04.TAUGWY.185001-201412.nc
working file:  /lcrc/group/acme/ac.szhang/acme_scratch/data/CVDP_RGD/v2_1.LR.historical/v2_1.LR.historical.en04.TAUX.185001-201412.nc
ncap2: WARNING ncap_def_dim(): dim "bnds" - already exists in input/output.
working file:  /lcrc/group/acme/ac.szhang/acme_scratch/data/CVDP_RGD/v2_1.LR.historical/v2_1.LR.historical.en04.TAUY.185001-201412.nc
ncap2: WARNING ncap_def_dim(): dim "bnds" - already exists in input/output.
working file:  /lcrc/group/acme/ac.szhang/acme_scratch/data/CVDP_RGD/v2_1.LR.historical/v2_1.LR.historical.en04.TCO.185001-201412.nc
working file:  /lcrc/group/acme/ac.szhang/acme_scratch/data/CVDP_RGD/v2_1.LR.historical/v2_1.LR.historical.en04.TGCLDCWP.185001-201412.nc
working file:  /lcrc/group/acme/ac.szhang/acme_scratch/data/CVDP_RGD/v2_1.LR.historical/v2_1.LR.historical.en04.TGCLDIWP.185001-201412.nc
ncap2: WARNING ncap_def_dim(): dim "bnds" - already exists in input/output.
working file:  /lcrc/group/acme/ac.szhang/acme_scratch/data/CVDP_RGD/v2_1.LR.historical/v2_1.LR.historical.en04.TGCLDLWP.185001-201412.nc
ncap2: WARNING ncap_def_dim(): dim "bnds" - already exists in input/output.
working file:  /lcrc/group/acme/ac.szhang/acme_scratch/data/CVDP_RGD/v2_1.LR.historical/v2_1.LR.historical.en04.TH7001000.185001-201412.nc
working file:  /lcrc/group/acme/ac.szhang/acme_scratch/data/CVDP_RGD/v2_1.LR.historical/v2_1.LR.historical.en04.TMQ.185001-201412.nc
ncap2: WARNING ncap_def_dim(): dim "bnds" - already exists in input/output.
working file:  /lcrc/group/acme/ac.szhang/acme_scratch/data/CVDP_RGD/v2_1.LR.historical/v2_1.LR.historical.en04.TREFHT.185001-201412.nc
ncap2: WARNING ncap_def_dim(): dim "bnds" - already exists in input/output.
working file:  /lcrc/group/acme/ac.szhang/acme_scratch/data/CVDP_RGD/v2_1.LR.historical/v2_1.LR.historical.en04.TREFMNAV.185001-201412.nc
working file:  /lcrc/group/acme/ac.szhang/acme_scratch/data/CVDP_RGD/v2_1.LR.historical/v2_1.LR.historical.en04.TREFMXAV.185001-201412.nc
working file:  /lcrc/group/acme/ac.szhang/acme_scratch/data/CVDP_RGD/v2_1.LR.historical/v2_1.LR.historical.en04.TS.185001-201412.nc
ncap2: WARNING ncap_def_dim(): dim "bnds" - already exists in input/output.
working file:  /lcrc/group/acme/ac.szhang/acme_scratch/data/CVDP_RGD/v2_1.LR.historical/v2_1.LR.historical.en04.TSMN.185001-201412.nc
working file:  /lcrc/group/acme/ac.szhang/acme_scratch/data/CVDP_RGD/v2_1.LR.historical/v2_1.LR.historical.en04.TSMX.185001-201412.nc
working file:  /lcrc/group/acme/ac.szhang/acme_scratch/data/CVDP_RGD/v2_1.LR.historical/v2_1.LR.historical.en04.TUH.185001-201412.nc
working file:  /lcrc/group/acme/ac.szhang/acme_scratch/data/CVDP_RGD/v2_1.LR.historical/v2_1.LR.historical.en04.TUQ.185001-201412.nc
working file:  /lcrc/group/acme/ac.szhang/acme_scratch/data/CVDP_RGD/v2_1.LR.historical/v2_1.LR.historical.en04.TVH.185001-201412.nc
working file:  /lcrc/group/acme/ac.szhang/acme_scratch/data/CVDP_RGD/v2_1.LR.historical/v2_1.LR.historical.en04.TVQ.185001-201412.nc
working file:  /lcrc/group/acme/ac.szhang/acme_scratch/data/CVDP_RGD/v2_1.LR.historical/v2_1.LR.historical.en04.U10.185001-201412.nc
ncap2: WARNING ncap_def_dim(): dim "bnds" - already exists in input/output.
working file:  /lcrc/group/acme/ac.szhang/acme_scratch/data/CVDP_RGD/v2_1.LR.historical/v2_1.LR.historical.en04.U200.185001-201412.nc
ncap2: WARNING ncap_def_dim(): dim "bnds" - already exists in input/output.
working file:  /lcrc/group/acme/ac.szhang/acme_scratch/data/CVDP_RGD/v2_1.LR.historical/v2_1.LR.historical.en04.U850.185001-201412.nc
ncap2: WARNING ncap_def_dim(): dim "bnds" - already exists in input/output.
working file:  /lcrc/group/acme/ac.szhang/acme_scratch/data/CVDP_RGD/v2_1.LR.historical/v2_1.LR.historical.en04.V10.185001-201412.nc
ncap2: WARNING ncap_def_dim(): dim "bnds" - already exists in input/output.
working file:  /lcrc/group/acme/ac.szhang/acme_scratch/data/CVDP_RGD/v2_1.LR.historical/v2_1.LR.historical.en04.V200.185001-201412.nc
ncap2: WARNING ncap_def_dim(): dim "bnds" - already exists in input/output.
working file:  /lcrc/group/acme/ac.szhang/acme_scratch/data/CVDP_RGD/v2_1.LR.historical/v2_1.LR.historical.en04.V850.185001-201412.nc
ncap2: WARNING ncap_def_dim(): dim "bnds" - already exists in input/output.
working file:  /lcrc/group/acme/ac.szhang/acme_scratch/data/CVDP_RGD/v2_1.LR.historical/v2_1.LR.historical.en04.Z500.185001-201412.nc
ncap2: WARNING ncap_def_dim(): dim "bnds" - already exists in input/output.
done
