13
working file:  /lcrc/group/acme/ac.szhang/acme_scratch/data/CVDP_RGD/v2_CRYO1950.SORRM.piControl_0501-0600/v2_CRYO1950.SORRM.piControl.en00.AODVIS.050101-060012.nc
working file:  /lcrc/group/acme/ac.szhang/acme_scratch/data/CVDP_RGD/v2_CRYO1950.SORRM.piControl_0601-0700/v2_CRYO1950.SORRM.piControl.en00.AODVIS.060101-070012.nc
output  file:  /lcrc/group/acme/ac.szhang/acme_scratch/data/CVDP_RGD/v2_1.SORRM.p0.1950Control/v2_1.SORRM.p0.1950Control.en00.AODVIS.050101-070012.nc
working file:  /lcrc/group/acme/ac.szhang/acme_scratch/data/CVDP_RGD/v2_CRYO1950.SORRM.piControl_0501-0600/v2_CRYO1950.SORRM.piControl.en00.CLDHGH.050101-060012.nc
working file:  /lcrc/group/acme/ac.szhang/acme_scratch/data/CVDP_RGD/v2_CRYO1950.SORRM.piControl_0601-0700/v2_CRYO1950.SORRM.piControl.en00.CLDHGH.060101-070012.nc
output  file:  /lcrc/group/acme/ac.szhang/acme_scratch/data/CVDP_RGD/v2_1.SORRM.p0.1950Control/v2_1.SORRM.p0.1950Control.en00.CLDHGH.050101-070012.nc
removed ‘/lcrc/group/acme/ac.szhang/acme_scratch/data/CVDP_RGD/v2_1.SORRM.p0.1950Control/v2_1.SORRM.p0.1950Control.en00.CLDHGH.050101-070012.nc’
working file:  /lcrc/group/acme/ac.szhang/acme_scratch/data/CVDP_RGD/v2_CRYO1950.SORRM.piControl_0501-0600/v2_CRYO1950.SORRM.piControl.en00.CLDLOW.050101-060012.nc
working file:  /lcrc/group/acme/ac.szhang/acme_scratch/data/CVDP_RGD/v2_CRYO1950.SORRM.piControl_0601-0700/v2_CRYO1950.SORRM.piControl.en00.CLDLOW.060101-070012.nc
output  file:  /lcrc/group/acme/ac.szhang/acme_scratch/data/CVDP_RGD/v2_1.SORRM.p0.1950Control/v2_1.SORRM.p0.1950Control.en00.CLDLOW.050101-070012.nc
removed ‘/lcrc/group/acme/ac.szhang/acme_scratch/data/CVDP_RGD/v2_1.SORRM.p0.1950Control/v2_1.SORRM.p0.1950Control.en00.CLDLOW.050101-070012.nc’
working file:  /lcrc/group/acme/ac.szhang/acme_scratch/data/CVDP_RGD/v2_CRYO1950.SORRM.piControl_0501-0600/v2_CRYO1950.SORRM.piControl.en00.CLDMED.050101-060012.nc
working file:  /lcrc/group/acme/ac.szhang/acme_scratch/data/CVDP_RGD/v2_CRYO1950.SORRM.piControl_0601-0700/v2_CRYO1950.SORRM.piControl.en00.CLDMED.060101-070012.nc
output  file:  /lcrc/group/acme/ac.szhang/acme_scratch/data/CVDP_RGD/v2_1.SORRM.p0.1950Control/v2_1.SORRM.p0.1950Control.en00.CLDMED.050101-070012.nc
removed ‘/lcrc/group/acme/ac.szhang/acme_scratch/data/CVDP_RGD/v2_1.SORRM.p0.1950Control/v2_1.SORRM.p0.1950Control.en00.CLDMED.050101-070012.nc’
working file:  /lcrc/group/acme/ac.szhang/acme_scratch/data/CVDP_RGD/v2_CRYO1950.SORRM.piControl_0501-0600/v2_CRYO1950.SORRM.piControl.en00.CLDTOT.050101-060012.nc
working file:  /lcrc/group/acme/ac.szhang/acme_scratch/data/CVDP_RGD/v2_CRYO1950.SORRM.piControl_0601-0700/v2_CRYO1950.SORRM.piControl.en00.CLDTOT.060101-070012.nc
output  file:  /lcrc/group/acme/ac.szhang/acme_scratch/data/CVDP_RGD/v2_1.SORRM.p0.1950Control/v2_1.SORRM.p0.1950Control.en00.CLDTOT.050101-070012.nc
removed ‘/lcrc/group/acme/ac.szhang/acme_scratch/data/CVDP_RGD/v2_1.SORRM.p0.1950Control/v2_1.SORRM.p0.1950Control.en00.CLDTOT.050101-070012.nc’
working file:  /lcrc/group/acme/ac.szhang/acme_scratch/data/CVDP_RGD/v2_CRYO1950.SORRM.piControl_0501-0600/v2_CRYO1950.SORRM.piControl.en00.CRE.050101-060012.nc
working file:  /lcrc/group/acme/ac.szhang/acme_scratch/data/CVDP_RGD/v2_CRYO1950.SORRM.piControl_0601-0700/v2_CRYO1950.SORRM.piControl.en00.CRE.060101-070012.nc
output  file:  /lcrc/group/acme/ac.szhang/acme_scratch/data/CVDP_RGD/v2_1.SORRM.p0.1950Control/v2_1.SORRM.p0.1950Control.en00.CRE.050101-070012.nc
removed ‘/lcrc/group/acme/ac.szhang/acme_scratch/data/CVDP_RGD/v2_1.SORRM.p0.1950Control/v2_1.SORRM.p0.1950Control.en00.CRE.050101-070012.nc’
working file:  /lcrc/group/acme/ac.szhang/acme_scratch/data/CVDP_RGD/v2_CRYO1950.SORRM.piControl_0501-0600/v2_CRYO1950.SORRM.piControl.en00.CRE_SRF.050101-060012.nc
working file:  /lcrc/group/acme/ac.szhang/acme_scratch/data/CVDP_RGD/v2_CRYO1950.SORRM.piControl_0601-0700/v2_CRYO1950.SORRM.piControl.en00.CRE_SRF.060101-070012.nc
output  file:  /lcrc/group/acme/ac.szhang/acme_scratch/data/CVDP_RGD/v2_1.SORRM.p0.1950Control/v2_1.SORRM.p0.1950Control.en00.CRE_SRF.050101-070012.nc
removed ‘/lcrc/group/acme/ac.szhang/acme_scratch/data/CVDP_RGD/v2_1.SORRM.p0.1950Control/v2_1.SORRM.p0.1950Control.en00.CRE_SRF.050101-070012.nc’
working file:  /lcrc/group/acme/ac.szhang/acme_scratch/data/CVDP_RGD/v2_CRYO1950.SORRM.piControl_0501-0600/v2_CRYO1950.SORRM.piControl.en00.ETH1.050101-060012.nc
working file:  /lcrc/group/acme/ac.szhang/acme_scratch/data/CVDP_RGD/v2_CRYO1950.SORRM.piControl_0601-0700/v2_CRYO1950.SORRM.piControl.en00.ETH1.060101-070012.nc
output  file:  /lcrc/group/acme/ac.szhang/acme_scratch/data/CVDP_RGD/v2_1.SORRM.p0.1950Control/v2_1.SORRM.p0.1950Control.en00.ETH1.050101-070012.nc
removed ‘/lcrc/group/acme/ac.szhang/acme_scratch/data/CVDP_RGD/v2_1.SORRM.p0.1950Control/v2_1.SORRM.p0.1950Control.en00.ETH1.050101-070012.nc’
working file:  /lcrc/group/acme/ac.szhang/acme_scratch/data/CVDP_RGD/v2_CRYO1950.SORRM.piControl_0501-0600/v2_CRYO1950.SORRM.piControl.en00.ETH12.050101-060012.nc
working file:  /lcrc/group/acme/ac.szhang/acme_scratch/data/CVDP_RGD/v2_CRYO1950.SORRM.piControl_0601-0700/v2_CRYO1950.SORRM.piControl.en00.ETH12.060101-070012.nc
output  file:  /lcrc/group/acme/ac.szhang/acme_scratch/data/CVDP_RGD/v2_1.SORRM.p0.1950Control/v2_1.SORRM.p0.1950Control.en00.ETH12.050101-070012.nc
removed ‘/lcrc/group/acme/ac.szhang/acme_scratch/data/CVDP_RGD/v2_1.SORRM.p0.1950Control/v2_1.SORRM.p0.1950Control.en00.ETH12.050101-070012.nc’
working file:  /lcrc/group/acme/ac.szhang/acme_scratch/data/CVDP_RGD/v2_CRYO1950.SORRM.piControl_0501-0600/v2_CRYO1950.SORRM.piControl.en00.ETH2.050101-060012.nc
working file:  /lcrc/group/acme/ac.szhang/acme_scratch/data/CVDP_RGD/v2_CRYO1950.SORRM.piControl_0601-0700/v2_CRYO1950.SORRM.piControl.en00.ETH2.060101-070012.nc
output  file:  /lcrc/group/acme/ac.szhang/acme_scratch/data/CVDP_RGD/v2_1.SORRM.p0.1950Control/v2_1.SORRM.p0.1950Control.en00.ETH2.050101-070012.nc
removed ‘/lcrc/group/acme/ac.szhang/acme_scratch/data/CVDP_RGD/v2_1.SORRM.p0.1950Control/v2_1.SORRM.p0.1950Control.en00.ETH2.050101-070012.nc’
working file:  /lcrc/group/acme/ac.szhang/acme_scratch/data/CVDP_RGD/v2_CRYO1950.SORRM.piControl_0501-0600/v2_CRYO1950.SORRM.piControl.en00.FLDS.050101-060012.nc
working file:  /lcrc/group/acme/ac.szhang/acme_scratch/data/CVDP_RGD/v2_CRYO1950.SORRM.piControl_0601-0700/v2_CRYO1950.SORRM.piControl.en00.FLDS.060101-070012.nc
output  file:  /lcrc/group/acme/ac.szhang/acme_scratch/data/CVDP_RGD/v2_1.SORRM.p0.1950Control/v2_1.SORRM.p0.1950Control.en00.FLDS.050101-070012.nc
removed ‘/lcrc/group/acme/ac.szhang/acme_scratch/data/CVDP_RGD/v2_1.SORRM.p0.1950Control/v2_1.SORRM.p0.1950Control.en00.FLDS.050101-070012.nc’
working file:  /lcrc/group/acme/ac.szhang/acme_scratch/data/CVDP_RGD/v2_CRYO1950.SORRM.piControl_0501-0600/v2_CRYO1950.SORRM.piControl.en00.FLDSC.050101-060012.nc
working file:  /lcrc/group/acme/ac.szhang/acme_scratch/data/CVDP_RGD/v2_CRYO1950.SORRM.piControl_0601-0700/v2_CRYO1950.SORRM.piControl.en00.FLDSC.060101-070012.nc
output  file:  /lcrc/group/acme/ac.szhang/acme_scratch/data/CVDP_RGD/v2_1.SORRM.p0.1950Control/v2_1.SORRM.p0.1950Control.en00.FLDSC.050101-070012.nc
removed ‘/lcrc/group/acme/ac.szhang/acme_scratch/data/CVDP_RGD/v2_1.SORRM.p0.1950Control/v2_1.SORRM.p0.1950Control.en00.FLDSC.050101-070012.nc’
working file:  /lcrc/group/acme/ac.szhang/acme_scratch/data/CVDP_RGD/v2_CRYO1950.SORRM.piControl_0501-0600/v2_CRYO1950.SORRM.piControl.en00.FLNS.050101-060012.nc
working file:  /lcrc/group/acme/ac.szhang/acme_scratch/data/CVDP_RGD/v2_CRYO1950.SORRM.piControl_0601-0700/v2_CRYO1950.SORRM.piControl.en00.FLNS.060101-070012.nc
output  file:  /lcrc/group/acme/ac.szhang/acme_scratch/data/CVDP_RGD/v2_1.SORRM.p0.1950Control/v2_1.SORRM.p0.1950Control.en00.FLNS.050101-070012.nc
removed ‘/lcrc/group/acme/ac.szhang/acme_scratch/data/CVDP_RGD/v2_1.SORRM.p0.1950Control/v2_1.SORRM.p0.1950Control.en00.FLNS.050101-070012.nc’
working file:  /lcrc/group/acme/ac.szhang/acme_scratch/data/CVDP_RGD/v2_CRYO1950.SORRM.piControl_0501-0600/v2_CRYO1950.SORRM.piControl.en00.FLNSC.050101-060012.nc
working file:  /lcrc/group/acme/ac.szhang/acme_scratch/data/CVDP_RGD/v2_CRYO1950.SORRM.piControl_0601-0700/v2_CRYO1950.SORRM.piControl.en00.FLNSC.060101-070012.nc
output  file:  /lcrc/group/acme/ac.szhang/acme_scratch/data/CVDP_RGD/v2_1.SORRM.p0.1950Control/v2_1.SORRM.p0.1950Control.en00.FLNSC.050101-070012.nc
removed ‘/lcrc/group/acme/ac.szhang/acme_scratch/data/CVDP_RGD/v2_1.SORRM.p0.1950Control/v2_1.SORRM.p0.1950Control.en00.FLNSC.050101-070012.nc’
working file:  /lcrc/group/acme/ac.szhang/acme_scratch/data/CVDP_RGD/v2_CRYO1950.SORRM.piControl_0501-0600/v2_CRYO1950.SORRM.piControl.en00.FLNT.050101-060012.nc
working file:  /lcrc/group/acme/ac.szhang/acme_scratch/data/CVDP_RGD/v2_CRYO1950.SORRM.piControl_0601-0700/v2_CRYO1950.SORRM.piControl.en00.FLNT.060101-070012.nc
output  file:  /lcrc/group/acme/ac.szhang/acme_scratch/data/CVDP_RGD/v2_1.SORRM.p0.1950Control/v2_1.SORRM.p0.1950Control.en00.FLNT.050101-070012.nc
removed ‘/lcrc/group/acme/ac.szhang/acme_scratch/data/CVDP_RGD/v2_1.SORRM.p0.1950Control/v2_1.SORRM.p0.1950Control.en00.FLNT.050101-070012.nc’
working file:  /lcrc/group/acme/ac.szhang/acme_scratch/data/CVDP_RGD/v2_CRYO1950.SORRM.piControl_0501-0600/v2_CRYO1950.SORRM.piControl.en00.FLNTC.050101-060012.nc
working file:  /lcrc/group/acme/ac.szhang/acme_scratch/data/CVDP_RGD/v2_CRYO1950.SORRM.piControl_0601-0700/v2_CRYO1950.SORRM.piControl.en00.FLNTC.060101-070012.nc
output  file:  /lcrc/group/acme/ac.szhang/acme_scratch/data/CVDP_RGD/v2_1.SORRM.p0.1950Control/v2_1.SORRM.p0.1950Control.en00.FLNTC.050101-070012.nc
removed ‘/lcrc/group/acme/ac.szhang/acme_scratch/data/CVDP_RGD/v2_1.SORRM.p0.1950Control/v2_1.SORRM.p0.1950Control.en00.FLNTC.050101-070012.nc’
working file:  /lcrc/group/acme/ac.szhang/acme_scratch/data/CVDP_RGD/v2_CRYO1950.SORRM.piControl_0501-0600/v2_CRYO1950.SORRM.piControl.en00.FLUT.050101-060012.nc
working file:  /lcrc/group/acme/ac.szhang/acme_scratch/data/CVDP_RGD/v2_CRYO1950.SORRM.piControl_0601-0700/v2_CRYO1950.SORRM.piControl.en00.FLUT.060101-070012.nc
output  file:  /lcrc/group/acme/ac.szhang/acme_scratch/data/CVDP_RGD/v2_1.SORRM.p0.1950Control/v2_1.SORRM.p0.1950Control.en00.FLUT.050101-070012.nc
removed ‘/lcrc/group/acme/ac.szhang/acme_scratch/data/CVDP_RGD/v2_1.SORRM.p0.1950Control/v2_1.SORRM.p0.1950Control.en00.FLUT.050101-070012.nc’
working file:  /lcrc/group/acme/ac.szhang/acme_scratch/data/CVDP_RGD/v2_CRYO1950.SORRM.piControl_0501-0600/v2_CRYO1950.SORRM.piControl.en00.FLUTC.050101-060012.nc
working file:  /lcrc/group/acme/ac.szhang/acme_scratch/data/CVDP_RGD/v2_CRYO1950.SORRM.piControl_0601-0700/v2_CRYO1950.SORRM.piControl.en00.FLUTC.060101-070012.nc
output  file:  /lcrc/group/acme/ac.szhang/acme_scratch/data/CVDP_RGD/v2_1.SORRM.p0.1950Control/v2_1.SORRM.p0.1950Control.en00.FLUTC.050101-070012.nc
removed ‘/lcrc/group/acme/ac.szhang/acme_scratch/data/CVDP_RGD/v2_1.SORRM.p0.1950Control/v2_1.SORRM.p0.1950Control.en00.FLUTC.050101-070012.nc’
working file:  /lcrc/group/acme/ac.szhang/acme_scratch/data/CVDP_RGD/v2_CRYO1950.SORRM.piControl_0501-0600/v2_CRYO1950.SORRM.piControl.en00.FSDS.050101-060012.nc
working file:  /lcrc/group/acme/ac.szhang/acme_scratch/data/CVDP_RGD/v2_CRYO1950.SORRM.piControl_0601-0700/v2_CRYO1950.SORRM.piControl.en00.FSDS.060101-070012.nc
output  file:  /lcrc/group/acme/ac.szhang/acme_scratch/data/CVDP_RGD/v2_1.SORRM.p0.1950Control/v2_1.SORRM.p0.1950Control.en00.FSDS.050101-070012.nc
removed ‘/lcrc/group/acme/ac.szhang/acme_scratch/data/CVDP_RGD/v2_1.SORRM.p0.1950Control/v2_1.SORRM.p0.1950Control.en00.FSDS.050101-070012.nc’
working file:  /lcrc/group/acme/ac.szhang/acme_scratch/data/CVDP_RGD/v2_CRYO1950.SORRM.piControl_0501-0600/v2_CRYO1950.SORRM.piControl.en00.FSDSC.050101-060012.nc
working file:  /lcrc/group/acme/ac.szhang/acme_scratch/data/CVDP_RGD/v2_CRYO1950.SORRM.piControl_0601-0700/v2_CRYO1950.SORRM.piControl.en00.FSDSC.060101-070012.nc
output  file:  /lcrc/group/acme/ac.szhang/acme_scratch/data/CVDP_RGD/v2_1.SORRM.p0.1950Control/v2_1.SORRM.p0.1950Control.en00.FSDSC.050101-070012.nc
removed ‘/lcrc/group/acme/ac.szhang/acme_scratch/data/CVDP_RGD/v2_1.SORRM.p0.1950Control/v2_1.SORRM.p0.1950Control.en00.FSDSC.050101-070012.nc’
working file:  /lcrc/group/acme/ac.szhang/acme_scratch/data/CVDP_RGD/v2_CRYO1950.SORRM.piControl_0501-0600/v2_CRYO1950.SORRM.piControl.en00.FSNS.050101-060012.nc
working file:  /lcrc/group/acme/ac.szhang/acme_scratch/data/CVDP_RGD/v2_CRYO1950.SORRM.piControl_0601-0700/v2_CRYO1950.SORRM.piControl.en00.FSNS.060101-070012.nc
output  file:  /lcrc/group/acme/ac.szhang/acme_scratch/data/CVDP_RGD/v2_1.SORRM.p0.1950Control/v2_1.SORRM.p0.1950Control.en00.FSNS.050101-070012.nc
removed ‘/lcrc/group/acme/ac.szhang/acme_scratch/data/CVDP_RGD/v2_1.SORRM.p0.1950Control/v2_1.SORRM.p0.1950Control.en00.FSNS.050101-070012.nc’
working file:  /lcrc/group/acme/ac.szhang/acme_scratch/data/CVDP_RGD/v2_CRYO1950.SORRM.piControl_0501-0600/v2_CRYO1950.SORRM.piControl.en00.FSNSC.050101-060012.nc
working file:  /lcrc/group/acme/ac.szhang/acme_scratch/data/CVDP_RGD/v2_CRYO1950.SORRM.piControl_0601-0700/v2_CRYO1950.SORRM.piControl.en00.FSNSC.060101-070012.nc
output  file:  /lcrc/group/acme/ac.szhang/acme_scratch/data/CVDP_RGD/v2_1.SORRM.p0.1950Control/v2_1.SORRM.p0.1950Control.en00.FSNSC.050101-070012.nc
removed ‘/lcrc/group/acme/ac.szhang/acme_scratch/data/CVDP_RGD/v2_1.SORRM.p0.1950Control/v2_1.SORRM.p0.1950Control.en00.FSNSC.050101-070012.nc’
working file:  /lcrc/group/acme/ac.szhang/acme_scratch/data/CVDP_RGD/v2_CRYO1950.SORRM.piControl_0501-0600/v2_CRYO1950.SORRM.piControl.en00.FSNT.050101-060012.nc
working file:  /lcrc/group/acme/ac.szhang/acme_scratch/data/CVDP_RGD/v2_CRYO1950.SORRM.piControl_0601-0700/v2_CRYO1950.SORRM.piControl.en00.FSNT.060101-070012.nc
output  file:  /lcrc/group/acme/ac.szhang/acme_scratch/data/CVDP_RGD/v2_1.SORRM.p0.1950Control/v2_1.SORRM.p0.1950Control.en00.FSNT.050101-070012.nc
removed ‘/lcrc/group/acme/ac.szhang/acme_scratch/data/CVDP_RGD/v2_1.SORRM.p0.1950Control/v2_1.SORRM.p0.1950Control.en00.FSNT.050101-070012.nc’
working file:  /lcrc/group/acme/ac.szhang/acme_scratch/data/CVDP_RGD/v2_CRYO1950.SORRM.piControl_0501-0600/v2_CRYO1950.SORRM.piControl.en00.FSNTC.050101-060012.nc
working file:  /lcrc/group/acme/ac.szhang/acme_scratch/data/CVDP_RGD/v2_CRYO1950.SORRM.piControl_0601-0700/v2_CRYO1950.SORRM.piControl.en00.FSNTC.060101-070012.nc
output  file:  /lcrc/group/acme/ac.szhang/acme_scratch/data/CVDP_RGD/v2_1.SORRM.p0.1950Control/v2_1.SORRM.p0.1950Control.en00.FSNTC.050101-070012.nc
removed ‘/lcrc/group/acme/ac.szhang/acme_scratch/data/CVDP_RGD/v2_1.SORRM.p0.1950Control/v2_1.SORRM.p0.1950Control.en00.FSNTC.050101-070012.nc’
working file:  /lcrc/group/acme/ac.szhang/acme_scratch/data/CVDP_RGD/v2_CRYO1950.SORRM.piControl_0501-0600/v2_CRYO1950.SORRM.piControl.en00.FSNTOA.050101-060012.nc
working file:  /lcrc/group/acme/ac.szhang/acme_scratch/data/CVDP_RGD/v2_CRYO1950.SORRM.piControl_0601-0700/v2_CRYO1950.SORRM.piControl.en00.FSNTOA.060101-070012.nc
output  file:  /lcrc/group/acme/ac.szhang/acme_scratch/data/CVDP_RGD/v2_1.SORRM.p0.1950Control/v2_1.SORRM.p0.1950Control.en00.FSNTOA.050101-070012.nc
removed ‘/lcrc/group/acme/ac.szhang/acme_scratch/data/CVDP_RGD/v2_1.SORRM.p0.1950Control/v2_1.SORRM.p0.1950Control.en00.FSNTOA.050101-070012.nc’
working file:  /lcrc/group/acme/ac.szhang/acme_scratch/data/CVDP_RGD/v2_CRYO1950.SORRM.piControl_0501-0600/v2_CRYO1950.SORRM.piControl.en00.FSNTOAC.050101-060012.nc
working file:  /lcrc/group/acme/ac.szhang/acme_scratch/data/CVDP_RGD/v2_CRYO1950.SORRM.piControl_0601-0700/v2_CRYO1950.SORRM.piControl.en00.FSNTOAC.060101-070012.nc
output  file:  /lcrc/group/acme/ac.szhang/acme_scratch/data/CVDP_RGD/v2_1.SORRM.p0.1950Control/v2_1.SORRM.p0.1950Control.en00.FSNTOAC.050101-070012.nc
removed ‘/lcrc/group/acme/ac.szhang/acme_scratch/data/CVDP_RGD/v2_1.SORRM.p0.1950Control/v2_1.SORRM.p0.1950Control.en00.FSNTOAC.050101-070012.nc’
working file:  /lcrc/group/acme/ac.szhang/acme_scratch/data/CVDP_RGD/v2_CRYO1950.SORRM.piControl_0501-0600/v2_CRYO1950.SORRM.piControl.en00.FSUTOA.050101-060012.nc
working file:  /lcrc/group/acme/ac.szhang/acme_scratch/data/CVDP_RGD/v2_CRYO1950.SORRM.piControl_0601-0700/v2_CRYO1950.SORRM.piControl.en00.FSUTOA.060101-070012.nc
output  file:  /lcrc/group/acme/ac.szhang/acme_scratch/data/CVDP_RGD/v2_1.SORRM.p0.1950Control/v2_1.SORRM.p0.1950Control.en00.FSUTOA.050101-070012.nc
removed ‘/lcrc/group/acme/ac.szhang/acme_scratch/data/CVDP_RGD/v2_1.SORRM.p0.1950Control/v2_1.SORRM.p0.1950Control.en00.FSUTOA.050101-070012.nc’
working file:  /lcrc/group/acme/ac.szhang/acme_scratch/data/CVDP_RGD/v2_CRYO1950.SORRM.piControl_0501-0600/v2_CRYO1950.SORRM.piControl.en00.FSUTOAC.050101-060012.nc
working file:  /lcrc/group/acme/ac.szhang/acme_scratch/data/CVDP_RGD/v2_CRYO1950.SORRM.piControl_0601-0700/v2_CRYO1950.SORRM.piControl.en00.FSUTOAC.060101-070012.nc
output  file:  /lcrc/group/acme/ac.szhang/acme_scratch/data/CVDP_RGD/v2_1.SORRM.p0.1950Control/v2_1.SORRM.p0.1950Control.en00.FSUTOAC.050101-070012.nc
removed ‘/lcrc/group/acme/ac.szhang/acme_scratch/data/CVDP_RGD/v2_1.SORRM.p0.1950Control/v2_1.SORRM.p0.1950Control.en00.FSUTOAC.050101-070012.nc’
working file:  /lcrc/group/acme/ac.szhang/acme_scratch/data/CVDP_RGD/v2_CRYO1950.SORRM.piControl_0501-0600/v2_CRYO1950.SORRM.piControl.en00.ICEFRAC.050101-060012.nc
working file:  /lcrc/group/acme/ac.szhang/acme_scratch/data/CVDP_RGD/v2_CRYO1950.SORRM.piControl_0601-0700/v2_CRYO1950.SORRM.piControl.en00.ICEFRAC.060101-070012.nc
output  file:  /lcrc/group/acme/ac.szhang/acme_scratch/data/CVDP_RGD/v2_1.SORRM.p0.1950Control/v2_1.SORRM.p0.1950Control.en00.ICEFRAC.050101-070012.nc
removed ‘/lcrc/group/acme/ac.szhang/acme_scratch/data/CVDP_RGD/v2_1.SORRM.p0.1950Control/v2_1.SORRM.p0.1950Control.en00.ICEFRAC.050101-070012.nc’
working file:  /lcrc/group/acme/ac.szhang/acme_scratch/data/CVDP_RGD/v2_CRYO1950.SORRM.piControl_0501-0600/v2_CRYO1950.SORRM.piControl.en00.LANDFRAC.050101-060012.nc
working file:  /lcrc/group/acme/ac.szhang/acme_scratch/data/CVDP_RGD/v2_CRYO1950.SORRM.piControl_0601-0700/v2_CRYO1950.SORRM.piControl.en00.LANDFRAC.060101-070012.nc
output  file:  /lcrc/group/acme/ac.szhang/acme_scratch/data/CVDP_RGD/v2_1.SORRM.p0.1950Control/v2_1.SORRM.p0.1950Control.en00.LANDFRAC.050101-070012.nc
removed ‘/lcrc/group/acme/ac.szhang/acme_scratch/data/CVDP_RGD/v2_1.SORRM.p0.1950Control/v2_1.SORRM.p0.1950Control.en00.LANDFRAC.050101-070012.nc’
working file:  /lcrc/group/acme/ac.szhang/acme_scratch/data/CVDP_RGD/v2_CRYO1950.SORRM.piControl_0501-0600/v2_CRYO1950.SORRM.piControl.en00.LHFLX.050101-060012.nc
working file:  /lcrc/group/acme/ac.szhang/acme_scratch/data/CVDP_RGD/v2_CRYO1950.SORRM.piControl_0601-0700/v2_CRYO1950.SORRM.piControl.en00.LHFLX.060101-070012.nc
output  file:  /lcrc/group/acme/ac.szhang/acme_scratch/data/CVDP_RGD/v2_1.SORRM.p0.1950Control/v2_1.SORRM.p0.1950Control.en00.LHFLX.050101-070012.nc
removed ‘/lcrc/group/acme/ac.szhang/acme_scratch/data/CVDP_RGD/v2_1.SORRM.p0.1950Control/v2_1.SORRM.p0.1950Control.en00.LHFLX.050101-070012.nc’
working file:  /lcrc/group/acme/ac.szhang/acme_scratch/data/CVDP_RGD/v2_CRYO1950.SORRM.piControl_0501-0600/v2_CRYO1950.SORRM.piControl.en00.LWCF.050101-060012.nc
working file:  /lcrc/group/acme/ac.szhang/acme_scratch/data/CVDP_RGD/v2_CRYO1950.SORRM.piControl_0601-0700/v2_CRYO1950.SORRM.piControl.en00.LWCF.060101-070012.nc
output  file:  /lcrc/group/acme/ac.szhang/acme_scratch/data/CVDP_RGD/v2_1.SORRM.p0.1950Control/v2_1.SORRM.p0.1950Control.en00.LWCF.050101-070012.nc
removed ‘/lcrc/group/acme/ac.szhang/acme_scratch/data/CVDP_RGD/v2_1.SORRM.p0.1950Control/v2_1.SORRM.p0.1950Control.en00.LWCF.050101-070012.nc’
working file:  /lcrc/group/acme/ac.szhang/acme_scratch/data/CVDP_RGD/v2_CRYO1950.SORRM.piControl_0501-0600/v2_CRYO1950.SORRM.piControl.en00.LWCRE.050101-060012.nc
working file:  /lcrc/group/acme/ac.szhang/acme_scratch/data/CVDP_RGD/v2_CRYO1950.SORRM.piControl_0601-0700/v2_CRYO1950.SORRM.piControl.en00.LWCRE.060101-070012.nc
output  file:  /lcrc/group/acme/ac.szhang/acme_scratch/data/CVDP_RGD/v2_1.SORRM.p0.1950Control/v2_1.SORRM.p0.1950Control.en00.LWCRE.050101-070012.nc
removed ‘/lcrc/group/acme/ac.szhang/acme_scratch/data/CVDP_RGD/v2_1.SORRM.p0.1950Control/v2_1.SORRM.p0.1950Control.en00.LWCRE.050101-070012.nc’
working file:  /lcrc/group/acme/ac.szhang/acme_scratch/data/CVDP_RGD/v2_CRYO1950.SORRM.piControl_0501-0600/v2_CRYO1950.SORRM.piControl.en00.LWCRE_SRF.050101-060012.nc
working file:  /lcrc/group/acme/ac.szhang/acme_scratch/data/CVDP_RGD/v2_CRYO1950.SORRM.piControl_0601-0700/v2_CRYO1950.SORRM.piControl.en00.LWCRE_SRF.060101-070012.nc
output  file:  /lcrc/group/acme/ac.szhang/acme_scratch/data/CVDP_RGD/v2_1.SORRM.p0.1950Control/v2_1.SORRM.p0.1950Control.en00.LWCRE_SRF.050101-070012.nc
removed ‘/lcrc/group/acme/ac.szhang/acme_scratch/data/CVDP_RGD/v2_1.SORRM.p0.1950Control/v2_1.SORRM.p0.1950Control.en00.LWCRE_SRF.050101-070012.nc’
working file:  /lcrc/group/acme/ac.szhang/acme_scratch/data/CVDP_RGD/v2_CRYO1950.SORRM.piControl_0501-0600/v2_CRYO1950.SORRM.piControl.en00.O3_SRF.050101-060012.nc
working file:  /lcrc/group/acme/ac.szhang/acme_scratch/data/CVDP_RGD/v2_CRYO1950.SORRM.piControl_0601-0700/v2_CRYO1950.SORRM.piControl.en00.O3_SRF.060101-070012.nc
output  file:  /lcrc/group/acme/ac.szhang/acme_scratch/data/CVDP_RGD/v2_1.SORRM.p0.1950Control/v2_1.SORRM.p0.1950Control.en00.O3_SRF.050101-070012.nc
removed ‘/lcrc/group/acme/ac.szhang/acme_scratch/data/CVDP_RGD/v2_1.SORRM.p0.1950Control/v2_1.SORRM.p0.1950Control.en00.O3_SRF.050101-070012.nc’
working file:  /lcrc/group/acme/ac.szhang/acme_scratch/data/CVDP_RGD/v2_CRYO1950.SORRM.piControl_0501-0600/v2_CRYO1950.SORRM.piControl.en00.OCNFRAC.050101-060012.nc
working file:  /lcrc/group/acme/ac.szhang/acme_scratch/data/CVDP_RGD/v2_CRYO1950.SORRM.piControl_0601-0700/v2_CRYO1950.SORRM.piControl.en00.OCNFRAC.060101-070012.nc
output  file:  /lcrc/group/acme/ac.szhang/acme_scratch/data/CVDP_RGD/v2_1.SORRM.p0.1950Control/v2_1.SORRM.p0.1950Control.en00.OCNFRAC.050101-070012.nc
removed ‘/lcrc/group/acme/ac.szhang/acme_scratch/data/CVDP_RGD/v2_1.SORRM.p0.1950Control/v2_1.SORRM.p0.1950Control.en00.OCNFRAC.050101-070012.nc’
working file:  /lcrc/group/acme/ac.szhang/acme_scratch/data/CVDP_RGD/v2_CRYO1950.SORRM.piControl_0501-0600/v2_CRYO1950.SORRM.piControl.en00.OLR.050101-060012.nc
working file:  /lcrc/group/acme/ac.szhang/acme_scratch/data/CVDP_RGD/v2_CRYO1950.SORRM.piControl_0601-0700/v2_CRYO1950.SORRM.piControl.en00.OLR.060101-070012.nc
output  file:  /lcrc/group/acme/ac.szhang/acme_scratch/data/CVDP_RGD/v2_1.SORRM.p0.1950Control/v2_1.SORRM.p0.1950Control.en00.OLR.050101-070012.nc
removed ‘/lcrc/group/acme/ac.szhang/acme_scratch/data/CVDP_RGD/v2_1.SORRM.p0.1950Control/v2_1.SORRM.p0.1950Control.en00.OLR.050101-070012.nc’
working file:  /lcrc/group/acme/ac.szhang/acme_scratch/data/CVDP_RGD/v2_CRYO1950.SORRM.piControl_0501-0600/v2_CRYO1950.SORRM.piControl.en00.OMEGA500.050101-060012.nc
working file:  /lcrc/group/acme/ac.szhang/acme_scratch/data/CVDP_RGD/v2_CRYO1950.SORRM.piControl_0601-0700/v2_CRYO1950.SORRM.piControl.en00.OMEGA500.060101-070012.nc
output  file:  /lcrc/group/acme/ac.szhang/acme_scratch/data/CVDP_RGD/v2_1.SORRM.p0.1950Control/v2_1.SORRM.p0.1950Control.en00.OMEGA500.050101-070012.nc
removed ‘/lcrc/group/acme/ac.szhang/acme_scratch/data/CVDP_RGD/v2_1.SORRM.p0.1950Control/v2_1.SORRM.p0.1950Control.en00.OMEGA500.050101-070012.nc’
working file:  /lcrc/group/acme/ac.szhang/acme_scratch/data/CVDP_RGD/v2_CRYO1950.SORRM.piControl_0501-0600/v2_CRYO1950.SORRM.piControl.en00.PBLH.050101-060012.nc
working file:  /lcrc/group/acme/ac.szhang/acme_scratch/data/CVDP_RGD/v2_CRYO1950.SORRM.piControl_0601-0700/v2_CRYO1950.SORRM.piControl.en00.PBLH.060101-070012.nc
output  file:  /lcrc/group/acme/ac.szhang/acme_scratch/data/CVDP_RGD/v2_1.SORRM.p0.1950Control/v2_1.SORRM.p0.1950Control.en00.PBLH.050101-070012.nc
removed ‘/lcrc/group/acme/ac.szhang/acme_scratch/data/CVDP_RGD/v2_1.SORRM.p0.1950Control/v2_1.SORRM.p0.1950Control.en00.PBLH.050101-070012.nc’
working file:  /lcrc/group/acme/ac.szhang/acme_scratch/data/CVDP_RGD/v2_CRYO1950.SORRM.piControl_0501-0600/v2_CRYO1950.SORRM.piControl.en00.PHIS.050101-060012.nc
working file:  /lcrc/group/acme/ac.szhang/acme_scratch/data/CVDP_RGD/v2_CRYO1950.SORRM.piControl_0601-0700/v2_CRYO1950.SORRM.piControl.en00.PHIS.060101-070012.nc
output  file:  /lcrc/group/acme/ac.szhang/acme_scratch/data/CVDP_RGD/v2_1.SORRM.p0.1950Control/v2_1.SORRM.p0.1950Control.en00.PHIS.050101-070012.nc
removed ‘/lcrc/group/acme/ac.szhang/acme_scratch/data/CVDP_RGD/v2_1.SORRM.p0.1950Control/v2_1.SORRM.p0.1950Control.en00.PHIS.050101-070012.nc’
working file:  /lcrc/group/acme/ac.szhang/acme_scratch/data/CVDP_RGD/v2_CRYO1950.SORRM.piControl_0501-0600/v2_CRYO1950.SORRM.piControl.en00.PRECC.050101-060012.nc
working file:  /lcrc/group/acme/ac.szhang/acme_scratch/data/CVDP_RGD/v2_CRYO1950.SORRM.piControl_0601-0700/v2_CRYO1950.SORRM.piControl.en00.PRECC.060101-070012.nc
output  file:  /lcrc/group/acme/ac.szhang/acme_scratch/data/CVDP_RGD/v2_1.SORRM.p0.1950Control/v2_1.SORRM.p0.1950Control.en00.PRECC.050101-070012.nc
removed ‘/lcrc/group/acme/ac.szhang/acme_scratch/data/CVDP_RGD/v2_1.SORRM.p0.1950Control/v2_1.SORRM.p0.1950Control.en00.PRECC.050101-070012.nc’
working file:  /lcrc/group/acme/ac.szhang/acme_scratch/data/CVDP_RGD/v2_CRYO1950.SORRM.piControl_0501-0600/v2_CRYO1950.SORRM.piControl.en00.PRECL.050101-060012.nc
working file:  /lcrc/group/acme/ac.szhang/acme_scratch/data/CVDP_RGD/v2_CRYO1950.SORRM.piControl_0601-0700/v2_CRYO1950.SORRM.piControl.en00.PRECL.060101-070012.nc
output  file:  /lcrc/group/acme/ac.szhang/acme_scratch/data/CVDP_RGD/v2_1.SORRM.p0.1950Control/v2_1.SORRM.p0.1950Control.en00.PRECL.050101-070012.nc
removed ‘/lcrc/group/acme/ac.szhang/acme_scratch/data/CVDP_RGD/v2_1.SORRM.p0.1950Control/v2_1.SORRM.p0.1950Control.en00.PRECL.050101-070012.nc’
working file:  /lcrc/group/acme/ac.szhang/acme_scratch/data/CVDP_RGD/v2_CRYO1950.SORRM.piControl_0501-0600/v2_CRYO1950.SORRM.piControl.en00.PRECSC.050101-060012.nc
working file:  /lcrc/group/acme/ac.szhang/acme_scratch/data/CVDP_RGD/v2_CRYO1950.SORRM.piControl_0601-0700/v2_CRYO1950.SORRM.piControl.en00.PRECSC.060101-070012.nc
output  file:  /lcrc/group/acme/ac.szhang/acme_scratch/data/CVDP_RGD/v2_1.SORRM.p0.1950Control/v2_1.SORRM.p0.1950Control.en00.PRECSC.050101-070012.nc
removed ‘/lcrc/group/acme/ac.szhang/acme_scratch/data/CVDP_RGD/v2_1.SORRM.p0.1950Control/v2_1.SORRM.p0.1950Control.en00.PRECSC.050101-070012.nc’
working file:  /lcrc/group/acme/ac.szhang/acme_scratch/data/CVDP_RGD/v2_CRYO1950.SORRM.piControl_0501-0600/v2_CRYO1950.SORRM.piControl.en00.PRECSL.050101-060012.nc
working file:  /lcrc/group/acme/ac.szhang/acme_scratch/data/CVDP_RGD/v2_CRYO1950.SORRM.piControl_0601-0700/v2_CRYO1950.SORRM.piControl.en00.PRECSL.060101-070012.nc
output  file:  /lcrc/group/acme/ac.szhang/acme_scratch/data/CVDP_RGD/v2_1.SORRM.p0.1950Control/v2_1.SORRM.p0.1950Control.en00.PRECSL.050101-070012.nc
removed ‘/lcrc/group/acme/ac.szhang/acme_scratch/data/CVDP_RGD/v2_1.SORRM.p0.1950Control/v2_1.SORRM.p0.1950Control.en00.PRECSL.050101-070012.nc’
working file:  /lcrc/group/acme/ac.szhang/acme_scratch/data/CVDP_RGD/v2_CRYO1950.SORRM.piControl_0501-0600/v2_CRYO1950.SORRM.piControl.en00.PRECST.050101-060012.nc
working file:  /lcrc/group/acme/ac.szhang/acme_scratch/data/CVDP_RGD/v2_CRYO1950.SORRM.piControl_0601-0700/v2_CRYO1950.SORRM.piControl.en00.PRECST.060101-070012.nc
output  file:  /lcrc/group/acme/ac.szhang/acme_scratch/data/CVDP_RGD/v2_1.SORRM.p0.1950Control/v2_1.SORRM.p0.1950Control.en00.PRECST.050101-070012.nc
removed ‘/lcrc/group/acme/ac.szhang/acme_scratch/data/CVDP_RGD/v2_1.SORRM.p0.1950Control/v2_1.SORRM.p0.1950Control.en00.PRECST.050101-070012.nc’
working file:  /lcrc/group/acme/ac.szhang/acme_scratch/data/CVDP_RGD/v2_CRYO1950.SORRM.piControl_0501-0600/v2_CRYO1950.SORRM.piControl.en00.PRECT.050101-060012.nc
working file:  /lcrc/group/acme/ac.szhang/acme_scratch/data/CVDP_RGD/v2_CRYO1950.SORRM.piControl_0601-0700/v2_CRYO1950.SORRM.piControl.en00.PRECT.060101-070012.nc
output  file:  /lcrc/group/acme/ac.szhang/acme_scratch/data/CVDP_RGD/v2_1.SORRM.p0.1950Control/v2_1.SORRM.p0.1950Control.en00.PRECT.050101-070012.nc
removed ‘/lcrc/group/acme/ac.szhang/acme_scratch/data/CVDP_RGD/v2_1.SORRM.p0.1950Control/v2_1.SORRM.p0.1950Control.en00.PRECT.050101-070012.nc’
working file:  /lcrc/group/acme/ac.szhang/acme_scratch/data/CVDP_RGD/v2_CRYO1950.SORRM.piControl_0501-0600/v2_CRYO1950.SORRM.piControl.en00.PS.050101-060012.nc
working file:  /lcrc/group/acme/ac.szhang/acme_scratch/data/CVDP_RGD/v2_CRYO1950.SORRM.piControl_0601-0700/v2_CRYO1950.SORRM.piControl.en00.PS.060101-070012.nc
output  file:  /lcrc/group/acme/ac.szhang/acme_scratch/data/CVDP_RGD/v2_1.SORRM.p0.1950Control/v2_1.SORRM.p0.1950Control.en00.PS.050101-070012.nc
removed ‘/lcrc/group/acme/ac.szhang/acme_scratch/data/CVDP_RGD/v2_1.SORRM.p0.1950Control/v2_1.SORRM.p0.1950Control.en00.PS.050101-070012.nc’
working file:  /lcrc/group/acme/ac.szhang/acme_scratch/data/CVDP_RGD/v2_CRYO1950.SORRM.piControl_0501-0600/v2_CRYO1950.SORRM.piControl.en00.PSL.050101-060012.nc
working file:  /lcrc/group/acme/ac.szhang/acme_scratch/data/CVDP_RGD/v2_CRYO1950.SORRM.piControl_0601-0700/v2_CRYO1950.SORRM.piControl.en00.PSL.060101-070012.nc
output  file:  /lcrc/group/acme/ac.szhang/acme_scratch/data/CVDP_RGD/v2_1.SORRM.p0.1950Control/v2_1.SORRM.p0.1950Control.en00.PSL.050101-070012.nc
removed ‘/lcrc/group/acme/ac.szhang/acme_scratch/data/CVDP_RGD/v2_1.SORRM.p0.1950Control/v2_1.SORRM.p0.1950Control.en00.PSL.050101-070012.nc’
working file:  /lcrc/group/acme/ac.szhang/acme_scratch/data/CVDP_RGD/v2_CRYO1950.SORRM.piControl_0501-0600/v2_CRYO1950.SORRM.piControl.en00.QFLX.050101-060012.nc
working file:  /lcrc/group/acme/ac.szhang/acme_scratch/data/CVDP_RGD/v2_CRYO1950.SORRM.piControl_0601-0700/v2_CRYO1950.SORRM.piControl.en00.QFLX.060101-070012.nc
output  file:  /lcrc/group/acme/ac.szhang/acme_scratch/data/CVDP_RGD/v2_1.SORRM.p0.1950Control/v2_1.SORRM.p0.1950Control.en00.QFLX.050101-070012.nc
removed ‘/lcrc/group/acme/ac.szhang/acme_scratch/data/CVDP_RGD/v2_1.SORRM.p0.1950Control/v2_1.SORRM.p0.1950Control.en00.QFLX.050101-070012.nc’
working file:  /lcrc/group/acme/ac.szhang/acme_scratch/data/CVDP_RGD/v2_CRYO1950.SORRM.piControl_0501-0600/v2_CRYO1950.SORRM.piControl.en00.QnRad_SRF.050101-060012.nc
working file:  /lcrc/group/acme/ac.szhang/acme_scratch/data/CVDP_RGD/v2_CRYO1950.SORRM.piControl_0601-0700/v2_CRYO1950.SORRM.piControl.en00.QnRad_SRF.060101-070012.nc
output  file:  /lcrc/group/acme/ac.szhang/acme_scratch/data/CVDP_RGD/v2_1.SORRM.p0.1950Control/v2_1.SORRM.p0.1950Control.en00.QnRad_SRF.050101-070012.nc
removed ‘/lcrc/group/acme/ac.szhang/acme_scratch/data/CVDP_RGD/v2_1.SORRM.p0.1950Control/v2_1.SORRM.p0.1950Control.en00.QnRad_SRF.050101-070012.nc’
working file:  /lcrc/group/acme/ac.szhang/acme_scratch/data/CVDP_RGD/v2_CRYO1950.SORRM.piControl_0501-0600/v2_CRYO1950.SORRM.piControl.en00.Qn_SRF.050101-060012.nc
working file:  /lcrc/group/acme/ac.szhang/acme_scratch/data/CVDP_RGD/v2_CRYO1950.SORRM.piControl_0601-0700/v2_CRYO1950.SORRM.piControl.en00.Qn_SRF.060101-070012.nc
output  file:  /lcrc/group/acme/ac.szhang/acme_scratch/data/CVDP_RGD/v2_1.SORRM.p0.1950Control/v2_1.SORRM.p0.1950Control.en00.Qn_SRF.050101-070012.nc
removed ‘/lcrc/group/acme/ac.szhang/acme_scratch/data/CVDP_RGD/v2_1.SORRM.p0.1950Control/v2_1.SORRM.p0.1950Control.en00.Qn_SRF.050101-070012.nc’
working file:  /lcrc/group/acme/ac.szhang/acme_scratch/data/CVDP_RGD/v2_CRYO1950.SORRM.piControl_0501-0600/v2_CRYO1950.SORRM.piControl.en00.QnTot_SRF.050101-060012.nc
working file:  /lcrc/group/acme/ac.szhang/acme_scratch/data/CVDP_RGD/v2_CRYO1950.SORRM.piControl_0601-0700/v2_CRYO1950.SORRM.piControl.en00.QnTot_SRF.060101-070012.nc
output  file:  /lcrc/group/acme/ac.szhang/acme_scratch/data/CVDP_RGD/v2_1.SORRM.p0.1950Control/v2_1.SORRM.p0.1950Control.en00.QnTot_SRF.050101-070012.nc
removed ‘/lcrc/group/acme/ac.szhang/acme_scratch/data/CVDP_RGD/v2_1.SORRM.p0.1950Control/v2_1.SORRM.p0.1950Control.en00.QnTot_SRF.050101-070012.nc’
working file:  /lcrc/group/acme/ac.szhang/acme_scratch/data/CVDP_RGD/v2_CRYO1950.SORRM.piControl_0501-0600/v2_CRYO1950.SORRM.piControl.en00.QnTur_SRF.050101-060012.nc
working file:  /lcrc/group/acme/ac.szhang/acme_scratch/data/CVDP_RGD/v2_CRYO1950.SORRM.piControl_0601-0700/v2_CRYO1950.SORRM.piControl.en00.QnTur_SRF.060101-070012.nc
output  file:  /lcrc/group/acme/ac.szhang/acme_scratch/data/CVDP_RGD/v2_1.SORRM.p0.1950Control/v2_1.SORRM.p0.1950Control.en00.QnTur_SRF.050101-070012.nc
removed ‘/lcrc/group/acme/ac.szhang/acme_scratch/data/CVDP_RGD/v2_1.SORRM.p0.1950Control/v2_1.SORRM.p0.1950Control.en00.QnTur_SRF.050101-070012.nc’
working file:  /lcrc/group/acme/ac.szhang/acme_scratch/data/CVDP_RGD/v2_CRYO1950.SORRM.piControl_0501-0600/v2_CRYO1950.SORRM.piControl.en00.QREFHT.050101-060012.nc
working file:  /lcrc/group/acme/ac.szhang/acme_scratch/data/CVDP_RGD/v2_CRYO1950.SORRM.piControl_0601-0700/v2_CRYO1950.SORRM.piControl.en00.QREFHT.060101-070012.nc
output  file:  /lcrc/group/acme/ac.szhang/acme_scratch/data/CVDP_RGD/v2_1.SORRM.p0.1950Control/v2_1.SORRM.p0.1950Control.en00.QREFHT.050101-070012.nc
removed ‘/lcrc/group/acme/ac.szhang/acme_scratch/data/CVDP_RGD/v2_1.SORRM.p0.1950Control/v2_1.SORRM.p0.1950Control.en00.QREFHT.050101-070012.nc’
working file:  /lcrc/group/acme/ac.szhang/acme_scratch/data/CVDP_RGD/v2_CRYO1950.SORRM.piControl_0501-0600/v2_CRYO1950.SORRM.piControl.en00.S10.050101-060012.nc
working file:  /lcrc/group/acme/ac.szhang/acme_scratch/data/CVDP_RGD/v2_CRYO1950.SORRM.piControl_0601-0700/v2_CRYO1950.SORRM.piControl.en00.S10.060101-070012.nc
output  file:  /lcrc/group/acme/ac.szhang/acme_scratch/data/CVDP_RGD/v2_1.SORRM.p0.1950Control/v2_1.SORRM.p0.1950Control.en00.S10.050101-070012.nc
removed ‘/lcrc/group/acme/ac.szhang/acme_scratch/data/CVDP_RGD/v2_1.SORRM.p0.1950Control/v2_1.SORRM.p0.1950Control.en00.S10.050101-070012.nc’
working file:  /lcrc/group/acme/ac.szhang/acme_scratch/data/CVDP_RGD/v2_CRYO1950.SORRM.piControl_0501-0600/v2_CRYO1950.SORRM.piControl.en00.SCO.050101-060012.nc
working file:  /lcrc/group/acme/ac.szhang/acme_scratch/data/CVDP_RGD/v2_CRYO1950.SORRM.piControl_0601-0700/v2_CRYO1950.SORRM.piControl.en00.SCO.060101-070012.nc
output  file:  /lcrc/group/acme/ac.szhang/acme_scratch/data/CVDP_RGD/v2_1.SORRM.p0.1950Control/v2_1.SORRM.p0.1950Control.en00.SCO.050101-070012.nc
removed ‘/lcrc/group/acme/ac.szhang/acme_scratch/data/CVDP_RGD/v2_1.SORRM.p0.1950Control/v2_1.SORRM.p0.1950Control.en00.SCO.050101-070012.nc’
working file:  /lcrc/group/acme/ac.szhang/acme_scratch/data/CVDP_RGD/v2_CRYO1950.SORRM.piControl_0501-0600/v2_CRYO1950.SORRM.piControl.en00.SF.050101-060012.nc
working file:  /lcrc/group/acme/ac.szhang/acme_scratch/data/CVDP_RGD/v2_CRYO1950.SORRM.piControl_0601-0700/v2_CRYO1950.SORRM.piControl.en00.SF.060101-070012.nc
output  file:  /lcrc/group/acme/ac.szhang/acme_scratch/data/CVDP_RGD/v2_1.SORRM.p0.1950Control/v2_1.SORRM.p0.1950Control.en00.SF.050101-070012.nc
removed ‘/lcrc/group/acme/ac.szhang/acme_scratch/data/CVDP_RGD/v2_1.SORRM.p0.1950Control/v2_1.SORRM.p0.1950Control.en00.SF.050101-070012.nc’
working file:  /lcrc/group/acme/ac.szhang/acme_scratch/data/CVDP_RGD/v2_CRYO1950.SORRM.piControl_0501-0600/v2_CRYO1950.SORRM.piControl.en00.SHFLX.050101-060012.nc
working file:  /lcrc/group/acme/ac.szhang/acme_scratch/data/CVDP_RGD/v2_CRYO1950.SORRM.piControl_0601-0700/v2_CRYO1950.SORRM.piControl.en00.SHFLX.060101-070012.nc
output  file:  /lcrc/group/acme/ac.szhang/acme_scratch/data/CVDP_RGD/v2_1.SORRM.p0.1950Control/v2_1.SORRM.p0.1950Control.en00.SHFLX.050101-070012.nc
removed ‘/lcrc/group/acme/ac.szhang/acme_scratch/data/CVDP_RGD/v2_1.SORRM.p0.1950Control/v2_1.SORRM.p0.1950Control.en00.SHFLX.050101-070012.nc’
working file:  /lcrc/group/acme/ac.szhang/acme_scratch/data/CVDP_RGD/v2_CRYO1950.SORRM.piControl_0501-0600/v2_CRYO1950.SORRM.piControl.en00.SNOWHICE.050101-060012.nc
working file:  /lcrc/group/acme/ac.szhang/acme_scratch/data/CVDP_RGD/v2_CRYO1950.SORRM.piControl_0601-0700/v2_CRYO1950.SORRM.piControl.en00.SNOWHICE.060101-070012.nc
output  file:  /lcrc/group/acme/ac.szhang/acme_scratch/data/CVDP_RGD/v2_1.SORRM.p0.1950Control/v2_1.SORRM.p0.1950Control.en00.SNOWHICE.050101-070012.nc
removed ‘/lcrc/group/acme/ac.szhang/acme_scratch/data/CVDP_RGD/v2_1.SORRM.p0.1950Control/v2_1.SORRM.p0.1950Control.en00.SNOWHICE.050101-070012.nc’
working file:  /lcrc/group/acme/ac.szhang/acme_scratch/data/CVDP_RGD/v2_CRYO1950.SORRM.piControl_0501-0600/v2_CRYO1950.SORRM.piControl.en00.SNOWHLND.050101-060012.nc
working file:  /lcrc/group/acme/ac.szhang/acme_scratch/data/CVDP_RGD/v2_CRYO1950.SORRM.piControl_0601-0700/v2_CRYO1950.SORRM.piControl.en00.SNOWHLND.060101-070012.nc
output  file:  /lcrc/group/acme/ac.szhang/acme_scratch/data/CVDP_RGD/v2_1.SORRM.p0.1950Control/v2_1.SORRM.p0.1950Control.en00.SNOWHLND.050101-070012.nc
removed ‘/lcrc/group/acme/ac.szhang/acme_scratch/data/CVDP_RGD/v2_1.SORRM.p0.1950Control/v2_1.SORRM.p0.1950Control.en00.SNOWHLND.050101-070012.nc’
working file:  /lcrc/group/acme/ac.szhang/acme_scratch/data/CVDP_RGD/v2_CRYO1950.SORRM.piControl_0501-0600/v2_CRYO1950.SORRM.piControl.en00.SOLIN.050101-060012.nc
working file:  /lcrc/group/acme/ac.szhang/acme_scratch/data/CVDP_RGD/v2_CRYO1950.SORRM.piControl_0601-0700/v2_CRYO1950.SORRM.piControl.en00.SOLIN.060101-070012.nc
output  file:  /lcrc/group/acme/ac.szhang/acme_scratch/data/CVDP_RGD/v2_1.SORRM.p0.1950Control/v2_1.SORRM.p0.1950Control.en00.SOLIN.050101-070012.nc
removed ‘/lcrc/group/acme/ac.szhang/acme_scratch/data/CVDP_RGD/v2_1.SORRM.p0.1950Control/v2_1.SORRM.p0.1950Control.en00.SOLIN.050101-070012.nc’
working file:  /lcrc/group/acme/ac.szhang/acme_scratch/data/CVDP_RGD/v2_CRYO1950.SORRM.piControl_0501-0600/v2_CRYO1950.SORRM.piControl.en00.SWCF.050101-060012.nc
working file:  /lcrc/group/acme/ac.szhang/acme_scratch/data/CVDP_RGD/v2_CRYO1950.SORRM.piControl_0601-0700/v2_CRYO1950.SORRM.piControl.en00.SWCF.060101-070012.nc
output  file:  /lcrc/group/acme/ac.szhang/acme_scratch/data/CVDP_RGD/v2_1.SORRM.p0.1950Control/v2_1.SORRM.p0.1950Control.en00.SWCF.050101-070012.nc
removed ‘/lcrc/group/acme/ac.szhang/acme_scratch/data/CVDP_RGD/v2_1.SORRM.p0.1950Control/v2_1.SORRM.p0.1950Control.en00.SWCF.050101-070012.nc’
working file:  /lcrc/group/acme/ac.szhang/acme_scratch/data/CVDP_RGD/v2_CRYO1950.SORRM.piControl_0501-0600/v2_CRYO1950.SORRM.piControl.en00.SWCRE.050101-060012.nc
working file:  /lcrc/group/acme/ac.szhang/acme_scratch/data/CVDP_RGD/v2_CRYO1950.SORRM.piControl_0601-0700/v2_CRYO1950.SORRM.piControl.en00.SWCRE.060101-070012.nc
output  file:  /lcrc/group/acme/ac.szhang/acme_scratch/data/CVDP_RGD/v2_1.SORRM.p0.1950Control/v2_1.SORRM.p0.1950Control.en00.SWCRE.050101-070012.nc
removed ‘/lcrc/group/acme/ac.szhang/acme_scratch/data/CVDP_RGD/v2_1.SORRM.p0.1950Control/v2_1.SORRM.p0.1950Control.en00.SWCRE.050101-070012.nc’
working file:  /lcrc/group/acme/ac.szhang/acme_scratch/data/CVDP_RGD/v2_CRYO1950.SORRM.piControl_0501-0600/v2_CRYO1950.SORRM.piControl.en00.SWCRE_SRF.050101-060012.nc
working file:  /lcrc/group/acme/ac.szhang/acme_scratch/data/CVDP_RGD/v2_CRYO1950.SORRM.piControl_0601-0700/v2_CRYO1950.SORRM.piControl.en00.SWCRE_SRF.060101-070012.nc
output  file:  /lcrc/group/acme/ac.szhang/acme_scratch/data/CVDP_RGD/v2_1.SORRM.p0.1950Control/v2_1.SORRM.p0.1950Control.en00.SWCRE_SRF.050101-070012.nc
removed ‘/lcrc/group/acme/ac.szhang/acme_scratch/data/CVDP_RGD/v2_1.SORRM.p0.1950Control/v2_1.SORRM.p0.1950Control.en00.SWCRE_SRF.050101-070012.nc’
working file:  /lcrc/group/acme/ac.szhang/acme_scratch/data/CVDP_RGD/v2_CRYO1950.SORRM.piControl_0501-0600/v2_CRYO1950.SORRM.piControl.en00.T850.050101-060012.nc
working file:  /lcrc/group/acme/ac.szhang/acme_scratch/data/CVDP_RGD/v2_CRYO1950.SORRM.piControl_0601-0700/v2_CRYO1950.SORRM.piControl.en00.T850.060101-070012.nc
output  file:  /lcrc/group/acme/ac.szhang/acme_scratch/data/CVDP_RGD/v2_1.SORRM.p0.1950Control/v2_1.SORRM.p0.1950Control.en00.T850.050101-070012.nc
removed ‘/lcrc/group/acme/ac.szhang/acme_scratch/data/CVDP_RGD/v2_1.SORRM.p0.1950Control/v2_1.SORRM.p0.1950Control.en00.T850.050101-070012.nc’
working file:  /lcrc/group/acme/ac.szhang/acme_scratch/data/CVDP_RGD/v2_CRYO1950.SORRM.piControl_0501-0600/v2_CRYO1950.SORRM.piControl.en00.TAUGWX.050101-060012.nc
working file:  /lcrc/group/acme/ac.szhang/acme_scratch/data/CVDP_RGD/v2_CRYO1950.SORRM.piControl_0601-0700/v2_CRYO1950.SORRM.piControl.en00.TAUGWX.060101-070012.nc
output  file:  /lcrc/group/acme/ac.szhang/acme_scratch/data/CVDP_RGD/v2_1.SORRM.p0.1950Control/v2_1.SORRM.p0.1950Control.en00.TAUGWX.050101-070012.nc
removed ‘/lcrc/group/acme/ac.szhang/acme_scratch/data/CVDP_RGD/v2_1.SORRM.p0.1950Control/v2_1.SORRM.p0.1950Control.en00.TAUGWX.050101-070012.nc’
working file:  /lcrc/group/acme/ac.szhang/acme_scratch/data/CVDP_RGD/v2_CRYO1950.SORRM.piControl_0501-0600/v2_CRYO1950.SORRM.piControl.en00.TAUGWY.050101-060012.nc
working file:  /lcrc/group/acme/ac.szhang/acme_scratch/data/CVDP_RGD/v2_CRYO1950.SORRM.piControl_0601-0700/v2_CRYO1950.SORRM.piControl.en00.TAUGWY.060101-070012.nc
output  file:  /lcrc/group/acme/ac.szhang/acme_scratch/data/CVDP_RGD/v2_1.SORRM.p0.1950Control/v2_1.SORRM.p0.1950Control.en00.TAUGWY.050101-070012.nc
removed ‘/lcrc/group/acme/ac.szhang/acme_scratch/data/CVDP_RGD/v2_1.SORRM.p0.1950Control/v2_1.SORRM.p0.1950Control.en00.TAUGWY.050101-070012.nc’
working file:  /lcrc/group/acme/ac.szhang/acme_scratch/data/CVDP_RGD/v2_CRYO1950.SORRM.piControl_0501-0600/v2_CRYO1950.SORRM.piControl.en00.TAUX.050101-060012.nc
working file:  /lcrc/group/acme/ac.szhang/acme_scratch/data/CVDP_RGD/v2_CRYO1950.SORRM.piControl_0601-0700/v2_CRYO1950.SORRM.piControl.en00.TAUX.060101-070012.nc
output  file:  /lcrc/group/acme/ac.szhang/acme_scratch/data/CVDP_RGD/v2_1.SORRM.p0.1950Control/v2_1.SORRM.p0.1950Control.en00.TAUX.050101-070012.nc
removed ‘/lcrc/group/acme/ac.szhang/acme_scratch/data/CVDP_RGD/v2_1.SORRM.p0.1950Control/v2_1.SORRM.p0.1950Control.en00.TAUX.050101-070012.nc’
working file:  /lcrc/group/acme/ac.szhang/acme_scratch/data/CVDP_RGD/v2_CRYO1950.SORRM.piControl_0501-0600/v2_CRYO1950.SORRM.piControl.en00.TAUY.050101-060012.nc
working file:  /lcrc/group/acme/ac.szhang/acme_scratch/data/CVDP_RGD/v2_CRYO1950.SORRM.piControl_0601-0700/v2_CRYO1950.SORRM.piControl.en00.TAUY.060101-070012.nc
output  file:  /lcrc/group/acme/ac.szhang/acme_scratch/data/CVDP_RGD/v2_1.SORRM.p0.1950Control/v2_1.SORRM.p0.1950Control.en00.TAUY.050101-070012.nc
removed ‘/lcrc/group/acme/ac.szhang/acme_scratch/data/CVDP_RGD/v2_1.SORRM.p0.1950Control/v2_1.SORRM.p0.1950Control.en00.TAUY.050101-070012.nc’
working file:  /lcrc/group/acme/ac.szhang/acme_scratch/data/CVDP_RGD/v2_CRYO1950.SORRM.piControl_0501-0600/v2_CRYO1950.SORRM.piControl.en00.TCO.050101-060012.nc
working file:  /lcrc/group/acme/ac.szhang/acme_scratch/data/CVDP_RGD/v2_CRYO1950.SORRM.piControl_0601-0700/v2_CRYO1950.SORRM.piControl.en00.TCO.060101-070012.nc
output  file:  /lcrc/group/acme/ac.szhang/acme_scratch/data/CVDP_RGD/v2_1.SORRM.p0.1950Control/v2_1.SORRM.p0.1950Control.en00.TCO.050101-070012.nc
removed ‘/lcrc/group/acme/ac.szhang/acme_scratch/data/CVDP_RGD/v2_1.SORRM.p0.1950Control/v2_1.SORRM.p0.1950Control.en00.TCO.050101-070012.nc’
working file:  /lcrc/group/acme/ac.szhang/acme_scratch/data/CVDP_RGD/v2_CRYO1950.SORRM.piControl_0501-0600/v2_CRYO1950.SORRM.piControl.en00.TGCLDCWP.050101-060012.nc
working file:  /lcrc/group/acme/ac.szhang/acme_scratch/data/CVDP_RGD/v2_CRYO1950.SORRM.piControl_0601-0700/v2_CRYO1950.SORRM.piControl.en00.TGCLDCWP.060101-070012.nc
output  file:  /lcrc/group/acme/ac.szhang/acme_scratch/data/CVDP_RGD/v2_1.SORRM.p0.1950Control/v2_1.SORRM.p0.1950Control.en00.TGCLDCWP.050101-070012.nc
removed ‘/lcrc/group/acme/ac.szhang/acme_scratch/data/CVDP_RGD/v2_1.SORRM.p0.1950Control/v2_1.SORRM.p0.1950Control.en00.TGCLDCWP.050101-070012.nc’
working file:  /lcrc/group/acme/ac.szhang/acme_scratch/data/CVDP_RGD/v2_CRYO1950.SORRM.piControl_0501-0600/v2_CRYO1950.SORRM.piControl.en00.TGCLDIWP.050101-060012.nc
working file:  /lcrc/group/acme/ac.szhang/acme_scratch/data/CVDP_RGD/v2_CRYO1950.SORRM.piControl_0601-0700/v2_CRYO1950.SORRM.piControl.en00.TGCLDIWP.060101-070012.nc
output  file:  /lcrc/group/acme/ac.szhang/acme_scratch/data/CVDP_RGD/v2_1.SORRM.p0.1950Control/v2_1.SORRM.p0.1950Control.en00.TGCLDIWP.050101-070012.nc
removed ‘/lcrc/group/acme/ac.szhang/acme_scratch/data/CVDP_RGD/v2_1.SORRM.p0.1950Control/v2_1.SORRM.p0.1950Control.en00.TGCLDIWP.050101-070012.nc’
working file:  /lcrc/group/acme/ac.szhang/acme_scratch/data/CVDP_RGD/v2_CRYO1950.SORRM.piControl_0501-0600/v2_CRYO1950.SORRM.piControl.en00.TGCLDLWP.050101-060012.nc
working file:  /lcrc/group/acme/ac.szhang/acme_scratch/data/CVDP_RGD/v2_CRYO1950.SORRM.piControl_0601-0700/v2_CRYO1950.SORRM.piControl.en00.TGCLDLWP.060101-070012.nc
output  file:  /lcrc/group/acme/ac.szhang/acme_scratch/data/CVDP_RGD/v2_1.SORRM.p0.1950Control/v2_1.SORRM.p0.1950Control.en00.TGCLDLWP.050101-070012.nc
removed ‘/lcrc/group/acme/ac.szhang/acme_scratch/data/CVDP_RGD/v2_1.SORRM.p0.1950Control/v2_1.SORRM.p0.1950Control.en00.TGCLDLWP.050101-070012.nc’
working file:  /lcrc/group/acme/ac.szhang/acme_scratch/data/CVDP_RGD/v2_CRYO1950.SORRM.piControl_0501-0600/v2_CRYO1950.SORRM.piControl.en00.TH7001000.050101-060012.nc
working file:  /lcrc/group/acme/ac.szhang/acme_scratch/data/CVDP_RGD/v2_CRYO1950.SORRM.piControl_0601-0700/v2_CRYO1950.SORRM.piControl.en00.TH7001000.060101-070012.nc
output  file:  /lcrc/group/acme/ac.szhang/acme_scratch/data/CVDP_RGD/v2_1.SORRM.p0.1950Control/v2_1.SORRM.p0.1950Control.en00.TH7001000.050101-070012.nc
removed ‘/lcrc/group/acme/ac.szhang/acme_scratch/data/CVDP_RGD/v2_1.SORRM.p0.1950Control/v2_1.SORRM.p0.1950Control.en00.TH7001000.050101-070012.nc’
working file:  /lcrc/group/acme/ac.szhang/acme_scratch/data/CVDP_RGD/v2_CRYO1950.SORRM.piControl_0501-0600/v2_CRYO1950.SORRM.piControl.en00.TMQ.050101-060012.nc
working file:  /lcrc/group/acme/ac.szhang/acme_scratch/data/CVDP_RGD/v2_CRYO1950.SORRM.piControl_0601-0700/v2_CRYO1950.SORRM.piControl.en00.TMQ.060101-070012.nc
output  file:  /lcrc/group/acme/ac.szhang/acme_scratch/data/CVDP_RGD/v2_1.SORRM.p0.1950Control/v2_1.SORRM.p0.1950Control.en00.TMQ.050101-070012.nc
removed ‘/lcrc/group/acme/ac.szhang/acme_scratch/data/CVDP_RGD/v2_1.SORRM.p0.1950Control/v2_1.SORRM.p0.1950Control.en00.TMQ.050101-070012.nc’
working file:  /lcrc/group/acme/ac.szhang/acme_scratch/data/CVDP_RGD/v2_CRYO1950.SORRM.piControl_0501-0600/v2_CRYO1950.SORRM.piControl.en00.TREFHT.050101-060012.nc
working file:  /lcrc/group/acme/ac.szhang/acme_scratch/data/CVDP_RGD/v2_CRYO1950.SORRM.piControl_0601-0700/v2_CRYO1950.SORRM.piControl.en00.TREFHT.060101-070012.nc
output  file:  /lcrc/group/acme/ac.szhang/acme_scratch/data/CVDP_RGD/v2_1.SORRM.p0.1950Control/v2_1.SORRM.p0.1950Control.en00.TREFHT.050101-070012.nc
removed ‘/lcrc/group/acme/ac.szhang/acme_scratch/data/CVDP_RGD/v2_1.SORRM.p0.1950Control/v2_1.SORRM.p0.1950Control.en00.TREFHT.050101-070012.nc’
working file:  /lcrc/group/acme/ac.szhang/acme_scratch/data/CVDP_RGD/v2_CRYO1950.SORRM.piControl_0501-0600/v2_CRYO1950.SORRM.piControl.en00.TS.050101-060012.nc
working file:  /lcrc/group/acme/ac.szhang/acme_scratch/data/CVDP_RGD/v2_CRYO1950.SORRM.piControl_0601-0700/v2_CRYO1950.SORRM.piControl.en00.TS.060101-070012.nc
output  file:  /lcrc/group/acme/ac.szhang/acme_scratch/data/CVDP_RGD/v2_1.SORRM.p0.1950Control/v2_1.SORRM.p0.1950Control.en00.TS.050101-070012.nc
removed ‘/lcrc/group/acme/ac.szhang/acme_scratch/data/CVDP_RGD/v2_1.SORRM.p0.1950Control/v2_1.SORRM.p0.1950Control.en00.TS.050101-070012.nc’
working file:  /lcrc/group/acme/ac.szhang/acme_scratch/data/CVDP_RGD/v2_CRYO1950.SORRM.piControl_0501-0600/v2_CRYO1950.SORRM.piControl.en00.TSMN.050101-060012.nc
working file:  /lcrc/group/acme/ac.szhang/acme_scratch/data/CVDP_RGD/v2_CRYO1950.SORRM.piControl_0601-0700/v2_CRYO1950.SORRM.piControl.en00.TSMN.060101-070012.nc
output  file:  /lcrc/group/acme/ac.szhang/acme_scratch/data/CVDP_RGD/v2_1.SORRM.p0.1950Control/v2_1.SORRM.p0.1950Control.en00.TSMN.050101-070012.nc
removed ‘/lcrc/group/acme/ac.szhang/acme_scratch/data/CVDP_RGD/v2_1.SORRM.p0.1950Control/v2_1.SORRM.p0.1950Control.en00.TSMN.050101-070012.nc’
working file:  /lcrc/group/acme/ac.szhang/acme_scratch/data/CVDP_RGD/v2_CRYO1950.SORRM.piControl_0501-0600/v2_CRYO1950.SORRM.piControl.en00.TSMX.050101-060012.nc
working file:  /lcrc/group/acme/ac.szhang/acme_scratch/data/CVDP_RGD/v2_CRYO1950.SORRM.piControl_0601-0700/v2_CRYO1950.SORRM.piControl.en00.TSMX.060101-070012.nc
output  file:  /lcrc/group/acme/ac.szhang/acme_scratch/data/CVDP_RGD/v2_1.SORRM.p0.1950Control/v2_1.SORRM.p0.1950Control.en00.TSMX.050101-070012.nc
removed ‘/lcrc/group/acme/ac.szhang/acme_scratch/data/CVDP_RGD/v2_1.SORRM.p0.1950Control/v2_1.SORRM.p0.1950Control.en00.TSMX.050101-070012.nc’
working file:  /lcrc/group/acme/ac.szhang/acme_scratch/data/CVDP_RGD/v2_CRYO1950.SORRM.piControl_0501-0600/v2_CRYO1950.SORRM.piControl.en00.TUH.050101-060012.nc
working file:  /lcrc/group/acme/ac.szhang/acme_scratch/data/CVDP_RGD/v2_CRYO1950.SORRM.piControl_0601-0700/v2_CRYO1950.SORRM.piControl.en00.TUH.060101-070012.nc
output  file:  /lcrc/group/acme/ac.szhang/acme_scratch/data/CVDP_RGD/v2_1.SORRM.p0.1950Control/v2_1.SORRM.p0.1950Control.en00.TUH.050101-070012.nc
removed ‘/lcrc/group/acme/ac.szhang/acme_scratch/data/CVDP_RGD/v2_1.SORRM.p0.1950Control/v2_1.SORRM.p0.1950Control.en00.TUH.050101-070012.nc’
working file:  /lcrc/group/acme/ac.szhang/acme_scratch/data/CVDP_RGD/v2_CRYO1950.SORRM.piControl_0501-0600/v2_CRYO1950.SORRM.piControl.en00.TUQ.050101-060012.nc
working file:  /lcrc/group/acme/ac.szhang/acme_scratch/data/CVDP_RGD/v2_CRYO1950.SORRM.piControl_0601-0700/v2_CRYO1950.SORRM.piControl.en00.TUQ.060101-070012.nc
output  file:  /lcrc/group/acme/ac.szhang/acme_scratch/data/CVDP_RGD/v2_1.SORRM.p0.1950Control/v2_1.SORRM.p0.1950Control.en00.TUQ.050101-070012.nc
removed ‘/lcrc/group/acme/ac.szhang/acme_scratch/data/CVDP_RGD/v2_1.SORRM.p0.1950Control/v2_1.SORRM.p0.1950Control.en00.TUQ.050101-070012.nc’
working file:  /lcrc/group/acme/ac.szhang/acme_scratch/data/CVDP_RGD/v2_CRYO1950.SORRM.piControl_0501-0600/v2_CRYO1950.SORRM.piControl.en00.TVH.050101-060012.nc
working file:  /lcrc/group/acme/ac.szhang/acme_scratch/data/CVDP_RGD/v2_CRYO1950.SORRM.piControl_0601-0700/v2_CRYO1950.SORRM.piControl.en00.TVH.060101-070012.nc
output  file:  /lcrc/group/acme/ac.szhang/acme_scratch/data/CVDP_RGD/v2_1.SORRM.p0.1950Control/v2_1.SORRM.p0.1950Control.en00.TVH.050101-070012.nc
removed ‘/lcrc/group/acme/ac.szhang/acme_scratch/data/CVDP_RGD/v2_1.SORRM.p0.1950Control/v2_1.SORRM.p0.1950Control.en00.TVH.050101-070012.nc’
working file:  /lcrc/group/acme/ac.szhang/acme_scratch/data/CVDP_RGD/v2_CRYO1950.SORRM.piControl_0501-0600/v2_CRYO1950.SORRM.piControl.en00.TVQ.050101-060012.nc
working file:  /lcrc/group/acme/ac.szhang/acme_scratch/data/CVDP_RGD/v2_CRYO1950.SORRM.piControl_0601-0700/v2_CRYO1950.SORRM.piControl.en00.TVQ.060101-070012.nc
output  file:  /lcrc/group/acme/ac.szhang/acme_scratch/data/CVDP_RGD/v2_1.SORRM.p0.1950Control/v2_1.SORRM.p0.1950Control.en00.TVQ.050101-070012.nc
removed ‘/lcrc/group/acme/ac.szhang/acme_scratch/data/CVDP_RGD/v2_1.SORRM.p0.1950Control/v2_1.SORRM.p0.1950Control.en00.TVQ.050101-070012.nc’
working file:  /lcrc/group/acme/ac.szhang/acme_scratch/data/CVDP_RGD/v2_CRYO1950.SORRM.piControl_0501-0600/v2_CRYO1950.SORRM.piControl.en00.U10.050101-060012.nc
working file:  /lcrc/group/acme/ac.szhang/acme_scratch/data/CVDP_RGD/v2_CRYO1950.SORRM.piControl_0601-0700/v2_CRYO1950.SORRM.piControl.en00.U10.060101-070012.nc
output  file:  /lcrc/group/acme/ac.szhang/acme_scratch/data/CVDP_RGD/v2_1.SORRM.p0.1950Control/v2_1.SORRM.p0.1950Control.en00.U10.050101-070012.nc
removed ‘/lcrc/group/acme/ac.szhang/acme_scratch/data/CVDP_RGD/v2_1.SORRM.p0.1950Control/v2_1.SORRM.p0.1950Control.en00.U10.050101-070012.nc’
working file:  /lcrc/group/acme/ac.szhang/acme_scratch/data/CVDP_RGD/v2_CRYO1950.SORRM.piControl_0501-0600/v2_CRYO1950.SORRM.piControl.en00.U200.050101-060012.nc
working file:  /lcrc/group/acme/ac.szhang/acme_scratch/data/CVDP_RGD/v2_CRYO1950.SORRM.piControl_0601-0700/v2_CRYO1950.SORRM.piControl.en00.U200.060101-070012.nc
output  file:  /lcrc/group/acme/ac.szhang/acme_scratch/data/CVDP_RGD/v2_1.SORRM.p0.1950Control/v2_1.SORRM.p0.1950Control.en00.U200.050101-070012.nc
removed ‘/lcrc/group/acme/ac.szhang/acme_scratch/data/CVDP_RGD/v2_1.SORRM.p0.1950Control/v2_1.SORRM.p0.1950Control.en00.U200.050101-070012.nc’
working file:  /lcrc/group/acme/ac.szhang/acme_scratch/data/CVDP_RGD/v2_CRYO1950.SORRM.piControl_0501-0600/v2_CRYO1950.SORRM.piControl.en00.U850.050101-060012.nc
working file:  /lcrc/group/acme/ac.szhang/acme_scratch/data/CVDP_RGD/v2_CRYO1950.SORRM.piControl_0601-0700/v2_CRYO1950.SORRM.piControl.en00.U850.060101-070012.nc
output  file:  /lcrc/group/acme/ac.szhang/acme_scratch/data/CVDP_RGD/v2_1.SORRM.p0.1950Control/v2_1.SORRM.p0.1950Control.en00.U850.050101-070012.nc
removed ‘/lcrc/group/acme/ac.szhang/acme_scratch/data/CVDP_RGD/v2_1.SORRM.p0.1950Control/v2_1.SORRM.p0.1950Control.en00.U850.050101-070012.nc’
working file:  /lcrc/group/acme/ac.szhang/acme_scratch/data/CVDP_RGD/v2_CRYO1950.SORRM.piControl_0501-0600/v2_CRYO1950.SORRM.piControl.en00.V10.050101-060012.nc
working file:  /lcrc/group/acme/ac.szhang/acme_scratch/data/CVDP_RGD/v2_CRYO1950.SORRM.piControl_0601-0700/v2_CRYO1950.SORRM.piControl.en00.V10.060101-070012.nc
output  file:  /lcrc/group/acme/ac.szhang/acme_scratch/data/CVDP_RGD/v2_1.SORRM.p0.1950Control/v2_1.SORRM.p0.1950Control.en00.V10.050101-070012.nc
removed ‘/lcrc/group/acme/ac.szhang/acme_scratch/data/CVDP_RGD/v2_1.SORRM.p0.1950Control/v2_1.SORRM.p0.1950Control.en00.V10.050101-070012.nc’
working file:  /lcrc/group/acme/ac.szhang/acme_scratch/data/CVDP_RGD/v2_CRYO1950.SORRM.piControl_0501-0600/v2_CRYO1950.SORRM.piControl.en00.V200.050101-060012.nc
working file:  /lcrc/group/acme/ac.szhang/acme_scratch/data/CVDP_RGD/v2_CRYO1950.SORRM.piControl_0601-0700/v2_CRYO1950.SORRM.piControl.en00.V200.060101-070012.nc
output  file:  /lcrc/group/acme/ac.szhang/acme_scratch/data/CVDP_RGD/v2_1.SORRM.p0.1950Control/v2_1.SORRM.p0.1950Control.en00.V200.050101-070012.nc
removed ‘/lcrc/group/acme/ac.szhang/acme_scratch/data/CVDP_RGD/v2_1.SORRM.p0.1950Control/v2_1.SORRM.p0.1950Control.en00.V200.050101-070012.nc’
working file:  /lcrc/group/acme/ac.szhang/acme_scratch/data/CVDP_RGD/v2_CRYO1950.SORRM.piControl_0501-0600/v2_CRYO1950.SORRM.piControl.en00.V850.050101-060012.nc
working file:  /lcrc/group/acme/ac.szhang/acme_scratch/data/CVDP_RGD/v2_CRYO1950.SORRM.piControl_0601-0700/v2_CRYO1950.SORRM.piControl.en00.V850.060101-070012.nc
output  file:  /lcrc/group/acme/ac.szhang/acme_scratch/data/CVDP_RGD/v2_1.SORRM.p0.1950Control/v2_1.SORRM.p0.1950Control.en00.V850.050101-070012.nc
removed ‘/lcrc/group/acme/ac.szhang/acme_scratch/data/CVDP_RGD/v2_1.SORRM.p0.1950Control/v2_1.SORRM.p0.1950Control.en00.V850.050101-070012.nc’
working file:  /lcrc/group/acme/ac.szhang/acme_scratch/data/CVDP_RGD/v2_CRYO1950.SORRM.piControl_0501-0600/v2_CRYO1950.SORRM.piControl.en00.Z500.050101-060012.nc
working file:  /lcrc/group/acme/ac.szhang/acme_scratch/data/CVDP_RGD/v2_CRYO1950.SORRM.piControl_0601-0700/v2_CRYO1950.SORRM.piControl.en00.Z500.060101-070012.nc
output  file:  /lcrc/group/acme/ac.szhang/acme_scratch/data/CVDP_RGD/v2_1.SORRM.p0.1950Control/v2_1.SORRM.p0.1950Control.en00.Z500.050101-070012.nc
removed ‘/lcrc/group/acme/ac.szhang/acme_scratch/data/CVDP_RGD/v2_1.SORRM.p0.1950Control/v2_1.SORRM.p0.1950Control.en00.Z500.050101-070012.nc’
done
