13
working file:  /lcrc/group/acme/ac.szhang/acme_scratch/data/CVDP_RGD/v2_1.SORRM.historical/v2_1.SORRM.historical.en00.SST.195001-201412.nc
ncap2: WARNING ncap_def_dim(): dim "bnds" - already exists in input/output.
working file:  /lcrc/group/acme/ac.szhang/acme_scratch/data/CVDP_RGD/v2_1.SORRM.historical/v2_1.SORRM.historical.en00.SSS.195001-201412.nc
ncap2: WARNING ncap_def_dim(): dim "bnds" - already exists in input/output.
working file:  /lcrc/group/acme/ac.szhang/acme_scratch/data/CVDP_RGD/v2_1.SORRM.historical/v2_1.SORRM.historical.en00.SITIMEFRAC.195001-201412.nc
ncap2: WARNING ncap_def_dim(): dim "bnds" - already exists in input/output.
working file:  /lcrc/group/acme/ac.szhang/acme_scratch/data/CVDP_RGD/v2_1.SORRM.historical/v2_1.SORRM.historical.en00.SICONC.195001-201412.nc
ncap2: WARNING ncap_def_dim(): dim "bnds" - already exists in input/output.
working file:  /lcrc/group/acme/ac.szhang/acme_scratch/data/CVDP_RGD/v2_1.SORRM.historical/v2_1.SORRM.historical.en00.SITHICK.195001-201412.nc
ncap2: WARNING ncap_def_dim(): dim "bnds" - already exists in input/output.
working file:  /lcrc/group/acme/ac.szhang/acme_scratch/data/CVDP_RGD/v2_1.SORRM.historical/v2_1.SORRM.historical.en00.SISNTHICK.195001-201412.nc
ncap2: WARNING ncap_def_dim(): dim "bnds" - already exists in input/output.
working file:  /lcrc/group/acme/ac.szhang/acme_scratch/data/CVDP_RGD/v2_1.SORRM.historical/v2_1.SORRM.historical.en00.SIMASS.195001-201412.nc
ncap2: WARNING ncap_def_dim(): dim "bnds" - already exists in input/output.
working file:  /lcrc/group/acme/ac.szhang/acme_scratch/data/CVDP_RGD/v2_1.SORRM.historical/v2_1.SORRM.historical.en01.SST.195001-201412.nc
working file:  /lcrc/group/acme/ac.szhang/acme_scratch/data/CVDP_RGD/v2_1.SORRM.historical/v2_1.SORRM.historical.en01.SSS.195001-201412.nc
working file:  /lcrc/group/acme/ac.szhang/acme_scratch/data/CVDP_RGD/v2_1.SORRM.historical/v2_1.SORRM.historical.en01.SITIMEFRAC.195001-201412.nc
working file:  /lcrc/group/acme/ac.szhang/acme_scratch/data/CVDP_RGD/v2_1.SORRM.historical/v2_1.SORRM.historical.en01.SICONC.195001-201412.nc
working file:  /lcrc/group/acme/ac.szhang/acme_scratch/data/CVDP_RGD/v2_1.SORRM.historical/v2_1.SORRM.historical.en01.SITHICK.195001-201412.nc
working file:  /lcrc/group/acme/ac.szhang/acme_scratch/data/CVDP_RGD/v2_1.SORRM.historical/v2_1.SORRM.historical.en01.SISNTHICK.195001-201412.nc
working file:  /lcrc/group/acme/ac.szhang/acme_scratch/data/CVDP_RGD/v2_1.SORRM.historical/v2_1.SORRM.historical.en01.SIMASS.195001-201412.nc
working file:  /lcrc/group/acme/ac.szhang/acme_scratch/data/CVDP_RGD/v2_1.SORRM.historical/v2_1.SORRM.historical.en02.SST.195001-201412.nc
working file:  /lcrc/group/acme/ac.szhang/acme_scratch/data/CVDP_RGD/v2_1.SORRM.historical/v2_1.SORRM.historical.en02.SSS.195001-201412.nc
working file:  /lcrc/group/acme/ac.szhang/acme_scratch/data/CVDP_RGD/v2_1.SORRM.historical/v2_1.SORRM.historical.en02.SITIMEFRAC.195001-201412.nc
working file:  /lcrc/group/acme/ac.szhang/acme_scratch/data/CVDP_RGD/v2_1.SORRM.historical/v2_1.SORRM.historical.en02.SICONC.195001-201412.nc
working file:  /lcrc/group/acme/ac.szhang/acme_scratch/data/CVDP_RGD/v2_1.SORRM.historical/v2_1.SORRM.historical.en02.SITHICK.195001-201412.nc
working file:  /lcrc/group/acme/ac.szhang/acme_scratch/data/CVDP_RGD/v2_1.SORRM.historical/v2_1.SORRM.historical.en02.SISNTHICK.195001-201412.nc
working file:  /lcrc/group/acme/ac.szhang/acme_scratch/data/CVDP_RGD/v2_1.SORRM.historical/v2_1.SORRM.historical.en02.SIMASS.195001-201412.nc
done
