13
working file:  /lcrc/group/acme/ac.szhang/acme_scratch/data/CVDP_RGD/v2_1.SORRM.historical/v2_1.SORRM.historical.en00.AMOC.195001-201412.nc
ncap2: WARNING ncap_def_dim(): dim "bnds" - already exists in input/output.
working file:  /lcrc/group/acme/ac.szhang/acme_scratch/data/CVDP_RGD/v2_1.SORRM.historical/v2_1.SORRM.historical.en00.AMOC26.195001-201412.nc
ncap2: WARNING ncap_def_dim(): dim "bnds" - already exists in input/output.
working file:  /lcrc/group/acme/ac.szhang/acme_scratch/data/CVDP_RGD/v2_1.SORRM.historical/v2_1.SORRM.historical.en00.AODDUST.195001-201412.nc
ncap2: WARNING ncap_def_dim(): dim "bnds" - already exists in input/output.
working file:  /lcrc/group/acme/ac.szhang/acme_scratch/data/CVDP_RGD/v2_1.SORRM.historical/v2_1.SORRM.historical.en00.AODVIS.195001-201412.nc
ncap2: WARNING ncap_def_dim(): dim "bnds" - already exists in input/output.
working file:  /lcrc/group/acme/ac.szhang/acme_scratch/data/CVDP_RGD/v2_1.SORRM.historical/v2_1.SORRM.historical.en00.CLDHGH.195001-201412.nc
ncap2: WARNING ncap_def_dim(): dim "bnds" - already exists in input/output.
working file:  /lcrc/group/acme/ac.szhang/acme_scratch/data/CVDP_RGD/v2_1.SORRM.historical/v2_1.SORRM.historical.en00.CLDLOW.195001-201412.nc
ncap2: WARNING ncap_def_dim(): dim "bnds" - already exists in input/output.
working file:  /lcrc/group/acme/ac.szhang/acme_scratch/data/CVDP_RGD/v2_1.SORRM.historical/v2_1.SORRM.historical.en00.CLDMED.195001-201412.nc
ncap2: WARNING ncap_def_dim(): dim "bnds" - already exists in input/output.
working file:  /lcrc/group/acme/ac.szhang/acme_scratch/data/CVDP_RGD/v2_1.SORRM.historical/v2_1.SORRM.historical.en00.CLDTOT.195001-201412.nc
ncap2: WARNING ncap_def_dim(): dim "bnds" - already exists in input/output.
working file:  /lcrc/group/acme/ac.szhang/acme_scratch/data/CVDP_RGD/v2_1.SORRM.historical/v2_1.SORRM.historical.en00.CRE.195001-201412.nc
ncap2: WARNING ncap_def_dim(): dim "bnds" - already exists in input/output.
working file:  /lcrc/group/acme/ac.szhang/acme_scratch/data/CVDP_RGD/v2_1.SORRM.historical/v2_1.SORRM.historical.en00.CRE_SRF.195001-201412.nc
ncap2: WARNING ncap_def_dim(): dim "bnds" - already exists in input/output.
working file:  /lcrc/group/acme/ac.szhang/acme_scratch/data/CVDP_RGD/v2_1.SORRM.historical/v2_1.SORRM.historical.en00.ETH1.195001-201412.nc
ncap2: WARNING ncap_def_dim(): dim "bnds" - already exists in input/output.
working file:  /lcrc/group/acme/ac.szhang/acme_scratch/data/CVDP_RGD/v2_1.SORRM.historical/v2_1.SORRM.historical.en00.ETH12.195001-201412.nc
ncap2: WARNING ncap_def_dim(): dim "bnds" - already exists in input/output.
working file:  /lcrc/group/acme/ac.szhang/acme_scratch/data/CVDP_RGD/v2_1.SORRM.historical/v2_1.SORRM.historical.en00.ETH2.195001-201412.nc
ncap2: WARNING ncap_def_dim(): dim "bnds" - already exists in input/output.
working file:  /lcrc/group/acme/ac.szhang/acme_scratch/data/CVDP_RGD/v2_1.SORRM.historical/v2_1.SORRM.historical.en00.FLDS.195001-201412.nc
ncap2: WARNING ncap_def_dim(): dim "bnds" - already exists in input/output.
working file:  /lcrc/group/acme/ac.szhang/acme_scratch/data/CVDP_RGD/v2_1.SORRM.historical/v2_1.SORRM.historical.en00.FLDSC.195001-201412.nc
ncap2: WARNING ncap_def_dim(): dim "bnds" - already exists in input/output.
working file:  /lcrc/group/acme/ac.szhang/acme_scratch/data/CVDP_RGD/v2_1.SORRM.historical/v2_1.SORRM.historical.en00.FLNS.195001-201412.nc
ncap2: WARNING ncap_def_dim(): dim "bnds" - already exists in input/output.
working file:  /lcrc/group/acme/ac.szhang/acme_scratch/data/CVDP_RGD/v2_1.SORRM.historical/v2_1.SORRM.historical.en00.FLNSC.195001-201412.nc
ncap2: WARNING ncap_def_dim(): dim "bnds" - already exists in input/output.
working file:  /lcrc/group/acme/ac.szhang/acme_scratch/data/CVDP_RGD/v2_1.SORRM.historical/v2_1.SORRM.historical.en00.FLNT.195001-201412.nc
ncap2: WARNING ncap_def_dim(): dim "bnds" - already exists in input/output.
working file:  /lcrc/group/acme/ac.szhang/acme_scratch/data/CVDP_RGD/v2_1.SORRM.historical/v2_1.SORRM.historical.en00.FLNTC.195001-201412.nc
ncap2: WARNING ncap_def_dim(): dim "bnds" - already exists in input/output.
working file:  /lcrc/group/acme/ac.szhang/acme_scratch/data/CVDP_RGD/v2_1.SORRM.historical/v2_1.SORRM.historical.en00.FLUT.195001-201412.nc
ncap2: WARNING ncap_def_dim(): dim "bnds" - already exists in input/output.
working file:  /lcrc/group/acme/ac.szhang/acme_scratch/data/CVDP_RGD/v2_1.SORRM.historical/v2_1.SORRM.historical.en00.FLUTC.195001-201412.nc
ncap2: WARNING ncap_def_dim(): dim "bnds" - already exists in input/output.
working file:  /lcrc/group/acme/ac.szhang/acme_scratch/data/CVDP_RGD/v2_1.SORRM.historical/v2_1.SORRM.historical.en00.FSDS.195001-201412.nc
ncap2: WARNING ncap_def_dim(): dim "bnds" - already exists in input/output.
working file:  /lcrc/group/acme/ac.szhang/acme_scratch/data/CVDP_RGD/v2_1.SORRM.historical/v2_1.SORRM.historical.en00.FSDSC.195001-201412.nc
ncap2: WARNING ncap_def_dim(): dim "bnds" - already exists in input/output.
working file:  /lcrc/group/acme/ac.szhang/acme_scratch/data/CVDP_RGD/v2_1.SORRM.historical/v2_1.SORRM.historical.en00.FSNS.195001-201412.nc
ncap2: WARNING ncap_def_dim(): dim "bnds" - already exists in input/output.
working file:  /lcrc/group/acme/ac.szhang/acme_scratch/data/CVDP_RGD/v2_1.SORRM.historical/v2_1.SORRM.historical.en00.FSNSC.195001-201412.nc
ncap2: WARNING ncap_def_dim(): dim "bnds" - already exists in input/output.
working file:  /lcrc/group/acme/ac.szhang/acme_scratch/data/CVDP_RGD/v2_1.SORRM.historical/v2_1.SORRM.historical.en00.FSNT.195001-201412.nc
ncap2: WARNING ncap_def_dim(): dim "bnds" - already exists in input/output.
working file:  /lcrc/group/acme/ac.szhang/acme_scratch/data/CVDP_RGD/v2_1.SORRM.historical/v2_1.SORRM.historical.en00.FSNTC.195001-201412.nc
ncap2: WARNING ncap_def_dim(): dim "bnds" - already exists in input/output.
working file:  /lcrc/group/acme/ac.szhang/acme_scratch/data/CVDP_RGD/v2_1.SORRM.historical/v2_1.SORRM.historical.en00.FSNTOA.195001-201412.nc
ncap2: WARNING ncap_def_dim(): dim "bnds" - already exists in input/output.
working file:  /lcrc/group/acme/ac.szhang/acme_scratch/data/CVDP_RGD/v2_1.SORRM.historical/v2_1.SORRM.historical.en00.FSNTOAC.195001-201412.nc
ncap2: WARNING ncap_def_dim(): dim "bnds" - already exists in input/output.
working file:  /lcrc/group/acme/ac.szhang/acme_scratch/data/CVDP_RGD/v2_1.SORRM.historical/v2_1.SORRM.historical.en00.FSUTOA.195001-201412.nc
ncap2: WARNING ncap_def_dim(): dim "bnds" - already exists in input/output.
working file:  /lcrc/group/acme/ac.szhang/acme_scratch/data/CVDP_RGD/v2_1.SORRM.historical/v2_1.SORRM.historical.en00.FSUTOAC.195001-201412.nc
ncap2: WARNING ncap_def_dim(): dim "bnds" - already exists in input/output.
working file:  /lcrc/group/acme/ac.szhang/acme_scratch/data/CVDP_RGD/v2_1.SORRM.historical/v2_1.SORRM.historical.en00.ICEFRAC.195001-201412.nc
ncap2: WARNING ncap_def_dim(): dim "bnds" - already exists in input/output.
working file:  /lcrc/group/acme/ac.szhang/acme_scratch/data/CVDP_RGD/v2_1.SORRM.historical/v2_1.SORRM.historical.en00.LANDFRAC.195001-201412.nc
ncap2: WARNING ncap_def_dim(): dim "bnds" - already exists in input/output.
working file:  /lcrc/group/acme/ac.szhang/acme_scratch/data/CVDP_RGD/v2_1.SORRM.historical/v2_1.SORRM.historical.en00.LHFLX1.195001-201412.nc
ncap2: WARNING ncap_def_dim(): dim "bnds" - already exists in input/output.
working file:  /lcrc/group/acme/ac.szhang/acme_scratch/data/CVDP_RGD/v2_1.SORRM.historical/v2_1.SORRM.historical.en00.LHFLX.195001-201412.nc
ncap2: WARNING ncap_def_dim(): dim "bnds" - already exists in input/output.
working file:  /lcrc/group/acme/ac.szhang/acme_scratch/data/CVDP_RGD/v2_1.SORRM.historical/v2_1.SORRM.historical.en00.LWCF.195001-201412.nc
ncap2: WARNING ncap_def_dim(): dim "bnds" - already exists in input/output.
working file:  /lcrc/group/acme/ac.szhang/acme_scratch/data/CVDP_RGD/v2_1.SORRM.historical/v2_1.SORRM.historical.en00.LWCRE.195001-201412.nc
ncap2: WARNING ncap_def_dim(): dim "bnds" - already exists in input/output.
working file:  /lcrc/group/acme/ac.szhang/acme_scratch/data/CVDP_RGD/v2_1.SORRM.historical/v2_1.SORRM.historical.en00.LWCRE_SRF.195001-201412.nc
ncap2: WARNING ncap_def_dim(): dim "bnds" - already exists in input/output.
working file:  /lcrc/group/acme/ac.szhang/acme_scratch/data/CVDP_RGD/v2_1.SORRM.historical/v2_1.SORRM.historical.en00.O3_SRF.195001-201412.nc
ncap2: WARNING ncap_def_dim(): dim "bnds" - already exists in input/output.
working file:  /lcrc/group/acme/ac.szhang/acme_scratch/data/CVDP_RGD/v2_1.SORRM.historical/v2_1.SORRM.historical.en00.OCNFRAC.195001-201412.nc
ncap2: WARNING ncap_def_dim(): dim "bnds" - already exists in input/output.
working file:  /lcrc/group/acme/ac.szhang/acme_scratch/data/CVDP_RGD/v2_1.SORRM.historical/v2_1.SORRM.historical.en00.OLR.195001-201412.nc
ncap2: WARNING ncap_def_dim(): dim "bnds" - already exists in input/output.
working file:  /lcrc/group/acme/ac.szhang/acme_scratch/data/CVDP_RGD/v2_1.SORRM.historical/v2_1.SORRM.historical.en00.OMEGA500.195001-201412.nc
ncap2: WARNING ncap_def_dim(): dim "bnds" - already exists in input/output.
working file:  /lcrc/group/acme/ac.szhang/acme_scratch/data/CVDP_RGD/v2_1.SORRM.historical/v2_1.SORRM.historical.en00.PBLH.195001-201412.nc
ncap2: WARNING ncap_def_dim(): dim "bnds" - already exists in input/output.
working file:  /lcrc/group/acme/ac.szhang/acme_scratch/data/CVDP_RGD/v2_1.SORRM.historical/v2_1.SORRM.historical.en00.PHIS.195001-201412.nc
ncap2: WARNING ncap_def_dim(): dim "bnds" - already exists in input/output.
working file:  /lcrc/group/acme/ac.szhang/acme_scratch/data/CVDP_RGD/v2_1.SORRM.historical/v2_1.SORRM.historical.en00.PRECC.195001-201412.nc
ncap2: WARNING ncap_def_dim(): dim "bnds" - already exists in input/output.
working file:  /lcrc/group/acme/ac.szhang/acme_scratch/data/CVDP_RGD/v2_1.SORRM.historical/v2_1.SORRM.historical.en00.PRECL.195001-201412.nc
ncap2: WARNING ncap_def_dim(): dim "bnds" - already exists in input/output.
working file:  /lcrc/group/acme/ac.szhang/acme_scratch/data/CVDP_RGD/v2_1.SORRM.historical/v2_1.SORRM.historical.en00.PRECSC.195001-201412.nc
ncap2: WARNING ncap_def_dim(): dim "bnds" - already exists in input/output.
working file:  /lcrc/group/acme/ac.szhang/acme_scratch/data/CVDP_RGD/v2_1.SORRM.historical/v2_1.SORRM.historical.en00.PRECSL.195001-201412.nc
ncap2: WARNING ncap_def_dim(): dim "bnds" - already exists in input/output.
working file:  /lcrc/group/acme/ac.szhang/acme_scratch/data/CVDP_RGD/v2_1.SORRM.historical/v2_1.SORRM.historical.en00.PRECST.195001-201412.nc
ncap2: WARNING ncap_def_dim(): dim "bnds" - already exists in input/output.
working file:  /lcrc/group/acme/ac.szhang/acme_scratch/data/CVDP_RGD/v2_1.SORRM.historical/v2_1.SORRM.historical.en00.PRECT.195001-201412.nc
ncap2: WARNING ncap_def_dim(): dim "bnds" - already exists in input/output.
working file:  /lcrc/group/acme/ac.szhang/acme_scratch/data/CVDP_RGD/v2_1.SORRM.historical/v2_1.SORRM.historical.en00.PS.195001-201412.nc
ncap2: WARNING ncap_def_dim(): dim "bnds" - already exists in input/output.
working file:  /lcrc/group/acme/ac.szhang/acme_scratch/data/CVDP_RGD/v2_1.SORRM.historical/v2_1.SORRM.historical.en00.PSL.195001-201412.nc
ncap2: WARNING ncap_def_dim(): dim "bnds" - already exists in input/output.
working file:  /lcrc/group/acme/ac.szhang/acme_scratch/data/CVDP_RGD/v2_1.SORRM.historical/v2_1.SORRM.historical.en00.QFLX.195001-201412.nc
ncap2: WARNING ncap_def_dim(): dim "bnds" - already exists in input/output.
working file:  /lcrc/group/acme/ac.szhang/acme_scratch/data/CVDP_RGD/v2_1.SORRM.historical/v2_1.SORRM.historical.en00.QnRad_SRF.195001-201412.nc
ncap2: WARNING ncap_def_dim(): dim "bnds" - already exists in input/output.
working file:  /lcrc/group/acme/ac.szhang/acme_scratch/data/CVDP_RGD/v2_1.SORRM.historical/v2_1.SORRM.historical.en00.Qn_SRF.195001-201412.nc
ncap2: WARNING ncap_def_dim(): dim "bnds" - already exists in input/output.
working file:  /lcrc/group/acme/ac.szhang/acme_scratch/data/CVDP_RGD/v2_1.SORRM.historical/v2_1.SORRM.historical.en00.QnTot_SRF.195001-201412.nc
ncap2: WARNING ncap_def_dim(): dim "bnds" - already exists in input/output.
working file:  /lcrc/group/acme/ac.szhang/acme_scratch/data/CVDP_RGD/v2_1.SORRM.historical/v2_1.SORRM.historical.en00.QnTur_SRF.195001-201412.nc
ncap2: WARNING ncap_def_dim(): dim "bnds" - already exists in input/output.
working file:  /lcrc/group/acme/ac.szhang/acme_scratch/data/CVDP_RGD/v2_1.SORRM.historical/v2_1.SORRM.historical.en00.QREFHT.195001-201412.nc
ncap2: WARNING ncap_def_dim(): dim "bnds" - already exists in input/output.
working file:  /lcrc/group/acme/ac.szhang/acme_scratch/data/CVDP_RGD/v2_1.SORRM.historical/v2_1.SORRM.historical.en00.S10.195001-201412.nc
ncap2: WARNING ncap_def_dim(): dim "bnds" - already exists in input/output.
working file:  /lcrc/group/acme/ac.szhang/acme_scratch/data/CVDP_RGD/v2_1.SORRM.historical/v2_1.SORRM.historical.en00.SCO.195001-201412.nc
ncap2: WARNING ncap_def_dim(): dim "bnds" - already exists in input/output.
working file:  /lcrc/group/acme/ac.szhang/acme_scratch/data/CVDP_RGD/v2_1.SORRM.historical/v2_1.SORRM.historical.en00.SF.195001-201412.nc
ncap2: WARNING ncap_def_dim(): dim "bnds" - already exists in input/output.
working file:  /lcrc/group/acme/ac.szhang/acme_scratch/data/CVDP_RGD/v2_1.SORRM.historical/v2_1.SORRM.historical.en00.SFO3.195001-201412.nc
ncap2: WARNING ncap_def_dim(): dim "bnds" - already exists in input/output.
working file:  /lcrc/group/acme/ac.szhang/acme_scratch/data/CVDP_RGD/v2_1.SORRM.historical/v2_1.SORRM.historical.en00.SHFLX.195001-201412.nc
ncap2: WARNING ncap_def_dim(): dim "bnds" - already exists in input/output.
working file:  /lcrc/group/acme/ac.szhang/acme_scratch/data/CVDP_RGD/v2_1.SORRM.historical/v2_1.SORRM.historical.en00.SNFRAC.195001-201412.nc
ncap2: WARNING ncap_def_dim(): dim "bnds" - already exists in input/output.
working file:  /lcrc/group/acme/ac.szhang/acme_scratch/data/CVDP_RGD/v2_1.SORRM.historical/v2_1.SORRM.historical.en00.SNOW.195001-201412.nc
ncap2: WARNING ncap_def_dim(): dim "bnds" - already exists in input/output.
working file:  /lcrc/group/acme/ac.szhang/acme_scratch/data/CVDP_RGD/v2_1.SORRM.historical/v2_1.SORRM.historical.en00.SNOWDP.195001-201412.nc
ncap2: WARNING ncap_def_dim(): dim "bnds" - already exists in input/output.
working file:  /lcrc/group/acme/ac.szhang/acme_scratch/data/CVDP_RGD/v2_1.SORRM.historical/v2_1.SORRM.historical.en00.SNOWHICE.195001-201412.nc
ncap2: WARNING ncap_def_dim(): dim "bnds" - already exists in input/output.
working file:  /lcrc/group/acme/ac.szhang/acme_scratch/data/CVDP_RGD/v2_1.SORRM.historical/v2_1.SORRM.historical.en00.SNOWHLND.195001-201412.nc
ncap2: WARNING ncap_def_dim(): dim "bnds" - already exists in input/output.
working file:  /lcrc/group/acme/ac.szhang/acme_scratch/data/CVDP_RGD/v2_1.SORRM.historical/v2_1.SORRM.historical.en00.SOILWATER.195001-201412.nc
ncap2: WARNING ncap_def_dim(): dim "bnds" - already exists in input/output.
working file:  /lcrc/group/acme/ac.szhang/acme_scratch/data/CVDP_RGD/v2_1.SORRM.historical/v2_1.SORRM.historical.en00.SOLIN.195001-201412.nc
ncap2: WARNING ncap_def_dim(): dim "bnds" - already exists in input/output.
working file:  /lcrc/group/acme/ac.szhang/acme_scratch/data/CVDP_RGD/v2_1.SORRM.historical/v2_1.SORRM.historical.en00.SWCF.195001-201412.nc
ncap2: WARNING ncap_def_dim(): dim "bnds" - already exists in input/output.
working file:  /lcrc/group/acme/ac.szhang/acme_scratch/data/CVDP_RGD/v2_1.SORRM.historical/v2_1.SORRM.historical.en00.SWCRE.195001-201412.nc
ncap2: WARNING ncap_def_dim(): dim "bnds" - already exists in input/output.
working file:  /lcrc/group/acme/ac.szhang/acme_scratch/data/CVDP_RGD/v2_1.SORRM.historical/v2_1.SORRM.historical.en00.SWCRE_SRF.195001-201412.nc
ncap2: WARNING ncap_def_dim(): dim "bnds" - already exists in input/output.
working file:  /lcrc/group/acme/ac.szhang/acme_scratch/data/CVDP_RGD/v2_1.SORRM.historical/v2_1.SORRM.historical.en00.T850.195001-201412.nc
ncap2: WARNING ncap_def_dim(): dim "bnds" - already exists in input/output.
working file:  /lcrc/group/acme/ac.szhang/acme_scratch/data/CVDP_RGD/v2_1.SORRM.historical/v2_1.SORRM.historical.en00.TAUGWX.195001-201412.nc
ncap2: WARNING ncap_def_dim(): dim "bnds" - already exists in input/output.
working file:  /lcrc/group/acme/ac.szhang/acme_scratch/data/CVDP_RGD/v2_1.SORRM.historical/v2_1.SORRM.historical.en00.TAUGWY.195001-201412.nc
ncap2: WARNING ncap_def_dim(): dim "bnds" - already exists in input/output.
working file:  /lcrc/group/acme/ac.szhang/acme_scratch/data/CVDP_RGD/v2_1.SORRM.historical/v2_1.SORRM.historical.en00.TAUX.195001-201412.nc
ncap2: WARNING ncap_def_dim(): dim "bnds" - already exists in input/output.
working file:  /lcrc/group/acme/ac.szhang/acme_scratch/data/CVDP_RGD/v2_1.SORRM.historical/v2_1.SORRM.historical.en00.TAUY.195001-201412.nc
ncap2: WARNING ncap_def_dim(): dim "bnds" - already exists in input/output.
working file:  /lcrc/group/acme/ac.szhang/acme_scratch/data/CVDP_RGD/v2_1.SORRM.historical/v2_1.SORRM.historical.en00.TCO.195001-201412.nc
ncap2: WARNING ncap_def_dim(): dim "bnds" - already exists in input/output.
working file:  /lcrc/group/acme/ac.szhang/acme_scratch/data/CVDP_RGD/v2_1.SORRM.historical/v2_1.SORRM.historical.en00.TGCLDCWP.195001-201412.nc
ncap2: WARNING ncap_def_dim(): dim "bnds" - already exists in input/output.
working file:  /lcrc/group/acme/ac.szhang/acme_scratch/data/CVDP_RGD/v2_1.SORRM.historical/v2_1.SORRM.historical.en00.TGCLDIWP.195001-201412.nc
ncap2: WARNING ncap_def_dim(): dim "bnds" - already exists in input/output.
working file:  /lcrc/group/acme/ac.szhang/acme_scratch/data/CVDP_RGD/v2_1.SORRM.historical/v2_1.SORRM.historical.en00.TGCLDLWP.195001-201412.nc
ncap2: WARNING ncap_def_dim(): dim "bnds" - already exists in input/output.
working file:  /lcrc/group/acme/ac.szhang/acme_scratch/data/CVDP_RGD/v2_1.SORRM.historical/v2_1.SORRM.historical.en00.TH7001000.195001-201412.nc
ncap2: WARNING ncap_def_dim(): dim "bnds" - already exists in input/output.
working file:  /lcrc/group/acme/ac.szhang/acme_scratch/data/CVDP_RGD/v2_1.SORRM.historical/v2_1.SORRM.historical.en00.thfamd.195001-201412.nc
ncap2: WARNING ncap_def_dim(): dim "bnds" - already exists in input/output.
working file:  /lcrc/group/acme/ac.szhang/acme_scratch/data/CVDP_RGD/v2_1.SORRM.historical/v2_1.SORRM.historical.en00.thfblg.195001-201412.nc
ncap2: WARNING ncap_def_dim(): dim "bnds" - already exists in input/output.
working file:  /lcrc/group/acme/ac.szhang/acme_scratch/data/CVDP_RGD/v2_1.SORRM.historical/v2_1.SORRM.historical.en00.TMQ.195001-201412.nc
ncap2: WARNING ncap_def_dim(): dim "bnds" - already exists in input/output.
working file:  /lcrc/group/acme/ac.szhang/acme_scratch/data/CVDP_RGD/v2_1.SORRM.historical/v2_1.SORRM.historical.en00.TREFHT.195001-201412.nc
ncap2: WARNING ncap_def_dim(): dim "bnds" - already exists in input/output.
working file:  /lcrc/group/acme/ac.szhang/acme_scratch/data/CVDP_RGD/v2_1.SORRM.historical/v2_1.SORRM.historical.en00.TS.195001-201412.nc
ncap2: WARNING ncap_def_dim(): dim "bnds" - already exists in input/output.
working file:  /lcrc/group/acme/ac.szhang/acme_scratch/data/CVDP_RGD/v2_1.SORRM.historical/v2_1.SORRM.historical.en00.TSMN.195001-201412.nc
ncap2: WARNING ncap_def_dim(): dim "bnds" - already exists in input/output.
working file:  /lcrc/group/acme/ac.szhang/acme_scratch/data/CVDP_RGD/v2_1.SORRM.historical/v2_1.SORRM.historical.en00.TSMX.195001-201412.nc
ncap2: WARNING ncap_def_dim(): dim "bnds" - already exists in input/output.
working file:  /lcrc/group/acme/ac.szhang/acme_scratch/data/CVDP_RGD/v2_1.SORRM.historical/v2_1.SORRM.historical.en00.TUH.195001-201412.nc
ncap2: WARNING ncap_def_dim(): dim "bnds" - already exists in input/output.
working file:  /lcrc/group/acme/ac.szhang/acme_scratch/data/CVDP_RGD/v2_1.SORRM.historical/v2_1.SORRM.historical.en00.TUQ.195001-201412.nc
ncap2: WARNING ncap_def_dim(): dim "bnds" - already exists in input/output.
working file:  /lcrc/group/acme/ac.szhang/acme_scratch/data/CVDP_RGD/v2_1.SORRM.historical/v2_1.SORRM.historical.en00.TVH.195001-201412.nc
ncap2: WARNING ncap_def_dim(): dim "bnds" - already exists in input/output.
working file:  /lcrc/group/acme/ac.szhang/acme_scratch/data/CVDP_RGD/v2_1.SORRM.historical/v2_1.SORRM.historical.en00.TVQ.195001-201412.nc
ncap2: WARNING ncap_def_dim(): dim "bnds" - already exists in input/output.
working file:  /lcrc/group/acme/ac.szhang/acme_scratch/data/CVDP_RGD/v2_1.SORRM.historical/v2_1.SORRM.historical.en00.U10.195001-201412.nc
ncap2: WARNING ncap_def_dim(): dim "bnds" - already exists in input/output.
working file:  /lcrc/group/acme/ac.szhang/acme_scratch/data/CVDP_RGD/v2_1.SORRM.historical/v2_1.SORRM.historical.en00.U200.195001-201412.nc
ncap2: WARNING ncap_def_dim(): dim "bnds" - already exists in input/output.
working file:  /lcrc/group/acme/ac.szhang/acme_scratch/data/CVDP_RGD/v2_1.SORRM.historical/v2_1.SORRM.historical.en00.U850.195001-201412.nc
ncap2: WARNING ncap_def_dim(): dim "bnds" - already exists in input/output.
working file:  /lcrc/group/acme/ac.szhang/acme_scratch/data/CVDP_RGD/v2_1.SORRM.historical/v2_1.SORRM.historical.en00.UM10.195001-201412.nc
ncap2: WARNING ncap_def_dim(): dim "bnds" - already exists in input/output.
working file:  /lcrc/group/acme/ac.szhang/acme_scratch/data/CVDP_RGD/v2_1.SORRM.historical/v2_1.SORRM.historical.en00.V10.195001-201412.nc
ncap2: WARNING ncap_def_dim(): dim "bnds" - already exists in input/output.
working file:  /lcrc/group/acme/ac.szhang/acme_scratch/data/CVDP_RGD/v2_1.SORRM.historical/v2_1.SORRM.historical.en00.V200.195001-201412.nc
ncap2: WARNING ncap_def_dim(): dim "bnds" - already exists in input/output.
working file:  /lcrc/group/acme/ac.szhang/acme_scratch/data/CVDP_RGD/v2_1.SORRM.historical/v2_1.SORRM.historical.en00.V850.195001-201412.nc
ncap2: WARNING ncap_def_dim(): dim "bnds" - already exists in input/output.
working file:  /lcrc/group/acme/ac.szhang/acme_scratch/data/CVDP_RGD/v2_1.SORRM.historical/v2_1.SORRM.historical.en00.Z500.195001-201412.nc
ncap2: WARNING ncap_def_dim(): dim "bnds" - already exists in input/output.
working file:  /lcrc/group/acme/ac.szhang/acme_scratch/data/CVDP_RGD/v2_1.SORRM.historical/v2_1.SORRM.historical.en01.AMOC.195001-201412.nc
working file:  /lcrc/group/acme/ac.szhang/acme_scratch/data/CVDP_RGD/v2_1.SORRM.historical/v2_1.SORRM.historical.en01.AMOC26.195001-201412.nc
working file:  /lcrc/group/acme/ac.szhang/acme_scratch/data/CVDP_RGD/v2_1.SORRM.historical/v2_1.SORRM.historical.en01.AODDUST.195001-201412.nc
working file:  /lcrc/group/acme/ac.szhang/acme_scratch/data/CVDP_RGD/v2_1.SORRM.historical/v2_1.SORRM.historical.en01.AODVIS.195001-201412.nc
working file:  /lcrc/group/acme/ac.szhang/acme_scratch/data/CVDP_RGD/v2_1.SORRM.historical/v2_1.SORRM.historical.en01.CLDHGH.195001-201412.nc
working file:  /lcrc/group/acme/ac.szhang/acme_scratch/data/CVDP_RGD/v2_1.SORRM.historical/v2_1.SORRM.historical.en01.CLDLOW.195001-201412.nc
working file:  /lcrc/group/acme/ac.szhang/acme_scratch/data/CVDP_RGD/v2_1.SORRM.historical/v2_1.SORRM.historical.en01.CLDMED.195001-201412.nc
working file:  /lcrc/group/acme/ac.szhang/acme_scratch/data/CVDP_RGD/v2_1.SORRM.historical/v2_1.SORRM.historical.en01.CLDTOT.195001-201412.nc
working file:  /lcrc/group/acme/ac.szhang/acme_scratch/data/CVDP_RGD/v2_1.SORRM.historical/v2_1.SORRM.historical.en01.CRE.195001-201412.nc
working file:  /lcrc/group/acme/ac.szhang/acme_scratch/data/CVDP_RGD/v2_1.SORRM.historical/v2_1.SORRM.historical.en01.CRE_SRF.195001-201412.nc
working file:  /lcrc/group/acme/ac.szhang/acme_scratch/data/CVDP_RGD/v2_1.SORRM.historical/v2_1.SORRM.historical.en01.ETH1.195001-201412.nc
working file:  /lcrc/group/acme/ac.szhang/acme_scratch/data/CVDP_RGD/v2_1.SORRM.historical/v2_1.SORRM.historical.en01.ETH12.195001-201412.nc
working file:  /lcrc/group/acme/ac.szhang/acme_scratch/data/CVDP_RGD/v2_1.SORRM.historical/v2_1.SORRM.historical.en01.ETH2.195001-201412.nc
working file:  /lcrc/group/acme/ac.szhang/acme_scratch/data/CVDP_RGD/v2_1.SORRM.historical/v2_1.SORRM.historical.en01.FLDS.195001-201412.nc
working file:  /lcrc/group/acme/ac.szhang/acme_scratch/data/CVDP_RGD/v2_1.SORRM.historical/v2_1.SORRM.historical.en01.FLDSC.195001-201412.nc
working file:  /lcrc/group/acme/ac.szhang/acme_scratch/data/CVDP_RGD/v2_1.SORRM.historical/v2_1.SORRM.historical.en01.FLNS.195001-201412.nc
working file:  /lcrc/group/acme/ac.szhang/acme_scratch/data/CVDP_RGD/v2_1.SORRM.historical/v2_1.SORRM.historical.en01.FLNSC.195001-201412.nc
working file:  /lcrc/group/acme/ac.szhang/acme_scratch/data/CVDP_RGD/v2_1.SORRM.historical/v2_1.SORRM.historical.en01.FLNT.195001-201412.nc
working file:  /lcrc/group/acme/ac.szhang/acme_scratch/data/CVDP_RGD/v2_1.SORRM.historical/v2_1.SORRM.historical.en01.FLNTC.195001-201412.nc
working file:  /lcrc/group/acme/ac.szhang/acme_scratch/data/CVDP_RGD/v2_1.SORRM.historical/v2_1.SORRM.historical.en01.FLUT.195001-201412.nc
working file:  /lcrc/group/acme/ac.szhang/acme_scratch/data/CVDP_RGD/v2_1.SORRM.historical/v2_1.SORRM.historical.en01.FLUTC.195001-201412.nc
working file:  /lcrc/group/acme/ac.szhang/acme_scratch/data/CVDP_RGD/v2_1.SORRM.historical/v2_1.SORRM.historical.en01.FSDS.195001-201412.nc
working file:  /lcrc/group/acme/ac.szhang/acme_scratch/data/CVDP_RGD/v2_1.SORRM.historical/v2_1.SORRM.historical.en01.FSDSC.195001-201412.nc
working file:  /lcrc/group/acme/ac.szhang/acme_scratch/data/CVDP_RGD/v2_1.SORRM.historical/v2_1.SORRM.historical.en01.FSNS.195001-201412.nc
working file:  /lcrc/group/acme/ac.szhang/acme_scratch/data/CVDP_RGD/v2_1.SORRM.historical/v2_1.SORRM.historical.en01.FSNSC.195001-201412.nc
working file:  /lcrc/group/acme/ac.szhang/acme_scratch/data/CVDP_RGD/v2_1.SORRM.historical/v2_1.SORRM.historical.en01.FSNT.195001-201412.nc
working file:  /lcrc/group/acme/ac.szhang/acme_scratch/data/CVDP_RGD/v2_1.SORRM.historical/v2_1.SORRM.historical.en01.FSNTC.195001-201412.nc
working file:  /lcrc/group/acme/ac.szhang/acme_scratch/data/CVDP_RGD/v2_1.SORRM.historical/v2_1.SORRM.historical.en01.FSNTOA.195001-201412.nc
working file:  /lcrc/group/acme/ac.szhang/acme_scratch/data/CVDP_RGD/v2_1.SORRM.historical/v2_1.SORRM.historical.en01.FSNTOAC.195001-201412.nc
working file:  /lcrc/group/acme/ac.szhang/acme_scratch/data/CVDP_RGD/v2_1.SORRM.historical/v2_1.SORRM.historical.en01.FSUTOA.195001-201412.nc
working file:  /lcrc/group/acme/ac.szhang/acme_scratch/data/CVDP_RGD/v2_1.SORRM.historical/v2_1.SORRM.historical.en01.FSUTOAC.195001-201412.nc
working file:  /lcrc/group/acme/ac.szhang/acme_scratch/data/CVDP_RGD/v2_1.SORRM.historical/v2_1.SORRM.historical.en01.ICEFRAC.195001-201412.nc
working file:  /lcrc/group/acme/ac.szhang/acme_scratch/data/CVDP_RGD/v2_1.SORRM.historical/v2_1.SORRM.historical.en01.LANDFRAC.195001-201412.nc
working file:  /lcrc/group/acme/ac.szhang/acme_scratch/data/CVDP_RGD/v2_1.SORRM.historical/v2_1.SORRM.historical.en01.LHFLX1.195001-201412.nc
working file:  /lcrc/group/acme/ac.szhang/acme_scratch/data/CVDP_RGD/v2_1.SORRM.historical/v2_1.SORRM.historical.en01.LHFLX.195001-201412.nc
working file:  /lcrc/group/acme/ac.szhang/acme_scratch/data/CVDP_RGD/v2_1.SORRM.historical/v2_1.SORRM.historical.en01.LWCF.195001-201412.nc
working file:  /lcrc/group/acme/ac.szhang/acme_scratch/data/CVDP_RGD/v2_1.SORRM.historical/v2_1.SORRM.historical.en01.LWCRE.195001-201412.nc
working file:  /lcrc/group/acme/ac.szhang/acme_scratch/data/CVDP_RGD/v2_1.SORRM.historical/v2_1.SORRM.historical.en01.LWCRE_SRF.195001-201412.nc
working file:  /lcrc/group/acme/ac.szhang/acme_scratch/data/CVDP_RGD/v2_1.SORRM.historical/v2_1.SORRM.historical.en01.O3_SRF.195001-201412.nc
working file:  /lcrc/group/acme/ac.szhang/acme_scratch/data/CVDP_RGD/v2_1.SORRM.historical/v2_1.SORRM.historical.en01.OCNFRAC.195001-201412.nc
working file:  /lcrc/group/acme/ac.szhang/acme_scratch/data/CVDP_RGD/v2_1.SORRM.historical/v2_1.SORRM.historical.en01.OLR.195001-201412.nc
working file:  /lcrc/group/acme/ac.szhang/acme_scratch/data/CVDP_RGD/v2_1.SORRM.historical/v2_1.SORRM.historical.en01.OMEGA500.195001-201412.nc
working file:  /lcrc/group/acme/ac.szhang/acme_scratch/data/CVDP_RGD/v2_1.SORRM.historical/v2_1.SORRM.historical.en01.PBLH.195001-201412.nc
working file:  /lcrc/group/acme/ac.szhang/acme_scratch/data/CVDP_RGD/v2_1.SORRM.historical/v2_1.SORRM.historical.en01.PHIS.195001-201412.nc
working file:  /lcrc/group/acme/ac.szhang/acme_scratch/data/CVDP_RGD/v2_1.SORRM.historical/v2_1.SORRM.historical.en01.PRECC.195001-201412.nc
working file:  /lcrc/group/acme/ac.szhang/acme_scratch/data/CVDP_RGD/v2_1.SORRM.historical/v2_1.SORRM.historical.en01.PRECL.195001-201412.nc
working file:  /lcrc/group/acme/ac.szhang/acme_scratch/data/CVDP_RGD/v2_1.SORRM.historical/v2_1.SORRM.historical.en01.PRECSC.195001-201412.nc
working file:  /lcrc/group/acme/ac.szhang/acme_scratch/data/CVDP_RGD/v2_1.SORRM.historical/v2_1.SORRM.historical.en01.PRECSL.195001-201412.nc
working file:  /lcrc/group/acme/ac.szhang/acme_scratch/data/CVDP_RGD/v2_1.SORRM.historical/v2_1.SORRM.historical.en01.PRECST.195001-201412.nc
working file:  /lcrc/group/acme/ac.szhang/acme_scratch/data/CVDP_RGD/v2_1.SORRM.historical/v2_1.SORRM.historical.en01.PRECT.195001-201412.nc
working file:  /lcrc/group/acme/ac.szhang/acme_scratch/data/CVDP_RGD/v2_1.SORRM.historical/v2_1.SORRM.historical.en01.PS.195001-201412.nc
working file:  /lcrc/group/acme/ac.szhang/acme_scratch/data/CVDP_RGD/v2_1.SORRM.historical/v2_1.SORRM.historical.en01.PSL.195001-201412.nc
working file:  /lcrc/group/acme/ac.szhang/acme_scratch/data/CVDP_RGD/v2_1.SORRM.historical/v2_1.SORRM.historical.en01.QFLX.195001-201412.nc
working file:  /lcrc/group/acme/ac.szhang/acme_scratch/data/CVDP_RGD/v2_1.SORRM.historical/v2_1.SORRM.historical.en01.QnRad_SRF.195001-201412.nc
working file:  /lcrc/group/acme/ac.szhang/acme_scratch/data/CVDP_RGD/v2_1.SORRM.historical/v2_1.SORRM.historical.en01.Qn_SRF.195001-201412.nc
working file:  /lcrc/group/acme/ac.szhang/acme_scratch/data/CVDP_RGD/v2_1.SORRM.historical/v2_1.SORRM.historical.en01.QnTot_SRF.195001-201412.nc
working file:  /lcrc/group/acme/ac.szhang/acme_scratch/data/CVDP_RGD/v2_1.SORRM.historical/v2_1.SORRM.historical.en01.QnTur_SRF.195001-201412.nc
working file:  /lcrc/group/acme/ac.szhang/acme_scratch/data/CVDP_RGD/v2_1.SORRM.historical/v2_1.SORRM.historical.en01.QREFHT.195001-201412.nc
working file:  /lcrc/group/acme/ac.szhang/acme_scratch/data/CVDP_RGD/v2_1.SORRM.historical/v2_1.SORRM.historical.en01.S10.195001-201412.nc
working file:  /lcrc/group/acme/ac.szhang/acme_scratch/data/CVDP_RGD/v2_1.SORRM.historical/v2_1.SORRM.historical.en01.SCO.195001-201412.nc
working file:  /lcrc/group/acme/ac.szhang/acme_scratch/data/CVDP_RGD/v2_1.SORRM.historical/v2_1.SORRM.historical.en01.SF.195001-201412.nc
working file:  /lcrc/group/acme/ac.szhang/acme_scratch/data/CVDP_RGD/v2_1.SORRM.historical/v2_1.SORRM.historical.en01.SFO3.195001-201412.nc
working file:  /lcrc/group/acme/ac.szhang/acme_scratch/data/CVDP_RGD/v2_1.SORRM.historical/v2_1.SORRM.historical.en01.SHFLX.195001-201412.nc
working file:  /lcrc/group/acme/ac.szhang/acme_scratch/data/CVDP_RGD/v2_1.SORRM.historical/v2_1.SORRM.historical.en01.SNFRAC.195001-201412.nc
working file:  /lcrc/group/acme/ac.szhang/acme_scratch/data/CVDP_RGD/v2_1.SORRM.historical/v2_1.SORRM.historical.en01.SNOW.195001-201412.nc
working file:  /lcrc/group/acme/ac.szhang/acme_scratch/data/CVDP_RGD/v2_1.SORRM.historical/v2_1.SORRM.historical.en01.SNOWDP.195001-201412.nc
working file:  /lcrc/group/acme/ac.szhang/acme_scratch/data/CVDP_RGD/v2_1.SORRM.historical/v2_1.SORRM.historical.en01.SNOWHICE.195001-201412.nc
working file:  /lcrc/group/acme/ac.szhang/acme_scratch/data/CVDP_RGD/v2_1.SORRM.historical/v2_1.SORRM.historical.en01.SNOWHLND.195001-201412.nc
working file:  /lcrc/group/acme/ac.szhang/acme_scratch/data/CVDP_RGD/v2_1.SORRM.historical/v2_1.SORRM.historical.en01.SOILWATER.195001-201412.nc
working file:  /lcrc/group/acme/ac.szhang/acme_scratch/data/CVDP_RGD/v2_1.SORRM.historical/v2_1.SORRM.historical.en01.SOLIN.195001-201412.nc
working file:  /lcrc/group/acme/ac.szhang/acme_scratch/data/CVDP_RGD/v2_1.SORRM.historical/v2_1.SORRM.historical.en01.SWCF.195001-201412.nc
working file:  /lcrc/group/acme/ac.szhang/acme_scratch/data/CVDP_RGD/v2_1.SORRM.historical/v2_1.SORRM.historical.en01.SWCRE.195001-201412.nc
working file:  /lcrc/group/acme/ac.szhang/acme_scratch/data/CVDP_RGD/v2_1.SORRM.historical/v2_1.SORRM.historical.en01.SWCRE_SRF.195001-201412.nc
working file:  /lcrc/group/acme/ac.szhang/acme_scratch/data/CVDP_RGD/v2_1.SORRM.historical/v2_1.SORRM.historical.en01.T850.195001-201412.nc
working file:  /lcrc/group/acme/ac.szhang/acme_scratch/data/CVDP_RGD/v2_1.SORRM.historical/v2_1.SORRM.historical.en01.TAUGWX.195001-201412.nc
working file:  /lcrc/group/acme/ac.szhang/acme_scratch/data/CVDP_RGD/v2_1.SORRM.historical/v2_1.SORRM.historical.en01.TAUGWY.195001-201412.nc
working file:  /lcrc/group/acme/ac.szhang/acme_scratch/data/CVDP_RGD/v2_1.SORRM.historical/v2_1.SORRM.historical.en01.TAUX.195001-201412.nc
working file:  /lcrc/group/acme/ac.szhang/acme_scratch/data/CVDP_RGD/v2_1.SORRM.historical/v2_1.SORRM.historical.en01.TAUY.195001-201412.nc
working file:  /lcrc/group/acme/ac.szhang/acme_scratch/data/CVDP_RGD/v2_1.SORRM.historical/v2_1.SORRM.historical.en01.TCO.195001-201412.nc
working file:  /lcrc/group/acme/ac.szhang/acme_scratch/data/CVDP_RGD/v2_1.SORRM.historical/v2_1.SORRM.historical.en01.TGCLDCWP.195001-201412.nc
working file:  /lcrc/group/acme/ac.szhang/acme_scratch/data/CVDP_RGD/v2_1.SORRM.historical/v2_1.SORRM.historical.en01.TGCLDIWP.195001-201412.nc
working file:  /lcrc/group/acme/ac.szhang/acme_scratch/data/CVDP_RGD/v2_1.SORRM.historical/v2_1.SORRM.historical.en01.TGCLDLWP.195001-201412.nc
working file:  /lcrc/group/acme/ac.szhang/acme_scratch/data/CVDP_RGD/v2_1.SORRM.historical/v2_1.SORRM.historical.en01.TH7001000.195001-201412.nc
working file:  /lcrc/group/acme/ac.szhang/acme_scratch/data/CVDP_RGD/v2_1.SORRM.historical/v2_1.SORRM.historical.en01.thfamd.195001-201412.nc
working file:  /lcrc/group/acme/ac.szhang/acme_scratch/data/CVDP_RGD/v2_1.SORRM.historical/v2_1.SORRM.historical.en01.thfblg.195001-201412.nc
working file:  /lcrc/group/acme/ac.szhang/acme_scratch/data/CVDP_RGD/v2_1.SORRM.historical/v2_1.SORRM.historical.en01.TMQ.195001-201412.nc
working file:  /lcrc/group/acme/ac.szhang/acme_scratch/data/CVDP_RGD/v2_1.SORRM.historical/v2_1.SORRM.historical.en01.TREFHT.195001-201412.nc
working file:  /lcrc/group/acme/ac.szhang/acme_scratch/data/CVDP_RGD/v2_1.SORRM.historical/v2_1.SORRM.historical.en01.TREFMNAV.195001-201412.nc
working file:  /lcrc/group/acme/ac.szhang/acme_scratch/data/CVDP_RGD/v2_1.SORRM.historical/v2_1.SORRM.historical.en01.TREFMXAV.195001-201412.nc
working file:  /lcrc/group/acme/ac.szhang/acme_scratch/data/CVDP_RGD/v2_1.SORRM.historical/v2_1.SORRM.historical.en01.TS.195001-201412.nc
working file:  /lcrc/group/acme/ac.szhang/acme_scratch/data/CVDP_RGD/v2_1.SORRM.historical/v2_1.SORRM.historical.en01.TSMN.195001-201412.nc
working file:  /lcrc/group/acme/ac.szhang/acme_scratch/data/CVDP_RGD/v2_1.SORRM.historical/v2_1.SORRM.historical.en01.TSMX.195001-201412.nc
working file:  /lcrc/group/acme/ac.szhang/acme_scratch/data/CVDP_RGD/v2_1.SORRM.historical/v2_1.SORRM.historical.en01.TUH.195001-201412.nc
working file:  /lcrc/group/acme/ac.szhang/acme_scratch/data/CVDP_RGD/v2_1.SORRM.historical/v2_1.SORRM.historical.en01.TUQ.195001-201412.nc
working file:  /lcrc/group/acme/ac.szhang/acme_scratch/data/CVDP_RGD/v2_1.SORRM.historical/v2_1.SORRM.historical.en01.TVH.195001-201412.nc
working file:  /lcrc/group/acme/ac.szhang/acme_scratch/data/CVDP_RGD/v2_1.SORRM.historical/v2_1.SORRM.historical.en01.TVQ.195001-201412.nc
working file:  /lcrc/group/acme/ac.szhang/acme_scratch/data/CVDP_RGD/v2_1.SORRM.historical/v2_1.SORRM.historical.en01.U10.195001-201412.nc
working file:  /lcrc/group/acme/ac.szhang/acme_scratch/data/CVDP_RGD/v2_1.SORRM.historical/v2_1.SORRM.historical.en01.U200.195001-201412.nc
working file:  /lcrc/group/acme/ac.szhang/acme_scratch/data/CVDP_RGD/v2_1.SORRM.historical/v2_1.SORRM.historical.en01.U850.195001-201412.nc
working file:  /lcrc/group/acme/ac.szhang/acme_scratch/data/CVDP_RGD/v2_1.SORRM.historical/v2_1.SORRM.historical.en01.UM10.195001-201412.nc
working file:  /lcrc/group/acme/ac.szhang/acme_scratch/data/CVDP_RGD/v2_1.SORRM.historical/v2_1.SORRM.historical.en01.V10.195001-201412.nc
working file:  /lcrc/group/acme/ac.szhang/acme_scratch/data/CVDP_RGD/v2_1.SORRM.historical/v2_1.SORRM.historical.en01.V200.195001-201412.nc
working file:  /lcrc/group/acme/ac.szhang/acme_scratch/data/CVDP_RGD/v2_1.SORRM.historical/v2_1.SORRM.historical.en01.V850.195001-201412.nc
working file:  /lcrc/group/acme/ac.szhang/acme_scratch/data/CVDP_RGD/v2_1.SORRM.historical/v2_1.SORRM.historical.en01.Z500.195001-201412.nc
working file:  /lcrc/group/acme/ac.szhang/acme_scratch/data/CVDP_RGD/v2_1.SORRM.historical/v2_1.SORRM.historical.en02.AMOC.195001-201412.nc
working file:  /lcrc/group/acme/ac.szhang/acme_scratch/data/CVDP_RGD/v2_1.SORRM.historical/v2_1.SORRM.historical.en02.AMOC26.195001-201412.nc
working file:  /lcrc/group/acme/ac.szhang/acme_scratch/data/CVDP_RGD/v2_1.SORRM.historical/v2_1.SORRM.historical.en02.AODDUST.195001-201412.nc
working file:  /lcrc/group/acme/ac.szhang/acme_scratch/data/CVDP_RGD/v2_1.SORRM.historical/v2_1.SORRM.historical.en02.AODVIS.195001-201412.nc
working file:  /lcrc/group/acme/ac.szhang/acme_scratch/data/CVDP_RGD/v2_1.SORRM.historical/v2_1.SORRM.historical.en02.CLDHGH.195001-201412.nc
working file:  /lcrc/group/acme/ac.szhang/acme_scratch/data/CVDP_RGD/v2_1.SORRM.historical/v2_1.SORRM.historical.en02.CLDLOW.195001-201412.nc
working file:  /lcrc/group/acme/ac.szhang/acme_scratch/data/CVDP_RGD/v2_1.SORRM.historical/v2_1.SORRM.historical.en02.CLDMED.195001-201412.nc
working file:  /lcrc/group/acme/ac.szhang/acme_scratch/data/CVDP_RGD/v2_1.SORRM.historical/v2_1.SORRM.historical.en02.CLDTOT.195001-201412.nc
working file:  /lcrc/group/acme/ac.szhang/acme_scratch/data/CVDP_RGD/v2_1.SORRM.historical/v2_1.SORRM.historical.en02.CRE.195001-201412.nc
working file:  /lcrc/group/acme/ac.szhang/acme_scratch/data/CVDP_RGD/v2_1.SORRM.historical/v2_1.SORRM.historical.en02.CRE_SRF.195001-201412.nc
working file:  /lcrc/group/acme/ac.szhang/acme_scratch/data/CVDP_RGD/v2_1.SORRM.historical/v2_1.SORRM.historical.en02.ETH1.195001-201412.nc
working file:  /lcrc/group/acme/ac.szhang/acme_scratch/data/CVDP_RGD/v2_1.SORRM.historical/v2_1.SORRM.historical.en02.ETH12.195001-201412.nc
working file:  /lcrc/group/acme/ac.szhang/acme_scratch/data/CVDP_RGD/v2_1.SORRM.historical/v2_1.SORRM.historical.en02.ETH2.195001-201412.nc
working file:  /lcrc/group/acme/ac.szhang/acme_scratch/data/CVDP_RGD/v2_1.SORRM.historical/v2_1.SORRM.historical.en02.FLDS.195001-201412.nc
working file:  /lcrc/group/acme/ac.szhang/acme_scratch/data/CVDP_RGD/v2_1.SORRM.historical/v2_1.SORRM.historical.en02.FLDSC.195001-201412.nc
working file:  /lcrc/group/acme/ac.szhang/acme_scratch/data/CVDP_RGD/v2_1.SORRM.historical/v2_1.SORRM.historical.en02.FLNS.195001-201412.nc
working file:  /lcrc/group/acme/ac.szhang/acme_scratch/data/CVDP_RGD/v2_1.SORRM.historical/v2_1.SORRM.historical.en02.FLNSC.195001-201412.nc
working file:  /lcrc/group/acme/ac.szhang/acme_scratch/data/CVDP_RGD/v2_1.SORRM.historical/v2_1.SORRM.historical.en02.FLNT.195001-201412.nc
working file:  /lcrc/group/acme/ac.szhang/acme_scratch/data/CVDP_RGD/v2_1.SORRM.historical/v2_1.SORRM.historical.en02.FLNTC.195001-201412.nc
working file:  /lcrc/group/acme/ac.szhang/acme_scratch/data/CVDP_RGD/v2_1.SORRM.historical/v2_1.SORRM.historical.en02.FLUT.195001-201412.nc
working file:  /lcrc/group/acme/ac.szhang/acme_scratch/data/CVDP_RGD/v2_1.SORRM.historical/v2_1.SORRM.historical.en02.FLUTC.195001-201412.nc
working file:  /lcrc/group/acme/ac.szhang/acme_scratch/data/CVDP_RGD/v2_1.SORRM.historical/v2_1.SORRM.historical.en02.FSDS.195001-201412.nc
working file:  /lcrc/group/acme/ac.szhang/acme_scratch/data/CVDP_RGD/v2_1.SORRM.historical/v2_1.SORRM.historical.en02.FSDSC.195001-201412.nc
working file:  /lcrc/group/acme/ac.szhang/acme_scratch/data/CVDP_RGD/v2_1.SORRM.historical/v2_1.SORRM.historical.en02.FSNS.195001-201412.nc
working file:  /lcrc/group/acme/ac.szhang/acme_scratch/data/CVDP_RGD/v2_1.SORRM.historical/v2_1.SORRM.historical.en02.FSNSC.195001-201412.nc
working file:  /lcrc/group/acme/ac.szhang/acme_scratch/data/CVDP_RGD/v2_1.SORRM.historical/v2_1.SORRM.historical.en02.FSNT.195001-201412.nc
working file:  /lcrc/group/acme/ac.szhang/acme_scratch/data/CVDP_RGD/v2_1.SORRM.historical/v2_1.SORRM.historical.en02.FSNTC.195001-201412.nc
working file:  /lcrc/group/acme/ac.szhang/acme_scratch/data/CVDP_RGD/v2_1.SORRM.historical/v2_1.SORRM.historical.en02.FSNTOA.195001-201412.nc
working file:  /lcrc/group/acme/ac.szhang/acme_scratch/data/CVDP_RGD/v2_1.SORRM.historical/v2_1.SORRM.historical.en02.FSNTOAC.195001-201412.nc
working file:  /lcrc/group/acme/ac.szhang/acme_scratch/data/CVDP_RGD/v2_1.SORRM.historical/v2_1.SORRM.historical.en02.FSUTOA.195001-201412.nc
working file:  /lcrc/group/acme/ac.szhang/acme_scratch/data/CVDP_RGD/v2_1.SORRM.historical/v2_1.SORRM.historical.en02.FSUTOAC.195001-201412.nc
working file:  /lcrc/group/acme/ac.szhang/acme_scratch/data/CVDP_RGD/v2_1.SORRM.historical/v2_1.SORRM.historical.en02.ICEFRAC.195001-201412.nc
working file:  /lcrc/group/acme/ac.szhang/acme_scratch/data/CVDP_RGD/v2_1.SORRM.historical/v2_1.SORRM.historical.en02.LANDFRAC.195001-201412.nc
working file:  /lcrc/group/acme/ac.szhang/acme_scratch/data/CVDP_RGD/v2_1.SORRM.historical/v2_1.SORRM.historical.en02.LHFLX1.195001-201412.nc
working file:  /lcrc/group/acme/ac.szhang/acme_scratch/data/CVDP_RGD/v2_1.SORRM.historical/v2_1.SORRM.historical.en02.LHFLX.195001-201412.nc
working file:  /lcrc/group/acme/ac.szhang/acme_scratch/data/CVDP_RGD/v2_1.SORRM.historical/v2_1.SORRM.historical.en02.LWCF.195001-201412.nc
working file:  /lcrc/group/acme/ac.szhang/acme_scratch/data/CVDP_RGD/v2_1.SORRM.historical/v2_1.SORRM.historical.en02.LWCRE.195001-201412.nc
working file:  /lcrc/group/acme/ac.szhang/acme_scratch/data/CVDP_RGD/v2_1.SORRM.historical/v2_1.SORRM.historical.en02.LWCRE_SRF.195001-201412.nc
working file:  /lcrc/group/acme/ac.szhang/acme_scratch/data/CVDP_RGD/v2_1.SORRM.historical/v2_1.SORRM.historical.en02.O3_SRF.195001-201412.nc
working file:  /lcrc/group/acme/ac.szhang/acme_scratch/data/CVDP_RGD/v2_1.SORRM.historical/v2_1.SORRM.historical.en02.OCNFRAC.195001-201412.nc
working file:  /lcrc/group/acme/ac.szhang/acme_scratch/data/CVDP_RGD/v2_1.SORRM.historical/v2_1.SORRM.historical.en02.OLR.195001-201412.nc
working file:  /lcrc/group/acme/ac.szhang/acme_scratch/data/CVDP_RGD/v2_1.SORRM.historical/v2_1.SORRM.historical.en02.OMEGA500.195001-201412.nc
working file:  /lcrc/group/acme/ac.szhang/acme_scratch/data/CVDP_RGD/v2_1.SORRM.historical/v2_1.SORRM.historical.en02.PBLH.195001-201412.nc
working file:  /lcrc/group/acme/ac.szhang/acme_scratch/data/CVDP_RGD/v2_1.SORRM.historical/v2_1.SORRM.historical.en02.PHIS.195001-201412.nc
working file:  /lcrc/group/acme/ac.szhang/acme_scratch/data/CVDP_RGD/v2_1.SORRM.historical/v2_1.SORRM.historical.en02.PRECC.195001-201412.nc
working file:  /lcrc/group/acme/ac.szhang/acme_scratch/data/CVDP_RGD/v2_1.SORRM.historical/v2_1.SORRM.historical.en02.PRECL.195001-201412.nc
working file:  /lcrc/group/acme/ac.szhang/acme_scratch/data/CVDP_RGD/v2_1.SORRM.historical/v2_1.SORRM.historical.en02.PRECSC.195001-201412.nc
working file:  /lcrc/group/acme/ac.szhang/acme_scratch/data/CVDP_RGD/v2_1.SORRM.historical/v2_1.SORRM.historical.en02.PRECSL.195001-201412.nc
working file:  /lcrc/group/acme/ac.szhang/acme_scratch/data/CVDP_RGD/v2_1.SORRM.historical/v2_1.SORRM.historical.en02.PRECST.195001-201412.nc
working file:  /lcrc/group/acme/ac.szhang/acme_scratch/data/CVDP_RGD/v2_1.SORRM.historical/v2_1.SORRM.historical.en02.PRECT.195001-201412.nc
working file:  /lcrc/group/acme/ac.szhang/acme_scratch/data/CVDP_RGD/v2_1.SORRM.historical/v2_1.SORRM.historical.en02.PS.195001-201412.nc
working file:  /lcrc/group/acme/ac.szhang/acme_scratch/data/CVDP_RGD/v2_1.SORRM.historical/v2_1.SORRM.historical.en02.PSL.195001-201412.nc
working file:  /lcrc/group/acme/ac.szhang/acme_scratch/data/CVDP_RGD/v2_1.SORRM.historical/v2_1.SORRM.historical.en02.QFLX.195001-201412.nc
working file:  /lcrc/group/acme/ac.szhang/acme_scratch/data/CVDP_RGD/v2_1.SORRM.historical/v2_1.SORRM.historical.en02.QnRad_SRF.195001-201412.nc
working file:  /lcrc/group/acme/ac.szhang/acme_scratch/data/CVDP_RGD/v2_1.SORRM.historical/v2_1.SORRM.historical.en02.Qn_SRF.195001-201412.nc
working file:  /lcrc/group/acme/ac.szhang/acme_scratch/data/CVDP_RGD/v2_1.SORRM.historical/v2_1.SORRM.historical.en02.QnTot_SRF.195001-201412.nc
working file:  /lcrc/group/acme/ac.szhang/acme_scratch/data/CVDP_RGD/v2_1.SORRM.historical/v2_1.SORRM.historical.en02.QnTur_SRF.195001-201412.nc
working file:  /lcrc/group/acme/ac.szhang/acme_scratch/data/CVDP_RGD/v2_1.SORRM.historical/v2_1.SORRM.historical.en02.QREFHT.195001-201412.nc
working file:  /lcrc/group/acme/ac.szhang/acme_scratch/data/CVDP_RGD/v2_1.SORRM.historical/v2_1.SORRM.historical.en02.S10.195001-201412.nc
working file:  /lcrc/group/acme/ac.szhang/acme_scratch/data/CVDP_RGD/v2_1.SORRM.historical/v2_1.SORRM.historical.en02.SCO.195001-201412.nc
working file:  /lcrc/group/acme/ac.szhang/acme_scratch/data/CVDP_RGD/v2_1.SORRM.historical/v2_1.SORRM.historical.en02.SF.195001-201412.nc
working file:  /lcrc/group/acme/ac.szhang/acme_scratch/data/CVDP_RGD/v2_1.SORRM.historical/v2_1.SORRM.historical.en02.SFO3.195001-201412.nc
working file:  /lcrc/group/acme/ac.szhang/acme_scratch/data/CVDP_RGD/v2_1.SORRM.historical/v2_1.SORRM.historical.en02.SHFLX.195001-201412.nc
working file:  /lcrc/group/acme/ac.szhang/acme_scratch/data/CVDP_RGD/v2_1.SORRM.historical/v2_1.SORRM.historical.en02.SNFRAC.195001-201412.nc
working file:  /lcrc/group/acme/ac.szhang/acme_scratch/data/CVDP_RGD/v2_1.SORRM.historical/v2_1.SORRM.historical.en02.SNOW.195001-201412.nc
working file:  /lcrc/group/acme/ac.szhang/acme_scratch/data/CVDP_RGD/v2_1.SORRM.historical/v2_1.SORRM.historical.en02.SNOWDP.195001-201412.nc
working file:  /lcrc/group/acme/ac.szhang/acme_scratch/data/CVDP_RGD/v2_1.SORRM.historical/v2_1.SORRM.historical.en02.SNOWHICE.195001-201412.nc
working file:  /lcrc/group/acme/ac.szhang/acme_scratch/data/CVDP_RGD/v2_1.SORRM.historical/v2_1.SORRM.historical.en02.SNOWHLND.195001-201412.nc
working file:  /lcrc/group/acme/ac.szhang/acme_scratch/data/CVDP_RGD/v2_1.SORRM.historical/v2_1.SORRM.historical.en02.SOILWATER.195001-201412.nc
working file:  /lcrc/group/acme/ac.szhang/acme_scratch/data/CVDP_RGD/v2_1.SORRM.historical/v2_1.SORRM.historical.en02.SOLIN.195001-201412.nc
working file:  /lcrc/group/acme/ac.szhang/acme_scratch/data/CVDP_RGD/v2_1.SORRM.historical/v2_1.SORRM.historical.en02.SWCF.195001-201412.nc
working file:  /lcrc/group/acme/ac.szhang/acme_scratch/data/CVDP_RGD/v2_1.SORRM.historical/v2_1.SORRM.historical.en02.SWCRE.195001-201412.nc
working file:  /lcrc/group/acme/ac.szhang/acme_scratch/data/CVDP_RGD/v2_1.SORRM.historical/v2_1.SORRM.historical.en02.SWCRE_SRF.195001-201412.nc
working file:  /lcrc/group/acme/ac.szhang/acme_scratch/data/CVDP_RGD/v2_1.SORRM.historical/v2_1.SORRM.historical.en02.T850.195001-201412.nc
working file:  /lcrc/group/acme/ac.szhang/acme_scratch/data/CVDP_RGD/v2_1.SORRM.historical/v2_1.SORRM.historical.en02.TAUGWX.195001-201412.nc
working file:  /lcrc/group/acme/ac.szhang/acme_scratch/data/CVDP_RGD/v2_1.SORRM.historical/v2_1.SORRM.historical.en02.TAUGWY.195001-201412.nc
working file:  /lcrc/group/acme/ac.szhang/acme_scratch/data/CVDP_RGD/v2_1.SORRM.historical/v2_1.SORRM.historical.en02.TAUX.195001-201412.nc
working file:  /lcrc/group/acme/ac.szhang/acme_scratch/data/CVDP_RGD/v2_1.SORRM.historical/v2_1.SORRM.historical.en02.TAUY.195001-201412.nc
working file:  /lcrc/group/acme/ac.szhang/acme_scratch/data/CVDP_RGD/v2_1.SORRM.historical/v2_1.SORRM.historical.en02.TCO.195001-201412.nc
working file:  /lcrc/group/acme/ac.szhang/acme_scratch/data/CVDP_RGD/v2_1.SORRM.historical/v2_1.SORRM.historical.en02.TGCLDCWP.195001-201412.nc
working file:  /lcrc/group/acme/ac.szhang/acme_scratch/data/CVDP_RGD/v2_1.SORRM.historical/v2_1.SORRM.historical.en02.TGCLDIWP.195001-201412.nc
working file:  /lcrc/group/acme/ac.szhang/acme_scratch/data/CVDP_RGD/v2_1.SORRM.historical/v2_1.SORRM.historical.en02.TGCLDLWP.195001-201412.nc
working file:  /lcrc/group/acme/ac.szhang/acme_scratch/data/CVDP_RGD/v2_1.SORRM.historical/v2_1.SORRM.historical.en02.TH7001000.195001-201412.nc
working file:  /lcrc/group/acme/ac.szhang/acme_scratch/data/CVDP_RGD/v2_1.SORRM.historical/v2_1.SORRM.historical.en02.thfamd.195001-201412.nc
working file:  /lcrc/group/acme/ac.szhang/acme_scratch/data/CVDP_RGD/v2_1.SORRM.historical/v2_1.SORRM.historical.en02.thfblg.195001-201412.nc
working file:  /lcrc/group/acme/ac.szhang/acme_scratch/data/CVDP_RGD/v2_1.SORRM.historical/v2_1.SORRM.historical.en02.TMQ.195001-201412.nc
working file:  /lcrc/group/acme/ac.szhang/acme_scratch/data/CVDP_RGD/v2_1.SORRM.historical/v2_1.SORRM.historical.en02.TREFHT.195001-201412.nc
working file:  /lcrc/group/acme/ac.szhang/acme_scratch/data/CVDP_RGD/v2_1.SORRM.historical/v2_1.SORRM.historical.en02.TS.195001-201412.nc
working file:  /lcrc/group/acme/ac.szhang/acme_scratch/data/CVDP_RGD/v2_1.SORRM.historical/v2_1.SORRM.historical.en02.TSMN.195001-201412.nc
working file:  /lcrc/group/acme/ac.szhang/acme_scratch/data/CVDP_RGD/v2_1.SORRM.historical/v2_1.SORRM.historical.en02.TSMX.195001-201412.nc
working file:  /lcrc/group/acme/ac.szhang/acme_scratch/data/CVDP_RGD/v2_1.SORRM.historical/v2_1.SORRM.historical.en02.TUH.195001-201412.nc
working file:  /lcrc/group/acme/ac.szhang/acme_scratch/data/CVDP_RGD/v2_1.SORRM.historical/v2_1.SORRM.historical.en02.TUQ.195001-201412.nc
working file:  /lcrc/group/acme/ac.szhang/acme_scratch/data/CVDP_RGD/v2_1.SORRM.historical/v2_1.SORRM.historical.en02.TVH.195001-201412.nc
working file:  /lcrc/group/acme/ac.szhang/acme_scratch/data/CVDP_RGD/v2_1.SORRM.historical/v2_1.SORRM.historical.en02.TVQ.195001-201412.nc
working file:  /lcrc/group/acme/ac.szhang/acme_scratch/data/CVDP_RGD/v2_1.SORRM.historical/v2_1.SORRM.historical.en02.U10.195001-201412.nc
working file:  /lcrc/group/acme/ac.szhang/acme_scratch/data/CVDP_RGD/v2_1.SORRM.historical/v2_1.SORRM.historical.en02.U200.195001-201412.nc
working file:  /lcrc/group/acme/ac.szhang/acme_scratch/data/CVDP_RGD/v2_1.SORRM.historical/v2_1.SORRM.historical.en02.U850.195001-201412.nc
working file:  /lcrc/group/acme/ac.szhang/acme_scratch/data/CVDP_RGD/v2_1.SORRM.historical/v2_1.SORRM.historical.en02.UM10.195001-201412.nc
working file:  /lcrc/group/acme/ac.szhang/acme_scratch/data/CVDP_RGD/v2_1.SORRM.historical/v2_1.SORRM.historical.en02.V10.195001-201412.nc
working file:  /lcrc/group/acme/ac.szhang/acme_scratch/data/CVDP_RGD/v2_1.SORRM.historical/v2_1.SORRM.historical.en02.V200.195001-201412.nc
working file:  /lcrc/group/acme/ac.szhang/acme_scratch/data/CVDP_RGD/v2_1.SORRM.historical/v2_1.SORRM.historical.en02.V850.195001-201412.nc
working file:  /lcrc/group/acme/ac.szhang/acme_scratch/data/CVDP_RGD/v2_1.SORRM.historical/v2_1.SORRM.historical.en02.Z500.195001-201412.nc
done
