13
working file:  /lcrc/group/acme/ac.szhang/acme_scratch/data/CVDP_RGD/v2_1.SORRM.historical/v2_1.SORRM.historical.en00.AMOC.195001-201412.nc
working file:  /lcrc/group/acme/ac.szhang/acme_scratch/data/CVDP_RGD/v2_1.SORRM.historical/v2_1.SORRM.historical.en00.AMOC26.195001-201412.nc
working file:  /lcrc/group/acme/ac.szhang/acme_scratch/data/CVDP_RGD/v2_1.SORRM.historical/v2_1.SORRM.historical.en00.AODDUST.195001-201412.nc
working file:  /lcrc/group/acme/ac.szhang/acme_scratch/data/CVDP_RGD/v2_1.SORRM.historical/v2_1.SORRM.historical.en00.AODVIS.195001-201412.nc
working file:  /lcrc/group/acme/ac.szhang/acme_scratch/data/CVDP_RGD/v2_1.SORRM.historical/v2_1.SORRM.historical.en00.CLDHGH.195001-201412.nc
working file:  /lcrc/group/acme/ac.szhang/acme_scratch/data/CVDP_RGD/v2_1.SORRM.historical/v2_1.SORRM.historical.en00.CLDLOW.195001-201412.nc
working file:  /lcrc/group/acme/ac.szhang/acme_scratch/data/CVDP_RGD/v2_1.SORRM.historical/v2_1.SORRM.historical.en00.CLDMED.195001-201412.nc
working file:  /lcrc/group/acme/ac.szhang/acme_scratch/data/CVDP_RGD/v2_1.SORRM.historical/v2_1.SORRM.historical.en00.CLDTOT.195001-201412.nc
working file:  /lcrc/group/acme/ac.szhang/acme_scratch/data/CVDP_RGD/v2_1.SORRM.historical/v2_1.SORRM.historical.en00.CRE.195001-201412.nc
working file:  /lcrc/group/acme/ac.szhang/acme_scratch/data/CVDP_RGD/v2_1.SORRM.historical/v2_1.SORRM.historical.en00.CRE_SRF.195001-201412.nc
working file:  /lcrc/group/acme/ac.szhang/acme_scratch/data/CVDP_RGD/v2_1.SORRM.historical/v2_1.SORRM.historical.en00.ETH1.195001-201412.nc
working file:  /lcrc/group/acme/ac.szhang/acme_scratch/data/CVDP_RGD/v2_1.SORRM.historical/v2_1.SORRM.historical.en00.ETH12.195001-201412.nc
working file:  /lcrc/group/acme/ac.szhang/acme_scratch/data/CVDP_RGD/v2_1.SORRM.historical/v2_1.SORRM.historical.en00.ETH2.195001-201412.nc
working file:  /lcrc/group/acme/ac.szhang/acme_scratch/data/CVDP_RGD/v2_1.SORRM.historical/v2_1.SORRM.historical.en00.FLDS.195001-201412.nc
working file:  /lcrc/group/acme/ac.szhang/acme_scratch/data/CVDP_RGD/v2_1.SORRM.historical/v2_1.SORRM.historical.en00.FLDSC.195001-201412.nc
working file:  /lcrc/group/acme/ac.szhang/acme_scratch/data/CVDP_RGD/v2_1.SORRM.historical/v2_1.SORRM.historical.en00.FLNS.195001-201412.nc
working file:  /lcrc/group/acme/ac.szhang/acme_scratch/data/CVDP_RGD/v2_1.SORRM.historical/v2_1.SORRM.historical.en00.FLNSC.195001-201412.nc
working file:  /lcrc/group/acme/ac.szhang/acme_scratch/data/CVDP_RGD/v2_1.SORRM.historical/v2_1.SORRM.historical.en00.FLNT.195001-201412.nc
working file:  /lcrc/group/acme/ac.szhang/acme_scratch/data/CVDP_RGD/v2_1.SORRM.historical/v2_1.SORRM.historical.en00.FLNTC.195001-201412.nc
working file:  /lcrc/group/acme/ac.szhang/acme_scratch/data/CVDP_RGD/v2_1.SORRM.historical/v2_1.SORRM.historical.en00.FLUT.195001-201412.nc
working file:  /lcrc/group/acme/ac.szhang/acme_scratch/data/CVDP_RGD/v2_1.SORRM.historical/v2_1.SORRM.historical.en00.FLUTC.195001-201412.nc
working file:  /lcrc/group/acme/ac.szhang/acme_scratch/data/CVDP_RGD/v2_1.SORRM.historical/v2_1.SORRM.historical.en00.FSDS.195001-201412.nc
working file:  /lcrc/group/acme/ac.szhang/acme_scratch/data/CVDP_RGD/v2_1.SORRM.historical/v2_1.SORRM.historical.en00.FSDSC.195001-201412.nc
working file:  /lcrc/group/acme/ac.szhang/acme_scratch/data/CVDP_RGD/v2_1.SORRM.historical/v2_1.SORRM.historical.en00.FSNS.195001-201412.nc
working file:  /lcrc/group/acme/ac.szhang/acme_scratch/data/CVDP_RGD/v2_1.SORRM.historical/v2_1.SORRM.historical.en00.FSNSC.195001-201412.nc
working file:  /lcrc/group/acme/ac.szhang/acme_scratch/data/CVDP_RGD/v2_1.SORRM.historical/v2_1.SORRM.historical.en00.FSNT.195001-201412.nc
working file:  /lcrc/group/acme/ac.szhang/acme_scratch/data/CVDP_RGD/v2_1.SORRM.historical/v2_1.SORRM.historical.en00.FSNTC.195001-201412.nc
working file:  /lcrc/group/acme/ac.szhang/acme_scratch/data/CVDP_RGD/v2_1.SORRM.historical/v2_1.SORRM.historical.en00.FSNTOA.195001-201412.nc
working file:  /lcrc/group/acme/ac.szhang/acme_scratch/data/CVDP_RGD/v2_1.SORRM.historical/v2_1.SORRM.historical.en00.FSNTOAC.195001-201412.nc
working file:  /lcrc/group/acme/ac.szhang/acme_scratch/data/CVDP_RGD/v2_1.SORRM.historical/v2_1.SORRM.historical.en00.FSUTOA.195001-201412.nc
working file:  /lcrc/group/acme/ac.szhang/acme_scratch/data/CVDP_RGD/v2_1.SORRM.historical/v2_1.SORRM.historical.en00.FSUTOAC.195001-201412.nc
working file:  /lcrc/group/acme/ac.szhang/acme_scratch/data/CVDP_RGD/v2_1.SORRM.historical/v2_1.SORRM.historical.en00.ICEFRAC.195001-201412.nc
working file:  /lcrc/group/acme/ac.szhang/acme_scratch/data/CVDP_RGD/v2_1.SORRM.historical/v2_1.SORRM.historical.en00.LANDFRAC.195001-201412.nc
working file:  /lcrc/group/acme/ac.szhang/acme_scratch/data/CVDP_RGD/v2_1.SORRM.historical/v2_1.SORRM.historical.en00.LHFLX1.195001-201412.nc
working file:  /lcrc/group/acme/ac.szhang/acme_scratch/data/CVDP_RGD/v2_1.SORRM.historical/v2_1.SORRM.historical.en00.LHFLX.195001-201412.nc
working file:  /lcrc/group/acme/ac.szhang/acme_scratch/data/CVDP_RGD/v2_1.SORRM.historical/v2_1.SORRM.historical.en00.LWCF.195001-201412.nc
working file:  /lcrc/group/acme/ac.szhang/acme_scratch/data/CVDP_RGD/v2_1.SORRM.historical/v2_1.SORRM.historical.en00.LWCRE.195001-201412.nc
working file:  /lcrc/group/acme/ac.szhang/acme_scratch/data/CVDP_RGD/v2_1.SORRM.historical/v2_1.SORRM.historical.en00.LWCRE_SRF.195001-201412.nc
working file:  /lcrc/group/acme/ac.szhang/acme_scratch/data/CVDP_RGD/v2_1.SORRM.historical/v2_1.SORRM.historical.en00.O3_SRF.195001-201412.nc
working file:  /lcrc/group/acme/ac.szhang/acme_scratch/data/CVDP_RGD/v2_1.SORRM.historical/v2_1.SORRM.historical.en00.OCNFRAC.195001-201412.nc
working file:  /lcrc/group/acme/ac.szhang/acme_scratch/data/CVDP_RGD/v2_1.SORRM.historical/v2_1.SORRM.historical.en00.OLR.195001-201412.nc
working file:  /lcrc/group/acme/ac.szhang/acme_scratch/data/CVDP_RGD/v2_1.SORRM.historical/v2_1.SORRM.historical.en00.OMEGA500.195001-201412.nc
working file:  /lcrc/group/acme/ac.szhang/acme_scratch/data/CVDP_RGD/v2_1.SORRM.historical/v2_1.SORRM.historical.en00.PBLH.195001-201412.nc
working file:  /lcrc/group/acme/ac.szhang/acme_scratch/data/CVDP_RGD/v2_1.SORRM.historical/v2_1.SORRM.historical.en00.PHIS.195001-201412.nc
working file:  /lcrc/group/acme/ac.szhang/acme_scratch/data/CVDP_RGD/v2_1.SORRM.historical/v2_1.SORRM.historical.en00.PRECC.195001-201412.nc
working file:  /lcrc/group/acme/ac.szhang/acme_scratch/data/CVDP_RGD/v2_1.SORRM.historical/v2_1.SORRM.historical.en00.PRECL.195001-201412.nc
working file:  /lcrc/group/acme/ac.szhang/acme_scratch/data/CVDP_RGD/v2_1.SORRM.historical/v2_1.SORRM.historical.en00.PRECSC.195001-201412.nc
working file:  /lcrc/group/acme/ac.szhang/acme_scratch/data/CVDP_RGD/v2_1.SORRM.historical/v2_1.SORRM.historical.en00.PRECSL.195001-201412.nc
working file:  /lcrc/group/acme/ac.szhang/acme_scratch/data/CVDP_RGD/v2_1.SORRM.historical/v2_1.SORRM.historical.en00.PRECST.195001-201412.nc
working file:  /lcrc/group/acme/ac.szhang/acme_scratch/data/CVDP_RGD/v2_1.SORRM.historical/v2_1.SORRM.historical.en00.PRECT.195001-201412.nc
working file:  /lcrc/group/acme/ac.szhang/acme_scratch/data/CVDP_RGD/v2_1.SORRM.historical/v2_1.SORRM.historical.en00.PS.195001-201412.nc
working file:  /lcrc/group/acme/ac.szhang/acme_scratch/data/CVDP_RGD/v2_1.SORRM.historical/v2_1.SORRM.historical.en00.PSL.195001-201412.nc
working file:  /lcrc/group/acme/ac.szhang/acme_scratch/data/CVDP_RGD/v2_1.SORRM.historical/v2_1.SORRM.historical.en00.QFLX.195001-201412.nc
working file:  /lcrc/group/acme/ac.szhang/acme_scratch/data/CVDP_RGD/v2_1.SORRM.historical/v2_1.SORRM.historical.en00.QnRad_SRF.195001-201412.nc
working file:  /lcrc/group/acme/ac.szhang/acme_scratch/data/CVDP_RGD/v2_1.SORRM.historical/v2_1.SORRM.historical.en00.Qn_SRF.195001-201412.nc
working file:  /lcrc/group/acme/ac.szhang/acme_scratch/data/CVDP_RGD/v2_1.SORRM.historical/v2_1.SORRM.historical.en00.QnTot_SRF.195001-201412.nc
working file:  /lcrc/group/acme/ac.szhang/acme_scratch/data/CVDP_RGD/v2_1.SORRM.historical/v2_1.SORRM.historical.en00.QnTur_SRF.195001-201412.nc
working file:  /lcrc/group/acme/ac.szhang/acme_scratch/data/CVDP_RGD/v2_1.SORRM.historical/v2_1.SORRM.historical.en00.QREFHT.195001-201412.nc
working file:  /lcrc/group/acme/ac.szhang/acme_scratch/data/CVDP_RGD/v2_1.SORRM.historical/v2_1.SORRM.historical.en00.S10.195001-201412.nc
working file:  /lcrc/group/acme/ac.szhang/acme_scratch/data/CVDP_RGD/v2_1.SORRM.historical/v2_1.SORRM.historical.en00.SCO.195001-201412.nc
working file:  /lcrc/group/acme/ac.szhang/acme_scratch/data/CVDP_RGD/v2_1.SORRM.historical/v2_1.SORRM.historical.en00.SF.195001-201412.nc
working file:  /lcrc/group/acme/ac.szhang/acme_scratch/data/CVDP_RGD/v2_1.SORRM.historical/v2_1.SORRM.historical.en00.SFO3.195001-201412.nc
working file:  /lcrc/group/acme/ac.szhang/acme_scratch/data/CVDP_RGD/v2_1.SORRM.historical/v2_1.SORRM.historical.en00.SHFLX.195001-201412.nc
working file:  /lcrc/group/acme/ac.szhang/acme_scratch/data/CVDP_RGD/v2_1.SORRM.historical/v2_1.SORRM.historical.en00.SNFRAC.195001-201412.nc
working file:  /lcrc/group/acme/ac.szhang/acme_scratch/data/CVDP_RGD/v2_1.SORRM.historical/v2_1.SORRM.historical.en00.SNOW.195001-201412.nc
working file:  /lcrc/group/acme/ac.szhang/acme_scratch/data/CVDP_RGD/v2_1.SORRM.historical/v2_1.SORRM.historical.en00.SNOWDP.195001-201412.nc
working file:  /lcrc/group/acme/ac.szhang/acme_scratch/data/CVDP_RGD/v2_1.SORRM.historical/v2_1.SORRM.historical.en00.SNOWHICE.195001-201412.nc
working file:  /lcrc/group/acme/ac.szhang/acme_scratch/data/CVDP_RGD/v2_1.SORRM.historical/v2_1.SORRM.historical.en00.SNOWHLND.195001-201412.nc
working file:  /lcrc/group/acme/ac.szhang/acme_scratch/data/CVDP_RGD/v2_1.SORRM.historical/v2_1.SORRM.historical.en00.SOILWATER.195001-201412.nc
working file:  /lcrc/group/acme/ac.szhang/acme_scratch/data/CVDP_RGD/v2_1.SORRM.historical/v2_1.SORRM.historical.en00.SOLIN.195001-201412.nc
working file:  /lcrc/group/acme/ac.szhang/acme_scratch/data/CVDP_RGD/v2_1.SORRM.historical/v2_1.SORRM.historical.en00.SWCF.195001-201412.nc
working file:  /lcrc/group/acme/ac.szhang/acme_scratch/data/CVDP_RGD/v2_1.SORRM.historical/v2_1.SORRM.historical.en00.SWCRE.195001-201412.nc
working file:  /lcrc/group/acme/ac.szhang/acme_scratch/data/CVDP_RGD/v2_1.SORRM.historical/v2_1.SORRM.historical.en00.SWCRE_SRF.195001-201412.nc
working file:  /lcrc/group/acme/ac.szhang/acme_scratch/data/CVDP_RGD/v2_1.SORRM.historical/v2_1.SORRM.historical.en00.T850.195001-201412.nc
working file:  /lcrc/group/acme/ac.szhang/acme_scratch/data/CVDP_RGD/v2_1.SORRM.historical/v2_1.SORRM.historical.en00.TAUGWX.195001-201412.nc
working file:  /lcrc/group/acme/ac.szhang/acme_scratch/data/CVDP_RGD/v2_1.SORRM.historical/v2_1.SORRM.historical.en00.TAUGWY.195001-201412.nc
working file:  /lcrc/group/acme/ac.szhang/acme_scratch/data/CVDP_RGD/v2_1.SORRM.historical/v2_1.SORRM.historical.en00.TAUX.195001-201412.nc
working file:  /lcrc/group/acme/ac.szhang/acme_scratch/data/CVDP_RGD/v2_1.SORRM.historical/v2_1.SORRM.historical.en00.TAUY.195001-201412.nc
working file:  /lcrc/group/acme/ac.szhang/acme_scratch/data/CVDP_RGD/v2_1.SORRM.historical/v2_1.SORRM.historical.en00.TCO.195001-201412.nc
working file:  /lcrc/group/acme/ac.szhang/acme_scratch/data/CVDP_RGD/v2_1.SORRM.historical/v2_1.SORRM.historical.en00.TGCLDCWP.195001-201412.nc
working file:  /lcrc/group/acme/ac.szhang/acme_scratch/data/CVDP_RGD/v2_1.SORRM.historical/v2_1.SORRM.historical.en00.TGCLDIWP.195001-201412.nc
working file:  /lcrc/group/acme/ac.szhang/acme_scratch/data/CVDP_RGD/v2_1.SORRM.historical/v2_1.SORRM.historical.en00.TGCLDLWP.195001-201412.nc
working file:  /lcrc/group/acme/ac.szhang/acme_scratch/data/CVDP_RGD/v2_1.SORRM.historical/v2_1.SORRM.historical.en00.TH7001000.195001-201412.nc
working file:  /lcrc/group/acme/ac.szhang/acme_scratch/data/CVDP_RGD/v2_1.SORRM.historical/v2_1.SORRM.historical.en00.thfamd.195001-201412.nc
working file:  /lcrc/group/acme/ac.szhang/acme_scratch/data/CVDP_RGD/v2_1.SORRM.historical/v2_1.SORRM.historical.en00.thfblg.195001-201412.nc
working file:  /lcrc/group/acme/ac.szhang/acme_scratch/data/CVDP_RGD/v2_1.SORRM.historical/v2_1.SORRM.historical.en00.TMQ.195001-201412.nc
working file:  /lcrc/group/acme/ac.szhang/acme_scratch/data/CVDP_RGD/v2_1.SORRM.historical/v2_1.SORRM.historical.en00.TREFHT.195001-201412.nc
working file:  /lcrc/group/acme/ac.szhang/acme_scratch/data/CVDP_RGD/v2_1.SORRM.historical/v2_1.SORRM.historical.en00.TS.195001-201412.nc
working file:  /lcrc/group/acme/ac.szhang/acme_scratch/data/CVDP_RGD/v2_1.SORRM.historical/v2_1.SORRM.historical.en00.TSMN.195001-201412.nc
working file:  /lcrc/group/acme/ac.szhang/acme_scratch/data/CVDP_RGD/v2_1.SORRM.historical/v2_1.SORRM.historical.en00.TSMX.195001-201412.nc
working file:  /lcrc/group/acme/ac.szhang/acme_scratch/data/CVDP_RGD/v2_1.SORRM.historical/v2_1.SORRM.historical.en00.TUH.195001-201412.nc
working file:  /lcrc/group/acme/ac.szhang/acme_scratch/data/CVDP_RGD/v2_1.SORRM.historical/v2_1.SORRM.historical.en00.TUQ.195001-201412.nc
working file:  /lcrc/group/acme/ac.szhang/acme_scratch/data/CVDP_RGD/v2_1.SORRM.historical/v2_1.SORRM.historical.en00.TVH.195001-201412.nc
working file:  /lcrc/group/acme/ac.szhang/acme_scratch/data/CVDP_RGD/v2_1.SORRM.historical/v2_1.SORRM.historical.en00.TVQ.195001-201412.nc
working file:  /lcrc/group/acme/ac.szhang/acme_scratch/data/CVDP_RGD/v2_1.SORRM.historical/v2_1.SORRM.historical.en00.U10.195001-201412.nc
working file:  /lcrc/group/acme/ac.szhang/acme_scratch/data/CVDP_RGD/v2_1.SORRM.historical/v2_1.SORRM.historical.en00.U200.195001-201412.nc
working file:  /lcrc/group/acme/ac.szhang/acme_scratch/data/CVDP_RGD/v2_1.SORRM.historical/v2_1.SORRM.historical.en00.U850.195001-201412.nc
working file:  /lcrc/group/acme/ac.szhang/acme_scratch/data/CVDP_RGD/v2_1.SORRM.historical/v2_1.SORRM.historical.en00.UM10.195001-201412.nc
ncap2: WARNING prs_cls::ncap_var_init(): Unable to find variable UM10 in /lcrc/group/acme/ac.szhang/acme_scratch/data/CVDP_RGD/v2_1.SORRM.historical/v2_1.SORRM.historical.en00.UM10.195001-201412.nc or /lcrc/group/acme/ac.szhang/acme_scratch/data/CVDP_RGD/v2_1.SORRM.historical/v2_1.SORRM.historical.en00.UM10.195001-201412.nc.tmp
ncap2: ERROR out(): Could not read var UM10
mv: cannot stat ‘/lcrc/group/acme/ac.szhang/acme_scratch/data/CVDP_RGD/v2_1.SORRM.historical/v2_1.SORRM.historical.en00.UM10.195001-201412.nc.tmp’: No such file or directory
working file:  /lcrc/group/acme/ac.szhang/acme_scratch/data/CVDP_RGD/v2_1.SORRM.historical/v2_1.SORRM.historical.en00.V10.195001-201412.nc
working file:  /lcrc/group/acme/ac.szhang/acme_scratch/data/CVDP_RGD/v2_1.SORRM.historical/v2_1.SORRM.historical.en00.V200.195001-201412.nc
working file:  /lcrc/group/acme/ac.szhang/acme_scratch/data/CVDP_RGD/v2_1.SORRM.historical/v2_1.SORRM.historical.en00.V850.195001-201412.nc
working file:  /lcrc/group/acme/ac.szhang/acme_scratch/data/CVDP_RGD/v2_1.SORRM.historical/v2_1.SORRM.historical.en00.Z500.195001-201412.nc
done
