Climatology operations invoked with command:
/share/apps/nco/4.7.9/bin/ncclimo -m eam -i /compyfs/zhen797/E3SM_simulations/20201102.alpha5_51.amip.ne30pg2_r05_oECv3.compy/archive/atm/hist/ -c 20201102.alpha5_51.amip.ne30pg2_r05_oECv3.compy -O /compyfs/zhan391/run_e3sm_cryosphere/diag_package/data/20201102.alpha5_51.amip.ne30pg2_r05_oECv3.compy/climo/ -o /compyfs/zhan391/run_e3sm_cryosphere/diag_package/data/20201102.alpha5_51.amip.ne30pg2_r05_oECv3.compy/se_climo/ -r /qfs/people/zender/data/maps/map_ne30pg2_to_cmip6_180x360_aave.20200201.nc -s 1981 -e 1999
Started climatology generation for dataset 20201102.alpha5_51.amip.ne30pg2_r05_oECv3.compy at Sun Dec  6 15:14:50 PST 2020
Running climatology script ncclimo from directory /qfs/projects/ops/rh7/apps/nco/4.7.9/bin
NCO binaries version 4.7.9 from directory /qfs/projects/ops/rh7/apps/nco/4.7.9/bin
Parallelism mode = Background
Producing standard climatology from raw input files in directory /compyfs/zhen797/E3SM_simulations/20201102.alpha5_51.amip.ne30pg2_r05_oECv3.compy/archive/atm/hist/
Output files to directory /compyfs/zhan391/run_e3sm_cryosphere/diag_package/data/20201102.alpha5_51.amip.ne30pg2_r05_oECv3.compy/se_climo
Climatology from 19 years of contiguous raw data touching 20 calendar years from YYYYMM = 198012 to 199911
Input filenames will be constructed with CESM'ish or E3SM/ACME'ish conventions
Each input file assumed to contain mean of one month
Winter statistics based on seasonally contiguous December (scd-mode): DJF sequences are consecutive and cross calendar-year boundaries
Annotation for CF climatology attribute and climatology_bounds variable will be performed
This climatology will also be regridded
Generating climatology...
Climatological monthly mean for month 1 ...
Climatological monthly mean for month 2 ...
Climatological monthly mean for month 3 ...
Climatological monthly mean for month 4 ...
Climatological monthly mean for month 5 ...
Climatological monthly mean for month 6 ...
Climatological monthly mean for month 7 ...
Climatological monthly mean for month 8 ...
Climatological monthly mean for month 9 ...
Climatological monthly mean for month 10 ...
Climatological monthly mean for month 11 ...
Climatological monthly mean for month 12 ...
Regrid monthly data...
Climatological seasonal mean for MAM ...
Climatological seasonal mean for JJA ...
Climatological seasonal mean for SON ...
Climatological seasonal mean for DJF ...
Regrid seasonal data...
Climatological annual mean...
Regrid annual data...
Link E3SM/ACME-climo to AMWG-climo filenames...
Quick plots of last computed climatology:
ncview /compyfs/zhan391/run_e3sm_cryosphere/diag_package/data/20201102.alpha5_51.amip.ne30pg2_r05_oECv3.compy/climo/20201102.alpha5_51.amip.ne30pg2_r05_oECv3.compy_ANN_198012_199911_climo.nc &
panoply /compyfs/zhan391/run_e3sm_cryosphere/diag_package/data/20201102.alpha5_51.amip.ne30pg2_r05_oECv3.compy/climo/20201102.alpha5_51.amip.ne30pg2_r05_oECv3.compy_ANN_198012_199911_climo.nc &
Completed 19-year climatology operations for dataset with caseid = 20201102.alpha5_51.amip.ne30pg2_r05_oECv3.compy at Sun Dec  6 15:28:44 PST 2020
Elapsed time 13m54s
end: Not in while/foreach.
