13
working file:  /lcrc/group/acme/ac.szhang/acme_scratch/data/CVDP_RGD/v3atm-v21ocn.piControl/v3atm-v21ocn.piControl.en00.AMOC.000101-030012.nc
working file:  /lcrc/group/acme/ac.szhang/acme_scratch/data/CVDP_RGD/v3atm-v21ocn.piControl/v3atm-v21ocn.piControl.en00.AMOC26.000101-030012.nc
working file:  /lcrc/group/acme/ac.szhang/acme_scratch/data/CVDP_RGD/v3atm-v21ocn.piControl/v3atm-v21ocn.piControl.en00.AODDUST.000101-030012.nc
working file:  /lcrc/group/acme/ac.szhang/acme_scratch/data/CVDP_RGD/v3atm-v21ocn.piControl/v3atm-v21ocn.piControl.en00.AODVIS.000101-030012.nc
working file:  /lcrc/group/acme/ac.szhang/acme_scratch/data/CVDP_RGD/v3atm-v21ocn.piControl/v3atm-v21ocn.piControl.en00.CLDHGH.000101-030012.nc
working file:  /lcrc/group/acme/ac.szhang/acme_scratch/data/CVDP_RGD/v3atm-v21ocn.piControl/v3atm-v21ocn.piControl.en00.CLDLOW.000101-030012.nc
working file:  /lcrc/group/acme/ac.szhang/acme_scratch/data/CVDP_RGD/v3atm-v21ocn.piControl/v3atm-v21ocn.piControl.en00.CLDMED.000101-030012.nc
working file:  /lcrc/group/acme/ac.szhang/acme_scratch/data/CVDP_RGD/v3atm-v21ocn.piControl/v3atm-v21ocn.piControl.en00.CLDTOT.000101-030012.nc
working file:  /lcrc/group/acme/ac.szhang/acme_scratch/data/CVDP_RGD/v3atm-v21ocn.piControl/v3atm-v21ocn.piControl.en00.CRE.000101-030012.nc
working file:  /lcrc/group/acme/ac.szhang/acme_scratch/data/CVDP_RGD/v3atm-v21ocn.piControl/v3atm-v21ocn.piControl.en00.CRE_SRF.000101-030012.nc
working file:  /lcrc/group/acme/ac.szhang/acme_scratch/data/CVDP_RGD/v3atm-v21ocn.piControl/v3atm-v21ocn.piControl.en00.ETH1.000101-030012.nc
working file:  /lcrc/group/acme/ac.szhang/acme_scratch/data/CVDP_RGD/v3atm-v21ocn.piControl/v3atm-v21ocn.piControl.en00.ETH12.000101-030012.nc
working file:  /lcrc/group/acme/ac.szhang/acme_scratch/data/CVDP_RGD/v3atm-v21ocn.piControl/v3atm-v21ocn.piControl.en00.ETH2.000101-030012.nc
working file:  /lcrc/group/acme/ac.szhang/acme_scratch/data/CVDP_RGD/v3atm-v21ocn.piControl/v3atm-v21ocn.piControl.en00.FLDS.000101-030012.nc
working file:  /lcrc/group/acme/ac.szhang/acme_scratch/data/CVDP_RGD/v3atm-v21ocn.piControl/v3atm-v21ocn.piControl.en00.FLDSC.000101-030012.nc
working file:  /lcrc/group/acme/ac.szhang/acme_scratch/data/CVDP_RGD/v3atm-v21ocn.piControl/v3atm-v21ocn.piControl.en00.FLNS.000101-030012.nc
working file:  /lcrc/group/acme/ac.szhang/acme_scratch/data/CVDP_RGD/v3atm-v21ocn.piControl/v3atm-v21ocn.piControl.en00.FLNSC.000101-030012.nc
working file:  /lcrc/group/acme/ac.szhang/acme_scratch/data/CVDP_RGD/v3atm-v21ocn.piControl/v3atm-v21ocn.piControl.en00.FLNT.000101-030012.nc
working file:  /lcrc/group/acme/ac.szhang/acme_scratch/data/CVDP_RGD/v3atm-v21ocn.piControl/v3atm-v21ocn.piControl.en00.FLNTC.000101-030012.nc
working file:  /lcrc/group/acme/ac.szhang/acme_scratch/data/CVDP_RGD/v3atm-v21ocn.piControl/v3atm-v21ocn.piControl.en00.FLUT.000101-030012.nc
working file:  /lcrc/group/acme/ac.szhang/acme_scratch/data/CVDP_RGD/v3atm-v21ocn.piControl/v3atm-v21ocn.piControl.en00.FLUTC.000101-030012.nc
working file:  /lcrc/group/acme/ac.szhang/acme_scratch/data/CVDP_RGD/v3atm-v21ocn.piControl/v3atm-v21ocn.piControl.en00.FSDS.000101-030012.nc
working file:  /lcrc/group/acme/ac.szhang/acme_scratch/data/CVDP_RGD/v3atm-v21ocn.piControl/v3atm-v21ocn.piControl.en00.FSDSC.000101-030012.nc
working file:  /lcrc/group/acme/ac.szhang/acme_scratch/data/CVDP_RGD/v3atm-v21ocn.piControl/v3atm-v21ocn.piControl.en00.FSNS.000101-030012.nc
working file:  /lcrc/group/acme/ac.szhang/acme_scratch/data/CVDP_RGD/v3atm-v21ocn.piControl/v3atm-v21ocn.piControl.en00.FSNSC.000101-030012.nc
working file:  /lcrc/group/acme/ac.szhang/acme_scratch/data/CVDP_RGD/v3atm-v21ocn.piControl/v3atm-v21ocn.piControl.en00.FSNT.000101-030012.nc
working file:  /lcrc/group/acme/ac.szhang/acme_scratch/data/CVDP_RGD/v3atm-v21ocn.piControl/v3atm-v21ocn.piControl.en00.FSNTC.000101-030012.nc
working file:  /lcrc/group/acme/ac.szhang/acme_scratch/data/CVDP_RGD/v3atm-v21ocn.piControl/v3atm-v21ocn.piControl.en00.FSNTOA.000101-030012.nc
working file:  /lcrc/group/acme/ac.szhang/acme_scratch/data/CVDP_RGD/v3atm-v21ocn.piControl/v3atm-v21ocn.piControl.en00.FSNTOAC.000101-030012.nc
working file:  /lcrc/group/acme/ac.szhang/acme_scratch/data/CVDP_RGD/v3atm-v21ocn.piControl/v3atm-v21ocn.piControl.en00.FSUTOA.000101-030012.nc
working file:  /lcrc/group/acme/ac.szhang/acme_scratch/data/CVDP_RGD/v3atm-v21ocn.piControl/v3atm-v21ocn.piControl.en00.FSUTOAC.000101-030012.nc
working file:  /lcrc/group/acme/ac.szhang/acme_scratch/data/CVDP_RGD/v3atm-v21ocn.piControl/v3atm-v21ocn.piControl.en00.ICEFRAC.000101-030012.nc
working file:  /lcrc/group/acme/ac.szhang/acme_scratch/data/CVDP_RGD/v3atm-v21ocn.piControl/v3atm-v21ocn.piControl.en00.LANDFRAC.000101-030012.nc
working file:  /lcrc/group/acme/ac.szhang/acme_scratch/data/CVDP_RGD/v3atm-v21ocn.piControl/v3atm-v21ocn.piControl.en00.LHFLX.000101-030012.nc
working file:  /lcrc/group/acme/ac.szhang/acme_scratch/data/CVDP_RGD/v3atm-v21ocn.piControl/v3atm-v21ocn.piControl.en00.LHFLX1.000101-030012.nc
working file:  /lcrc/group/acme/ac.szhang/acme_scratch/data/CVDP_RGD/v3atm-v21ocn.piControl/v3atm-v21ocn.piControl.en00.LWCF.000101-030012.nc
working file:  /lcrc/group/acme/ac.szhang/acme_scratch/data/CVDP_RGD/v3atm-v21ocn.piControl/v3atm-v21ocn.piControl.en00.LWCRE.000101-030012.nc
working file:  /lcrc/group/acme/ac.szhang/acme_scratch/data/CVDP_RGD/v3atm-v21ocn.piControl/v3atm-v21ocn.piControl.en00.LWCRE_SRF.000101-030012.nc
working file:  /lcrc/group/acme/ac.szhang/acme_scratch/data/CVDP_RGD/v3atm-v21ocn.piControl/v3atm-v21ocn.piControl.en00.O3_SRF.000101-030012.nc
working file:  /lcrc/group/acme/ac.szhang/acme_scratch/data/CVDP_RGD/v3atm-v21ocn.piControl/v3atm-v21ocn.piControl.en00.OCNFRAC.000101-030012.nc
working file:  /lcrc/group/acme/ac.szhang/acme_scratch/data/CVDP_RGD/v3atm-v21ocn.piControl/v3atm-v21ocn.piControl.en00.OLR.000101-030012.nc
working file:  /lcrc/group/acme/ac.szhang/acme_scratch/data/CVDP_RGD/v3atm-v21ocn.piControl/v3atm-v21ocn.piControl.en00.OMEGA500.000101-030012.nc
working file:  /lcrc/group/acme/ac.szhang/acme_scratch/data/CVDP_RGD/v3atm-v21ocn.piControl/v3atm-v21ocn.piControl.en00.PBLH.000101-030012.nc
working file:  /lcrc/group/acme/ac.szhang/acme_scratch/data/CVDP_RGD/v3atm-v21ocn.piControl/v3atm-v21ocn.piControl.en00.PHIS.000101-030012.nc
working file:  /lcrc/group/acme/ac.szhang/acme_scratch/data/CVDP_RGD/v3atm-v21ocn.piControl/v3atm-v21ocn.piControl.en00.PRECC.000101-030012.nc
working file:  /lcrc/group/acme/ac.szhang/acme_scratch/data/CVDP_RGD/v3atm-v21ocn.piControl/v3atm-v21ocn.piControl.en00.PRECL.000101-030012.nc
working file:  /lcrc/group/acme/ac.szhang/acme_scratch/data/CVDP_RGD/v3atm-v21ocn.piControl/v3atm-v21ocn.piControl.en00.PRECSC.000101-030012.nc
working file:  /lcrc/group/acme/ac.szhang/acme_scratch/data/CVDP_RGD/v3atm-v21ocn.piControl/v3atm-v21ocn.piControl.en00.PRECSL.000101-030012.nc
working file:  /lcrc/group/acme/ac.szhang/acme_scratch/data/CVDP_RGD/v3atm-v21ocn.piControl/v3atm-v21ocn.piControl.en00.PRECST.000101-030012.nc
working file:  /lcrc/group/acme/ac.szhang/acme_scratch/data/CVDP_RGD/v3atm-v21ocn.piControl/v3atm-v21ocn.piControl.en00.PRECT.000101-030012.nc
working file:  /lcrc/group/acme/ac.szhang/acme_scratch/data/CVDP_RGD/v3atm-v21ocn.piControl/v3atm-v21ocn.piControl.en00.PS.000101-030012.nc
working file:  /lcrc/group/acme/ac.szhang/acme_scratch/data/CVDP_RGD/v3atm-v21ocn.piControl/v3atm-v21ocn.piControl.en00.PSL.000101-030012.nc
working file:  /lcrc/group/acme/ac.szhang/acme_scratch/data/CVDP_RGD/v3atm-v21ocn.piControl/v3atm-v21ocn.piControl.en00.QFLX.000101-030012.nc
working file:  /lcrc/group/acme/ac.szhang/acme_scratch/data/CVDP_RGD/v3atm-v21ocn.piControl/v3atm-v21ocn.piControl.en00.QnRad_SRF.000101-030012.nc
working file:  /lcrc/group/acme/ac.szhang/acme_scratch/data/CVDP_RGD/v3atm-v21ocn.piControl/v3atm-v21ocn.piControl.en00.Qn_SRF.000101-030012.nc
working file:  /lcrc/group/acme/ac.szhang/acme_scratch/data/CVDP_RGD/v3atm-v21ocn.piControl/v3atm-v21ocn.piControl.en00.QnTot_SRF.000101-030012.nc
working file:  /lcrc/group/acme/ac.szhang/acme_scratch/data/CVDP_RGD/v3atm-v21ocn.piControl/v3atm-v21ocn.piControl.en00.QnTur_SRF.000101-030012.nc
working file:  /lcrc/group/acme/ac.szhang/acme_scratch/data/CVDP_RGD/v3atm-v21ocn.piControl/v3atm-v21ocn.piControl.en00.QREFHT.000101-030012.nc
working file:  /lcrc/group/acme/ac.szhang/acme_scratch/data/CVDP_RGD/v3atm-v21ocn.piControl/v3atm-v21ocn.piControl.en00.S10.000101-030012.nc
working file:  /lcrc/group/acme/ac.szhang/acme_scratch/data/CVDP_RGD/v3atm-v21ocn.piControl/v3atm-v21ocn.piControl.en00.SCO.000101-030012.nc
working file:  /lcrc/group/acme/ac.szhang/acme_scratch/data/CVDP_RGD/v3atm-v21ocn.piControl/v3atm-v21ocn.piControl.en00.SF.000101-030012.nc
working file:  /lcrc/group/acme/ac.szhang/acme_scratch/data/CVDP_RGD/v3atm-v21ocn.piControl/v3atm-v21ocn.piControl.en00.SFO3.000101-030012.nc
working file:  /lcrc/group/acme/ac.szhang/acme_scratch/data/CVDP_RGD/v3atm-v21ocn.piControl/v3atm-v21ocn.piControl.en00.SHFLX.000101-030012.nc
working file:  /lcrc/group/acme/ac.szhang/acme_scratch/data/CVDP_RGD/v3atm-v21ocn.piControl/v3atm-v21ocn.piControl.en00.SNFRAC.000101-030012.nc
working file:  /lcrc/group/acme/ac.szhang/acme_scratch/data/CVDP_RGD/v3atm-v21ocn.piControl/v3atm-v21ocn.piControl.en00.SNOW.000101-030012.nc
working file:  /lcrc/group/acme/ac.szhang/acme_scratch/data/CVDP_RGD/v3atm-v21ocn.piControl/v3atm-v21ocn.piControl.en00.SNOWDP.000101-030012.nc
working file:  /lcrc/group/acme/ac.szhang/acme_scratch/data/CVDP_RGD/v3atm-v21ocn.piControl/v3atm-v21ocn.piControl.en00.SNOWHICE.000101-030012.nc
working file:  /lcrc/group/acme/ac.szhang/acme_scratch/data/CVDP_RGD/v3atm-v21ocn.piControl/v3atm-v21ocn.piControl.en00.SNOWHLND.000101-030012.nc
working file:  /lcrc/group/acme/ac.szhang/acme_scratch/data/CVDP_RGD/v3atm-v21ocn.piControl/v3atm-v21ocn.piControl.en00.SOILWATER.000101-030012.nc
working file:  /lcrc/group/acme/ac.szhang/acme_scratch/data/CVDP_RGD/v3atm-v21ocn.piControl/v3atm-v21ocn.piControl.en00.SOLIN.000101-030012.nc
working file:  /lcrc/group/acme/ac.szhang/acme_scratch/data/CVDP_RGD/v3atm-v21ocn.piControl/v3atm-v21ocn.piControl.en00.SWCF.000101-030012.nc
working file:  /lcrc/group/acme/ac.szhang/acme_scratch/data/CVDP_RGD/v3atm-v21ocn.piControl/v3atm-v21ocn.piControl.en00.SWCRE.000101-030012.nc
working file:  /lcrc/group/acme/ac.szhang/acme_scratch/data/CVDP_RGD/v3atm-v21ocn.piControl/v3atm-v21ocn.piControl.en00.SWCRE_SRF.000101-030012.nc
working file:  /lcrc/group/acme/ac.szhang/acme_scratch/data/CVDP_RGD/v3atm-v21ocn.piControl/v3atm-v21ocn.piControl.en00.T850.000101-030012.nc
working file:  /lcrc/group/acme/ac.szhang/acme_scratch/data/CVDP_RGD/v3atm-v21ocn.piControl/v3atm-v21ocn.piControl.en00.TAUGWX.000101-030012.nc
working file:  /lcrc/group/acme/ac.szhang/acme_scratch/data/CVDP_RGD/v3atm-v21ocn.piControl/v3atm-v21ocn.piControl.en00.TAUGWY.000101-030012.nc
working file:  /lcrc/group/acme/ac.szhang/acme_scratch/data/CVDP_RGD/v3atm-v21ocn.piControl/v3atm-v21ocn.piControl.en00.TAUX.000101-030012.nc
working file:  /lcrc/group/acme/ac.szhang/acme_scratch/data/CVDP_RGD/v3atm-v21ocn.piControl/v3atm-v21ocn.piControl.en00.TAUY.000101-030012.nc
working file:  /lcrc/group/acme/ac.szhang/acme_scratch/data/CVDP_RGD/v3atm-v21ocn.piControl/v3atm-v21ocn.piControl.en00.TCO.000101-030012.nc
working file:  /lcrc/group/acme/ac.szhang/acme_scratch/data/CVDP_RGD/v3atm-v21ocn.piControl/v3atm-v21ocn.piControl.en00.TGCLDCWP.000101-030012.nc
working file:  /lcrc/group/acme/ac.szhang/acme_scratch/data/CVDP_RGD/v3atm-v21ocn.piControl/v3atm-v21ocn.piControl.en00.TGCLDIWP.000101-030012.nc
working file:  /lcrc/group/acme/ac.szhang/acme_scratch/data/CVDP_RGD/v3atm-v21ocn.piControl/v3atm-v21ocn.piControl.en00.TGCLDLWP.000101-030012.nc
working file:  /lcrc/group/acme/ac.szhang/acme_scratch/data/CVDP_RGD/v3atm-v21ocn.piControl/v3atm-v21ocn.piControl.en00.TH7001000.000101-030012.nc
working file:  /lcrc/group/acme/ac.szhang/acme_scratch/data/CVDP_RGD/v3atm-v21ocn.piControl/v3atm-v21ocn.piControl.en00.TMQ.000101-030012.nc
working file:  /lcrc/group/acme/ac.szhang/acme_scratch/data/CVDP_RGD/v3atm-v21ocn.piControl/v3atm-v21ocn.piControl.en00.TREFHT.000101-030012.nc
working file:  /lcrc/group/acme/ac.szhang/acme_scratch/data/CVDP_RGD/v3atm-v21ocn.piControl/v3atm-v21ocn.piControl.en00.TREFMNAV.000101-030012.nc
working file:  /lcrc/group/acme/ac.szhang/acme_scratch/data/CVDP_RGD/v3atm-v21ocn.piControl/v3atm-v21ocn.piControl.en00.TREFMXAV.000101-030012.nc
working file:  /lcrc/group/acme/ac.szhang/acme_scratch/data/CVDP_RGD/v3atm-v21ocn.piControl/v3atm-v21ocn.piControl.en00.TS.000101-030012.nc
working file:  /lcrc/group/acme/ac.szhang/acme_scratch/data/CVDP_RGD/v3atm-v21ocn.piControl/v3atm-v21ocn.piControl.en00.TSMN.000101-030012.nc
working file:  /lcrc/group/acme/ac.szhang/acme_scratch/data/CVDP_RGD/v3atm-v21ocn.piControl/v3atm-v21ocn.piControl.en00.TSMX.000101-030012.nc
working file:  /lcrc/group/acme/ac.szhang/acme_scratch/data/CVDP_RGD/v3atm-v21ocn.piControl/v3atm-v21ocn.piControl.en00.TUH.000101-030012.nc
working file:  /lcrc/group/acme/ac.szhang/acme_scratch/data/CVDP_RGD/v3atm-v21ocn.piControl/v3atm-v21ocn.piControl.en00.TUQ.000101-030012.nc
working file:  /lcrc/group/acme/ac.szhang/acme_scratch/data/CVDP_RGD/v3atm-v21ocn.piControl/v3atm-v21ocn.piControl.en00.TVH.000101-030012.nc
working file:  /lcrc/group/acme/ac.szhang/acme_scratch/data/CVDP_RGD/v3atm-v21ocn.piControl/v3atm-v21ocn.piControl.en00.TVQ.000101-030012.nc
working file:  /lcrc/group/acme/ac.szhang/acme_scratch/data/CVDP_RGD/v3atm-v21ocn.piControl/v3atm-v21ocn.piControl.en00.U10.000101-030012.nc
working file:  /lcrc/group/acme/ac.szhang/acme_scratch/data/CVDP_RGD/v3atm-v21ocn.piControl/v3atm-v21ocn.piControl.en00.U200.000101-030012.nc
working file:  /lcrc/group/acme/ac.szhang/acme_scratch/data/CVDP_RGD/v3atm-v21ocn.piControl/v3atm-v21ocn.piControl.en00.U850.000101-030012.nc
working file:  /lcrc/group/acme/ac.szhang/acme_scratch/data/CVDP_RGD/v3atm-v21ocn.piControl/v3atm-v21ocn.piControl.en00.UM10.000101-030012.nc
working file:  /lcrc/group/acme/ac.szhang/acme_scratch/data/CVDP_RGD/v3atm-v21ocn.piControl/v3atm-v21ocn.piControl.en00.V10.000101-030012.nc
working file:  /lcrc/group/acme/ac.szhang/acme_scratch/data/CVDP_RGD/v3atm-v21ocn.piControl/v3atm-v21ocn.piControl.en00.V200.000101-030012.nc
working file:  /lcrc/group/acme/ac.szhang/acme_scratch/data/CVDP_RGD/v3atm-v21ocn.piControl/v3atm-v21ocn.piControl.en00.V850.000101-030012.nc
working file:  /lcrc/group/acme/ac.szhang/acme_scratch/data/CVDP_RGD/v3atm-v21ocn.piControl/v3atm-v21ocn.piControl.en00.Z500.000101-030012.nc
done
