nohup: ignoring input

Lmod is automatically replacing "intel-mpi/2017.3-dfphq6k" with
"intel-parallel-studio/cluster.2017.4-wyg4gfu".


Lmod is automatically replacing "intel/17.0.4-74uvhji" with
"intel-parallel-studio/cluster.2017.4-wyg4gfu".


Lmod is automatically replacing "intel-parallel-studio/cluster.2017.4-wyg4gfu"
with "intel-mpi/2017.3-dfphq6k".

1
v2_1.LR.piControl
removed ‘/lcrc/group/acme/ac.szhang/acme_scratch/data/CVDP_RGD/v2_1.LR.piControl/v2_1.LR.piControl.en00.SSS.000101-025012.nc’
/lcrc/group/acme/ac.szhang/acme_scratch/data/CVDP_RGD/v2_1.LR.piControl/0001-0500/v2_1.LR.piControl.en00.SSS.000101-050012.nc
removed ‘/lcrc/group/acme/ac.szhang/acme_scratch/data/CVDP_RGD/v2_1.LR.piControl/v2_1.LR.piControl.en00.SST.000101-025012.nc’
/lcrc/group/acme/ac.szhang/acme_scratch/data/CVDP_RGD/v2_1.LR.piControl/0001-0500/v2_1.LR.piControl.en00.SST.000101-050012.nc
removed ‘/lcrc/group/acme/ac.szhang/acme_scratch/data/CVDP_RGD/v2_1.LR.piControl/v2_1.LR.piControl.en00.SITIMEFRAC.000101-025012.nc’
/lcrc/group/acme/ac.szhang/acme_scratch/data/CVDP_RGD/v2_1.LR.piControl/0001-0500/v2_1.LR.piControl.en00.SITIMEFRAC.000101-050012.nc
removed ‘/lcrc/group/acme/ac.szhang/acme_scratch/data/CVDP_RGD/v2_1.LR.piControl/v2_1.LR.piControl.en00.SICONC.000101-025012.nc’
/lcrc/group/acme/ac.szhang/acme_scratch/data/CVDP_RGD/v2_1.LR.piControl/0001-0500/v2_1.LR.piControl.en00.SICONC.000101-050012.nc
/lcrc/group/acme/ac.szhang/acme_scratch/data/CVDP_RGD/v2_1.LR.piControl/0001-0500/v2_1.LR.piControl.en00.SITHICK.000101-050012.nc
/lcrc/group/acme/ac.szhang/acme_scratch/data/CVDP_RGD/v2_1.LR.piControl/0001-0500/v2_1.LR.piControl.en00.SISNTHICK.000101-050012.nc
/lcrc/group/acme/ac.szhang/acme_scratch/data/CVDP_RGD/v2_1.LR.piControl/0001-0500/v2_1.LR.piControl.en00.SIMASS.000101-050012.nc
set: No match.
