nohup: ignoring input
input in flex scanner failed
 Copyright (C) 1995-2019 - All Rights Reserved
 University Corporation for Atmospheric Research
 NCAR Command Language Version 6.6.2
 The use of this software is governed by a License Agreement.
 See http://www.ncl.ucar.edu/ for more details.
(0)	output file: /lcrc/group/acme/ac.szhang/acme_scratch/data/CVDP_RGD/v3.LR.piControl/v3.LR.piControl.en00.FSNTOA_ts.000101-050012.nc
(0)	output file: /lcrc/group/acme/ac.szhang/acme_scratch/data/CVDP_RGD/v3.LR.piControl/v3.LR.piControl.en00.FLUT_ts.000101-050012.nc
(0)	output file: /lcrc/group/acme/ac.szhang/acme_scratch/data/CVDP_RGD/v3.LR.piControl/v3.LR.piControl.en00.FSNT_ts.000101-050012.nc
(0)	output file: /lcrc/group/acme/ac.szhang/acme_scratch/data/CVDP_RGD/v3.LR.piControl/v3.LR.piControl.en00.FLNT_ts.000101-050012.nc
(0)	output file: /lcrc/group/acme/ac.szhang/acme_scratch/data/CVDP_RGD/v3.LR.piControl/v3.LR.piControl.en00.FSNS_ts.000101-050012.nc
(0)	output file: /lcrc/group/acme/ac.szhang/acme_scratch/data/CVDP_RGD/v3.LR.piControl/v3.LR.piControl.en00.FLNS_ts.000101-050012.nc
(0)	output file: /lcrc/group/acme/ac.szhang/acme_scratch/data/CVDP_RGD/v3.LR.piControl/v3.LR.piControl.en00.SHFLX_ts.000101-050012.nc
(0)	output file: /lcrc/group/acme/ac.szhang/acme_scratch/data/CVDP_RGD/v3.LR.piControl/v3.LR.piControl.en00.QFLX_ts.000101-050012.nc
(0)	output file: /lcrc/group/acme/ac.szhang/acme_scratch/data/CVDP_RGD/v3.LR.piControl/v3.LR.piControl.en00.TAUX_ts.000101-050012.nc
(0)	output file: /lcrc/group/acme/ac.szhang/acme_scratch/data/CVDP_RGD/v3.LR.piControl/v3.LR.piControl.en00.TAUY_ts.000101-050012.nc
(0)	output file: /lcrc/group/acme/ac.szhang/acme_scratch/data/CVDP_RGD/v3.LR.piControl/v3.LR.piControl.en00.PRECC_ts.000101-050012.nc
(0)	output file: /lcrc/group/acme/ac.szhang/acme_scratch/data/CVDP_RGD/v3.LR.piControl/v3.LR.piControl.en00.PRECL_ts.000101-050012.nc
(0)	output file: /lcrc/group/acme/ac.szhang/acme_scratch/data/CVDP_RGD/v3.LR.piControl/v3.LR.piControl.en00.PRECSC_ts.000101-050012.nc
(0)	output file: /lcrc/group/acme/ac.szhang/acme_scratch/data/CVDP_RGD/v3.LR.piControl/v3.LR.piControl.en00.PRECSL_ts.000101-050012.nc
(0)	output file: /lcrc/group/acme/ac.szhang/acme_scratch/data/CVDP_RGD/v3.LR.piControl/v3.LR.piControl.en00.TS_ts.000101-050012.nc
(0)	output file: /lcrc/group/acme/ac.szhang/acme_scratch/data/CVDP_RGD/v3.LR.piControl/v3.LR.piControl.en00.TREFHT_ts.000101-050012.nc
(0)	output file: /lcrc/group/acme/ac.szhang/acme_scratch/data/CVDP_RGD/v3.LR.piControl/v3.LR.piControl.en00.CLDTOT_ts.000101-050012.nc
(0)	output file: /lcrc/group/acme/ac.szhang/acme_scratch/data/CVDP_RGD/v3.LR.piControl/v3.LR.piControl.en00.CLDHGH_ts.000101-050012.nc
(0)	output file: /lcrc/group/acme/ac.szhang/acme_scratch/data/CVDP_RGD/v3.LR.piControl/v3.LR.piControl.en00.CLDMED_ts.000101-050012.nc
(0)	output file: /lcrc/group/acme/ac.szhang/acme_scratch/data/CVDP_RGD/v3.LR.piControl/v3.LR.piControl.en00.CLDLOW_ts.000101-050012.nc
