amoc.ncl
amv.ncl
cas_cvdp-le.png
copyright.gif
copyright2.gif
functions.ncl
metrics.ncl
nam.ncl
nam.rgpatt.ncl
namelist.ncl
namelist_byvar
nao.ncl
ncfiles.append.ncl
nino34.rgpatt.ncl
nohup.out
pdv.ncl
pna_npo.ncl
polar.jetind.ncl
polar.jetstat.ncl
pr.mean_stddev.ncl
pr.trends_timeseries.ncl
psl.mean_stddev.ncl
psl.trends_timeseries.ncl
runTasks.py
sam.regression_statis.ncl
sam_psa.ncl
sam_psa.rgpatt.ncl
sam_psa_z500.ncl
siconc.mean_stddev.ncl
siconc.trends_timeseries.ncl
soi.ncl
sst.indices.ncl
sst.mean_stddev.ncl
sst.roteof.ncl
sst.trends_timeseries.ncl
tas.mean_stddev.ncl
tas.trends_timeseries.ncl
webpage.ncl
