nohup: ignoring input
rm: cannot remove ‘/lcrc/group/acme/ac.szhang/acme_scratch/data/CVDP_RGD/v3b02-ICOS30-Smth.piControl/v3b02-ICOS30-Smth.piControl.en00.SF.000101-005012.nc’: No such file or directory
rm: cannot remove ‘/lcrc/group/acme/ac.szhang/acme_scratch/data/CVDP_RGD/v3b02-ICOS30-Smth.piControl/v3b02-ICOS30-Smth.piControl.en00.SF.005101-010012.nc’: No such file or directory
rm: cannot remove ‘/lcrc/group/acme/ac.szhang/acme_scratch/data/CVDP_RGD/v3b02-ICOS30-Smth.piControl/v3b02-ICOS30-Smth.piControl.en00.SF.010101-015012.nc’: No such file or directory
rm: cannot remove ‘/lcrc/group/acme/ac.szhang/acme_scratch/data/CVDP_RGD/v3b02-ICOS30-Smth.piControl/v3b02-ICOS30-Smth.piControl.en00.SF.015101-020012.nc’: No such file or directory
rm: cannot remove ‘/lcrc/group/acme/ac.szhang/acme_scratch/data/CVDP_RGD/v3b02-ICOS30-Smth.piControl/v3b02-ICOS30-Smth.piControl.en00.SF.000101-020012.nc’: No such file or directory
removed ‘/lcrc/group/acme/ac.szhang/acme_scratch/data/CVDP_RGD/v3b02-ICOS30-Smth.piControl/v3b02-ICOS30-Smth.piControl.en00.SF.000101-005012.nc’
removed ‘/lcrc/group/acme/ac.szhang/acme_scratch/data/CVDP_RGD/v3b02-ICOS30-Smth.piControl/v3b02-ICOS30-Smth.piControl.en00.SF.005101-010012.nc’
removed ‘/lcrc/group/acme/ac.szhang/acme_scratch/data/CVDP_RGD/v3b02-ICOS30-Smth.piControl/v3b02-ICOS30-Smth.piControl.en00.SF.010101-015012.nc’
removed ‘/lcrc/group/acme/ac.szhang/acme_scratch/data/CVDP_RGD/v3b02-ICOS30-Smth.piControl/v3b02-ICOS30-Smth.piControl.en00.SF.015101-020012.nc’
rm: cannot remove ‘/lcrc/group/acme/ac.szhang/acme_scratch/data/CVDP_RGD/v3b02-ICOS30-Smth.piControl/v3b02-ICOS30-Smth.piControl.en00.U850.000101-005012.nc’: No such file or directory
rm: cannot remove ‘/lcrc/group/acme/ac.szhang/acme_scratch/data/CVDP_RGD/v3b02-ICOS30-Smth.piControl/v3b02-ICOS30-Smth.piControl.en00.U850.005101-010012.nc’: No such file or directory
rm: cannot remove ‘/lcrc/group/acme/ac.szhang/acme_scratch/data/CVDP_RGD/v3b02-ICOS30-Smth.piControl/v3b02-ICOS30-Smth.piControl.en00.U850.010101-015012.nc’: No such file or directory
rm: cannot remove ‘/lcrc/group/acme/ac.szhang/acme_scratch/data/CVDP_RGD/v3b02-ICOS30-Smth.piControl/v3b02-ICOS30-Smth.piControl.en00.U850.015101-020012.nc’: No such file or directory
rm: cannot remove ‘/lcrc/group/acme/ac.szhang/acme_scratch/data/CVDP_RGD/v3b02-ICOS30-Smth.piControl/v3b02-ICOS30-Smth.piControl.en00.U850.000101-020012.nc’: No such file or directory
removed ‘/lcrc/group/acme/ac.szhang/acme_scratch/data/CVDP_RGD/v3b02-ICOS30-Smth.piControl/v3b02-ICOS30-Smth.piControl.en00.U850.000101-005012.nc’
removed ‘/lcrc/group/acme/ac.szhang/acme_scratch/data/CVDP_RGD/v3b02-ICOS30-Smth.piControl/v3b02-ICOS30-Smth.piControl.en00.U850.005101-010012.nc’
removed ‘/lcrc/group/acme/ac.szhang/acme_scratch/data/CVDP_RGD/v3b02-ICOS30-Smth.piControl/v3b02-ICOS30-Smth.piControl.en00.U850.010101-015012.nc’
removed ‘/lcrc/group/acme/ac.szhang/acme_scratch/data/CVDP_RGD/v3b02-ICOS30-Smth.piControl/v3b02-ICOS30-Smth.piControl.en00.U850.015101-020012.nc’
rm: cannot remove ‘/lcrc/group/acme/ac.szhang/acme_scratch/data/CVDP_RGD/v3b02-ICOS30-Smth.piControl/v3b02-ICOS30-Smth.piControl.en00.V850.000101-005012.nc’: No such file or directory
rm: cannot remove ‘/lcrc/group/acme/ac.szhang/acme_scratch/data/CVDP_RGD/v3b02-ICOS30-Smth.piControl/v3b02-ICOS30-Smth.piControl.en00.V850.005101-010012.nc’: No such file or directory
rm: cannot remove ‘/lcrc/group/acme/ac.szhang/acme_scratch/data/CVDP_RGD/v3b02-ICOS30-Smth.piControl/v3b02-ICOS30-Smth.piControl.en00.V850.010101-015012.nc’: No such file or directory
rm: cannot remove ‘/lcrc/group/acme/ac.szhang/acme_scratch/data/CVDP_RGD/v3b02-ICOS30-Smth.piControl/v3b02-ICOS30-Smth.piControl.en00.V850.015101-020012.nc’: No such file or directory
rm: cannot remove ‘/lcrc/group/acme/ac.szhang/acme_scratch/data/CVDP_RGD/v3b02-ICOS30-Smth.piControl/v3b02-ICOS30-Smth.piControl.en00.V850.000101-020012.nc’: No such file or directory
removed ‘/lcrc/group/acme/ac.szhang/acme_scratch/data/CVDP_RGD/v3b02-ICOS30-Smth.piControl/v3b02-ICOS30-Smth.piControl.en00.V850.000101-005012.nc’
removed ‘/lcrc/group/acme/ac.szhang/acme_scratch/data/CVDP_RGD/v3b02-ICOS30-Smth.piControl/v3b02-ICOS30-Smth.piControl.en00.V850.005101-010012.nc’
removed ‘/lcrc/group/acme/ac.szhang/acme_scratch/data/CVDP_RGD/v3b02-ICOS30-Smth.piControl/v3b02-ICOS30-Smth.piControl.en00.V850.010101-015012.nc’
removed ‘/lcrc/group/acme/ac.szhang/acme_scratch/data/CVDP_RGD/v3b02-ICOS30-Smth.piControl/v3b02-ICOS30-Smth.piControl.en00.V850.015101-020012.nc’
rm: cannot remove ‘/lcrc/group/acme/ac.szhang/acme_scratch/data/CVDP_RGD/v3b02-ICOS30-Smth.piControl/v3b02-ICOS30-Smth.piControl.en00.U200.000101-005012.nc’: No such file or directory
rm: cannot remove ‘/lcrc/group/acme/ac.szhang/acme_scratch/data/CVDP_RGD/v3b02-ICOS30-Smth.piControl/v3b02-ICOS30-Smth.piControl.en00.U200.005101-010012.nc’: No such file or directory
rm: cannot remove ‘/lcrc/group/acme/ac.szhang/acme_scratch/data/CVDP_RGD/v3b02-ICOS30-Smth.piControl/v3b02-ICOS30-Smth.piControl.en00.U200.010101-015012.nc’: No such file or directory
rm: cannot remove ‘/lcrc/group/acme/ac.szhang/acme_scratch/data/CVDP_RGD/v3b02-ICOS30-Smth.piControl/v3b02-ICOS30-Smth.piControl.en00.U200.015101-020012.nc’: No such file or directory
rm: cannot remove ‘/lcrc/group/acme/ac.szhang/acme_scratch/data/CVDP_RGD/v3b02-ICOS30-Smth.piControl/v3b02-ICOS30-Smth.piControl.en00.U200.000101-020012.nc’: No such file or directory
removed ‘/lcrc/group/acme/ac.szhang/acme_scratch/data/CVDP_RGD/v3b02-ICOS30-Smth.piControl/v3b02-ICOS30-Smth.piControl.en00.U200.000101-005012.nc’
removed ‘/lcrc/group/acme/ac.szhang/acme_scratch/data/CVDP_RGD/v3b02-ICOS30-Smth.piControl/v3b02-ICOS30-Smth.piControl.en00.U200.005101-010012.nc’
removed ‘/lcrc/group/acme/ac.szhang/acme_scratch/data/CVDP_RGD/v3b02-ICOS30-Smth.piControl/v3b02-ICOS30-Smth.piControl.en00.U200.010101-015012.nc’
removed ‘/lcrc/group/acme/ac.szhang/acme_scratch/data/CVDP_RGD/v3b02-ICOS30-Smth.piControl/v3b02-ICOS30-Smth.piControl.en00.U200.015101-020012.nc’
rm: cannot remove ‘/lcrc/group/acme/ac.szhang/acme_scratch/data/CVDP_RGD/v3b02-ICOS30-Smth.piControl/v3b02-ICOS30-Smth.piControl.en00.V200.000101-005012.nc’: No such file or directory
rm: cannot remove ‘/lcrc/group/acme/ac.szhang/acme_scratch/data/CVDP_RGD/v3b02-ICOS30-Smth.piControl/v3b02-ICOS30-Smth.piControl.en00.V200.005101-010012.nc’: No such file or directory
rm: cannot remove ‘/lcrc/group/acme/ac.szhang/acme_scratch/data/CVDP_RGD/v3b02-ICOS30-Smth.piControl/v3b02-ICOS30-Smth.piControl.en00.V200.010101-015012.nc’: No such file or directory
rm: cannot remove ‘/lcrc/group/acme/ac.szhang/acme_scratch/data/CVDP_RGD/v3b02-ICOS30-Smth.piControl/v3b02-ICOS30-Smth.piControl.en00.V200.015101-020012.nc’: No such file or directory
rm: cannot remove ‘/lcrc/group/acme/ac.szhang/acme_scratch/data/CVDP_RGD/v3b02-ICOS30-Smth.piControl/v3b02-ICOS30-Smth.piControl.en00.V200.000101-020012.nc’: No such file or directory
removed ‘/lcrc/group/acme/ac.szhang/acme_scratch/data/CVDP_RGD/v3b02-ICOS30-Smth.piControl/v3b02-ICOS30-Smth.piControl.en00.V200.000101-005012.nc’
removed ‘/lcrc/group/acme/ac.szhang/acme_scratch/data/CVDP_RGD/v3b02-ICOS30-Smth.piControl/v3b02-ICOS30-Smth.piControl.en00.V200.005101-010012.nc’
removed ‘/lcrc/group/acme/ac.szhang/acme_scratch/data/CVDP_RGD/v3b02-ICOS30-Smth.piControl/v3b02-ICOS30-Smth.piControl.en00.V200.010101-015012.nc’
removed ‘/lcrc/group/acme/ac.szhang/acme_scratch/data/CVDP_RGD/v3b02-ICOS30-Smth.piControl/v3b02-ICOS30-Smth.piControl.en00.V200.015101-020012.nc’
rm: cannot remove ‘/lcrc/group/acme/ac.szhang/acme_scratch/data/CVDP_RGD/v3b02-ICOS30-Smth.piControl/v3b02-ICOS30-Smth.piControl.en00.U10.000101-005012.nc’: No such file or directory
rm: cannot remove ‘/lcrc/group/acme/ac.szhang/acme_scratch/data/CVDP_RGD/v3b02-ICOS30-Smth.piControl/v3b02-ICOS30-Smth.piControl.en00.U10.005101-010012.nc’: No such file or directory
rm: cannot remove ‘/lcrc/group/acme/ac.szhang/acme_scratch/data/CVDP_RGD/v3b02-ICOS30-Smth.piControl/v3b02-ICOS30-Smth.piControl.en00.U10.010101-015012.nc’: No such file or directory
rm: cannot remove ‘/lcrc/group/acme/ac.szhang/acme_scratch/data/CVDP_RGD/v3b02-ICOS30-Smth.piControl/v3b02-ICOS30-Smth.piControl.en00.U10.015101-020012.nc’: No such file or directory
rm: cannot remove ‘/lcrc/group/acme/ac.szhang/acme_scratch/data/CVDP_RGD/v3b02-ICOS30-Smth.piControl/v3b02-ICOS30-Smth.piControl.en00.U10.000101-020012.nc’: No such file or directory
removed ‘/lcrc/group/acme/ac.szhang/acme_scratch/data/CVDP_RGD/v3b02-ICOS30-Smth.piControl/v3b02-ICOS30-Smth.piControl.en00.U10.000101-005012.nc’
removed ‘/lcrc/group/acme/ac.szhang/acme_scratch/data/CVDP_RGD/v3b02-ICOS30-Smth.piControl/v3b02-ICOS30-Smth.piControl.en00.U10.005101-010012.nc’
removed ‘/lcrc/group/acme/ac.szhang/acme_scratch/data/CVDP_RGD/v3b02-ICOS30-Smth.piControl/v3b02-ICOS30-Smth.piControl.en00.U10.010101-015012.nc’
removed ‘/lcrc/group/acme/ac.szhang/acme_scratch/data/CVDP_RGD/v3b02-ICOS30-Smth.piControl/v3b02-ICOS30-Smth.piControl.en00.U10.015101-020012.nc’
rm: cannot remove ‘/lcrc/group/acme/ac.szhang/acme_scratch/data/CVDP_RGD/v3b02-ICOS30-Smth.piControl/v3b02-ICOS30-Smth.piControl.en00.V10.000101-005012.nc’: No such file or directory
rm: cannot remove ‘/lcrc/group/acme/ac.szhang/acme_scratch/data/CVDP_RGD/v3b02-ICOS30-Smth.piControl/v3b02-ICOS30-Smth.piControl.en00.V10.005101-010012.nc’: No such file or directory
rm: cannot remove ‘/lcrc/group/acme/ac.szhang/acme_scratch/data/CVDP_RGD/v3b02-ICOS30-Smth.piControl/v3b02-ICOS30-Smth.piControl.en00.V10.010101-015012.nc’: No such file or directory
rm: cannot remove ‘/lcrc/group/acme/ac.szhang/acme_scratch/data/CVDP_RGD/v3b02-ICOS30-Smth.piControl/v3b02-ICOS30-Smth.piControl.en00.V10.015101-020012.nc’: No such file or directory
rm: cannot remove ‘/lcrc/group/acme/ac.szhang/acme_scratch/data/CVDP_RGD/v3b02-ICOS30-Smth.piControl/v3b02-ICOS30-Smth.piControl.en00.V10.000101-020012.nc’: No such file or directory
removed ‘/lcrc/group/acme/ac.szhang/acme_scratch/data/CVDP_RGD/v3b02-ICOS30-Smth.piControl/v3b02-ICOS30-Smth.piControl.en00.V10.000101-005012.nc’
removed ‘/lcrc/group/acme/ac.szhang/acme_scratch/data/CVDP_RGD/v3b02-ICOS30-Smth.piControl/v3b02-ICOS30-Smth.piControl.en00.V10.005101-010012.nc’
removed ‘/lcrc/group/acme/ac.szhang/acme_scratch/data/CVDP_RGD/v3b02-ICOS30-Smth.piControl/v3b02-ICOS30-Smth.piControl.en00.V10.010101-015012.nc’
removed ‘/lcrc/group/acme/ac.szhang/acme_scratch/data/CVDP_RGD/v3b02-ICOS30-Smth.piControl/v3b02-ICOS30-Smth.piControl.en00.V10.015101-020012.nc’
rm: cannot remove ‘/lcrc/group/acme/ac.szhang/acme_scratch/data/CVDP_RGD/v3b02-ICOS30-Smth.piControl/v3b02-ICOS30-Smth.piControl.en00.S10.000101-005012.nc’: No such file or directory
rm: cannot remove ‘/lcrc/group/acme/ac.szhang/acme_scratch/data/CVDP_RGD/v3b02-ICOS30-Smth.piControl/v3b02-ICOS30-Smth.piControl.en00.S10.005101-010012.nc’: No such file or directory
rm: cannot remove ‘/lcrc/group/acme/ac.szhang/acme_scratch/data/CVDP_RGD/v3b02-ICOS30-Smth.piControl/v3b02-ICOS30-Smth.piControl.en00.S10.010101-015012.nc’: No such file or directory
rm: cannot remove ‘/lcrc/group/acme/ac.szhang/acme_scratch/data/CVDP_RGD/v3b02-ICOS30-Smth.piControl/v3b02-ICOS30-Smth.piControl.en00.S10.015101-020012.nc’: No such file or directory
rm: cannot remove ‘/lcrc/group/acme/ac.szhang/acme_scratch/data/CVDP_RGD/v3b02-ICOS30-Smth.piControl/v3b02-ICOS30-Smth.piControl.en00.S10.000101-020012.nc’: No such file or directory
removed ‘/lcrc/group/acme/ac.szhang/acme_scratch/data/CVDP_RGD/v3b02-ICOS30-Smth.piControl/v3b02-ICOS30-Smth.piControl.en00.S10.000101-005012.nc’
removed ‘/lcrc/group/acme/ac.szhang/acme_scratch/data/CVDP_RGD/v3b02-ICOS30-Smth.piControl/v3b02-ICOS30-Smth.piControl.en00.S10.005101-010012.nc’
removed ‘/lcrc/group/acme/ac.szhang/acme_scratch/data/CVDP_RGD/v3b02-ICOS30-Smth.piControl/v3b02-ICOS30-Smth.piControl.en00.S10.010101-015012.nc’
removed ‘/lcrc/group/acme/ac.szhang/acme_scratch/data/CVDP_RGD/v3b02-ICOS30-Smth.piControl/v3b02-ICOS30-Smth.piControl.en00.S10.015101-020012.nc’
rm: cannot remove ‘/lcrc/group/acme/ac.szhang/acme_scratch/data/CVDP_RGD/v3b02-ICOS30-Smth.piControl/v3b02-ICOS30-Smth.piControl.en00.Z500.000101-005012.nc’: No such file or directory
rm: cannot remove ‘/lcrc/group/acme/ac.szhang/acme_scratch/data/CVDP_RGD/v3b02-ICOS30-Smth.piControl/v3b02-ICOS30-Smth.piControl.en00.Z500.005101-010012.nc’: No such file or directory
rm: cannot remove ‘/lcrc/group/acme/ac.szhang/acme_scratch/data/CVDP_RGD/v3b02-ICOS30-Smth.piControl/v3b02-ICOS30-Smth.piControl.en00.Z500.010101-015012.nc’: No such file or directory
rm: cannot remove ‘/lcrc/group/acme/ac.szhang/acme_scratch/data/CVDP_RGD/v3b02-ICOS30-Smth.piControl/v3b02-ICOS30-Smth.piControl.en00.Z500.015101-020012.nc’: No such file or directory
rm: cannot remove ‘/lcrc/group/acme/ac.szhang/acme_scratch/data/CVDP_RGD/v3b02-ICOS30-Smth.piControl/v3b02-ICOS30-Smth.piControl.en00.Z500.000101-020012.nc’: No such file or directory
removed ‘/lcrc/group/acme/ac.szhang/acme_scratch/data/CVDP_RGD/v3b02-ICOS30-Smth.piControl/v3b02-ICOS30-Smth.piControl.en00.Z500.000101-005012.nc’
removed ‘/lcrc/group/acme/ac.szhang/acme_scratch/data/CVDP_RGD/v3b02-ICOS30-Smth.piControl/v3b02-ICOS30-Smth.piControl.en00.Z500.005101-010012.nc’
removed ‘/lcrc/group/acme/ac.szhang/acme_scratch/data/CVDP_RGD/v3b02-ICOS30-Smth.piControl/v3b02-ICOS30-Smth.piControl.en00.Z500.010101-015012.nc’
removed ‘/lcrc/group/acme/ac.szhang/acme_scratch/data/CVDP_RGD/v3b02-ICOS30-Smth.piControl/v3b02-ICOS30-Smth.piControl.en00.Z500.015101-020012.nc’
rm: cannot remove ‘/lcrc/group/acme/ac.szhang/acme_scratch/data/CVDP_RGD/v3b02-ICOS30-Smth.piControl/v3b02-ICOS30-Smth.piControl.en00.T850.000101-005012.nc’: No such file or directory
rm: cannot remove ‘/lcrc/group/acme/ac.szhang/acme_scratch/data/CVDP_RGD/v3b02-ICOS30-Smth.piControl/v3b02-ICOS30-Smth.piControl.en00.T850.005101-010012.nc’: No such file or directory
rm: cannot remove ‘/lcrc/group/acme/ac.szhang/acme_scratch/data/CVDP_RGD/v3b02-ICOS30-Smth.piControl/v3b02-ICOS30-Smth.piControl.en00.T850.010101-015012.nc’: No such file or directory
rm: cannot remove ‘/lcrc/group/acme/ac.szhang/acme_scratch/data/CVDP_RGD/v3b02-ICOS30-Smth.piControl/v3b02-ICOS30-Smth.piControl.en00.T850.015101-020012.nc’: No such file or directory
rm: cannot remove ‘/lcrc/group/acme/ac.szhang/acme_scratch/data/CVDP_RGD/v3b02-ICOS30-Smth.piControl/v3b02-ICOS30-Smth.piControl.en00.T850.000101-020012.nc’: No such file or directory
removed ‘/lcrc/group/acme/ac.szhang/acme_scratch/data/CVDP_RGD/v3b02-ICOS30-Smth.piControl/v3b02-ICOS30-Smth.piControl.en00.T850.000101-005012.nc’
removed ‘/lcrc/group/acme/ac.szhang/acme_scratch/data/CVDP_RGD/v3b02-ICOS30-Smth.piControl/v3b02-ICOS30-Smth.piControl.en00.T850.005101-010012.nc’
removed ‘/lcrc/group/acme/ac.szhang/acme_scratch/data/CVDP_RGD/v3b02-ICOS30-Smth.piControl/v3b02-ICOS30-Smth.piControl.en00.T850.010101-015012.nc’
removed ‘/lcrc/group/acme/ac.szhang/acme_scratch/data/CVDP_RGD/v3b02-ICOS30-Smth.piControl/v3b02-ICOS30-Smth.piControl.en00.T850.015101-020012.nc’
input in flex scanner failed
 Copyright (C) 1995-2019 - All Rights Reserved
 University Corporation for Atmospheric Research
 NCAR Command Language Version 6.6.2
 The use of this software is governed by a License Agreement.
 See http://www.ncl.ucar.edu/ for more details.
(0)	working on variable SF
(0)	working on variable U850
(0)	working on variable V850
(0)	working on variable U200
(0)	working on variable V200
(0)	working on variable U10
(0)	working on variable V10
(0)	working on variable S10
(0)	working on variable Z500
(0)	working on variable T850
