13
working file:  /lcrc/group/acme/ac.szhang/acme_scratch/data/CVDP_RGD/v3b02-ECE3r2.historical/v3b02-ECE3r2.historical.en00.AMOC.185001-201412.nc
working file:  /lcrc/group/acme/ac.szhang/acme_scratch/data/CVDP_RGD/v3b02-ECE3r2.historical/v3b02-ECE3r2.historical.en00.AMOC26.185001-201412.nc
working file:  /lcrc/group/acme/ac.szhang/acme_scratch/data/CVDP_RGD/v3b02-ECE3r2.historical/v3b02-ECE3r2.historical.en00.AODDUST.185001-201412.nc
working file:  /lcrc/group/acme/ac.szhang/acme_scratch/data/CVDP_RGD/v3b02-ECE3r2.historical/v3b02-ECE3r2.historical.en00.AODVIS.185001-201412.nc
working file:  /lcrc/group/acme/ac.szhang/acme_scratch/data/CVDP_RGD/v3b02-ECE3r2.historical/v3b02-ECE3r2.historical.en00.CLDHGH.185001-201412.nc
working file:  /lcrc/group/acme/ac.szhang/acme_scratch/data/CVDP_RGD/v3b02-ECE3r2.historical/v3b02-ECE3r2.historical.en00.CLDLOW.185001-201412.nc
working file:  /lcrc/group/acme/ac.szhang/acme_scratch/data/CVDP_RGD/v3b02-ECE3r2.historical/v3b02-ECE3r2.historical.en00.CLDMED.185001-201412.nc
working file:  /lcrc/group/acme/ac.szhang/acme_scratch/data/CVDP_RGD/v3b02-ECE3r2.historical/v3b02-ECE3r2.historical.en00.CLDTOT.185001-201412.nc
ncap2: WARNING ncap_def_dim(): dim "bnds" - already exists in input/output.
working file:  /lcrc/group/acme/ac.szhang/acme_scratch/data/CVDP_RGD/v3b02-ECE3r2.historical/v3b02-ECE3r2.historical.en00.CRE.185001-201412.nc
working file:  /lcrc/group/acme/ac.szhang/acme_scratch/data/CVDP_RGD/v3b02-ECE3r2.historical/v3b02-ECE3r2.historical.en00.CRE_SRF.185001-201412.nc
working file:  /lcrc/group/acme/ac.szhang/acme_scratch/data/CVDP_RGD/v3b02-ECE3r2.historical/v3b02-ECE3r2.historical.en00.ETH1.185001-201412.nc
working file:  /lcrc/group/acme/ac.szhang/acme_scratch/data/CVDP_RGD/v3b02-ECE3r2.historical/v3b02-ECE3r2.historical.en00.ETH12.185001-201412.nc
working file:  /lcrc/group/acme/ac.szhang/acme_scratch/data/CVDP_RGD/v3b02-ECE3r2.historical/v3b02-ECE3r2.historical.en00.ETH2.185001-201412.nc
working file:  /lcrc/group/acme/ac.szhang/acme_scratch/data/CVDP_RGD/v3b02-ECE3r2.historical/v3b02-ECE3r2.historical.en00.FLDS.185001-201412.nc
ncap2: WARNING ncap_def_dim(): dim "bnds" - already exists in input/output.
working file:  /lcrc/group/acme/ac.szhang/acme_scratch/data/CVDP_RGD/v3b02-ECE3r2.historical/v3b02-ECE3r2.historical.en00.FLDSC.185001-201412.nc
ncap2: WARNING ncap_def_dim(): dim "bnds" - already exists in input/output.
working file:  /lcrc/group/acme/ac.szhang/acme_scratch/data/CVDP_RGD/v3b02-ECE3r2.historical/v3b02-ECE3r2.historical.en00.FLNS.185001-201412.nc
working file:  /lcrc/group/acme/ac.szhang/acme_scratch/data/CVDP_RGD/v3b02-ECE3r2.historical/v3b02-ECE3r2.historical.en00.FLNSC.185001-201412.nc
working file:  /lcrc/group/acme/ac.szhang/acme_scratch/data/CVDP_RGD/v3b02-ECE3r2.historical/v3b02-ECE3r2.historical.en00.FLNT.185001-201412.nc
working file:  /lcrc/group/acme/ac.szhang/acme_scratch/data/CVDP_RGD/v3b02-ECE3r2.historical/v3b02-ECE3r2.historical.en00.FLNTC.185001-201412.nc
working file:  /lcrc/group/acme/ac.szhang/acme_scratch/data/CVDP_RGD/v3b02-ECE3r2.historical/v3b02-ECE3r2.historical.en00.FLUS.185001-201412.nc
ncap2: WARNING ncap_def_dim(): dim "bnds" - already exists in input/output.
working file:  /lcrc/group/acme/ac.szhang/acme_scratch/data/CVDP_RGD/v3b02-ECE3r2.historical/v3b02-ECE3r2.historical.en00.FLUT.185001-201412.nc
ncap2: WARNING ncap_def_dim(): dim "bnds" - already exists in input/output.
working file:  /lcrc/group/acme/ac.szhang/acme_scratch/data/CVDP_RGD/v3b02-ECE3r2.historical/v3b02-ECE3r2.historical.en00.FLUTC.185001-201412.nc
ncap2: WARNING ncap_def_dim(): dim "bnds" - already exists in input/output.
working file:  /lcrc/group/acme/ac.szhang/acme_scratch/data/CVDP_RGD/v3b02-ECE3r2.historical/v3b02-ECE3r2.historical.en00.FSDS.185001-201412.nc
ncap2: WARNING ncap_def_dim(): dim "bnds" - already exists in input/output.
working file:  /lcrc/group/acme/ac.szhang/acme_scratch/data/CVDP_RGD/v3b02-ECE3r2.historical/v3b02-ECE3r2.historical.en00.FSDSC.185001-201412.nc
ncap2: WARNING ncap_def_dim(): dim "bnds" - already exists in input/output.
working file:  /lcrc/group/acme/ac.szhang/acme_scratch/data/CVDP_RGD/v3b02-ECE3r2.historical/v3b02-ECE3r2.historical.en00.FSNS.185001-201412.nc
working file:  /lcrc/group/acme/ac.szhang/acme_scratch/data/CVDP_RGD/v3b02-ECE3r2.historical/v3b02-ECE3r2.historical.en00.FSNSC.185001-201412.nc
working file:  /lcrc/group/acme/ac.szhang/acme_scratch/data/CVDP_RGD/v3b02-ECE3r2.historical/v3b02-ECE3r2.historical.en00.FSNT.185001-201412.nc
working file:  /lcrc/group/acme/ac.szhang/acme_scratch/data/CVDP_RGD/v3b02-ECE3r2.historical/v3b02-ECE3r2.historical.en00.FSNTC.185001-201412.nc
working file:  /lcrc/group/acme/ac.szhang/acme_scratch/data/CVDP_RGD/v3b02-ECE3r2.historical/v3b02-ECE3r2.historical.en00.FSNTOA.185001-201412.nc
working file:  /lcrc/group/acme/ac.szhang/acme_scratch/data/CVDP_RGD/v3b02-ECE3r2.historical/v3b02-ECE3r2.historical.en00.FSNTOAC.185001-201412.nc
working file:  /lcrc/group/acme/ac.szhang/acme_scratch/data/CVDP_RGD/v3b02-ECE3r2.historical/v3b02-ECE3r2.historical.en00.FSUS.185001-201412.nc
ncap2: WARNING ncap_def_dim(): dim "bnds" - already exists in input/output.
working file:  /lcrc/group/acme/ac.szhang/acme_scratch/data/CVDP_RGD/v3b02-ECE3r2.historical/v3b02-ECE3r2.historical.en00.FSUSC.185001-201412.nc
ncap2: WARNING ncap_def_dim(): dim "bnds" - already exists in input/output.
working file:  /lcrc/group/acme/ac.szhang/acme_scratch/data/CVDP_RGD/v3b02-ECE3r2.historical/v3b02-ECE3r2.historical.en00.FSUTOA.185001-201412.nc
ncap2: WARNING ncap_def_dim(): dim "bnds" - already exists in input/output.
working file:  /lcrc/group/acme/ac.szhang/acme_scratch/data/CVDP_RGD/v3b02-ECE3r2.historical/v3b02-ECE3r2.historical.en00.FSUTOAC.185001-201412.nc
ncap2: WARNING ncap_def_dim(): dim "bnds" - already exists in input/output.
working file:  /lcrc/group/acme/ac.szhang/acme_scratch/data/CVDP_RGD/v3b02-ECE3r2.historical/v3b02-ECE3r2.historical.en00.ICEFRAC.185001-201412.nc
working file:  /lcrc/group/acme/ac.szhang/acme_scratch/data/CVDP_RGD/v3b02-ECE3r2.historical/v3b02-ECE3r2.historical.en00.LANDFRAC.185001-201412.nc
working file:  /lcrc/group/acme/ac.szhang/acme_scratch/data/CVDP_RGD/v3b02-ECE3r2.historical/v3b02-ECE3r2.historical.en00.LHFLX1.185001-201412.nc
working file:  /lcrc/group/acme/ac.szhang/acme_scratch/data/CVDP_RGD/v3b02-ECE3r2.historical/v3b02-ECE3r2.historical.en00.LHFLX.185001-201412.nc
ncap2: WARNING ncap_def_dim(): dim "bnds" - already exists in input/output.
working file:  /lcrc/group/acme/ac.szhang/acme_scratch/data/CVDP_RGD/v3b02-ECE3r2.historical/v3b02-ECE3r2.historical.en00.LWCF.185001-201412.nc
working file:  /lcrc/group/acme/ac.szhang/acme_scratch/data/CVDP_RGD/v3b02-ECE3r2.historical/v3b02-ECE3r2.historical.en00.LWCRE.185001-201412.nc
ncap2: WARNING ncap_def_dim(): dim "bnds" - already exists in input/output.
working file:  /lcrc/group/acme/ac.szhang/acme_scratch/data/CVDP_RGD/v3b02-ECE3r2.historical/v3b02-ECE3r2.historical.en00.LWCRE_SRF.185001-201412.nc
working file:  /lcrc/group/acme/ac.szhang/acme_scratch/data/CVDP_RGD/v3b02-ECE3r2.historical/v3b02-ECE3r2.historical.en00.O3_SRF.185001-201412.nc
working file:  /lcrc/group/acme/ac.szhang/acme_scratch/data/CVDP_RGD/v3b02-ECE3r2.historical/v3b02-ECE3r2.historical.en00.OCNFRAC.185001-201412.nc
working file:  /lcrc/group/acme/ac.szhang/acme_scratch/data/CVDP_RGD/v3b02-ECE3r2.historical/v3b02-ECE3r2.historical.en00.OLR.185001-201412.nc
working file:  /lcrc/group/acme/ac.szhang/acme_scratch/data/CVDP_RGD/v3b02-ECE3r2.historical/v3b02-ECE3r2.historical.en00.PRECC.185001-201412.nc
ncap2: WARNING ncap_def_dim(): dim "bnds" - already exists in input/output.
working file:  /lcrc/group/acme/ac.szhang/acme_scratch/data/CVDP_RGD/v3b02-ECE3r2.historical/v3b02-ECE3r2.historical.en00.PRECL.185001-201412.nc
working file:  /lcrc/group/acme/ac.szhang/acme_scratch/data/CVDP_RGD/v3b02-ECE3r2.historical/v3b02-ECE3r2.historical.en00.PRECSC.185001-201412.nc
working file:  /lcrc/group/acme/ac.szhang/acme_scratch/data/CVDP_RGD/v3b02-ECE3r2.historical/v3b02-ECE3r2.historical.en00.PRECSL.185001-201412.nc
working file:  /lcrc/group/acme/ac.szhang/acme_scratch/data/CVDP_RGD/v3b02-ECE3r2.historical/v3b02-ECE3r2.historical.en00.PRECST.185001-201412.nc
ncap2: WARNING ncap_def_dim(): dim "bnds" - already exists in input/output.
working file:  /lcrc/group/acme/ac.szhang/acme_scratch/data/CVDP_RGD/v3b02-ECE3r2.historical/v3b02-ECE3r2.historical.en00.PRECT.185001-201412.nc
ncap2: WARNING ncap_def_dim(): dim "bnds" - already exists in input/output.
working file:  /lcrc/group/acme/ac.szhang/acme_scratch/data/CVDP_RGD/v3b02-ECE3r2.historical/v3b02-ECE3r2.historical.en00.PS.185001-201412.nc
ncap2: WARNING ncap_def_dim(): dim "bnds" - already exists in input/output.
working file:  /lcrc/group/acme/ac.szhang/acme_scratch/data/CVDP_RGD/v3b02-ECE3r2.historical/v3b02-ECE3r2.historical.en00.PSL.185001-201412.nc
ncap2: WARNING ncap_def_dim(): dim "bnds" - already exists in input/output.
working file:  /lcrc/group/acme/ac.szhang/acme_scratch/data/CVDP_RGD/v3b02-ECE3r2.historical/v3b02-ECE3r2.historical.en00.QFLX.185001-201412.nc
ncap2: WARNING ncap_def_dim(): dim "bnds" - already exists in input/output.
working file:  /lcrc/group/acme/ac.szhang/acme_scratch/data/CVDP_RGD/v3b02-ECE3r2.historical/v3b02-ECE3r2.historical.en00.QnRad_SRF.185001-201412.nc
ncap2: WARNING ncap_def_dim(): dim "bnds" - already exists in input/output.
working file:  /lcrc/group/acme/ac.szhang/acme_scratch/data/CVDP_RGD/v3b02-ECE3r2.historical/v3b02-ECE3r2.historical.en00.Qn_SRF.185001-201412.nc
ncap2: WARNING ncap_def_dim(): dim "bnds" - already exists in input/output.
working file:  /lcrc/group/acme/ac.szhang/acme_scratch/data/CVDP_RGD/v3b02-ECE3r2.historical/v3b02-ECE3r2.historical.en00.QnTot_SRF.185001-201412.nc
ncap2: WARNING ncap_def_dim(): dim "bnds" - already exists in input/output.
working file:  /lcrc/group/acme/ac.szhang/acme_scratch/data/CVDP_RGD/v3b02-ECE3r2.historical/v3b02-ECE3r2.historical.en00.QnTur_SRF.185001-201412.nc
ncap2: WARNING ncap_def_dim(): dim "bnds" - already exists in input/output.
working file:  /lcrc/group/acme/ac.szhang/acme_scratch/data/CVDP_RGD/v3b02-ECE3r2.historical/v3b02-ECE3r2.historical.en00.QREFHT.185001-201412.nc
ncap2: WARNING ncap_def_dim(): dim "bnds" - already exists in input/output.
working file:  /lcrc/group/acme/ac.szhang/acme_scratch/data/CVDP_RGD/v3b02-ECE3r2.historical/v3b02-ECE3r2.historical.en00.RESTOA.185001-201412.nc
ncap2: WARNING ncap_def_dim(): dim "bnds" - already exists in input/output.
working file:  /lcrc/group/acme/ac.szhang/acme_scratch/data/CVDP_RGD/v3b02-ECE3r2.historical/v3b02-ECE3r2.historical.en00.RESTOM.185001-201412.nc
ncap2: WARNING ncap_def_dim(): dim "bnds" - already exists in input/output.
working file:  /lcrc/group/acme/ac.szhang/acme_scratch/data/CVDP_RGD/v3b02-ECE3r2.historical/v3b02-ECE3r2.historical.en00.S10.185001-201412.nc
ncap2: WARNING ncap_def_dim(): dim "bnds" - already exists in input/output.
working file:  /lcrc/group/acme/ac.szhang/acme_scratch/data/CVDP_RGD/v3b02-ECE3r2.historical/v3b02-ECE3r2.historical.en00.SCO.185001-201412.nc
working file:  /lcrc/group/acme/ac.szhang/acme_scratch/data/CVDP_RGD/v3b02-ECE3r2.historical/v3b02-ECE3r2.historical.en00.SF.185001-201412.nc
working file:  /lcrc/group/acme/ac.szhang/acme_scratch/data/CVDP_RGD/v3b02-ECE3r2.historical/v3b02-ECE3r2.historical.en00.SHFLX.185001-201412.nc
ncap2: WARNING ncap_def_dim(): dim "bnds" - already exists in input/output.
working file:  /lcrc/group/acme/ac.szhang/acme_scratch/data/CVDP_RGD/v3b02-ECE3r2.historical/v3b02-ECE3r2.historical.en00.SNFRAC.185001-201412.nc
working file:  /lcrc/group/acme/ac.szhang/acme_scratch/data/CVDP_RGD/v3b02-ECE3r2.historical/v3b02-ECE3r2.historical.en00.SNOW.185001-201412.nc
working file:  /lcrc/group/acme/ac.szhang/acme_scratch/data/CVDP_RGD/v3b02-ECE3r2.historical/v3b02-ECE3r2.historical.en00.SNOWDP.185001-201412.nc
working file:  /lcrc/group/acme/ac.szhang/acme_scratch/data/CVDP_RGD/v3b02-ECE3r2.historical/v3b02-ECE3r2.historical.en00.SOILWATER.185001-201412.nc
working file:  /lcrc/group/acme/ac.szhang/acme_scratch/data/CVDP_RGD/v3b02-ECE3r2.historical/v3b02-ECE3r2.historical.en00.SOLIN.185001-201412.nc
ncap2: WARNING ncap_def_dim(): dim "bnds" - already exists in input/output.
working file:  /lcrc/group/acme/ac.szhang/acme_scratch/data/CVDP_RGD/v3b02-ECE3r2.historical/v3b02-ECE3r2.historical.en00.SWCF.185001-201412.nc
working file:  /lcrc/group/acme/ac.szhang/acme_scratch/data/CVDP_RGD/v3b02-ECE3r2.historical/v3b02-ECE3r2.historical.en00.SWCRE.185001-201412.nc
ncap2: WARNING ncap_def_dim(): dim "bnds" - already exists in input/output.
working file:  /lcrc/group/acme/ac.szhang/acme_scratch/data/CVDP_RGD/v3b02-ECE3r2.historical/v3b02-ECE3r2.historical.en00.SWCRE_SRF.185001-201412.nc
working file:  /lcrc/group/acme/ac.szhang/acme_scratch/data/CVDP_RGD/v3b02-ECE3r2.historical/v3b02-ECE3r2.historical.en00.T850.185001-201412.nc
ncap2: WARNING ncap_def_dim(): dim "bnds" - already exists in input/output.
working file:  /lcrc/group/acme/ac.szhang/acme_scratch/data/CVDP_RGD/v3b02-ECE3r2.historical/v3b02-ECE3r2.historical.en00.TAUX.185001-201412.nc
ncap2: WARNING ncap_def_dim(): dim "bnds" - already exists in input/output.
working file:  /lcrc/group/acme/ac.szhang/acme_scratch/data/CVDP_RGD/v3b02-ECE3r2.historical/v3b02-ECE3r2.historical.en00.TAUY.185001-201412.nc
ncap2: WARNING ncap_def_dim(): dim "bnds" - already exists in input/output.
working file:  /lcrc/group/acme/ac.szhang/acme_scratch/data/CVDP_RGD/v3b02-ECE3r2.historical/v3b02-ECE3r2.historical.en00.TCO.185001-201412.nc
working file:  /lcrc/group/acme/ac.szhang/acme_scratch/data/CVDP_RGD/v3b02-ECE3r2.historical/v3b02-ECE3r2.historical.en00.TGCLDIWP.185001-201412.nc
ncap2: WARNING ncap_def_dim(): dim "bnds" - already exists in input/output.
working file:  /lcrc/group/acme/ac.szhang/acme_scratch/data/CVDP_RGD/v3b02-ECE3r2.historical/v3b02-ECE3r2.historical.en00.TGCLDLWP.185001-201412.nc
ncap2: WARNING ncap_def_dim(): dim "bnds" - already exists in input/output.
working file:  /lcrc/group/acme/ac.szhang/acme_scratch/data/CVDP_RGD/v3b02-ECE3r2.historical/v3b02-ECE3r2.historical.en00.TMQ.185001-201412.nc
ncap2: WARNING ncap_def_dim(): dim "bnds" - already exists in input/output.
working file:  /lcrc/group/acme/ac.szhang/acme_scratch/data/CVDP_RGD/v3b02-ECE3r2.historical/v3b02-ECE3r2.historical.en00.TREFHT.185001-201412.nc
ncap2: WARNING ncap_def_dim(): dim "bnds" - already exists in input/output.
working file:  /lcrc/group/acme/ac.szhang/acme_scratch/data/CVDP_RGD/v3b02-ECE3r2.historical/v3b02-ECE3r2.historical.en00.TREFMNAV.185001-201412.nc
working file:  /lcrc/group/acme/ac.szhang/acme_scratch/data/CVDP_RGD/v3b02-ECE3r2.historical/v3b02-ECE3r2.historical.en00.TREFMXAV.185001-201412.nc
working file:  /lcrc/group/acme/ac.szhang/acme_scratch/data/CVDP_RGD/v3b02-ECE3r2.historical/v3b02-ECE3r2.historical.en00.TS.185001-201412.nc
ncap2: WARNING ncap_def_dim(): dim "bnds" - already exists in input/output.
working file:  /lcrc/group/acme/ac.szhang/acme_scratch/data/CVDP_RGD/v3b02-ECE3r2.historical/v3b02-ECE3r2.historical.en00.U10.185001-201412.nc
ncap2: WARNING ncap_def_dim(): dim "bnds" - already exists in input/output.
working file:  /lcrc/group/acme/ac.szhang/acme_scratch/data/CVDP_RGD/v3b02-ECE3r2.historical/v3b02-ECE3r2.historical.en00.U200.185001-201412.nc
ncap2: WARNING ncap_def_dim(): dim "bnds" - already exists in input/output.
working file:  /lcrc/group/acme/ac.szhang/acme_scratch/data/CVDP_RGD/v3b02-ECE3r2.historical/v3b02-ECE3r2.historical.en00.U850.185001-201412.nc
ncap2: WARNING ncap_def_dim(): dim "bnds" - already exists in input/output.
working file:  /lcrc/group/acme/ac.szhang/acme_scratch/data/CVDP_RGD/v3b02-ECE3r2.historical/v3b02-ECE3r2.historical.en00.UM10.185001-201412.nc
working file:  /lcrc/group/acme/ac.szhang/acme_scratch/data/CVDP_RGD/v3b02-ECE3r2.historical/v3b02-ECE3r2.historical.en00.V10.185001-201412.nc
ncap2: WARNING ncap_def_dim(): dim "bnds" - already exists in input/output.
working file:  /lcrc/group/acme/ac.szhang/acme_scratch/data/CVDP_RGD/v3b02-ECE3r2.historical/v3b02-ECE3r2.historical.en00.V200.185001-201412.nc
ncap2: WARNING ncap_def_dim(): dim "bnds" - already exists in input/output.
working file:  /lcrc/group/acme/ac.szhang/acme_scratch/data/CVDP_RGD/v3b02-ECE3r2.historical/v3b02-ECE3r2.historical.en00.V850.185001-201412.nc
ncap2: WARNING ncap_def_dim(): dim "bnds" - already exists in input/output.
working file:  /lcrc/group/acme/ac.szhang/acme_scratch/data/CVDP_RGD/v3b02-ECE3r2.historical/v3b02-ECE3r2.historical.en00.Z500.185001-201412.nc
ncap2: WARNING ncap_def_dim(): dim "bnds" - already exists in input/output.
done
