nohup: ignoring input

Lmod is automatically replacing "intel-mpi/2017.3-dfphq6k" with
"intel-parallel-studio/cluster.2017.4-wyg4gfu".


Lmod is automatically replacing "intel/17.0.4-74uvhji" with
"intel-parallel-studio/cluster.2017.4-wyg4gfu".


Lmod is automatically replacing "intel-parallel-studio/cluster.2017.4-wyg4gfu"
with "intel-mpi/2017.3-dfphq6k".

removed ‘/lcrc/group/acme/ac.szhang/acme_scratch/data/CVDP_RGD/v2_CRYO1950.SORRM.piControl/v2_CRYO1950.SORRM.piControl.en00.SST.060101-070012.nc’
/blues/gpfs/home/software/spack-0.10.1/opt/spack/linux-centos7-x86_64/intel-17.0.4/nco-4.7.4-x4y66ep2ydoyegnckicvv5ljwrheniun/bin/ncremap: line 114: soft: command not found
Input #00: /lcrc/group/acme/ac.szhang/acme_scratch/data/CVDP_RGD/v2_CRYO1950.SORRM.piControl/bak_v2_CRYO1950.SORRM.piControl.en00.SST.060101-070012.nc
Map/Wgt  : /lcrc/group/acme/ac.szhang/acme_scratch/data/regrid_maps/E3SM_ocean_to_1x1_Rect_bilinear.nc
Regridded: /lcrc/group/acme/ac.szhang/acme_scratch/data/CVDP_RGD/v2_CRYO1950.SORRM.piControl/v2_CRYO1950.SORRM.piControl.en00.SST.060101-070012.nc
/blues/gpfs/home/software/spack-0.10.1/opt/spack/linux-centos7-x86_64/intel-17.0.4/nco-4.7.4-x4y66ep2ydoyegnckicvv5ljwrheniun/bin/ncremap: line 114: soft: command not found
Input #00: /lcrc/group/acme/ac.szhang/acme_scratch/data/CVDP_RGD/v2_CRYO1950.SORRM.piControl/bak_v2_CRYO1950.SORRM.piControl.en00.SITIMEFRAC.060101-070012.nc
Map/Wgt  : /lcrc/group/acme/ac.szhang/acme_scratch/data/regrid_maps/E3SM_ocean_to_1x1_Rect_bilinear.nc
Regridded: /lcrc/group/acme/ac.szhang/acme_scratch/data/CVDP_RGD/v2_CRYO1950.SORRM.piControl/v2_CRYO1950.SORRM.piControl.en00.SITIMEFRAC.060101-070012.nc
/blues/gpfs/home/software/spack-0.10.1/opt/spack/linux-centos7-x86_64/intel-17.0.4/nco-4.7.4-x4y66ep2ydoyegnckicvv5ljwrheniun/bin/ncremap: line 114: soft: command not found
Input #00: /lcrc/group/acme/ac.szhang/acme_scratch/data/CVDP_RGD/v2_CRYO1950.SORRM.piControl/bak_v2_CRYO1950.SORRM.piControl.en00.SICONC.060101-070012.nc
Map/Wgt  : /lcrc/group/acme/ac.szhang/acme_scratch/data/regrid_maps/E3SM_ocean_to_1x1_Rect_bilinear.nc
Regridded: /lcrc/group/acme/ac.szhang/acme_scratch/data/CVDP_RGD/v2_CRYO1950.SORRM.piControl/v2_CRYO1950.SORRM.piControl.en00.SICONC.060101-070012.nc
/blues/gpfs/home/software/spack-0.10.1/opt/spack/linux-centos7-x86_64/intel-17.0.4/nco-4.7.4-x4y66ep2ydoyegnckicvv5ljwrheniun/bin/ncremap: line 114: soft: command not found
Input #00: /lcrc/group/acme/ac.szhang/acme_scratch/data/CVDP_RGD/v2_CRYO1950.SORRM.piControl/bak_v2_CRYO1950.SORRM.piControl.en00.SITHICK.060101-070012.nc
Map/Wgt  : /lcrc/group/acme/ac.szhang/acme_scratch/data/regrid_maps/E3SM_ocean_to_1x1_Rect_bilinear.nc
Regridded: /lcrc/group/acme/ac.szhang/acme_scratch/data/CVDP_RGD/v2_CRYO1950.SORRM.piControl/v2_CRYO1950.SORRM.piControl.en00.SITHICK.060101-070012.nc
/blues/gpfs/home/software/spack-0.10.1/opt/spack/linux-centos7-x86_64/intel-17.0.4/nco-4.7.4-x4y66ep2ydoyegnckicvv5ljwrheniun/bin/ncremap: line 114: soft: command not found
Input #00: /lcrc/group/acme/ac.szhang/acme_scratch/data/CVDP_RGD/v2_CRYO1950.SORRM.piControl/bak_v2_CRYO1950.SORRM.piControl.en00.SISNTHICK.060101-070012.nc
Map/Wgt  : /lcrc/group/acme/ac.szhang/acme_scratch/data/regrid_maps/E3SM_ocean_to_1x1_Rect_bilinear.nc
Regridded: /lcrc/group/acme/ac.szhang/acme_scratch/data/CVDP_RGD/v2_CRYO1950.SORRM.piControl/v2_CRYO1950.SORRM.piControl.en00.SISNTHICK.060101-070012.nc
/blues/gpfs/home/software/spack-0.10.1/opt/spack/linux-centos7-x86_64/intel-17.0.4/nco-4.7.4-x4y66ep2ydoyegnckicvv5ljwrheniun/bin/ncremap: line 114: soft: command not found
Input #00: /lcrc/group/acme/ac.szhang/acme_scratch/data/CVDP_RGD/v2_CRYO1950.SORRM.piControl/bak_v2_CRYO1950.SORRM.piControl.en00.SIMASS.060101-070012.nc
Map/Wgt  : /lcrc/group/acme/ac.szhang/acme_scratch/data/regrid_maps/E3SM_ocean_to_1x1_Rect_bilinear.nc
Regridded: /lcrc/group/acme/ac.szhang/acme_scratch/data/CVDP_RGD/v2_CRYO1950.SORRM.piControl/v2_CRYO1950.SORRM.piControl.en00.SIMASS.060101-070012.nc
done
